[ 2015-11-03T10:36:18+08:00 ] 127.0.0.1 /jiuye/index.php/Index/login
INFO: [ route_check ] --START--
INFO: Run CheckRoute Behavior [ RunTime:0.003082s ]
INFO: [ route_check ] --END-- [ RunTime:0.003576s ]
INFO: [ app_begin ] --START--
INFO: Run ReadHtmlCache Behavior [ RunTime:0.001152s ]
INFO: [ app_begin ] --END-- [ RunTime:0.001330s ]
INFO: [ view_template ] --START--
INFO: Run LocationTemplate Behavior [ RunTime:0.004236s ]
INFO: [ view_template ] --END-- [ RunTime:0.004475s ]
INFO: [ view_parse ] --START--
INFO: Run ParseTemplate Behavior [ RunTime:0.021592s ]
INFO: [ view_parse ] --END-- [ RunTime:0.021814s ]
INFO: [ view_filter ] --START--
INFO: Run ContentReplace Behavior [ RunTime:0.000651s ]
INFO: Run TokenBuild Behavior [ RunTime:0.000731s ]
INFO: Run WriteHtmlCache Behavior [ RunTime:0.000482s ]
INFO: Run ShowRuntime Behavior [ RunTime:0.001021s ]
INFO: [ view_filter ] --END-- [ RunTime:0.003275s ]
INFO: [ view_end ] --START--
INFO: Run ShowPageTrace Behavior [ RunTime:0.001365s ]
INFO: [ view_end ] --END-- [ RunTime:0.001518s ]

[ 2015-11-03T10:36:55+08:00 ] 127.0.0.1 /jiuye/index.php/Index/login
INFO: [ route_check ] --START--
INFO: Run CheckRoute Behavior [ RunTime:0.002985s ]
INFO: [ route_check ] --END-- [ RunTime:0.003220s ]
INFO: [ app_begin ] --START--
INFO: Run ReadHtmlCache Behavior [ RunTime:0.001933s ]
INFO: [ app_begin ] --END-- [ RunTime:0.002141s ]
SQL: SHOW COLUMNS FROM `w_manage` [ RunTime:0.007114s ]
SQL: SELECT * FROM `w_manage` WHERE ( m_name='g18953827837' && m_pwd=123 )  [ RunTime:0.002438s ]
INFO: [ view_template ] --START--
INFO: Run LocationTemplate Behavior [ RunTime:0.004043s ]
INFO: [ view_template ] --END-- [ RunTime:0.004299s ]
INFO: [ view_parse ] --START--
INFO: Run ParseTemplate Behavior [ RunTime:0.032196s ]
INFO: [ view_parse ] --END-- [ RunTime:0.032436s ]
INFO: [ view_filter ] --START--
INFO: Run ContentReplace Behavior [ RunTime:0.001479s ]
INFO: Run TokenBuild Behavior [ RunTime:0.001398s ]
INFO: Run WriteHtmlCache Behavior [ RunTime:0.001166s ]
INFO: Run ShowRuntime Behavior [ RunTime:0.001629s ]
INFO: [ view_filter ] --END-- [ RunTime:0.006041s ]
INFO: [ view_end ] --START--
INFO: Run ShowPageTrace Behavior [ RunTime:0.001993s ]
INFO: [ view_end ] --END-- [ RunTime:0.002124s ]

[ 2015-11-03T10:36:56+08:00 ] 127.0.0.1 /jiuye/index.php/Index/shouye
INFO: [ route_check ] --START--
INFO: Run CheckRoute Behavior [ RunTime:0.003109s ]
INFO: [ route_check ] --END-- [ RunTime:0.003474s ]
INFO: [ app_begin ] --START--
INFO: Run ReadHtmlCache Behavior [ RunTime:0.002522s ]
INFO: [ app_begin ] --END-- [ RunTime:0.003049s ]
INFO: [ view_template ] --START--
INFO: Run LocationTemplate Behavior [ RunTime:0.002809s ]
INFO: [ view_template ] --END-- [ RunTime:0.003115s ]
INFO: [ view_parse ] --START--
INFO: Run ParseTemplate Behavior [ RunTime:0.131623s ]
INFO: [ view_parse ] --END-- [ RunTime:0.131893s ]
INFO: [ view_filter ] --START--
INFO: Run ContentReplace Behavior [ RunTime:0.001047s ]
INFO: Run TokenBuild Behavior [ RunTime:0.001082s ]
INFO: Run WriteHtmlCache Behavior [ RunTime:0.000652s ]
INFO: Run ShowRuntime Behavior [ RunTime:0.001472s ]
INFO: [ view_filter ] --END-- [ RunTime:0.004819s ]
INFO: [ view_end ] --START--
INFO: Run ShowPageTrace Behavior [ RunTime:0.002022s ]
INFO: [ view_end ] --END-- [ RunTime:0.002255s ]

[ 2015-11-03T10:36:57+08:00 ] 127.0.0.1 /jiuye/index.php/Index/top.html
INFO: [ route_check ] --START--
INFO: Run CheckRoute Behavior [ RunTime:0.002691s ]
INFO: [ route_check ] --END-- [ RunTime:0.002965s ]
INFO: [ app_begin ] --START--
INFO: Run ReadHtmlCache Behavior [ RunTime:0.001608s ]
INFO: [ app_begin ] --END-- [ RunTime:0.001844s ]
INFO: [ view_template ] --START--
INFO: Run LocationTemplate Behavior [ RunTime:0.001562s ]
INFO: [ view_template ] --END-- [ RunTime:0.001817s ]
INFO: [ view_parse ] --START--
INFO: Run ParseTemplate Behavior [ RunTime:0.040798s ]
INFO: [ view_parse ] --END-- [ RunTime:0.041021s ]
INFO: [ view_filter ] --START--
INFO: Run ContentReplace Behavior [ RunTime:0.000720s ]
INFO: Run TokenBuild Behavior [ RunTime:0.000813s ]
INFO: Run WriteHtmlCache Behavior [ RunTime:0.000793s ]
INFO: Run ShowRuntime Behavior [ RunTime:0.001386s ]
INFO: [ view_filter ] --END-- [ RunTime:0.004295s ]
INFO: [ view_end ] --START--
INFO: Run ShowPageTrace Behavior [ RunTime:0.001626s ]
INFO: [ view_end ] --END-- [ RunTime:0.001807s ]

[ 2015-11-03T10:36:57+08:00 ] 127.0.0.1 /jiuye/index.php/Index/left.html
INFO: [ route_check ] --START--
INFO: Run CheckRoute Behavior [ RunTime:0.002554s ]
INFO: [ route_check ] --END-- [ RunTime:0.002818s ]
INFO: [ app_begin ] --START--
INFO: Run ReadHtmlCache Behavior [ RunTime:0.001429s ]
INFO: [ app_begin ] --END-- [ RunTime:0.001630s ]
INFO: [ view_template ] --START--
INFO: Run LocationTemplate Behavior [ RunTime:0.002370s ]
INFO: [ view_template ] --END-- [ RunTime:0.002603s ]
INFO: [ view_parse ] --START--
INFO: Run ParseTemplate Behavior [ RunTime:0.063076s ]
INFO: [ view_parse ] --END-- [ RunTime:0.063476s ]
INFO: [ view_filter ] --START--
INFO: Run ContentReplace Behavior [ RunTime:0.000894s ]
INFO: Run TokenBuild Behavior [ RunTime:0.001354s ]
INFO: Run WriteHtmlCache Behavior [ RunTime:0.001172s ]
INFO: Run ShowRuntime Behavior [ RunTime:0.001644s ]
INFO: [ view_filter ] --END-- [ RunTime:0.005761s ]
INFO: [ view_end ] --START--
INFO: Run ShowPageTrace Behavior [ RunTime:0.001650s ]
INFO: [ view_end ] --END-- [ RunTime:0.001812s ]

[ 2015-11-03T10:36:57+08:00 ] 127.0.0.1 /jiuye/index.php/Index/index.html
INFO: [ route_check ] --START--
INFO: Run CheckRoute Behavior [ RunTime:0.003897s ]
INFO: [ route_check ] --END-- [ RunTime:0.004197s ]
INFO: [ app_begin ] --START--
INFO: Run ReadHtmlCache Behavior [ RunTime:0.001774s ]
INFO: [ app_begin ] --END-- [ RunTime:0.001934s ]
INFO: [ view_template ] --START--
INFO: Run LocationTemplate Behavior [ RunTime:0.007458s ]
INFO: [ view_template ] --END-- [ RunTime:0.010344s ]
INFO: [ view_parse ] --START--
INFO: Run ParseTemplate Behavior [ RunTime:0.068566s ]
INFO: [ view_parse ] --END-- [ RunTime:0.068834s ]
INFO: [ view_filter ] --START--
INFO: Run ContentReplace Behavior [ RunTime:0.006213s ]
INFO: Run TokenBuild Behavior [ RunTime:0.003497s ]
INFO: Run WriteHtmlCache Behavior [ RunTime:0.001847s ]
INFO: Run ShowRuntime Behavior [ RunTime:0.002664s ]
INFO: [ view_filter ] --END-- [ RunTime:0.015446s ]
INFO: [ view_end ] --START--
INFO: Run ShowPageTrace Behavior [ RunTime:0.003631s ]
INFO: [ view_end ] --END-- [ RunTime:0.003857s ]

[ 2015-11-03T10:37:04+08:00 ] 127.0.0.1 /jiuye/index.php/User/geren
INFO: [ route_check ] --START--
INFO: Run CheckRoute Behavior [ RunTime:0.002468s ]
INFO: [ route_check ] --END-- [ RunTime:0.002678s ]
INFO: [ app_begin ] --START--
INFO: Run ReadHtmlCache Behavior [ RunTime:0.003371s ]
INFO: [ app_begin ] --END-- [ RunTime:0.003588s ]
SQL: SHOW COLUMNS FROM `w_user` [ RunTime:0.004745s ]
NOTIC: [8] Undefined index:  uname D:\xampp\htdocs\Jiuye\Work\Lib\Action\UserAction.class.php 第 16 行.
NOTIC: [8] Undefined variable: where D:\xampp\htdocs\Jiuye\Work\Lib\Action\UserAction.class.php 第 23 行.
SQL: SHOW COLUMNS FROM `w_user` [ RunTime:0.003984s ]
SQL: SELECT COUNT(*) AS tp_count FROM `w_user` LIMIT 1   [ RunTime:0.000645s ]
SQL: SELECT * FROM `w_user` WHERE ( 1 ) LIMIT 0,3   [ RunTime:0.000663s ]
INFO: [ view_template ] --START--
INFO: Run LocationTemplate Behavior [ RunTime:0.004899s ]
INFO: [ view_template ] --END-- [ RunTime:0.005285s ]
INFO: [ view_parse ] --START--
INFO: Run ParseTemplate Behavior [ RunTime:0.050129s ]
INFO: [ view_parse ] --END-- [ RunTime:0.050473s ]
INFO: [ view_filter ] --START--
INFO: Run ContentReplace Behavior [ RunTime:0.003324s ]
INFO: Run TokenBuild Behavior [ RunTime:0.002053s ]
INFO: Run WriteHtmlCache Behavior [ RunTime:0.001854s ]
INFO: Run ShowRuntime Behavior [ RunTime:0.002353s ]
INFO: [ view_filter ] --END-- [ RunTime:0.010143s ]
INFO: [ view_end ] --START--
INFO: Run ShowPageTrace Behavior [ RunTime:0.002920s ]
INFO: [ view_end ] --END-- [ RunTime:0.003151s ]

[ 2015-11-03T10:40:37+08:00 ] 127.0.0.1 /jiuye/index.php/User/geren
INFO: [ route_check ] --START--
INFO: Run CheckRoute Behavior [ RunTime:0.002958s ]
INFO: [ route_check ] --END-- [ RunTime:0.003215s ]
INFO: [ app_begin ] --START--
INFO: Run ReadHtmlCache Behavior [ RunTime:0.001730s ]
INFO: [ app_begin ] --END-- [ RunTime:0.001875s ]
SQL: SHOW COLUMNS FROM `w_user` [ RunTime:0.004944s ]
NOTIC: [8] Undefined index:  uname D:\xampp\htdocs\Jiuye\Work\Lib\Action\UserAction.class.php 第 16 行.
NOTIC: [8] Undefined variable: where D:\xampp\htdocs\Jiuye\Work\Lib\Action\UserAction.class.php 第 23 行.
SQL: SHOW COLUMNS FROM `w_user` [ RunTime:0.003073s ]
SQL: SELECT COUNT(*) AS tp_count FROM `w_user` LIMIT 1   [ RunTime:0.002293s ]
SQL: SELECT * FROM `w_user` WHERE ( 1 ) LIMIT 0,3   [ RunTime:0.001096s ]
INFO: [ view_template ] --START--
INFO: Run LocationTemplate Behavior [ RunTime:0.002787s ]
INFO: [ view_template ] --END-- [ RunTime:0.002963s ]
INFO: [ view_parse ] --START--
INFO: Run ParseTemplate Behavior [ RunTime:0.029113s ]
INFO: [ view_parse ] --END-- [ RunTime:0.029282s ]
INFO: [ view_filter ] --START--
INFO: Run ContentReplace Behavior [ RunTime:0.002162s ]
INFO: Run TokenBuild Behavior [ RunTime:0.001371s ]
INFO: Run WriteHtmlCache Behavior [ RunTime:0.001127s ]
INFO: Run ShowRuntime Behavior [ RunTime:0.001591s ]
INFO: [ view_filter ] --END-- [ RunTime:0.006646s ]
INFO: [ view_end ] --START--
INFO: Run ShowPageTrace Behavior [ RunTime:0.002101s ]
INFO: [ view_end ] --END-- [ RunTime:0.002233s ]

[ 2015-11-03T10:40:57+08:00 ] 127.0.0.1 /jiuye/index.php/User/geren
INFO: [ route_check ] --START--
INFO: Run CheckRoute Behavior [ RunTime:0.001874s ]
INFO: [ route_check ] --END-- [ RunTime:0.002047s ]
INFO: [ app_begin ] --START--
INFO: Run ReadHtmlCache Behavior [ RunTime:0.001027s ]
INFO: [ app_begin ] --END-- [ RunTime:0.001158s ]
SQL: SHOW COLUMNS FROM `w_user` [ RunTime:0.110895s ]
NOTIC: [8] Undefined index:  uname D:\xampp\htdocs\Jiuye\Work\Lib\Action\UserAction.class.php 第 16 行.
NOTIC: [8] Undefined variable: where D:\xampp\htdocs\Jiuye\Work\Lib\Action\UserAction.class.php 第 23 行.
SQL: SHOW COLUMNS FROM `w_user` [ RunTime:0.004210s ]
SQL: SELECT COUNT(*) AS tp_count FROM `w_user` LIMIT 1   [ RunTime:0.001327s ]
SQL: SELECT * FROM `w_user` WHERE ( 1 ) LIMIT 0,3   [ RunTime:0.000974s ]
INFO: [ view_template ] --START--
INFO: Run LocationTemplate Behavior [ RunTime:0.002602s ]
INFO: [ view_template ] --END-- [ RunTime:0.002845s ]
INFO: [ view_parse ] --START--
INFO: Run ParseTemplate Behavior [ RunTime:0.033939s ]
INFO: [ view_parse ] --END-- [ RunTime:0.034206s ]
INFO: [ view_filter ] --START--
INFO: Run ContentReplace Behavior [ RunTime:0.003482s ]
INFO: Run TokenBuild Behavior [ RunTime:0.001245s ]
INFO: Run WriteHtmlCache Behavior [ RunTime:0.001930s ]
INFO: Run ShowRuntime Behavior [ RunTime:0.001465s ]
INFO: [ view_filter ] --END-- [ RunTime:0.008889s ]
INFO: [ view_end ] --START--
INFO: Run ShowPageTrace Behavior [ RunTime:0.002035s ]
INFO: [ view_end ] --END-- [ RunTime:0.002252s ]

[ 2015-11-03T10:43:42+08:00 ] 127.0.0.1 /jiuye/index.php/User/geren
INFO: [ route_check ] --START--
INFO: Run CheckRoute Behavior [ RunTime:0.004084s ]
INFO: [ route_check ] --END-- [ RunTime:0.004401s ]
INFO: [ app_begin ] --START--
INFO: Run ReadHtmlCache Behavior [ RunTime:0.003484s ]
INFO: [ app_begin ] --END-- [ RunTime:0.003860s ]
SQL: SHOW COLUMNS FROM `w_user` [ RunTime:0.003890s ]
NOTIC: [8] Undefined index:  uname D:\xampp\htdocs\Jiuye\Work\Lib\Action\UserAction.class.php 第 16 行.
NOTIC: [8] Undefined variable: where D:\xampp\htdocs\Jiuye\Work\Lib\Action\UserAction.class.php 第 23 行.
SQL: SHOW COLUMNS FROM `w_user` [ RunTime:0.003242s ]
SQL: SELECT COUNT(*) AS tp_count FROM `w_user` LIMIT 1   [ RunTime:0.000948s ]
SQL: SELECT * FROM `w_user` WHERE ( 1 ) LIMIT 0,3   [ RunTime:0.000959s ]
INFO: [ view_template ] --START--
INFO: Run LocationTemplate Behavior [ RunTime:0.005856s ]
INFO: [ view_template ] --END-- [ RunTime:0.006071s ]
INFO: [ view_parse ] --START--
INFO: Run ParseTemplate Behavior [ RunTime:0.024484s ]
INFO: [ view_parse ] --END-- [ RunTime:0.024644s ]
INFO: [ view_filter ] --START--
INFO: Run ContentReplace Behavior [ RunTime:0.002210s ]
INFO: Run TokenBuild Behavior [ RunTime:0.001344s ]
INFO: Run WriteHtmlCache Behavior [ RunTime:0.001142s ]
INFO: Run ShowRuntime Behavior [ RunTime:0.001512s ]
INFO: [ view_filter ] --END-- [ RunTime:0.006570s ]
INFO: [ view_end ] --START--
INFO: Run ShowPageTrace Behavior [ RunTime:0.001811s ]
INFO: [ view_end ] --END-- [ RunTime:0.001932s ]

[ 2015-11-03T10:43:46+08:00 ] 127.0.0.1 /jiuye/index.php/User/geren/p/2
INFO: [ route_check ] --START--
INFO: Run CheckRoute Behavior [ RunTime:0.002677s ]
INFO: [ route_check ] --END-- [ RunTime:0.002945s ]
INFO: [ app_begin ] --START--
INFO: Run ReadHtmlCache Behavior [ RunTime:0.001619s ]
INFO: [ app_begin ] --END-- [ RunTime:0.001841s ]
SQL: SHOW COLUMNS FROM `w_user` [ RunTime:0.003556s ]
NOTIC: [8] Undefined index:  uname D:\xampp\htdocs\Jiuye\Work\Lib\Action\UserAction.class.php 第 16 行.
NOTIC: [8] Undefined variable: where D:\xampp\htdocs\Jiuye\Work\Lib\Action\UserAction.class.php 第 23 行.
SQL: SHOW COLUMNS FROM `w_user` [ RunTime:0.002953s ]
SQL: SELECT COUNT(*) AS tp_count FROM `w_user` LIMIT 1   [ RunTime:0.000787s ]
SQL: SELECT * FROM `w_user` WHERE ( 1 ) LIMIT 3,3   [ RunTime:0.000799s ]
INFO: [ view_template ] --START--
INFO: Run LocationTemplate Behavior [ RunTime:0.001743s ]
INFO: [ view_template ] --END-- [ RunTime:0.001884s ]
INFO: [ view_parse ] --START--
INFO: Run ParseTemplate Behavior [ RunTime:0.025178s ]
INFO: [ view_parse ] --END-- [ RunTime:0.025347s ]
INFO: [ view_filter ] --START--
INFO: Run ContentReplace Behavior [ RunTime:0.001882s ]
INFO: Run TokenBuild Behavior [ RunTime:0.001070s ]
INFO: Run WriteHtmlCache Behavior [ RunTime:0.001620s ]
INFO: Run ShowRuntime Behavior [ RunTime:0.000880s ]
INFO: [ view_filter ] --END-- [ RunTime:0.005986s ]
INFO: [ view_end ] --START--
INFO: Run ShowPageTrace Behavior [ RunTime:0.001245s ]
INFO: [ view_end ] --END-- [ RunTime:0.001372s ]

[ 2015-11-03T10:43:48+08:00 ] 127.0.0.1 /jiuye/index.php/User/geren/p/3
INFO: [ route_check ] --START--
INFO: Run CheckRoute Behavior [ RunTime:0.002196s ]
INFO: [ route_check ] --END-- [ RunTime:0.002513s ]
INFO: [ app_begin ] --START--
INFO: Run ReadHtmlCache Behavior [ RunTime:0.001026s ]
INFO: [ app_begin ] --END-- [ RunTime:0.001158s ]
SQL: SHOW COLUMNS FROM `w_user` [ RunTime:0.002867s ]
NOTIC: [8] Undefined index:  uname D:\xampp\htdocs\Jiuye\Work\Lib\Action\UserAction.class.php 第 16 行.
NOTIC: [8] Undefined variable: where D:\xampp\htdocs\Jiuye\Work\Lib\Action\UserAction.class.php 第 23 行.
SQL: SHOW COLUMNS FROM `w_user` [ RunTime:0.002547s ]
SQL: SELECT COUNT(*) AS tp_count FROM `w_user` LIMIT 1   [ RunTime:0.000416s ]
SQL: SELECT * FROM `w_user` WHERE ( 1 ) LIMIT 6,3   [ RunTime:0.000462s ]
INFO: [ view_template ] --START--
INFO: Run LocationTemplate Behavior [ RunTime:0.001719s ]
INFO: [ view_template ] --END-- [ RunTime:0.001872s ]
INFO: [ view_parse ] --START--
INFO: Run ParseTemplate Behavior [ RunTime:0.022163s ]
INFO: [ view_parse ] --END-- [ RunTime:0.022327s ]
INFO: [ view_filter ] --START--
INFO: Run ContentReplace Behavior [ RunTime:0.001716s ]
INFO: Run TokenBuild Behavior [ RunTime:0.000657s ]
INFO: Run WriteHtmlCache Behavior [ RunTime:0.000804s ]
INFO: Run ShowRuntime Behavior [ RunTime:0.000813s ]
INFO: [ view_filter ] --END-- [ RunTime:0.004343s ]
INFO: [ view_end ] --START--
INFO: Run ShowPageTrace Behavior [ RunTime:0.001111s ]
INFO: [ view_end ] --END-- [ RunTime:0.001227s ]

[ 2015-11-03T10:43:49+08:00 ] 127.0.0.1 /jiuye/index.php/User/geren/p/2
INFO: [ route_check ] --START--
INFO: Run CheckRoute Behavior [ RunTime:0.002221s ]
INFO: [ route_check ] --END-- [ RunTime:0.002485s ]
INFO: [ app_begin ] --START--
INFO: Run ReadHtmlCache Behavior [ RunTime:0.001458s ]
INFO: [ app_begin ] --END-- [ RunTime:0.001693s ]
SQL: SHOW COLUMNS FROM `w_user` [ RunTime:0.003004s ]
NOTIC: [8] Undefined index:  uname D:\xampp\htdocs\Jiuye\Work\Lib\Action\UserAction.class.php 第 16 行.
NOTIC: [8] Undefined variable: where D:\xampp\htdocs\Jiuye\Work\Lib\Action\UserAction.class.php 第 23 行.
SQL: SHOW COLUMNS FROM `w_user` [ RunTime:0.003113s ]
SQL: SELECT COUNT(*) AS tp_count FROM `w_user` LIMIT 1   [ RunTime:0.000975s ]
SQL: SELECT * FROM `w_user` WHERE ( 1 ) LIMIT 3,3   [ RunTime:0.000905s ]
INFO: [ view_template ] --START--
INFO: Run LocationTemplate Behavior [ RunTime:0.001703s ]
INFO: [ view_template ] --END-- [ RunTime:0.001839s ]
INFO: [ view_parse ] --START--
INFO: Run ParseTemplate Behavior [ RunTime:0.023374s ]
INFO: [ view_parse ] --END-- [ RunTime:0.023629s ]
INFO: [ view_filter ] --START--
INFO: Run ContentReplace Behavior [ RunTime:0.002538s ]
INFO: Run TokenBuild Behavior [ RunTime:0.000666s ]
INFO: Run WriteHtmlCache Behavior [ RunTime:0.000806s ]
INFO: Run ShowRuntime Behavior [ RunTime:0.000827s ]
INFO: [ view_filter ] --END-- [ RunTime:0.005263s ]
INFO: [ view_end ] --START--
INFO: Run ShowPageTrace Behavior [ RunTime:0.001111s ]
INFO: [ view_end ] --END-- [ RunTime:0.001228s ]

[ 2015-11-03T10:43:50+08:00 ] 127.0.0.1 /jiuye/index.php/User/geren/p/3
INFO: [ route_check ] --START--
INFO: Run CheckRoute Behavior [ RunTime:0.001633s ]
INFO: [ route_check ] --END-- [ RunTime:0.001801s ]
INFO: [ app_begin ] --START--
INFO: Run ReadHtmlCache Behavior [ RunTime:0.001018s ]
INFO: [ app_begin ] --END-- [ RunTime:0.001147s ]
SQL: SHOW COLUMNS FROM `w_user` [ RunTime:0.003676s ]
NOTIC: [8] Undefined index:  uname D:\xampp\htdocs\Jiuye\Work\Lib\Action\UserAction.class.php 第 16 行.
NOTIC: [8] Undefined variable: where D:\xampp\htdocs\Jiuye\Work\Lib\Action\UserAction.class.php 第 23 行.
SQL: SHOW COLUMNS FROM `w_user` [ RunTime:0.002864s ]
SQL: SELECT COUNT(*) AS tp_count FROM `w_user` LIMIT 1   [ RunTime:0.001034s ]
SQL: SELECT * FROM `w_user` WHERE ( 1 ) LIMIT 6,3   [ RunTime:0.000723s ]
INFO: [ view_template ] --START--
INFO: Run LocationTemplate Behavior [ RunTime:0.001832s ]
INFO: [ view_template ] --END-- [ RunTime:0.001975s ]
INFO: [ view_parse ] --START--
INFO: Run ParseTemplate Behavior [ RunTime:0.020438s ]
INFO: [ view_parse ] --END-- [ RunTime:0.020628s ]
INFO: [ view_filter ] --START--
INFO: Run ContentReplace Behavior [ RunTime:0.001687s ]
INFO: Run TokenBuild Behavior [ RunTime:0.000652s ]
INFO: Run WriteHtmlCache Behavior [ RunTime:0.000795s ]
INFO: Run ShowRuntime Behavior [ RunTime:0.000817s ]
INFO: [ view_filter ] --END-- [ RunTime:0.004297s ]
INFO: [ view_end ] --START--
INFO: Run ShowPageTrace Behavior [ RunTime:0.001126s ]
INFO: [ view_end ] --END-- [ RunTime:0.001242s ]

[ 2015-11-03T10:43:51+08:00 ] 127.0.0.1 /jiuye/index.php/User/geren/p/2
INFO: [ route_check ] --START--
INFO: Run CheckRoute Behavior [ RunTime:0.002495s ]
INFO: [ route_check ] --END-- [ RunTime:0.002812s ]
INFO: [ app_begin ] --START--
INFO: Run ReadHtmlCache Behavior [ RunTime:0.001145s ]
INFO: [ app_begin ] --END-- [ RunTime:0.001321s ]
SQL: SHOW COLUMNS FROM `w_user` [ RunTime:0.002837s ]
NOTIC: [8] Undefined index:  uname D:\xampp\htdocs\Jiuye\Work\Lib\Action\UserAction.class.php 第 16 行.
NOTIC: [8] Undefined variable: where D:\xampp\htdocs\Jiuye\Work\Lib\Action\UserAction.class.php 第 23 行.
SQL: SHOW COLUMNS FROM `w_user` [ RunTime:0.002734s ]
SQL: SELECT COUNT(*) AS tp_count FROM `w_user` LIMIT 1   [ RunTime:0.000411s ]
SQL: SELECT * FROM `w_user` WHERE ( 1 ) LIMIT 3,3   [ RunTime:0.000426s ]
INFO: [ view_template ] --START--
INFO: Run LocationTemplate Behavior [ RunTime:0.001911s ]
INFO: [ view_template ] --END-- [ RunTime:0.002057s ]
INFO: [ view_parse ] --START--
INFO: Run ParseTemplate Behavior [ RunTime:0.021567s ]
INFO: [ view_parse ] --END-- [ RunTime:0.021739s ]
INFO: [ view_filter ] --START--
INFO: Run ContentReplace Behavior [ RunTime:0.001711s ]
INFO: Run TokenBuild Behavior [ RunTime:0.000657s ]
INFO: Run WriteHtmlCache Behavior [ RunTime:0.000836s ]
INFO: Run ShowRuntime Behavior [ RunTime:0.000992s ]
INFO: [ view_filter ] --END-- [ RunTime:0.004606s ]
INFO: [ view_end ] --START--
INFO: Run ShowPageTrace Behavior [ RunTime:0.001590s ]
INFO: [ view_end ] --END-- [ RunTime:0.001736s ]

[ 2015-11-03T11:15:57+08:00 ] 127.0.0.1 /jiuye/index.php/Index/index.html
INFO: [ route_check ] --START--
INFO: Run CheckRoute Behavior [ RunTime:0.002586s ]
INFO: [ route_check ] --END-- [ RunTime:0.002788s ]
INFO: [ app_begin ] --START--
INFO: Run ReadHtmlCache Behavior [ RunTime:0.001581s ]
INFO: [ app_begin ] --END-- [ RunTime:0.001747s ]
INFO: [ view_template ] --START--
INFO: Run LocationTemplate Behavior [ RunTime:0.002060s ]
INFO: [ view_template ] --END-- [ RunTime:0.002224s ]
INFO: [ view_parse ] --START--
INFO: Run ParseTemplate Behavior [ RunTime:0.019320s ]
INFO: [ view_parse ] --END-- [ RunTime:0.019493s ]
INFO: [ view_filter ] --START--
INFO: Run ContentReplace Behavior [ RunTime:0.001671s ]
INFO: Run TokenBuild Behavior [ RunTime:0.003318s ]
INFO: Run WriteHtmlCache Behavior [ RunTime:0.001695s ]
INFO: Run ShowRuntime Behavior [ RunTime:0.001441s ]
INFO: [ view_filter ] --END-- [ RunTime:0.008740s ]
INFO: [ view_end ] --START--
INFO: Run ShowPageTrace Behavior [ RunTime:0.001724s ]
INFO: [ view_end ] --END-- [ RunTime:0.001854s ]

[ 2015-11-03T11:28:17+08:00 ] 127.0.0.1 /jiuye/index.php/User/geren
INFO: [ route_check ] --START--
INFO: Run CheckRoute Behavior [ RunTime:0.003051s ]
INFO: [ route_check ] --END-- [ RunTime:0.003380s ]
INFO: [ app_begin ] --START--
INFO: Run ReadHtmlCache Behavior [ RunTime:0.001573s ]
INFO: [ app_begin ] --END-- [ RunTime:0.001747s ]
INFO: [ view_template ] --START--
INFO: Run LocationTemplate Behavior [ RunTime:0.002228s ]
INFO: [ view_template ] --END-- [ RunTime:0.002408s ]
INFO: [ view_parse ] --START--
INFO: Run ParseTemplate Behavior [ RunTime:0.019346s ]
INFO: [ view_parse ] --END-- [ RunTime:0.019547s ]
INFO: [ view_filter ] --START--
INFO: Run ContentReplace Behavior [ RunTime:0.001781s ]
INFO: Run TokenBuild Behavior [ RunTime:0.001515s ]
INFO: Run WriteHtmlCache Behavior [ RunTime:0.001723s ]
INFO: Run ShowRuntime Behavior [ RunTime:0.001404s ]
INFO: [ view_filter ] --END-- [ RunTime:0.006890s ]
INFO: [ view_end ] --START--
INFO: Run ShowPageTrace Behavior [ RunTime:0.001712s ]
INFO: [ view_end ] --END-- [ RunTime:0.001843s ]
SQL: SHOW COLUMNS FROM `w_user` [ RunTime:0.003047s ]
NOTIC: [8] Undefined index:  uname D:\xampp\htdocs\Jiuye\Work\Lib\Action\UserAction.class.php 第 16 行.
NOTIC: [8] Undefined variable: where D:\xampp\htdocs\Jiuye\Work\Lib\Action\UserAction.class.php 第 23 行.
SQL: SHOW COLUMNS FROM `w_user` [ RunTime:0.002329s ]
SQL: SELECT COUNT(*) AS tp_count FROM `w_user` LIMIT 1   [ RunTime:0.000494s ]
SQL: SELECT * FROM `w_user` WHERE ( 1 ) LIMIT 0,3   [ RunTime:0.000580s ]
INFO: [ view_template ] --START--
INFO: Run LocationTemplate Behavior [ RunTime:0.001016s ]
INFO: [ view_template ] --END-- [ RunTime:-0.060906s ]
INFO: [ view_parse ] --START--
INFO: Run ParseTemplate Behavior [ RunTime:0.008310s ]
INFO: [ view_parse ] --END-- [ RunTime:-0.042478s ]
INFO: [ view_filter ] --START--
INFO: Run ContentReplace Behavior [ RunTime:0.000187s ]
INFO: Run TokenBuild Behavior [ RunTime:0.000075s ]
INFO: Run WriteHtmlCache Behavior [ RunTime:0.000022s ]
INFO: Run ShowRuntime Behavior [ RunTime:0.000112s ]
INFO: [ view_filter ] --END-- [ RunTime:-0.044122s ]
INFO: [ view_end ] --START--
INFO: Run ShowPageTrace Behavior [ RunTime:0.000061s ]
INFO: [ view_end ] --END-- [ RunTime:-0.042876s ]

[ 2015-11-03T11:28:18+08:00 ] 127.0.0.1 /jiuye/index.php/Index/login
INFO: [ route_check ] --START--
INFO: Run CheckRoute Behavior [ RunTime:0.001720s ]
INFO: [ route_check ] --END-- [ RunTime:0.001904s ]
INFO: [ app_begin ] --START--
INFO: Run ReadHtmlCache Behavior [ RunTime:0.000976s ]
INFO: [ app_begin ] --END-- [ RunTime:0.001120s ]
INFO: [ view_template ] --START--
INFO: Run LocationTemplate Behavior [ RunTime:0.002401s ]
INFO: [ view_template ] --END-- [ RunTime:0.002840s ]
INFO: [ view_parse ] --START--
INFO: Run ParseTemplate Behavior [ RunTime:0.015224s ]
INFO: [ view_parse ] --END-- [ RunTime:0.015528s ]
INFO: [ view_filter ] --START--
INFO: Run ContentReplace Behavior [ RunTime:0.001639s ]
INFO: Run TokenBuild Behavior [ RunTime:0.000605s ]
INFO: Run WriteHtmlCache Behavior [ RunTime:0.000733s ]
INFO: Run ShowRuntime Behavior [ RunTime:0.000747s ]
INFO: [ view_filter ] --END-- [ RunTime:0.004079s ]
INFO: [ view_end ] --START--
INFO: Run ShowPageTrace Behavior [ RunTime:0.001009s ]
INFO: [ view_end ] --END-- [ RunTime:0.001117s ]

[ 2015-11-03T11:28:39+08:00 ] 127.0.0.1 /jiuye/index.php/Index/login
INFO: [ route_check ] --START--
INFO: Run CheckRoute Behavior [ RunTime:0.001866s ]
INFO: [ route_check ] --END-- [ RunTime:0.002074s ]
INFO: [ app_begin ] --START--
INFO: Run ReadHtmlCache Behavior [ RunTime:0.001001s ]
INFO: [ app_begin ] --END-- [ RunTime:0.001153s ]
SQL: SHOW COLUMNS FROM `w_manage` [ RunTime:0.003169s ]
SQL: SELECT * FROM `w_manage` WHERE ( m_name='g18953827837' && m_pwd=123 )  [ RunTime:0.000756s ]
INFO: [ view_template ] --START--
INFO: Run LocationTemplate Behavior [ RunTime:0.001499s ]
INFO: [ view_template ] --END-- [ RunTime:0.001642s ]
INFO: [ view_parse ] --START--
INFO: Run ParseTemplate Behavior [ RunTime:0.014681s ]
INFO: [ view_parse ] --END-- [ RunTime:0.014864s ]
INFO: [ view_filter ] --START--
INFO: Run ContentReplace Behavior [ RunTime:0.001454s ]
INFO: Run TokenBuild Behavior [ RunTime:0.000620s ]
INFO: Run WriteHtmlCache Behavior [ RunTime:0.000694s ]
INFO: Run ShowRuntime Behavior [ RunTime:0.000698s ]
INFO: [ view_filter ] --END-- [ RunTime:0.003800s ]
INFO: [ view_end ] --START--
INFO: Run ShowPageTrace Behavior [ RunTime:0.001153s ]
INFO: [ view_end ] --END-- [ RunTime:0.001257s ]

[ 2015-11-03T11:28:41+08:00 ] 127.0.0.1 /jiuye/index.php/Index/shouye
INFO: [ route_check ] --START--
INFO: Run CheckRoute Behavior [ RunTime:0.003289s ]
INFO: [ route_check ] --END-- [ RunTime:0.003637s ]
INFO: [ app_begin ] --START--
INFO: Run ReadHtmlCache Behavior [ RunTime:0.001711s ]
INFO: [ app_begin ] --END-- [ RunTime:0.001992s ]
INFO: [ view_template ] --START--
INFO: Run LocationTemplate Behavior [ RunTime:0.003021s ]
INFO: [ view_template ] --END-- [ RunTime:0.003442s ]
INFO: [ view_parse ] --START--
INFO: Run ParseTemplate Behavior [ RunTime:0.026661s ]
INFO: [ view_parse ] --END-- [ RunTime:0.027019s ]
INFO: [ view_filter ] --START--
INFO: Run ContentReplace Behavior [ RunTime:0.002535s ]
INFO: Run TokenBuild Behavior [ RunTime:0.001055s ]
INFO: Run WriteHtmlCache Behavior [ RunTime:0.001699s ]
INFO: Run ShowRuntime Behavior [ RunTime:0.001637s ]
INFO: [ view_filter ] --END-- [ RunTime:0.007575s ]
INFO: [ view_end ] --START--
INFO: Run ShowPageTrace Behavior [ RunTime:0.002184s ]
INFO: [ view_end ] --END-- [ RunTime:0.002407s ]

[ 2015-11-03T11:28:41+08:00 ] 127.0.0.1 /jiuye/index.php/Index/top.html
INFO: [ route_check ] --START--
INFO: Run CheckRoute Behavior [ RunTime:0.002354s ]
INFO: [ route_check ] --END-- [ RunTime:0.002603s ]
INFO: [ app_begin ] --START--
INFO: Run ReadHtmlCache Behavior [ RunTime:0.001655s ]
INFO: [ app_begin ] --END-- [ RunTime:0.001973s ]
INFO: [ view_template ] --START--
INFO: Run LocationTemplate Behavior [ RunTime:0.001523s ]
INFO: [ view_template ] --END-- [ RunTime:0.001746s ]
INFO: [ view_parse ] --START--
INFO: Run ParseTemplate Behavior [ RunTime:0.017367s ]
INFO: [ view_parse ] --END-- [ RunTime:0.017778s ]
INFO: [ view_filter ] --START--
INFO: Run ContentReplace Behavior [ RunTime:0.003204s ]
INFO: Run TokenBuild Behavior [ RunTime:0.000604s ]
INFO: Run WriteHtmlCache Behavior [ RunTime:0.000758s ]
INFO: Run ShowRuntime Behavior [ RunTime:0.000769s ]
INFO: [ view_filter ] --END-- [ RunTime:0.005760s ]
INFO: [ view_end ] --START--
INFO: Run ShowPageTrace Behavior [ RunTime:0.001052s ]
INFO: [ view_end ] --END-- [ RunTime:0.001163s ]

[ 2015-11-03T11:28:41+08:00 ] 127.0.0.1 /jiuye/index.php/Index/left.html
INFO: [ route_check ] --START--
INFO: Run CheckRoute Behavior [ RunTime:0.002094s ]
INFO: [ route_check ] --END-- [ RunTime:0.002393s ]
INFO: [ app_begin ] --START--
INFO: Run ReadHtmlCache Behavior [ RunTime:0.002417s ]
INFO: [ app_begin ] --END-- [ RunTime:0.002631s ]
INFO: [ view_template ] --START--
INFO: Run LocationTemplate Behavior [ RunTime:0.004067s ]
INFO: [ view_template ] --END-- [ RunTime:0.004304s ]
INFO: [ view_parse ] --START--
INFO: Run ParseTemplate Behavior [ RunTime:0.025420s ]
INFO: [ view_parse ] --END-- [ RunTime:0.025614s ]
INFO: [ view_filter ] --START--
INFO: Run ContentReplace Behavior [ RunTime:0.001484s ]
INFO: Run TokenBuild Behavior [ RunTime:0.001861s ]
INFO: Run WriteHtmlCache Behavior [ RunTime:0.001462s ]
INFO: Run ShowRuntime Behavior [ RunTime:0.001855s ]
INFO: [ view_filter ] --END-- [ RunTime:0.007163s ]
INFO: [ view_end ] --START--
INFO: Run ShowPageTrace Behavior [ RunTime:0.001665s ]
INFO: [ view_end ] --END-- [ RunTime:0.001776s ]

[ 2015-11-03T11:28:41+08:00 ] 127.0.0.1 /jiuye/index.php/Index/index.html
INFO: [ route_check ] --START--
INFO: Run CheckRoute Behavior [ RunTime:0.002511s ]
INFO: [ route_check ] --END-- [ RunTime:0.002707s ]
INFO: [ app_begin ] --START--
INFO: Run ReadHtmlCache Behavior [ RunTime:0.002698s ]
INFO: [ app_begin ] --END-- [ RunTime:0.003013s ]
INFO: [ view_template ] --START--
INFO: Run LocationTemplate Behavior [ RunTime:0.001832s ]
INFO: [ view_template ] --END-- [ RunTime:0.001993s ]
INFO: [ view_parse ] --START--
INFO: Run ParseTemplate Behavior [ RunTime:0.022916s ]
INFO: [ view_parse ] --END-- [ RunTime:0.023137s ]
INFO: [ view_filter ] --START--
INFO: Run ContentReplace Behavior [ RunTime:0.001550s ]
INFO: Run TokenBuild Behavior [ RunTime:0.001822s ]
INFO: Run WriteHtmlCache Behavior [ RunTime:0.002600s ]
INFO: Run ShowRuntime Behavior [ RunTime:0.001478s ]
INFO: [ view_filter ] --END-- [ RunTime:0.008050s ]
INFO: [ view_end ] --START--
INFO: Run ShowPageTrace Behavior [ RunTime:0.001718s ]
INFO: [ view_end ] --END-- [ RunTime:0.001843s ]

[ 2015-11-03T11:28:42+08:00 ] 127.0.0.1 /jiuye/index.php/Member/huiyuan
INFO: [ route_check ] --START--
INFO: Run CheckRoute Behavior [ RunTime:0.001709s ]
INFO: [ route_check ] --END-- [ RunTime:0.001892s ]
INFO: [ app_begin ] --START--
INFO: Run ReadHtmlCache Behavior [ RunTime:0.001025s ]
INFO: [ app_begin ] --END-- [ RunTime:0.001150s ]
NOTIC: [8] Undefined index:  mname D:\xampp\htdocs\Jiuye\Work\Lib\Action\MemberAction.class.php 第 11 行.
NOTIC: [8] Undefined variable: where D:\xampp\htdocs\Jiuye\Work\Lib\Action\MemberAction.class.php 第 16 行.
SQL: SHOW COLUMNS FROM `w_member` [ RunTime:0.003421s ]
SQL: SELECT COUNT(*) AS tp_count FROM `w_member` LIMIT 1   [ RunTime:0.001362s ]
SQL: SELECT * FROM `w_member` WHERE ( 1 ) LIMIT 0,3   [ RunTime:0.000942s ]
SQL: SHOW COLUMNS FROM `w_membertype` [ RunTime:0.003074s ]
SQL: SELECT * FROM `w_membertype` WHERE ( 1=1 AND mt_id='5' ) LIMIT 1   [ RunTime:0.000688s ]
SQL: SELECT * FROM `w_membertype` WHERE ( 1=1 AND mt_id='1' ) LIMIT 1   [ RunTime:0.000802s ]
SQL: SELECT * FROM `w_membertype` WHERE ( 1=1 AND mt_id='5' ) LIMIT 1   [ RunTime:0.000832s ]
INFO: [ view_template ] --START--
INFO: Run LocationTemplate Behavior [ RunTime:0.002337s ]
INFO: [ view_template ] --END-- [ RunTime:0.002577s ]
INFO: [ view_parse ] --START--
INFO: Run ParseTemplate Behavior [ RunTime:0.043059s ]
INFO: [ view_parse ] --END-- [ RunTime:0.043253s ]
INFO: [ view_filter ] --START--
INFO: Run ContentReplace Behavior [ RunTime:0.000700s ]
INFO: Run TokenBuild Behavior [ RunTime:0.000564s ]
INFO: Run WriteHtmlCache Behavior [ RunTime:0.000402s ]
INFO: Run ShowRuntime Behavior [ RunTime:0.000791s ]
INFO: [ view_filter ] --END-- [ RunTime:0.002747s ]
INFO: [ view_end ] --START--
INFO: Run ShowPageTrace Behavior [ RunTime:0.001107s ]
INFO: [ view_end ] --END-- [ RunTime:0.001238s ]

[ 2015-11-03T11:28:43+08:00 ] 127.0.0.1 /jiuye/index.php/Member/huiyuan
INFO: [ route_check ] --START--
INFO: Run CheckRoute Behavior [ RunTime:0.001624s ]
INFO: [ route_check ] --END-- [ RunTime:0.001790s ]
INFO: [ app_begin ] --START--
INFO: Run ReadHtmlCache Behavior [ RunTime:0.001104s ]
INFO: [ app_begin ] --END-- [ RunTime:0.001279s ]
NOTIC: [8] Undefined index:  mname D:\xampp\htdocs\Jiuye\Work\Lib\Action\MemberAction.class.php 第 11 行.
NOTIC: [8] Undefined variable: where D:\xampp\htdocs\Jiuye\Work\Lib\Action\MemberAction.class.php 第 16 行.
SQL: SHOW COLUMNS FROM `w_member` [ RunTime:0.002824s ]
SQL: SELECT COUNT(*) AS tp_count FROM `w_member` LIMIT 1   [ RunTime:0.000491s ]
SQL: SELECT * FROM `w_member` WHERE ( 1 ) LIMIT 0,3   [ RunTime:0.000524s ]
SQL: SHOW COLUMNS FROM `w_membertype` [ RunTime:0.002363s ]
SQL: SELECT * FROM `w_membertype` WHERE ( 1=1 AND mt_id='5' ) LIMIT 1   [ RunTime:0.000790s ]
SQL: SELECT * FROM `w_membertype` WHERE ( 1=1 AND mt_id='1' ) LIMIT 1   [ RunTime:0.000512s ]
SQL: SELECT * FROM `w_membertype` WHERE ( 1=1 AND mt_id='5' ) LIMIT 1   [ RunTime:0.000504s ]
INFO: [ view_template ] --START--
INFO: Run LocationTemplate Behavior [ RunTime:0.001662s ]
INFO: [ view_template ] --END-- [ RunTime:0.001808s ]
INFO: [ view_parse ] --START--
INFO: Run ParseTemplate Behavior [ RunTime:0.021686s ]
INFO: [ view_parse ] --END-- [ RunTime:0.022072s ]
INFO: [ view_filter ] --START--
INFO: Run ContentReplace Behavior [ RunTime:0.000801s ]
INFO: Run TokenBuild Behavior [ RunTime:0.000578s ]
INFO: Run WriteHtmlCache Behavior [ RunTime:0.000378s ]
INFO: Run ShowRuntime Behavior [ RunTime:0.000753s ]
INFO: [ view_filter ] --END-- [ RunTime:0.002908s ]
INFO: [ view_end ] --START--
INFO: Run ShowPageTrace Behavior [ RunTime:0.001076s ]
INFO: [ view_end ] --END-- [ RunTime:0.001221s ]

[ 2015-11-03T11:28:45+08:00 ] 127.0.0.1 /jiuye/index.php/User/geren
INFO: [ route_check ] --START--
INFO: Run CheckRoute Behavior [ RunTime:0.001499s ]
INFO: [ route_check ] --END-- [ RunTime:0.001656s ]
INFO: [ app_begin ] --START--
INFO: Run ReadHtmlCache Behavior [ RunTime:0.001018s ]
INFO: [ app_begin ] --END-- [ RunTime:0.001149s ]
SQL: SHOW COLUMNS FROM `w_user` [ RunTime:0.002440s ]
NOTIC: [8] Undefined index:  uname D:\xampp\htdocs\Jiuye\Work\Lib\Action\UserAction.class.php 第 16 行.
NOTIC: [8] Undefined variable: where D:\xampp\htdocs\Jiuye\Work\Lib\Action\UserAction.class.php 第 23 行.
SQL: SHOW COLUMNS FROM `w_user` [ RunTime:0.002273s ]
SQL: SELECT COUNT(*) AS tp_count FROM `w_user` LIMIT 1   [ RunTime:0.000463s ]
SQL: SELECT * FROM `w_user` WHERE ( 1 ) LIMIT 0,3   [ RunTime:0.000781s ]
INFO: [ view_template ] --START--
INFO: Run LocationTemplate Behavior [ RunTime:0.003540s ]
INFO: [ view_template ] --END-- [ RunTime:0.003761s ]
INFO: [ view_parse ] --START--
INFO: Run ParseTemplate Behavior [ RunTime:0.020023s ]
INFO: [ view_parse ] --END-- [ RunTime:0.020166s ]
INFO: [ view_filter ] --START--
INFO: Run ContentReplace Behavior [ RunTime:0.000734s ]
INFO: Run TokenBuild Behavior [ RunTime:0.000573s ]
INFO: Run WriteHtmlCache Behavior [ RunTime:0.000371s ]
INFO: Run ShowRuntime Behavior [ RunTime:0.000732s ]
INFO: [ view_filter ] --END-- [ RunTime:0.002734s ]
INFO: [ view_end ] --START--
INFO: Run ShowPageTrace Behavior [ RunTime:0.001012s ]
INFO: [ view_end ] --END-- [ RunTime:0.001113s ]

[ 2015-11-03T11:28:45+08:00 ] 127.0.0.1 /jiuye/index.php/User/geren
INFO: [ route_check ] --START--
INFO: Run CheckRoute Behavior [ RunTime:0.001456s ]
INFO: [ route_check ] --END-- [ RunTime:0.001636s ]
INFO: [ app_begin ] --START--
INFO: Run ReadHtmlCache Behavior [ RunTime:0.001531s ]
INFO: [ app_begin ] --END-- [ RunTime:0.001731s ]
SQL: SHOW COLUMNS FROM `w_user` [ RunTime:0.002867s ]
NOTIC: [8] Undefined index:  uname D:\xampp\htdocs\Jiuye\Work\Lib\Action\UserAction.class.php 第 16 行.
NOTIC: [8] Undefined variable: where D:\xampp\htdocs\Jiuye\Work\Lib\Action\UserAction.class.php 第 23 行.
SQL: SHOW COLUMNS FROM `w_user` [ RunTime:0.002585s ]
SQL: SELECT COUNT(*) AS tp_count FROM `w_user` LIMIT 1   [ RunTime:0.002431s ]
SQL: SELECT * FROM `w_user` WHERE ( 1 ) LIMIT 0,3   [ RunTime:0.000933s ]
INFO: [ view_template ] --START--
INFO: Run LocationTemplate Behavior [ RunTime:0.001600s ]
INFO: [ view_template ] --END-- [ RunTime:0.001751s ]
INFO: [ view_parse ] --START--
INFO: Run ParseTemplate Behavior [ RunTime:0.019122s ]
INFO: [ view_parse ] --END-- [ RunTime:0.019285s ]
INFO: [ view_filter ] --START--
INFO: Run ContentReplace Behavior [ RunTime:0.000693s ]
INFO: Run TokenBuild Behavior [ RunTime:0.000598s ]
INFO: Run WriteHtmlCache Behavior [ RunTime:0.000369s ]
INFO: Run ShowRuntime Behavior [ RunTime:0.000731s ]
INFO: [ view_filter ] --END-- [ RunTime:0.002713s ]
INFO: [ view_end ] --START--
INFO: Run ShowPageTrace Behavior [ RunTime:0.001322s ]
INFO: [ view_end ] --END-- [ RunTime:0.001493s ]

[ 2015-11-03T11:28:48+08:00 ] 127.0.0.1 /jiuye/index.php/User/geren/p/2
INFO: [ route_check ] --START--
INFO: Run CheckRoute Behavior [ RunTime:0.002460s ]
INFO: [ route_check ] --END-- [ RunTime:0.002708s ]
INFO: [ app_begin ] --START--
INFO: Run ReadHtmlCache Behavior [ RunTime:0.001287s ]
INFO: [ app_begin ] --END-- [ RunTime:0.001473s ]
SQL: SHOW COLUMNS FROM `w_user` [ RunTime:0.002639s ]
NOTIC: [8] Undefined index:  uname D:\xampp\htdocs\Jiuye\Work\Lib\Action\UserAction.class.php 第 16 行.
NOTIC: [8] Undefined variable: where D:\xampp\htdocs\Jiuye\Work\Lib\Action\UserAction.class.php 第 23 行.
SQL: SHOW COLUMNS FROM `w_user` [ RunTime:0.002339s ]
SQL: SELECT COUNT(*) AS tp_count FROM `w_user` LIMIT 1   [ RunTime:0.000485s ]
SQL: SELECT * FROM `w_user` WHERE ( 1 ) LIMIT 3,3   [ RunTime:0.000466s ]
INFO: [ view_template ] --START--
INFO: Run LocationTemplate Behavior [ RunTime:0.001491s ]
INFO: [ view_template ] --END-- [ RunTime:0.001610s ]
INFO: [ view_parse ] --START--
INFO: Run ParseTemplate Behavior [ RunTime:0.017777s ]
INFO: [ view_parse ] --END-- [ RunTime:0.017917s ]
INFO: [ view_filter ] --START--
INFO: Run ContentReplace Behavior [ RunTime:0.000698s ]
INFO: Run TokenBuild Behavior [ RunTime:0.000576s ]
INFO: Run WriteHtmlCache Behavior [ RunTime:0.000368s ]
INFO: Run ShowRuntime Behavior [ RunTime:0.000701s ]
INFO: [ view_filter ] --END-- [ RunTime:0.002644s ]
INFO: [ view_end ] --START--
INFO: Run ShowPageTrace Behavior [ RunTime:0.000976s ]
INFO: [ view_end ] --END-- [ RunTime:0.001078s ]

[ 2015-11-03T11:28:50+08:00 ] 127.0.0.1 /jiuye/index.php/User/geren/p/3
INFO: [ route_check ] --START--
INFO: Run CheckRoute Behavior [ RunTime:0.001568s ]
INFO: [ route_check ] --END-- [ RunTime:0.001731s ]
INFO: [ app_begin ] --START--
INFO: Run ReadHtmlCache Behavior [ RunTime:0.001210s ]
INFO: [ app_begin ] --END-- [ RunTime:0.001460s ]
SQL: SHOW COLUMNS FROM `w_user` [ RunTime:0.003412s ]
NOTIC: [8] Undefined index:  uname D:\xampp\htdocs\Jiuye\Work\Lib\Action\UserAction.class.php 第 16 行.
NOTIC: [8] Undefined variable: where D:\xampp\htdocs\Jiuye\Work\Lib\Action\UserAction.class.php 第 23 行.
SQL: SHOW COLUMNS FROM `w_user` [ RunTime:0.002801s ]
SQL: SELECT COUNT(*) AS tp_count FROM `w_user` LIMIT 1   [ RunTime:0.000490s ]
SQL: SELECT * FROM `w_user` WHERE ( 1 ) LIMIT 6,3   [ RunTime:0.000486s ]
INFO: [ view_template ] --START--
INFO: Run LocationTemplate Behavior [ RunTime:0.001490s ]
INFO: [ view_template ] --END-- [ RunTime:0.001635s ]
INFO: [ view_parse ] --START--
INFO: Run ParseTemplate Behavior [ RunTime:0.018241s ]
INFO: [ view_parse ] --END-- [ RunTime:0.018401s ]
INFO: [ view_filter ] --START--
INFO: Run ContentReplace Behavior [ RunTime:0.000588s ]
INFO: Run TokenBuild Behavior [ RunTime:0.000594s ]
INFO: Run WriteHtmlCache Behavior [ RunTime:0.000406s ]
INFO: Run ShowRuntime Behavior [ RunTime:0.000743s ]
INFO: [ view_filter ] --END-- [ RunTime:0.002634s ]
INFO: [ view_end ] --START--
INFO: Run ShowPageTrace Behavior [ RunTime:0.001009s ]
INFO: [ view_end ] --END-- [ RunTime:0.001111s ]

[ 2015-11-03T11:28:51+08:00 ] 127.0.0.1 /jiuye/index.php/User/geren/p/2
INFO: [ route_check ] --START--
INFO: Run CheckRoute Behavior [ RunTime:0.001615s ]
INFO: [ route_check ] --END-- [ RunTime:0.001823s ]
INFO: [ app_begin ] --START--
INFO: Run ReadHtmlCache Behavior [ RunTime:0.001062s ]
INFO: [ app_begin ] --END-- [ RunTime:0.001217s ]
SQL: SHOW COLUMNS FROM `w_user` [ RunTime:0.005175s ]
NOTIC: [8] Undefined index:  uname D:\xampp\htdocs\Jiuye\Work\Lib\Action\UserAction.class.php 第 16 行.
NOTIC: [8] Undefined variable: where D:\xampp\htdocs\Jiuye\Work\Lib\Action\UserAction.class.php 第 23 行.
SQL: SHOW COLUMNS FROM `w_user` [ RunTime:0.004284s ]
SQL: SELECT COUNT(*) AS tp_count FROM `w_user` LIMIT 1   [ RunTime:0.000941s ]
SQL: SELECT * FROM `w_user` WHERE ( 1 ) LIMIT 3,3   [ RunTime:0.000952s ]
INFO: [ view_template ] --START--
INFO: Run LocationTemplate Behavior [ RunTime:0.003484s ]
INFO: [ view_template ] --END-- [ RunTime:0.003875s ]
INFO: [ view_parse ] --START--
INFO: Run ParseTemplate Behavior [ RunTime:0.024282s ]
INFO: [ view_parse ] --END-- [ RunTime:0.024555s ]
INFO: [ view_filter ] --START--
INFO: Run ContentReplace Behavior [ RunTime:0.000716s ]
INFO: Run TokenBuild Behavior [ RunTime:0.000607s ]
INFO: Run WriteHtmlCache Behavior [ RunTime:0.000398s ]
INFO: Run ShowRuntime Behavior [ RunTime:0.000784s ]
INFO: [ view_filter ] --END-- [ RunTime:0.002863s ]
INFO: [ view_end ] --START--
INFO: Run ShowPageTrace Behavior [ RunTime:0.001055s ]
INFO: [ view_end ] --END-- [ RunTime:0.001189s ]

