[ 2015-12-15T07:56:28+08:00 ] 127.0.0.1 /Jiuyework/
INFO: [ app_begin ] --START--
INFO: Run ReadHtmlCache Behavior [ RunTime:0.001628s ]
INFO: [ app_begin ] --END-- [ RunTime:0.001806s ]
INFO: [ view_template ] --START--
INFO: Run LocationTemplate Behavior [ RunTime:0.002221s ]
INFO: [ view_template ] --END-- [ RunTime:0.002457s ]
INFO: [ view_parse ] --START--
INFO: Run ParseTemplate Behavior [ RunTime:0.077941s ]
INFO: [ view_parse ] --END-- [ RunTime:0.078183s ]
INFO: [ view_filter ] --START--
INFO: Run ContentReplace Behavior [ RunTime:0.002242s ]
INFO: Run TokenBuild Behavior [ RunTime:0.002151s ]
INFO: Run WriteHtmlCache Behavior [ RunTime:0.001932s ]
INFO: Run ShowRuntime Behavior [ RunTime:0.003018s ]
INFO: [ view_filter ] --END-- [ RunTime:0.010179s ]
INFO: [ view_end ] --START--
INFO: Run ShowPageTrace Behavior [ RunTime:0.003827s ]
INFO: [ view_end ] --END-- [ RunTime:0.004143s ]

[ 2015-12-15T07:56:54+08:00 ] 127.0.0.1 /Jiuyework/
INFO: [ app_begin ] --START--
INFO: Run ReadHtmlCache Behavior [ RunTime:0.000877s ]
INFO: [ app_begin ] --END-- [ RunTime:0.001013s ]
INFO: [ view_template ] --START--
INFO: Run LocationTemplate Behavior [ RunTime:0.000844s ]
INFO: [ view_template ] --END-- [ RunTime:0.000990s ]
INFO: [ view_parse ] --START--
INFO: Run ParseTemplate Behavior [ RunTime:0.014661s ]
INFO: [ view_parse ] --END-- [ RunTime:0.014797s ]
INFO: [ view_filter ] --START--
INFO: Run ContentReplace Behavior [ RunTime:0.000827s ]
INFO: Run TokenBuild Behavior [ RunTime:0.000658s ]
INFO: Run WriteHtmlCache Behavior [ RunTime:0.000532s ]
INFO: Run ShowRuntime Behavior [ RunTime:0.000723s ]
INFO: [ view_filter ] --END-- [ RunTime:0.002913s ]
INFO: [ view_end ] --START--
INFO: Run ShowPageTrace Behavior [ RunTime:0.000855s ]
INFO: [ view_end ] --END-- [ RunTime:0.000911s ]

[ 2015-12-15T07:57:14+08:00 ] 127.0.0.1 /Jiuyework/
INFO: [ app_begin ] --START--
INFO: Run ReadHtmlCache Behavior [ RunTime:0.001001s ]
INFO: [ app_begin ] --END-- [ RunTime:0.001209s ]
INFO: [ view_template ] --START--
INFO: Run LocationTemplate Behavior [ RunTime:0.000452s ]
INFO: [ view_template ] --END-- [ RunTime:0.000555s ]
INFO: [ view_parse ] --START--
INFO: Run ParseTemplate Behavior [ RunTime:0.008356s ]
INFO: [ view_parse ] --END-- [ RunTime:0.008454s ]
INFO: [ view_filter ] --START--
INFO: Run ContentReplace Behavior [ RunTime:0.000338s ]
INFO: Run TokenBuild Behavior [ RunTime:0.000369s ]
INFO: Run WriteHtmlCache Behavior [ RunTime:0.000270s ]
INFO: Run ShowRuntime Behavior [ RunTime:0.000520s ]
INFO: [ view_filter ] --END-- [ RunTime:0.001660s ]
INFO: [ view_end ] --START--
INFO: Run ShowPageTrace Behavior [ RunTime:0.000747s ]
INFO: [ view_end ] --END-- [ RunTime:0.000824s ]

[ 2015-12-15T10:21:44+08:00 ] 127.0.0.1 /Jiuyework/hou.php/Index/login
INFO: [ route_check ] --START--
INFO: Run CheckRoute Behavior [ RunTime:0.004356s ]
INFO: [ route_check ] --END-- [ RunTime:0.004684s ]
INFO: [ app_begin ] --START--
INFO: Run ReadHtmlCache Behavior [ RunTime:0.002770s ]
INFO: [ app_begin ] --END-- [ RunTime:0.003068s ]
INFO: [ view_template ] --START--
INFO: Run LocationTemplate Behavior [ RunTime:0.006563s ]
INFO: [ view_template ] --END-- [ RunTime:0.006761s ]
INFO: [ view_parse ] --START--
INFO: Run ParseTemplate Behavior [ RunTime:0.057662s ]
INFO: [ view_parse ] --END-- [ RunTime:0.057882s ]
INFO: [ view_filter ] --START--
INFO: Run ContentReplace Behavior [ RunTime:0.001534s ]
INFO: Run TokenBuild Behavior [ RunTime:0.001804s ]
INFO: Run WriteHtmlCache Behavior [ RunTime:0.001301s ]
INFO: Run ShowRuntime Behavior [ RunTime:0.001691s ]
INFO: [ view_filter ] --END-- [ RunTime:0.006741s ]
INFO: [ view_end ] --START--
INFO: Run ShowPageTrace Behavior [ RunTime:0.002016s ]
INFO: [ view_end ] --END-- [ RunTime:0.002140s ]

[ 2015-12-15T10:21:54+08:00 ] ERR: (ThinkException) Access denied for user 'a1210154619t'@'localhost' (using password: YES)
[ 2015-12-15T10:22:33+08:00 ] 127.0.0.1 /Jiuyework/hou.php/Index/login
INFO: [ route_check ] --START--
INFO: Run CheckRoute Behavior [ RunTime:0.001741s ]
INFO: [ route_check ] --END-- [ RunTime:0.002083s ]
INFO: [ app_begin ] --START--
INFO: Run ReadHtmlCache Behavior [ RunTime:0.000919s ]
INFO: [ app_begin ] --END-- [ RunTime:0.001060s ]
INFO: [ view_template ] --START--
INFO: Run LocationTemplate Behavior [ RunTime:0.001816s ]
INFO: [ view_template ] --END-- [ RunTime:0.001962s ]
INFO: [ view_parse ] --START--
INFO: Run ParseTemplate Behavior [ RunTime:0.028054s ]
INFO: [ view_parse ] --END-- [ RunTime:0.028202s ]
INFO: [ view_filter ] --START--
INFO: Run ContentReplace Behavior [ RunTime:0.001209s ]
INFO: Run TokenBuild Behavior [ RunTime:0.001163s ]
INFO: Run WriteHtmlCache Behavior [ RunTime:0.000990s ]
INFO: Run ShowRuntime Behavior [ RunTime:0.001321s ]
INFO: [ view_filter ] --END-- [ RunTime:0.004983s ]
INFO: [ view_end ] --START--
INFO: Run ShowPageTrace Behavior [ RunTime:0.001591s ]
INFO: [ view_end ] --END-- [ RunTime:0.001695s ]

[ 2015-12-15T10:22:42+08:00 ] 127.0.0.1 /Jiuyework/hou.php/Index/login
INFO: [ route_check ] --START--
INFO: Run CheckRoute Behavior [ RunTime:0.001820s ]
INFO: [ route_check ] --END-- [ RunTime:0.002022s ]
INFO: [ app_begin ] --START--
INFO: Run ReadHtmlCache Behavior [ RunTime:0.001016s ]
INFO: [ app_begin ] --END-- [ RunTime:0.001156s ]
SQL: SHOW COLUMNS FROM `w_manage` [ RunTime:0.134553s ]
SQL: SELECT * FROM `w_manage` WHERE ( m_name='g18953827837' && m_pwd=123 )  [ RunTime:0.002009s ]
INFO: [ view_template ] --START--
INFO: Run LocationTemplate Behavior [ RunTime:0.004065s ]
INFO: [ view_template ] --END-- [ RunTime:0.004467s ]
INFO: [ view_parse ] --START--
INFO: Run ParseTemplate Behavior [ RunTime:0.036504s ]
INFO: [ view_parse ] --END-- [ RunTime:0.036718s ]
INFO: [ view_filter ] --START--
INFO: Run ContentReplace Behavior [ RunTime:0.000754s ]
INFO: Run TokenBuild Behavior [ RunTime:0.000721s ]
INFO: Run WriteHtmlCache Behavior [ RunTime:0.000454s ]
INFO: Run ShowRuntime Behavior [ RunTime:0.001704s ]
INFO: [ view_filter ] --END-- [ RunTime:0.004304s ]
INFO: [ view_end ] --START--
INFO: Run ShowPageTrace Behavior [ RunTime:0.001565s ]
INFO: [ view_end ] --END-- [ RunTime:0.001743s ]

[ 2015-12-15T10:22:44+08:00 ] 127.0.0.1 /Jiuyework/hou.php/Index/shouye
INFO: [ route_check ] --START--
INFO: Run CheckRoute Behavior [ RunTime:0.003314s ]
INFO: [ route_check ] --END-- [ RunTime:0.003639s ]
INFO: [ app_begin ] --START--
INFO: Run ReadHtmlCache Behavior [ RunTime:0.001699s ]
INFO: [ app_begin ] --END-- [ RunTime:0.001964s ]
INFO: [ view_template ] --START--
INFO: Run LocationTemplate Behavior [ RunTime:0.002341s ]
INFO: [ view_template ] --END-- [ RunTime:0.002710s ]
INFO: [ view_parse ] --START--
INFO: Run ParseTemplate Behavior [ RunTime:0.130091s ]
INFO: [ view_parse ] --END-- [ RunTime:0.130367s ]
INFO: [ view_filter ] --START--
INFO: Run ContentReplace Behavior [ RunTime:0.001177s ]
INFO: Run TokenBuild Behavior [ RunTime:0.001640s ]
INFO: Run WriteHtmlCache Behavior [ RunTime:0.001003s ]
INFO: Run ShowRuntime Behavior [ RunTime:0.001400s ]
INFO: [ view_filter ] --END-- [ RunTime:0.005802s ]
INFO: [ view_end ] --START--
INFO: Run ShowPageTrace Behavior [ RunTime:0.001864s ]
INFO: [ view_end ] --END-- [ RunTime:0.002085s ]

[ 2015-12-15T10:22:44+08:00 ] 127.0.0.1 /Jiuyework/hou.php/Index/top
INFO: [ route_check ] --START--
INFO: Run CheckRoute Behavior [ RunTime:0.003710s ]
INFO: [ route_check ] --END-- [ RunTime:0.003975s ]
INFO: [ app_begin ] --START--
INFO: Run ReadHtmlCache Behavior [ RunTime:0.001394s ]
INFO: [ app_begin ] --END-- [ RunTime:0.001588s ]
SQL: SHOW COLUMNS FROM `w_manage` [ RunTime:0.003291s ]
SQL: SELECT `m_jb` FROM `w_manage` WHERE ( m_name = 'g18953827837' ) LIMIT 1   [ RunTime:0.001238s ]
INFO: [ view_template ] --START--
INFO: Run LocationTemplate Behavior [ RunTime:0.001325s ]
INFO: [ view_template ] --END-- [ RunTime:0.001441s ]
INFO: [ view_parse ] --START--
INFO: Run ParseTemplate Behavior [ RunTime:0.017747s ]
INFO: [ view_parse ] --END-- [ RunTime:0.017886s ]
INFO: [ view_filter ] --START--
INFO: Run ContentReplace Behavior [ RunTime:0.000555s ]
INFO: Run TokenBuild Behavior [ RunTime:0.000556s ]
INFO: Run WriteHtmlCache Behavior [ RunTime:0.000369s ]
INFO: Run ShowRuntime Behavior [ RunTime:0.000699s ]
INFO: [ view_filter ] --END-- [ RunTime:0.002465s ]
INFO: [ view_end ] --START--
INFO: Run ShowPageTrace Behavior [ RunTime:0.000963s ]
INFO: [ view_end ] --END-- [ RunTime:0.001061s ]

[ 2015-12-15T10:22:44+08:00 ] 127.0.0.1 /Jiuyework/hou.php/Class/banji
INFO: [ route_check ] --START--
INFO: Run CheckRoute Behavior [ RunTime:0.002457s ]
INFO: [ route_check ] --END-- [ RunTime:0.002702s ]
INFO: [ app_begin ] --START--
INFO: Run ReadHtmlCache Behavior [ RunTime:0.001357s ]
INFO: [ app_begin ] --END-- [ RunTime:0.001554s ]
NOTIC: [2] Missing argument 4 for PublicAction::page(), called in D:\xampp\htdocs\Jiuyework\Work\Lib\Action\ClassAction.class.php on line 10 and defined D:\xampp\htdocs\Jiuyework\Work\Lib\Action\PublicAction.class.php 第 13 行.
SQL: SHOW COLUMNS FROM `w_class` [ RunTime:0.066506s ]
SQL: SELECT COUNT(*) AS tp_count FROM `w_class` LIMIT 1   [ RunTime:0.000852s ]
NOTIC: [8] Undefined variable: where D:\xampp\htdocs\Jiuyework\Work\Lib\Action\PublicAction.class.php 第 20 行.
SQL: SELECT * FROM `w_class` WHERE ( 1 ) LIMIT 0,3   [ RunTime:0.001003s ]
INFO: [ view_template ] --START--
INFO: Run LocationTemplate Behavior [ RunTime:0.001424s ]
INFO: [ view_template ] --END-- [ RunTime:0.001566s ]
INFO: [ view_parse ] --START--
INFO: Run ParseTemplate Behavior [ RunTime:0.052393s ]
INFO: [ view_parse ] --END-- [ RunTime:0.052617s ]
INFO: [ view_filter ] --START--
INFO: Run ContentReplace Behavior [ RunTime:0.000754s ]
INFO: Run TokenBuild Behavior [ RunTime:0.000583s ]
INFO: Run WriteHtmlCache Behavior [ RunTime:0.000375s ]
INFO: Run ShowRuntime Behavior [ RunTime:0.000736s ]
INFO: [ view_filter ] --END-- [ RunTime:0.002784s ]
INFO: [ view_end ] --START--
INFO: Run ShowPageTrace Behavior [ RunTime:0.001029s ]
INFO: [ view_end ] --END-- [ RunTime:0.001137s ]

[ 2015-12-15T10:22:44+08:00 ] 127.0.0.1 /Jiuyework/hou.php/Index/left.html
INFO: [ route_check ] --START--
INFO: Run CheckRoute Behavior [ RunTime:0.003190s ]
INFO: [ route_check ] --END-- [ RunTime:0.003393s ]
INFO: [ app_begin ] --START--
INFO: Run ReadHtmlCache Behavior [ RunTime:0.001748s ]
INFO: [ app_begin ] --END-- [ RunTime:0.001942s ]
INFO: [ view_template ] --START--
INFO: Run LocationTemplate Behavior [ RunTime:0.001889s ]
INFO: [ view_template ] --END-- [ RunTime:0.002099s ]
INFO: [ view_parse ] --START--
INFO: Run ParseTemplate Behavior [ RunTime:0.100306s ]
INFO: [ view_parse ] --END-- [ RunTime:0.100533s ]
INFO: [ view_filter ] --START--
INFO: Run ContentReplace Behavior [ RunTime:0.003651s ]
INFO: Run TokenBuild Behavior [ RunTime:0.001368s ]
INFO: Run WriteHtmlCache Behavior [ RunTime:0.001074s ]
INFO: Run ShowRuntime Behavior [ RunTime:0.001950s ]
INFO: [ view_filter ] --END-- [ RunTime:0.008508s ]
INFO: [ view_end ] --START--
INFO: Run ShowPageTrace Behavior [ RunTime:0.002318s ]
INFO: [ view_end ] --END-- [ RunTime:0.002688s ]

[ 2015-12-15T10:23:32+08:00 ] 127.0.0.1 /Jiuyework/hou.php/Student/xuesheng
INFO: [ route_check ] --START--
INFO: Run CheckRoute Behavior [ RunTime:0.001953s ]
INFO: [ route_check ] --END-- [ RunTime:0.002152s ]
INFO: [ app_begin ] --START--
INFO: Run ReadHtmlCache Behavior [ RunTime:0.001992s ]
INFO: [ app_begin ] --END-- [ RunTime:0.002451s ]
NOTIC: [2] Missing argument 4 for PublicAction::pages(), called in D:\xampp\htdocs\Jiuyework\Work\Lib\Action\StudentAction.class.php on line 26 and defined D:\xampp\htdocs\Jiuyework\Work\Lib\Action\PublicAction.class.php 第 44 行.
SQL: SHOW COLUMNS FROM `w_student` [ RunTime:0.040177s ]
SQL: SELECT COUNT(*) AS tp_count FROM `w_student` LIMIT 1   [ RunTime:0.001434s ]
NOTIC: [8] Undefined variable: where D:\xampp\htdocs\Jiuyework\Work\Lib\Action\PublicAction.class.php 第 51 行.
SQL: SELECT * FROM `w_student` WHERE ( 1 ) LIMIT 0,3   [ RunTime:0.001101s ]
SQL: SHOW COLUMNS FROM `w_class` [ RunTime:0.003409s ]
SQL: SELECT * FROM `w_class` WHERE ( 1=1 AND c_id='5' ) LIMIT 1   [ RunTime:0.001286s ]
SQL: SELECT * FROM `w_class` WHERE ( 1=1 AND c_id='2' ) LIMIT 1   [ RunTime:0.000902s ]
SQL: SELECT * FROM `w_class` WHERE ( 1=1 AND c_id='2' ) LIMIT 1   [ RunTime:0.002920s ]
SQL: SHOW COLUMNS FROM `w_grade` [ RunTime:0.056483s ]
SQL: SELECT * FROM `w_grade`  [ RunTime:0.002132s ]
INFO: [ view_template ] --START--
INFO: Run LocationTemplate Behavior [ RunTime:0.003107s ]
INFO: [ view_template ] --END-- [ RunTime:0.003769s ]
INFO: [ view_parse ] --START--
INFO: Run ParseTemplate Behavior [ RunTime:0.064093s ]
INFO: [ view_parse ] --END-- [ RunTime:0.064390s ]
INFO: [ view_filter ] --START--
INFO: Run ContentReplace Behavior [ RunTime:0.001324s ]
INFO: Run TokenBuild Behavior [ RunTime:0.000667s ]
INFO: Run WriteHtmlCache Behavior [ RunTime:0.000409s ]
INFO: Run ShowRuntime Behavior [ RunTime:0.000761s ]
INFO: [ view_filter ] --END-- [ RunTime:0.003576s ]
INFO: [ view_end ] --START--
INFO: Run ShowPageTrace Behavior [ RunTime:0.001141s ]
INFO: [ view_end ] --END-- [ RunTime:0.001252s ]

[ 2015-12-15T10:23:32+08:00 ] 127.0.0.1 /Jiuyework/hou.php/Index/ysession
INFO: [ route_check ] --START--
INFO: Run CheckRoute Behavior [ RunTime:0.005306s ]
INFO: [ route_check ] --END-- [ RunTime:0.005580s ]
INFO: [ app_begin ] --START--
INFO: Run ReadHtmlCache Behavior [ RunTime:0.002415s ]
INFO: [ app_begin ] --END-- [ RunTime:0.002626s ]

[ 2015-12-15T10:23:34+08:00 ] 127.0.0.1 /Jiuyework/hou.php/Student/update/id/2
INFO: [ route_check ] --START--
INFO: Run CheckRoute Behavior [ RunTime:0.001759s ]
INFO: [ route_check ] --END-- [ RunTime:0.001968s ]
INFO: [ app_begin ] --START--
INFO: Run ReadHtmlCache Behavior [ RunTime:0.001025s ]
INFO: [ app_begin ] --END-- [ RunTime:0.001179s ]
SQL: SHOW COLUMNS FROM `w_student` [ RunTime:0.003464s ]
SQL: SELECT * FROM `w_student` WHERE ( s_id=2 ) LIMIT 1   [ RunTime:0.000954s ]
SQL: SHOW COLUMNS FROM `w_class` [ RunTime:0.002530s ]
SQL: SELECT * FROM `w_class` WHERE ( 1=1 AND c_id='2' ) LIMIT 1   [ RunTime:0.001122s ]
SQL: SELECT * FROM `w_class`  [ RunTime:0.000371s ]
INFO: [ view_template ] --START--
INFO: Run LocationTemplate Behavior [ RunTime:0.001844s ]
INFO: [ view_template ] --END-- [ RunTime:0.002043s ]
INFO: [ view_parse ] --START--
INFO: Run ParseTemplate Behavior [ RunTime:0.125102s ]
INFO: [ view_parse ] --END-- [ RunTime:0.125518s ]
INFO: [ view_filter ] --START--
INFO: Run ContentReplace Behavior [ RunTime:0.001042s ]
INFO: Run TokenBuild Behavior [ RunTime:0.000975s ]
INFO: Run WriteHtmlCache Behavior [ RunTime:0.000639s ]
INFO: Run ShowRuntime Behavior [ RunTime:0.001390s ]
INFO: [ view_filter ] --END-- [ RunTime:0.004588s ]
INFO: [ view_end ] --START--
INFO: Run ShowPageTrace Behavior [ RunTime:0.001874s ]
INFO: [ view_end ] --END-- [ RunTime:0.002102s ]

[ 2015-12-15T10:23:42+08:00 ] 127.0.0.1 /Jiuyework/hou.php/Index/ysession
INFO: [ route_check ] --START--
INFO: Run CheckRoute Behavior [ RunTime:0.001632s ]
INFO: [ route_check ] --END-- [ RunTime:0.001840s ]
INFO: [ app_begin ] --START--
INFO: Run ReadHtmlCache Behavior [ RunTime:0.000943s ]
INFO: [ app_begin ] --END-- [ RunTime:0.001059s ]

[ 2015-12-15T10:23:42+08:00 ] 127.0.0.1 /Jiuyework/hou.php/Grade/nianji
INFO: [ route_check ] --START--
INFO: Run CheckRoute Behavior [ RunTime:0.002142s ]
INFO: [ route_check ] --END-- [ RunTime:0.002331s ]
INFO: [ app_begin ] --START--
INFO: Run ReadHtmlCache Behavior [ RunTime:0.002121s ]
INFO: [ app_begin ] --END-- [ RunTime:0.002271s ]
NOTIC: [2] Missing argument 4 for PublicAction::page(), called in D:\xampp\htdocs\Jiuyework\Work\Lib\Action\GradeAction.class.php on line 10 and defined D:\xampp\htdocs\Jiuyework\Work\Lib\Action\PublicAction.class.php 第 13 行.
SQL: SHOW COLUMNS FROM `w_grade` [ RunTime:0.007952s ]
SQL: SELECT COUNT(*) AS tp_count FROM `w_grade` LIMIT 1   [ RunTime:0.002601s ]
NOTIC: [8] Undefined variable: where D:\xampp\htdocs\Jiuyework\Work\Lib\Action\PublicAction.class.php 第 20 行.
SQL: SELECT * FROM `w_grade` WHERE ( 1 ) LIMIT 0,3   [ RunTime:0.002090s ]
INFO: [ view_template ] --START--
INFO: Run LocationTemplate Behavior [ RunTime:0.002429s ]
INFO: [ view_template ] --END-- [ RunTime:0.002666s ]
INFO: [ view_parse ] --START--
INFO: Run ParseTemplate Behavior [ RunTime:0.053568s ]
INFO: [ view_parse ] --END-- [ RunTime:0.053847s ]
INFO: [ view_filter ] --START--
INFO: Run ContentReplace Behavior [ RunTime:0.001177s ]
INFO: Run TokenBuild Behavior [ RunTime:0.001701s ]
INFO: Run WriteHtmlCache Behavior [ RunTime:0.001008s ]
INFO: Run ShowRuntime Behavior [ RunTime:0.001480s ]
INFO: [ view_filter ] --END-- [ RunTime:0.006030s ]
INFO: [ view_end ] --START--
INFO: Run ShowPageTrace Behavior [ RunTime:0.001709s ]
INFO: [ view_end ] --END-- [ RunTime:0.001890s ]

[ 2015-12-15T10:23:43+08:00 ] 127.0.0.1 /Jiuyework/hou.php/Index/ysession
INFO: [ route_check ] --START--
INFO: Run CheckRoute Behavior [ RunTime:0.002856s ]
INFO: [ route_check ] --END-- [ RunTime:0.003236s ]
INFO: [ app_begin ] --START--
INFO: Run ReadHtmlCache Behavior [ RunTime:0.000982s ]
INFO: [ app_begin ] --END-- [ RunTime:0.001152s ]

[ 2015-12-15T10:23:43+08:00 ] 127.0.0.1 /Jiuyework/hou.php/User/geren
INFO: [ route_check ] --START--
INFO: Run CheckRoute Behavior [ RunTime:0.001594s ]
INFO: [ route_check ] --END-- [ RunTime:0.001747s ]
INFO: [ app_begin ] --START--
INFO: Run ReadHtmlCache Behavior [ RunTime:0.000887s ]
INFO: [ app_begin ] --END-- [ RunTime:0.001029s ]
SQL: SHOW COLUMNS FROM `w_user` [ RunTime:0.044488s ]
NOTIC: [8] Undefined index:  uname D:\xampp\htdocs\Jiuyework\Work\Lib\Action\UserAction.class.php 第 16 行.
NOTIC: [8] Undefined variable: where D:\xampp\htdocs\Jiuyework\Work\Lib\Action\UserAction.class.php 第 23 行.
SQL: SHOW COLUMNS FROM `w_user` [ RunTime:0.002769s ]
SQL: SELECT COUNT(*) AS tp_count FROM `w_user` LIMIT 1   [ RunTime:0.000662s ]
SQL: SELECT * FROM `w_user` WHERE ( 1 ) LIMIT 0,3   [ RunTime:0.000614s ]
INFO: [ view_template ] --START--
INFO: Run LocationTemplate Behavior [ RunTime:0.001890s ]
INFO: [ view_template ] --END-- [ RunTime:0.002065s ]
INFO: [ view_parse ] --START--
INFO: Run ParseTemplate Behavior [ RunTime:0.045903s ]
INFO: [ view_parse ] --END-- [ RunTime:0.046052s ]
INFO: [ view_filter ] --START--
INFO: Run ContentReplace Behavior [ RunTime:0.000628s ]
INFO: Run TokenBuild Behavior [ RunTime:0.000588s ]
INFO: Run WriteHtmlCache Behavior [ RunTime:0.000500s ]
INFO: Run ShowRuntime Behavior [ RunTime:0.000847s ]
INFO: [ view_filter ] --END-- [ RunTime:0.002873s ]
INFO: [ view_end ] --START--
INFO: Run ShowPageTrace Behavior [ RunTime:0.001026s ]
INFO: [ view_end ] --END-- [ RunTime:0.001135s ]

[ 2015-12-15T10:23:46+08:00 ] 127.0.0.1 /Jiuyework/hou.php/Index/ysession
INFO: [ route_check ] --START--
INFO: Run CheckRoute Behavior [ RunTime:0.001483s ]
INFO: [ route_check ] --END-- [ RunTime:0.001648s ]
INFO: [ app_begin ] --START--
INFO: Run ReadHtmlCache Behavior [ RunTime:0.000898s ]
INFO: [ app_begin ] --END-- [ RunTime:0.001000s ]

[ 2015-12-15T10:23:46+08:00 ] 127.0.0.1 /Jiuyework/hou.php/Donate/juanzeng
INFO: [ route_check ] --START--
INFO: Run CheckRoute Behavior [ RunTime:0.001800s ]
INFO: [ route_check ] --END-- [ RunTime:0.002002s ]
INFO: [ app_begin ] --START--
INFO: Run ReadHtmlCache Behavior [ RunTime:0.000996s ]
INFO: [ app_begin ] --END-- [ RunTime:0.001121s ]
NOTIC: [2] Missing argument 4 for PublicAction::pages(), called in D:\xampp\htdocs\Jiuyework\Work\Lib\Action\DonateAction.class.php on line 28 and defined D:\xampp\htdocs\Jiuyework\Work\Lib\Action\PublicAction.class.php 第 44 行.
SQL: SHOW COLUMNS FROM `w_donate` [ RunTime:0.039341s ]
SQL: SELECT COUNT(*) AS tp_count FROM `w_donate` LIMIT 1   [ RunTime:0.001260s ]
NOTIC: [8] Undefined variable: where D:\xampp\htdocs\Jiuyework\Work\Lib\Action\PublicAction.class.php 第 51 行.
SQL: SELECT * FROM `w_donate` WHERE ( 1 ) LIMIT 0,3   [ RunTime:0.000984s ]
SQL: SHOW COLUMNS FROM `w_typedonate` [ RunTime:0.051027s ]
SQL: SELECT * FROM `w_typedonate` WHERE ( 1=1 AND t_id='1' ) LIMIT 1   [ RunTime:0.002424s ]
SQL: SELECT * FROM `w_typedonate` WHERE ( 1=1 AND t_id='3' ) LIMIT 1   [ RunTime:0.002511s ]
SQL: SELECT * FROM `w_typedonate` WHERE ( 1=1 AND t_id='1' ) LIMIT 1   [ RunTime:0.002146s ]
INFO: [ view_template ] --START--
INFO: Run LocationTemplate Behavior [ RunTime:0.002506s ]
INFO: [ view_template ] --END-- [ RunTime:0.002807s ]
INFO: [ view_parse ] --START--
INFO: Run ParseTemplate Behavior [ RunTime:0.054818s ]
INFO: [ view_parse ] --END-- [ RunTime:0.055086s ]
INFO: [ view_filter ] --START--
INFO: Run ContentReplace Behavior [ RunTime:0.001230s ]
INFO: Run TokenBuild Behavior [ RunTime:0.001017s ]
INFO: Run WriteHtmlCache Behavior [ RunTime:0.000661s ]
INFO: Run ShowRuntime Behavior [ RunTime:0.001299s ]
INFO: [ view_filter ] --END-- [ RunTime:0.004729s ]
INFO: [ view_end ] --START--
INFO: Run ShowPageTrace Behavior [ RunTime:0.001749s ]
INFO: [ view_end ] --END-- [ RunTime:0.001973s ]

[ 2015-12-15T10:23:48+08:00 ] 127.0.0.1 /Jiuyework/hou.php/Donate/update/id/1
INFO: [ route_check ] --START--
INFO: Run CheckRoute Behavior [ RunTime:0.001705s ]
INFO: [ route_check ] --END-- [ RunTime:0.001880s ]
INFO: [ app_begin ] --START--
INFO: Run ReadHtmlCache Behavior [ RunTime:0.000925s ]
INFO: [ app_begin ] --END-- [ RunTime:0.001048s ]
SQL: SHOW COLUMNS FROM `w_donate` [ RunTime:0.003243s ]
SQL: SHOW COLUMNS FROM `w_donate` [ RunTime:0.003205s ]
SQL: SELECT * FROM `w_donate` WHERE ( d_id=1 ) LIMIT 1   [ RunTime:0.000788s ]
SQL: SHOW COLUMNS FROM `w_typedonate` [ RunTime:0.002654s ]
SQL: SELECT * FROM `w_typedonate` WHERE ( 1=1 AND t_id='1' ) LIMIT 1   [ RunTime:0.000802s ]
SQL: SHOW COLUMNS FROM `w_typedonate` [ RunTime:0.002917s ]
SQL: SELECT * FROM `w_typedonate`  [ RunTime:0.000916s ]
INFO: [ view_template ] --START--
INFO: Run LocationTemplate Behavior [ RunTime:0.001615s ]
INFO: [ view_template ] --END-- [ RunTime:0.001741s ]
INFO: [ view_parse ] --START--
INFO: Run ParseTemplate Behavior [ RunTime:0.017265s ]
INFO: [ view_parse ] --END-- [ RunTime:0.017523s ]
INFO: [ view_filter ] --START--
INFO: Run ContentReplace Behavior [ RunTime:0.000571s ]
INFO: Run TokenBuild Behavior [ RunTime:0.000557s ]
INFO: Run WriteHtmlCache Behavior [ RunTime:0.000368s ]
INFO: Run ShowRuntime Behavior [ RunTime:0.000716s ]
INFO: [ view_filter ] --END-- [ RunTime:0.002494s ]
INFO: [ view_end ] --START--
INFO: Run ShowPageTrace Behavior [ RunTime:0.000966s ]
INFO: [ view_end ] --END-- [ RunTime:0.001068s ]

[ 2015-12-15T10:24:41+08:00 ] 127.0.0.1 /Jiuyework/hou.php/Index/ysession
INFO: [ route_check ] --START--
INFO: Run CheckRoute Behavior [ RunTime:0.001773s ]
INFO: [ route_check ] --END-- [ RunTime:0.002017s ]
INFO: [ app_begin ] --START--
INFO: Run ReadHtmlCache Behavior [ RunTime:0.001033s ]
INFO: [ app_begin ] --END-- [ RunTime:0.001167s ]

[ 2015-12-15T10:24:41+08:00 ] 127.0.0.1 /Jiuyework/hou.php/Class/banji
INFO: [ route_check ] --START--
INFO: Run CheckRoute Behavior [ RunTime:0.002839s ]
INFO: [ route_check ] --END-- [ RunTime:0.003018s ]
INFO: [ app_begin ] --START--
INFO: Run ReadHtmlCache Behavior [ RunTime:0.001580s ]
INFO: [ app_begin ] --END-- [ RunTime:0.001737s ]
NOTIC: [2] Missing argument 4 for PublicAction::page(), called in D:\xampp\htdocs\Jiuyework\Work\Lib\Action\ClassAction.class.php on line 10 and defined D:\xampp\htdocs\Jiuyework\Work\Lib\Action\PublicAction.class.php 第 13 行.
SQL: SHOW COLUMNS FROM `w_class` [ RunTime:0.003036s ]
SQL: SELECT COUNT(*) AS tp_count FROM `w_class` LIMIT 1   [ RunTime:0.000629s ]
NOTIC: [8] Undefined variable: where D:\xampp\htdocs\Jiuyework\Work\Lib\Action\PublicAction.class.php 第 20 行.
SQL: SELECT * FROM `w_class` WHERE ( 1 ) LIMIT 0,3   [ RunTime:0.000644s ]
INFO: [ view_template ] --START--
INFO: Run LocationTemplate Behavior [ RunTime:0.001931s ]
INFO: [ view_template ] --END-- [ RunTime:0.002085s ]
INFO: [ view_parse ] --START--
INFO: Run ParseTemplate Behavior [ RunTime:0.022959s ]
INFO: [ view_parse ] --END-- [ RunTime:0.023159s ]
INFO: [ view_filter ] --START--
INFO: Run ContentReplace Behavior [ RunTime:0.001395s ]
INFO: Run TokenBuild Behavior [ RunTime:0.001183s ]
INFO: Run WriteHtmlCache Behavior [ RunTime:0.000977s ]
INFO: Run ShowRuntime Behavior [ RunTime:0.001375s ]
INFO: [ view_filter ] --END-- [ RunTime:0.005296s ]
INFO: [ view_end ] --START--
INFO: Run ShowPageTrace Behavior [ RunTime:0.001707s ]
INFO: [ view_end ] --END-- [ RunTime:0.001841s ]

[ 2015-12-15T10:24:42+08:00 ] 127.0.0.1 /Jiuyework/hou.php/Index/ysession
INFO: [ route_check ] --START--
INFO: Run CheckRoute Behavior [ RunTime:0.002968s ]
INFO: [ route_check ] --END-- [ RunTime:0.003283s ]
INFO: [ app_begin ] --START--
INFO: Run ReadHtmlCache Behavior [ RunTime:0.001472s ]
INFO: [ app_begin ] --END-- [ RunTime:0.001655s ]

[ 2015-12-15T10:24:42+08:00 ] 127.0.0.1 /Jiuyework/hou.php/Grade/nianji
INFO: [ route_check ] --START--
INFO: Run CheckRoute Behavior [ RunTime:0.001712s ]
INFO: [ route_check ] --END-- [ RunTime:0.001898s ]
INFO: [ app_begin ] --START--
INFO: Run ReadHtmlCache Behavior [ RunTime:0.000980s ]
INFO: [ app_begin ] --END-- [ RunTime:0.001107s ]
NOTIC: [2] Missing argument 4 for PublicAction::page(), called in D:\xampp\htdocs\Jiuyework\Work\Lib\Action\GradeAction.class.php on line 10 and defined D:\xampp\htdocs\Jiuyework\Work\Lib\Action\PublicAction.class.php 第 13 行.
SQL: SHOW COLUMNS FROM `w_grade` [ RunTime:0.006980s ]
SQL: SELECT COUNT(*) AS tp_count FROM `w_grade` LIMIT 1   [ RunTime:0.000748s ]
NOTIC: [8] Undefined variable: where D:\xampp\htdocs\Jiuyework\Work\Lib\Action\PublicAction.class.php 第 20 行.
SQL: SELECT * FROM `w_grade` WHERE ( 1 ) LIMIT 0,3   [ RunTime:0.000611s ]
INFO: [ view_template ] --START--
INFO: Run LocationTemplate Behavior [ RunTime:0.001564s ]
INFO: [ view_template ] --END-- [ RunTime:0.001709s ]
INFO: [ view_parse ] --START--
INFO: Run ParseTemplate Behavior [ RunTime:0.022694s ]
INFO: [ view_parse ] --END-- [ RunTime:0.022918s ]
INFO: [ view_filter ] --START--
INFO: Run ContentReplace Behavior [ RunTime:0.000833s ]
INFO: Run TokenBuild Behavior [ RunTime:0.000576s ]
INFO: Run WriteHtmlCache Behavior [ RunTime:0.000374s ]
INFO: Run ShowRuntime Behavior [ RunTime:0.000740s ]
INFO: [ view_filter ] --END-- [ RunTime:0.002849s ]
INFO: [ view_end ] --START--
INFO: Run ShowPageTrace Behavior [ RunTime:0.001073s ]
INFO: [ view_end ] --END-- [ RunTime:0.001206s ]

[ 2015-12-15T10:24:42+08:00 ] 127.0.0.1 /Jiuyework/hou.php/Index/ysession
INFO: [ route_check ] --START--
INFO: Run CheckRoute Behavior [ RunTime:0.001540s ]
INFO: [ route_check ] --END-- [ RunTime:0.001699s ]
INFO: [ app_begin ] --START--
INFO: Run ReadHtmlCache Behavior [ RunTime:0.002464s ]
INFO: [ app_begin ] --END-- [ RunTime:0.002866s ]

[ 2015-12-15T10:24:43+08:00 ] 127.0.0.1 /Jiuyework/hou.php/Member/huiyuan
INFO: [ route_check ] --START--
INFO: Run CheckRoute Behavior [ RunTime:0.001800s ]
INFO: [ route_check ] --END-- [ RunTime:0.001972s ]
INFO: [ app_begin ] --START--
INFO: Run ReadHtmlCache Behavior [ RunTime:0.000926s ]
INFO: [ app_begin ] --END-- [ RunTime:0.001041s ]
NOTIC: [8] Undefined index:  mname D:\xampp\htdocs\Jiuyework\Work\Lib\Action\MemberAction.class.php 第 11 行.
NOTIC: [8] Undefined variable: where D:\xampp\htdocs\Jiuyework\Work\Lib\Action\MemberAction.class.php 第 16 行.
SQL: SHOW COLUMNS FROM `w_member` [ RunTime:0.049258s ]
SQL: SELECT COUNT(*) AS tp_count FROM `w_member` LIMIT 1   [ RunTime:0.003130s ]
SQL: SELECT * FROM `w_member` WHERE ( 1 ) LIMIT 0,3   [ RunTime:0.002099s ]
SQL: SHOW COLUMNS FROM `w_membertype` [ RunTime:0.061311s ]
SQL: SELECT * FROM `w_membertype` WHERE ( 1=1 AND mt_id='5' ) LIMIT 1   [ RunTime:0.001983s ]
SQL: SELECT * FROM `w_membertype` WHERE ( 1=1 AND mt_id='1' ) LIMIT 1   [ RunTime:0.001838s ]
SQL: SELECT * FROM `w_membertype` WHERE ( 1=1 AND mt_id='5' ) LIMIT 1   [ RunTime:0.001818s ]
INFO: [ view_template ] --START--
INFO: Run LocationTemplate Behavior [ RunTime:0.003025s ]
INFO: [ view_template ] --END-- [ RunTime:0.003274s ]
INFO: [ view_parse ] --START--
INFO: Run ParseTemplate Behavior [ RunTime:0.062202s ]
INFO: [ view_parse ] --END-- [ RunTime:0.062681s ]
INFO: [ view_filter ] --START--
INFO: Run ContentReplace Behavior [ RunTime:0.001336s ]
INFO: Run TokenBuild Behavior [ RunTime:0.001085s ]
INFO: Run WriteHtmlCache Behavior [ RunTime:0.000735s ]
INFO: Run ShowRuntime Behavior [ RunTime:0.001923s ]
INFO: [ view_filter ] --END-- [ RunTime:0.005879s ]
INFO: [ view_end ] --START--
INFO: Run ShowPageTrace Behavior [ RunTime:0.001873s ]
INFO: [ view_end ] --END-- [ RunTime:0.002091s ]

[ 2015-12-15T10:25:08+08:00 ] 127.0.0.1 /Jiuyework/hou.php/Index/ysession
INFO: [ route_check ] --START--
INFO: Run CheckRoute Behavior [ RunTime:0.004490s ]
INFO: [ route_check ] --END-- [ RunTime:0.004769s ]
INFO: [ app_begin ] --START--
INFO: Run ReadHtmlCache Behavior [ RunTime:0.002666s ]
INFO: [ app_begin ] --END-- [ RunTime:0.002906s ]

[ 2015-12-15T10:25:08+08:00 ] 127.0.0.1 /Jiuyework/hou.php/Student/xuesheng
INFO: [ route_check ] --START--
INFO: Run CheckRoute Behavior [ RunTime:0.001880s ]
INFO: [ route_check ] --END-- [ RunTime:0.002053s ]
INFO: [ app_begin ] --START--
INFO: Run ReadHtmlCache Behavior [ RunTime:0.001388s ]
INFO: [ app_begin ] --END-- [ RunTime:0.001544s ]
NOTIC: [2] Missing argument 4 for PublicAction::pages(), called in D:\xampp\htdocs\Jiuyework\Work\Lib\Action\StudentAction.class.php on line 26 and defined D:\xampp\htdocs\Jiuyework\Work\Lib\Action\PublicAction.class.php 第 44 行.
SQL: SHOW COLUMNS FROM `w_student` [ RunTime:0.003207s ]
SQL: SELECT COUNT(*) AS tp_count FROM `w_student` LIMIT 1   [ RunTime:0.000682s ]
NOTIC: [8] Undefined variable: where D:\xampp\htdocs\Jiuyework\Work\Lib\Action\PublicAction.class.php 第 51 行.
SQL: SELECT * FROM `w_student` WHERE ( 1 ) LIMIT 0,3   [ RunTime:0.000626s ]
SQL: SHOW COLUMNS FROM `w_class` [ RunTime:0.003335s ]
SQL: SELECT * FROM `w_class` WHERE ( 1=1 AND c_id='5' ) LIMIT 1   [ RunTime:0.000941s ]
SQL: SELECT * FROM `w_class` WHERE ( 1=1 AND c_id='2' ) LIMIT 1   [ RunTime:0.000617s ]
SQL: SELECT * FROM `w_class` WHERE ( 1=1 AND c_id='2' ) LIMIT 1   [ RunTime:0.000609s ]
SQL: SHOW COLUMNS FROM `w_grade` [ RunTime:0.002638s ]
SQL: SELECT * FROM `w_grade`  [ RunTime:0.000819s ]
INFO: [ view_template ] --START--
INFO: Run LocationTemplate Behavior [ RunTime:0.000693s ]
INFO: [ view_template ] --END-- [ RunTime:0.000805s ]
INFO: [ view_parse ] --START--
INFO: Run ParseTemplate Behavior [ RunTime:0.022055s ]
INFO: [ view_parse ] --END-- [ RunTime:0.022242s ]
INFO: [ view_filter ] --START--
INFO: Run ContentReplace Behavior [ RunTime:0.000896s ]
INFO: Run TokenBuild Behavior [ RunTime:0.000600s ]
INFO: Run WriteHtmlCache Behavior [ RunTime:0.000382s ]
INFO: Run ShowRuntime Behavior [ RunTime:0.000703s ]
INFO: [ view_filter ] --END-- [ RunTime:0.002901s ]
INFO: [ view_end ] --START--
INFO: Run ShowPageTrace Behavior [ RunTime:0.001063s ]
INFO: [ view_end ] --END-- [ RunTime:0.001167s ]

[ 2015-12-15T10:25:13+08:00 ] 127.0.0.1 /Jiuyework/hou.php/Index/ysession
INFO: [ route_check ] --START--
INFO: Run CheckRoute Behavior [ RunTime:0.002696s ]
INFO: [ route_check ] --END-- [ RunTime:0.002928s ]
INFO: [ app_begin ] --START--
INFO: Run ReadHtmlCache Behavior [ RunTime:0.001837s ]
INFO: [ app_begin ] --END-- [ RunTime:0.002168s ]

[ 2015-12-15T10:25:14+08:00 ] 127.0.0.1 /Jiuyework/hou.php/Donate/juanzeng
INFO: [ route_check ] --START--
INFO: Run CheckRoute Behavior [ RunTime:0.002987s ]
INFO: [ route_check ] --END-- [ RunTime:0.003203s ]
INFO: [ app_begin ] --START--
INFO: Run ReadHtmlCache Behavior [ RunTime:0.000997s ]
INFO: [ app_begin ] --END-- [ RunTime:0.001128s ]
NOTIC: [2] Missing argument 4 for PublicAction::pages(), called in D:\xampp\htdocs\Jiuyework\Work\Lib\Action\DonateAction.class.php on line 28 and defined D:\xampp\htdocs\Jiuyework\Work\Lib\Action\PublicAction.class.php 第 44 行.
SQL: SHOW COLUMNS FROM `w_donate` [ RunTime:0.003759s ]
SQL: SELECT COUNT(*) AS tp_count FROM `w_donate` LIMIT 1   [ RunTime:0.001477s ]
NOTIC: [8] Undefined variable: where D:\xampp\htdocs\Jiuyework\Work\Lib\Action\PublicAction.class.php 第 51 行.
SQL: SELECT * FROM `w_donate` WHERE ( 1 ) LIMIT 0,3   [ RunTime:0.001313s ]
SQL: SHOW COLUMNS FROM `w_typedonate` [ RunTime:0.003181s ]
SQL: SELECT * FROM `w_typedonate` WHERE ( 1=1 AND t_id='1' ) LIMIT 1   [ RunTime:0.001150s ]
SQL: SELECT * FROM `w_typedonate` WHERE ( 1=1 AND t_id='3' ) LIMIT 1   [ RunTime:0.001368s ]
SQL: SELECT * FROM `w_typedonate` WHERE ( 1=1 AND t_id='1' ) LIMIT 1   [ RunTime:0.001110s ]
INFO: [ view_template ] --START--
INFO: Run LocationTemplate Behavior [ RunTime:0.001927s ]
INFO: [ view_template ] --END-- [ RunTime:0.002045s ]
INFO: [ view_parse ] --START--
INFO: Run ParseTemplate Behavior [ RunTime:0.021488s ]
INFO: [ view_parse ] --END-- [ RunTime:0.021629s ]
INFO: [ view_filter ] --START--
INFO: Run ContentReplace Behavior [ RunTime:0.001266s ]
INFO: Run TokenBuild Behavior [ RunTime:0.001174s ]
INFO: Run WriteHtmlCache Behavior [ RunTime:0.000982s ]
INFO: Run ShowRuntime Behavior [ RunTime:0.001330s ]
INFO: [ view_filter ] --END-- [ RunTime:0.005070s ]
INFO: [ view_end ] --START--
INFO: Run ShowPageTrace Behavior [ RunTime:0.002228s ]
INFO: [ view_end ] --END-- [ RunTime:0.002376s ]

[ 2015-12-15T10:25:15+08:00 ] 127.0.0.1 /Jiuyework/hou.php/Index/ysession
INFO: [ route_check ] --START--
INFO: Run CheckRoute Behavior [ RunTime:0.001830s ]
INFO: [ route_check ] --END-- [ RunTime:0.002057s ]
INFO: [ app_begin ] --START--
INFO: Run ReadHtmlCache Behavior [ RunTime:0.000997s ]
INFO: [ app_begin ] --END-- [ RunTime:0.001134s ]

[ 2015-12-15T10:25:15+08:00 ] 127.0.0.1 /Jiuyework/hou.php/Invite/zhaopin
INFO: [ route_check ] --START--
INFO: Run CheckRoute Behavior [ RunTime:0.001576s ]
INFO: [ route_check ] --END-- [ RunTime:0.001764s ]
INFO: [ app_begin ] --START--
INFO: Run ReadHtmlCache Behavior [ RunTime:0.000993s ]
INFO: [ app_begin ] --END-- [ RunTime:0.001134s ]
SQL: SHOW COLUMNS FROM `w_invite` [ RunTime:0.045737s ]
NOTIC: [8] Undefined index:  iname D:\xampp\htdocs\Jiuyework\Work\Lib\Action\InviteAction.class.php 第 11 行.
NOTIC: [8] Undefined index:  rname D:\xampp\htdocs\Jiuyework\Work\Lib\Action\InviteAction.class.php 第 15 行.
NOTIC: [8] Undefined index:  num D:\xampp\htdocs\Jiuyework\Work\Lib\Action\InviteAction.class.php 第 19 行.
NOTIC: [8] Undefined variable: where D:\xampp\htdocs\Jiuyework\Work\Lib\Action\InviteAction.class.php 第 26 行.
SQL: SHOW COLUMNS FROM `w_invite` [ RunTime:0.005610s ]
SQL: SELECT COUNT(*) AS tp_count FROM `w_invite` LIMIT 1   [ RunTime:0.002098s ]
SQL: SELECT * FROM `w_invite` WHERE ( 1 ) LIMIT 0,3   [ RunTime:0.002035s ]
SQL: SELECT * FROM `w_invite` ORDER BY i_name desc  [ RunTime:0.002383s ]
SQL: SELECT * FROM `w_invite` GROUP BY i_reward  [ RunTime:0.002120s ]
SQL: SELECT * FROM `w_invite` GROUP BY i_num  [ RunTime:0.001816s ]
INFO: [ view_template ] --START--
INFO: Run LocationTemplate Behavior [ RunTime:0.002696s ]
INFO: [ view_template ] --END-- [ RunTime:0.002989s ]
INFO: [ view_parse ] --START--
INFO: Run ParseTemplate Behavior [ RunTime:0.072843s ]
INFO: [ view_parse ] --END-- [ RunTime:0.073082s ]
INFO: [ view_filter ] --START--
INFO: Run ContentReplace Behavior [ RunTime:0.001172s ]
INFO: Run TokenBuild Behavior [ RunTime:0.001019s ]
INFO: Run WriteHtmlCache Behavior [ RunTime:0.000738s ]
INFO: Run ShowRuntime Behavior [ RunTime:0.001234s ]
INFO: [ view_filter ] --END-- [ RunTime:0.004694s ]
INFO: [ view_end ] --START--
INFO: Run ShowPageTrace Behavior [ RunTime:0.002058s ]
INFO: [ view_end ] --END-- [ RunTime:0.002269s ]

[ 2015-12-15T10:25:18+08:00 ] 127.0.0.1 /Jiuyework/hou.php/Invite/see/id/2
INFO: [ route_check ] --START--
INFO: Run CheckRoute Behavior [ RunTime:0.001778s ]
INFO: [ route_check ] --END-- [ RunTime:0.002003s ]
INFO: [ app_begin ] --START--
INFO: Run ReadHtmlCache Behavior [ RunTime:0.001047s ]
INFO: [ app_begin ] --END-- [ RunTime:0.001215s ]
NOTIC: [8] Undefined index:  sub D:\xampp\htdocs\Jiuyework\Work\Lib\Action\InviteAction.class.php 第 45 行.
SQL: SHOW COLUMNS FROM `w_invite` [ RunTime:0.003414s ]
SQL: SELECT * FROM `w_invite` WHERE ( i_id=2 ) LIMIT 1   [ RunTime:0.000866s ]
INFO: [ view_template ] --START--
INFO: Run LocationTemplate Behavior [ RunTime:0.001682s ]
INFO: [ view_template ] --END-- [ RunTime:0.001824s ]
INFO: [ view_parse ] --START--
INFO: Run ParseTemplate Behavior [ RunTime:0.147444s ]
INFO: [ view_parse ] --END-- [ RunTime:0.147721s ]
INFO: [ view_filter ] --START--
INFO: Run ContentReplace Behavior [ RunTime:0.001184s ]
INFO: Run TokenBuild Behavior [ RunTime:0.001107s ]
INFO: Run WriteHtmlCache Behavior [ RunTime:0.000694s ]
INFO: Run ShowRuntime Behavior [ RunTime:0.001611s ]
INFO: [ view_filter ] --END-- [ RunTime:0.005327s ]
INFO: [ view_end ] --START--
INFO: Run ShowPageTrace Behavior [ RunTime:0.001867s ]
INFO: [ view_end ] --END-- [ RunTime:0.002062s ]

[ 2015-12-15T10:25:23+08:00 ] 127.0.0.1 /Jiuyework/hou.php/Index/ysession
INFO: [ route_check ] --START--
INFO: Run CheckRoute Behavior [ RunTime:0.001459s ]
INFO: [ route_check ] --END-- [ RunTime:0.001609s ]
INFO: [ app_begin ] --START--
INFO: Run ReadHtmlCache Behavior [ RunTime:0.000886s ]
INFO: [ app_begin ] --END-- [ RunTime:0.001001s ]

[ 2015-12-15T10:25:23+08:00 ] 127.0.0.1 /Jiuyework/hou.php/Invite/zhaopin
INFO: [ route_check ] --START--
INFO: Run CheckRoute Behavior [ RunTime:0.001769s ]
INFO: [ route_check ] --END-- [ RunTime:0.001957s ]
INFO: [ app_begin ] --START--
INFO: Run ReadHtmlCache Behavior [ RunTime:0.000996s ]
INFO: [ app_begin ] --END-- [ RunTime:0.001137s ]
SQL: SHOW COLUMNS FROM `w_invite` [ RunTime:0.002762s ]
NOTIC: [8] Undefined index:  iname D:\xampp\htdocs\Jiuyework\Work\Lib\Action\InviteAction.class.php 第 11 行.
NOTIC: [8] Undefined index:  rname D:\xampp\htdocs\Jiuyework\Work\Lib\Action\InviteAction.class.php 第 15 行.
NOTIC: [8] Undefined index:  num D:\xampp\htdocs\Jiuyework\Work\Lib\Action\InviteAction.class.php 第 19 行.
NOTIC: [8] Undefined variable: where D:\xampp\htdocs\Jiuyework\Work\Lib\Action\InviteAction.class.php 第 26 行.
SQL: SHOW COLUMNS FROM `w_invite` [ RunTime:0.004122s ]
SQL: SELECT COUNT(*) AS tp_count FROM `w_invite` LIMIT 1   [ RunTime:0.000562s ]
SQL: SELECT * FROM `w_invite` WHERE ( 1 ) LIMIT 0,3   [ RunTime:0.000538s ]
SQL: SELECT * FROM `w_invite` ORDER BY i_name desc  [ RunTime:0.000885s ]
SQL: SELECT * FROM `w_invite` GROUP BY i_reward  [ RunTime:0.000657s ]
SQL: SELECT * FROM `w_invite` GROUP BY i_num  [ RunTime:0.000381s ]
INFO: [ view_template ] --START--
INFO: Run LocationTemplate Behavior [ RunTime:0.001596s ]
INFO: [ view_template ] --END-- [ RunTime:0.001733s ]
INFO: [ view_parse ] --START--
INFO: Run ParseTemplate Behavior [ RunTime:0.024873s ]
INFO: [ view_parse ] --END-- [ RunTime:0.025015s ]
INFO: [ view_filter ] --START--
INFO: Run ContentReplace Behavior [ RunTime:0.000671s ]
INFO: Run TokenBuild Behavior [ RunTime:0.000600s ]
INFO: Run WriteHtmlCache Behavior [ RunTime:0.000376s ]
INFO: Run ShowRuntime Behavior [ RunTime:0.000702s ]
INFO: [ view_filter ] --END-- [ RunTime:0.002636s ]
INFO: [ view_end ] --START--
INFO: Run ShowPageTrace Behavior [ RunTime:0.000996s ]
INFO: [ view_end ] --END-- [ RunTime:0.001100s ]

