[ 2015-10-21T07:41:18+08:00 ] 127.0.0.1 /jiuye/index.php/Index/login
INFO: [ route_check ] --START--
INFO: Run CheckRoute Behavior [ RunTime:0.019655s ]
INFO: [ route_check ] --END-- [ RunTime:0.019987s ]
INFO: [ app_begin ] --START--
INFO: Run ReadHtmlCache Behavior [ RunTime:0.038552s ]
INFO: [ app_begin ] --END-- [ RunTime:0.038860s ]
INFO: [ view_template ] --START--
INFO: Run LocationTemplate Behavior [ RunTime:0.023908s ]
INFO: [ view_template ] --END-- [ RunTime:0.024153s ]
INFO: [ view_parse ] --START--
INFO: Run ParseTemplate Behavior [ RunTime:0.117172s ]
INFO: [ view_parse ] --END-- [ RunTime:0.117522s ]
INFO: [ view_filter ] --START--
INFO: Run ContentReplace Behavior [ RunTime:0.016156s ]
INFO: Run TokenBuild Behavior [ RunTime:0.027452s ]
INFO: Run WriteHtmlCache Behavior [ RunTime:0.005797s ]
INFO: Run ShowRuntime Behavior [ RunTime:0.011452s ]
INFO: [ view_filter ] --END-- [ RunTime:0.061688s ]
INFO: [ view_end ] --START--
INFO: Run ShowPageTrace Behavior [ RunTime:0.017294s ]
INFO: [ view_end ] --END-- [ RunTime:0.017714s ]

[ 2015-10-21T07:41:30+08:00 ] 127.0.0.1 /jiuye/index.php/Index/login
INFO: [ route_check ] --START--
INFO: Run CheckRoute Behavior [ RunTime:0.005394s ]
INFO: [ route_check ] --END-- [ RunTime:0.005698s ]
INFO: [ app_begin ] --START--
INFO: Run ReadHtmlCache Behavior [ RunTime:0.003950s ]
INFO: [ app_begin ] --END-- [ RunTime:0.004280s ]
SQL: SHOW COLUMNS FROM `w_manage` [ RunTime:0.028155s ]
SQL: SELECT * FROM `w_manage` WHERE ( m_name='g18953827837' && m_pwd=123 )  [ RunTime:0.001292s ]
INFO: [ view_template ] --START--
INFO: Run LocationTemplate Behavior [ RunTime:0.016214s ]
INFO: [ view_template ] --END-- [ RunTime:0.016511s ]
INFO: [ view_parse ] --START--
INFO: Run ParseTemplate Behavior [ RunTime:0.048847s ]
INFO: [ view_parse ] --END-- [ RunTime:0.049178s ]
INFO: [ view_filter ] --START--
INFO: Run ContentReplace Behavior [ RunTime:0.003545s ]
INFO: Run TokenBuild Behavior [ RunTime:0.003423s ]
INFO: Run WriteHtmlCache Behavior [ RunTime:0.003053s ]
INFO: Run ShowRuntime Behavior [ RunTime:0.004957s ]
INFO: [ view_filter ] --END-- [ RunTime:0.015685s ]
INFO: [ view_end ] --START--
INFO: Run ShowPageTrace Behavior [ RunTime:0.004637s ]
INFO: [ view_end ] --END-- [ RunTime:0.004879s ]

[ 2015-10-21T07:41:31+08:00 ] 127.0.0.1 /jiuye/index.php/Index/shouye
INFO: [ route_check ] --START--
INFO: Run CheckRoute Behavior [ RunTime:0.005787s ]
INFO: [ route_check ] --END-- [ RunTime:0.006183s ]
INFO: [ app_begin ] --START--
INFO: Run ReadHtmlCache Behavior [ RunTime:0.004985s ]
INFO: [ app_begin ] --END-- [ RunTime:0.005304s ]
INFO: [ view_template ] --START--
INFO: Run LocationTemplate Behavior [ RunTime:0.007298s ]
INFO: [ view_template ] --END-- [ RunTime:0.007646s ]
INFO: [ view_parse ] --START--
INFO: Run ParseTemplate Behavior [ RunTime:0.061600s ]
INFO: [ view_parse ] --END-- [ RunTime:0.061940s ]
INFO: [ view_filter ] --START--
INFO: Run ContentReplace Behavior [ RunTime:0.003561s ]
INFO: Run TokenBuild Behavior [ RunTime:0.003333s ]
INFO: Run WriteHtmlCache Behavior [ RunTime:0.003044s ]
INFO: Run ShowRuntime Behavior [ RunTime:0.003790s ]
INFO: [ view_filter ] --END-- [ RunTime:0.014341s ]
INFO: [ view_end ] --START--
INFO: Run ShowPageTrace Behavior [ RunTime:0.004302s ]
INFO: [ view_end ] --END-- [ RunTime:0.004526s ]

[ 2015-10-21T07:41:32+08:00 ] 127.0.0.1 /jiuye/index.php/Index/top.html
INFO: [ route_check ] --START--
INFO: Run CheckRoute Behavior [ RunTime:0.008083s ]
INFO: [ route_check ] --END-- [ RunTime:0.008581s ]
INFO: [ app_begin ] --START--
INFO: Run ReadHtmlCache Behavior [ RunTime:0.007065s ]
INFO: [ app_begin ] --END-- [ RunTime:0.008577s ]
INFO: [ view_template ] --START--
INFO: Run LocationTemplate Behavior [ RunTime:0.007818s ]
INFO: [ view_template ] --END-- [ RunTime:0.008211s ]
INFO: [ view_parse ] --START--
INFO: Run ParseTemplate Behavior [ RunTime:0.056955s ]
INFO: [ view_parse ] --END-- [ RunTime:0.057265s ]
INFO: [ view_filter ] --START--
INFO: Run ContentReplace Behavior [ RunTime:0.003608s ]
INFO: Run TokenBuild Behavior [ RunTime:0.003904s ]
INFO: Run WriteHtmlCache Behavior [ RunTime:0.002899s ]
INFO: Run ShowRuntime Behavior [ RunTime:0.004740s ]
INFO: [ view_filter ] --END-- [ RunTime:0.015857s ]
INFO: [ view_end ] --START--
INFO: Run ShowPageTrace Behavior [ RunTime:0.005225s ]
INFO: [ view_end ] --END-- [ RunTime:0.005545s ]

[ 2015-10-21T07:41:32+08:00 ] 127.0.0.1 /jiuye/index.php/Index/left.html
INFO: [ route_check ] --START--
INFO: Run CheckRoute Behavior [ RunTime:0.008136s ]
INFO: [ route_check ] --END-- [ RunTime:0.008673s ]
INFO: [ app_begin ] --START--
INFO: Run ReadHtmlCache Behavior [ RunTime:0.004796s ]
INFO: [ app_begin ] --END-- [ RunTime:0.005138s ]
INFO: [ view_template ] --START--
INFO: Run LocationTemplate Behavior [ RunTime:0.002933s ]
INFO: [ view_template ] --END-- [ RunTime:0.003909s ]
INFO: [ view_parse ] --START--
INFO: Run ParseTemplate Behavior [ RunTime:0.095039s ]
INFO: [ view_parse ] --END-- [ RunTime:0.095559s ]
INFO: [ view_filter ] --START--
INFO: Run ContentReplace Behavior [ RunTime:0.003660s ]
INFO: Run TokenBuild Behavior [ RunTime:0.003681s ]
INFO: Run WriteHtmlCache Behavior [ RunTime:0.003593s ]
INFO: Run ShowRuntime Behavior [ RunTime:0.003752s ]
INFO: [ view_filter ] --END-- [ RunTime:0.015768s ]
INFO: [ view_end ] --START--
INFO: Run ShowPageTrace Behavior [ RunTime:0.003649s ]
INFO: [ view_end ] --END-- [ RunTime:0.003940s ]

[ 2015-10-21T07:41:32+08:00 ] 127.0.0.1 /jiuye/index.php/Index/index.html
INFO: [ route_check ] --START--
INFO: Run CheckRoute Behavior [ RunTime:0.005853s ]
INFO: [ route_check ] --END-- [ RunTime:0.006190s ]
INFO: [ app_begin ] --START--
INFO: Run ReadHtmlCache Behavior [ RunTime:0.004712s ]
INFO: [ app_begin ] --END-- [ RunTime:0.005047s ]
INFO: [ view_template ] --START--
INFO: Run LocationTemplate Behavior [ RunTime:0.002856s ]
INFO: [ view_template ] --END-- [ RunTime:0.003161s ]
INFO: [ view_parse ] --START--
INFO: Run ParseTemplate Behavior [ RunTime:0.061311s ]
INFO: [ view_parse ] --END-- [ RunTime:0.061674s ]
INFO: [ view_filter ] --START--
INFO: Run ContentReplace Behavior [ RunTime:0.002794s ]
INFO: Run TokenBuild Behavior [ RunTime:0.003186s ]
INFO: Run WriteHtmlCache Behavior [ RunTime:0.003530s ]
INFO: Run ShowRuntime Behavior [ RunTime:0.002763s ]
INFO: [ view_filter ] --END-- [ RunTime:0.013168s ]
INFO: [ view_end ] --START--
INFO: Run ShowPageTrace Behavior [ RunTime:0.003656s ]
INFO: [ view_end ] --END-- [ RunTime:0.003922s ]

[ 2015-10-21T08:19:09+08:00 ] 127.0.0.1 /Jiuye/
INFO: [ app_begin ] --START--
INFO: Run ReadHtmlCache Behavior [ RunTime:0.004237s ]
INFO: [ app_begin ] --END-- [ RunTime:0.004686s ]
INFO: [ view_template ] --START--
INFO: Run LocationTemplate Behavior [ RunTime:0.004809s ]
INFO: [ view_template ] --END-- [ RunTime:0.005076s ]
INFO: [ view_parse ] --START--
INFO: Run ParseTemplate Behavior [ RunTime:0.039759s ]
INFO: [ view_parse ] --END-- [ RunTime:0.040036s ]
INFO: [ view_filter ] --START--
INFO: Run ContentReplace Behavior [ RunTime:0.003515s ]
INFO: Run TokenBuild Behavior [ RunTime:0.003568s ]
INFO: Run WriteHtmlCache Behavior [ RunTime:0.003538s ]
INFO: Run ShowRuntime Behavior [ RunTime:0.004591s ]
INFO: [ view_filter ] --END-- [ RunTime:0.015937s ]
INFO: [ view_end ] --START--
INFO: Run ShowPageTrace Behavior [ RunTime:0.004131s ]
INFO: [ view_end ] --END-- [ RunTime:0.004331s ]

[ 2015-10-21T15:10:46+08:00 ] 127.0.0.1 /jiuye/index.php/Index/login
INFO: [ route_check ] --START--
INFO: Run CheckRoute Behavior [ RunTime:0.002044s ]
INFO: [ route_check ] --END-- [ RunTime:0.002251s ]
INFO: [ app_begin ] --START--
INFO: Run ReadHtmlCache Behavior [ RunTime:0.001142s ]
INFO: [ app_begin ] --END-- [ RunTime:0.001273s ]
INFO: [ view_template ] --START--
INFO: Run LocationTemplate Behavior [ RunTime:0.002828s ]
INFO: [ view_template ] --END-- [ RunTime:0.003092s ]
INFO: [ view_parse ] --START--
INFO: Run ParseTemplate Behavior [ RunTime:0.028858s ]
INFO: [ view_parse ] --END-- [ RunTime:0.029155s ]
INFO: [ view_filter ] --START--
INFO: Run ContentReplace Behavior [ RunTime:0.001004s ]
INFO: Run TokenBuild Behavior [ RunTime:0.001029s ]
INFO: Run WriteHtmlCache Behavior [ RunTime:0.000669s ]
INFO: Run ShowRuntime Behavior [ RunTime:0.002039s ]
INFO: [ view_filter ] --END-- [ RunTime:0.005412s ]
INFO: [ view_end ] --START--
INFO: Run ShowPageTrace Behavior [ RunTime:0.001822s ]
INFO: [ view_end ] --END-- [ RunTime:0.002143s ]

[ 2015-10-21T15:10:57+08:00 ] 127.0.0.1 /jiuye/index.php/Index/login
INFO: [ route_check ] --START--
INFO: Run CheckRoute Behavior [ RunTime:0.003870s ]
INFO: [ route_check ] --END-- [ RunTime:0.004136s ]
INFO: [ app_begin ] --START--
INFO: Run ReadHtmlCache Behavior [ RunTime:0.002855s ]
INFO: [ app_begin ] --END-- [ RunTime:0.003147s ]
SQL: SHOW COLUMNS FROM `w_manage` [ RunTime:0.005492s ]
SQL: SELECT * FROM `w_manage` WHERE ( m_name='g18953827837' && m_pwd=123 )  [ RunTime:0.002640s ]
INFO: [ view_template ] --START--
INFO: Run LocationTemplate Behavior [ RunTime:0.003147s ]
INFO: [ view_template ] --END-- [ RunTime:0.003358s ]
INFO: [ view_parse ] --START--
INFO: Run ParseTemplate Behavior [ RunTime:0.026349s ]
INFO: [ view_parse ] --END-- [ RunTime:0.026539s ]
INFO: [ view_filter ] --START--
INFO: Run ContentReplace Behavior [ RunTime:0.002128s ]
INFO: Run TokenBuild Behavior [ RunTime:0.002128s ]
INFO: Run WriteHtmlCache Behavior [ RunTime:0.001860s ]
INFO: Run ShowRuntime Behavior [ RunTime:0.002242s ]
INFO: [ view_filter ] --END-- [ RunTime:0.008762s ]
INFO: [ view_end ] --START--
INFO: Run ShowPageTrace Behavior [ RunTime:0.002928s ]
INFO: [ view_end ] --END-- [ RunTime:0.003086s ]

[ 2015-10-21T15:10:59+08:00 ] 127.0.0.1 /jiuye/index.php/Index/shouye
INFO: [ route_check ] --START--
INFO: Run CheckRoute Behavior [ RunTime:0.002088s ]
INFO: [ route_check ] --END-- [ RunTime:0.002308s ]
INFO: [ app_begin ] --START--
INFO: Run ReadHtmlCache Behavior [ RunTime:0.001115s ]
INFO: [ app_begin ] --END-- [ RunTime:0.001311s ]
INFO: [ view_template ] --START--
INFO: Run LocationTemplate Behavior [ RunTime:0.003816s ]
INFO: [ view_template ] --END-- [ RunTime:0.004009s ]
INFO: [ view_parse ] --START--
INFO: Run ParseTemplate Behavior [ RunTime:0.026538s ]
INFO: [ view_parse ] --END-- [ RunTime:0.026755s ]
INFO: [ view_filter ] --START--
INFO: Run ContentReplace Behavior [ RunTime:0.002159s ]
INFO: Run TokenBuild Behavior [ RunTime:0.003830s ]
INFO: Run WriteHtmlCache Behavior [ RunTime:0.001903s ]
INFO: Run ShowRuntime Behavior [ RunTime:0.002393s ]
INFO: [ view_filter ] --END-- [ RunTime:0.010692s ]
INFO: [ view_end ] --START--
INFO: Run ShowPageTrace Behavior [ RunTime:0.002823s ]
INFO: [ view_end ] --END-- [ RunTime:0.002974s ]

[ 2015-10-21T15:10:59+08:00 ] 127.0.0.1 /jiuye/index.php/Index/top.html
INFO: [ route_check ] --START--
INFO: Run CheckRoute Behavior [ RunTime:0.005582s ]
INFO: [ route_check ] --END-- [ RunTime:0.005942s ]
INFO: [ app_begin ] --START--
INFO: Run ReadHtmlCache Behavior [ RunTime:0.001587s ]
INFO: [ app_begin ] --END-- [ RunTime:0.001810s ]
INFO: [ view_template ] --START--
INFO: Run LocationTemplate Behavior [ RunTime:0.001368s ]
INFO: [ view_template ] --END-- [ RunTime:0.001559s ]
INFO: [ view_parse ] --START--
INFO: Run ParseTemplate Behavior [ RunTime:0.038794s ]
INFO: [ view_parse ] --END-- [ RunTime:0.039208s ]
INFO: [ view_filter ] --START--
INFO: Run ContentReplace Behavior [ RunTime:0.004596s ]
INFO: Run TokenBuild Behavior [ RunTime:0.005388s ]
INFO: Run WriteHtmlCache Behavior [ RunTime:0.004085s ]
INFO: Run ShowRuntime Behavior [ RunTime:0.002540s ]
INFO: [ view_filter ] --END-- [ RunTime:0.017729s ]
INFO: [ view_end ] --START--
INFO: Run ShowPageTrace Behavior [ RunTime:0.006815s ]
INFO: [ view_end ] --END-- [ RunTime:0.006964s ]

[ 2015-10-21T15:10:59+08:00 ] 127.0.0.1 /jiuye/index.php/Index/left.html
INFO: [ route_check ] --START--
INFO: Run CheckRoute Behavior [ RunTime:0.001787s ]
INFO: [ route_check ] --END-- [ RunTime:0.001959s ]
INFO: [ app_begin ] --START--
INFO: Run ReadHtmlCache Behavior [ RunTime:0.001310s ]
INFO: [ app_begin ] --END-- [ RunTime:0.001496s ]
INFO: [ view_template ] --START--
INFO: Run LocationTemplate Behavior [ RunTime:0.003451s ]
INFO: [ view_template ] --END-- [ RunTime:0.003663s ]
INFO: [ view_parse ] --START--
INFO: Run ParseTemplate Behavior [ RunTime:0.060543s ]
INFO: [ view_parse ] --END-- [ RunTime:0.060720s ]
INFO: [ view_filter ] --START--
INFO: Run ContentReplace Behavior [ RunTime:0.000869s ]
INFO: Run TokenBuild Behavior [ RunTime:0.001066s ]
INFO: Run WriteHtmlCache Behavior [ RunTime:0.000692s ]
INFO: Run ShowRuntime Behavior [ RunTime:0.001281s ]
INFO: [ view_filter ] --END-- [ RunTime:0.004429s ]
INFO: [ view_end ] --START--
INFO: Run ShowPageTrace Behavior [ RunTime:0.001260s ]
INFO: [ view_end ] --END-- [ RunTime:0.001386s ]

[ 2015-10-21T15:10:59+08:00 ] 127.0.0.1 /jiuye/index.php/Index/index.html
INFO: [ route_check ] --START--
INFO: Run CheckRoute Behavior [ RunTime:0.005170s ]
INFO: [ route_check ] --END-- [ RunTime:0.005434s ]
INFO: [ app_begin ] --START--
INFO: Run ReadHtmlCache Behavior [ RunTime:0.011073s ]
INFO: [ app_begin ] --END-- [ RunTime:0.011317s ]
INFO: [ view_template ] --START--
INFO: Run LocationTemplate Behavior [ RunTime:0.005445s ]
INFO: [ view_template ] --END-- [ RunTime:0.005677s ]
INFO: [ view_parse ] --START--
INFO: Run ParseTemplate Behavior [ RunTime:0.029858s ]
INFO: [ view_parse ] --END-- [ RunTime:0.030030s ]
INFO: [ view_filter ] --START--
INFO: Run ContentReplace Behavior [ RunTime:0.002144s ]
INFO: Run TokenBuild Behavior [ RunTime:0.003249s ]
INFO: Run WriteHtmlCache Behavior [ RunTime:0.003146s ]
INFO: Run ShowRuntime Behavior [ RunTime:0.002665s ]
INFO: [ view_filter ] --END-- [ RunTime:0.011899s ]
INFO: [ view_end ] --START--
INFO: Run ShowPageTrace Behavior [ RunTime:0.003216s ]
INFO: [ view_end ] --END-- [ RunTime:0.003406s ]

[ 2015-10-21T17:51:27+08:00 ] 127.0.0.1 /jiuye/index.php/Index/login
INFO: [ route_check ] --START--
INFO: Run CheckRoute Behavior [ RunTime:0.004253s ]
INFO: [ route_check ] --END-- [ RunTime:0.004701s ]
INFO: [ app_begin ] --START--
INFO: Run ReadHtmlCache Behavior [ RunTime:0.001940s ]
INFO: [ app_begin ] --END-- [ RunTime:0.002088s ]
INFO: [ view_template ] --START--
INFO: Run LocationTemplate Behavior [ RunTime:0.020269s ]
INFO: [ view_template ] --END-- [ RunTime:0.020517s ]
INFO: [ view_parse ] --START--
INFO: Run ParseTemplate Behavior [ RunTime:0.044607s ]
INFO: [ view_parse ] --END-- [ RunTime:0.044833s ]
INFO: [ view_filter ] --START--
INFO: Run ContentReplace Behavior [ RunTime:0.002033s ]
INFO: Run TokenBuild Behavior [ RunTime:0.002159s ]
INFO: Run WriteHtmlCache Behavior [ RunTime:0.001758s ]
INFO: Run ShowRuntime Behavior [ RunTime:0.003324s ]
INFO: [ view_filter ] --END-- [ RunTime:0.009898s ]
INFO: [ view_end ] --START--
INFO: Run ShowPageTrace Behavior [ RunTime:0.003662s ]
INFO: [ view_end ] --END-- [ RunTime:0.003863s ]

[ 2015-10-21T17:51:44+08:00 ] 127.0.0.1 /jiuye/index.php/Index/login
INFO: [ route_check ] --START--
INFO: Run CheckRoute Behavior [ RunTime:0.002683s ]
INFO: [ route_check ] --END-- [ RunTime:0.002910s ]
INFO: [ app_begin ] --START--
INFO: Run ReadHtmlCache Behavior [ RunTime:0.003283s ]
INFO: [ app_begin ] --END-- [ RunTime:0.003587s ]
SQL: SHOW COLUMNS FROM `w_manage` [ RunTime:0.003989s ]
SQL: SELECT * FROM `w_manage` WHERE ( m_name='g18953827837' && m_pwd=123 )  [ RunTime:0.000767s ]
INFO: [ view_template ] --START--
INFO: Run LocationTemplate Behavior [ RunTime:0.002883s ]
INFO: [ view_template ] --END-- [ RunTime:0.003126s ]
INFO: [ view_parse ] --START--
INFO: Run ParseTemplate Behavior [ RunTime:0.019961s ]
INFO: [ view_parse ] --END-- [ RunTime:0.020177s ]
INFO: [ view_filter ] --START--
INFO: Run ContentReplace Behavior [ RunTime:0.001400s ]
INFO: Run TokenBuild Behavior [ RunTime:0.001421s ]
INFO: Run WriteHtmlCache Behavior [ RunTime:0.001167s ]
INFO: Run ShowRuntime Behavior [ RunTime:0.001626s ]
INFO: [ view_filter ] --END-- [ RunTime:0.005967s ]
INFO: [ view_end ] --START--
INFO: Run ShowPageTrace Behavior [ RunTime:0.002044s ]
INFO: [ view_end ] --END-- [ RunTime:0.002194s ]

[ 2015-10-21T17:51:45+08:00 ] 127.0.0.1 /jiuye/index.php/Index/shouye
INFO: [ route_check ] --START--
INFO: Run CheckRoute Behavior [ RunTime:0.003146s ]
INFO: [ route_check ] --END-- [ RunTime:0.003466s ]
INFO: [ app_begin ] --START--
INFO: Run ReadHtmlCache Behavior [ RunTime:0.001760s ]
INFO: [ app_begin ] --END-- [ RunTime:0.002073s ]
INFO: [ view_template ] --START--
INFO: Run LocationTemplate Behavior [ RunTime:0.002665s ]
INFO: [ view_template ] --END-- [ RunTime:0.002933s ]
INFO: [ view_parse ] --START--
INFO: Run ParseTemplate Behavior [ RunTime:0.026636s ]
INFO: [ view_parse ] --END-- [ RunTime:0.026949s ]
INFO: [ view_filter ] --START--
INFO: Run ContentReplace Behavior [ RunTime:0.001026s ]
INFO: Run TokenBuild Behavior [ RunTime:0.001297s ]
INFO: Run WriteHtmlCache Behavior [ RunTime:0.001072s ]
INFO: Run ShowRuntime Behavior [ RunTime:0.001826s ]
INFO: [ view_filter ] --END-- [ RunTime:0.005943s ]
INFO: [ view_end ] --START--
INFO: Run ShowPageTrace Behavior [ RunTime:0.002061s ]
INFO: [ view_end ] --END-- [ RunTime:0.002305s ]

[ 2015-10-21T17:51:46+08:00 ] 127.0.0.1 /jiuye/index.php/Index/top.html
INFO: [ route_check ] --START--
INFO: Run CheckRoute Behavior [ RunTime:0.007021s ]
INFO: [ route_check ] --END-- [ RunTime:0.007438s ]
INFO: [ app_begin ] --START--
INFO: Run ReadHtmlCache Behavior [ RunTime:0.001678s ]
INFO: [ app_begin ] --END-- [ RunTime:0.001910s ]
INFO: [ view_template ] --START--
INFO: Run LocationTemplate Behavior [ RunTime:0.002180s ]
INFO: [ view_template ] --END-- [ RunTime:0.002441s ]
INFO: [ view_parse ] --START--
INFO: Run ParseTemplate Behavior [ RunTime:0.028200s ]
INFO: [ view_parse ] --END-- [ RunTime:0.028421s ]
INFO: [ view_filter ] --START--
INFO: Run ContentReplace Behavior [ RunTime:0.000707s ]
INFO: Run TokenBuild Behavior [ RunTime:0.000692s ]
INFO: Run WriteHtmlCache Behavior [ RunTime:0.000483s ]
INFO: Run ShowRuntime Behavior [ RunTime:0.000893s ]
INFO: [ view_filter ] --END-- [ RunTime:0.003135s ]
INFO: [ view_end ] --START--
INFO: Run ShowPageTrace Behavior [ RunTime:0.001179s ]
INFO: [ view_end ] --END-- [ RunTime:0.001314s ]

[ 2015-10-21T17:51:46+08:00 ] 127.0.0.1 /jiuye/index.php/Index/left.html
INFO: [ route_check ] --START--
INFO: Run CheckRoute Behavior [ RunTime:0.004074s ]
INFO: [ route_check ] --END-- [ RunTime:0.004356s ]
INFO: [ app_begin ] --START--
INFO: Run ReadHtmlCache Behavior [ RunTime:0.003328s ]
INFO: [ app_begin ] --END-- [ RunTime:0.003552s ]
INFO: [ view_template ] --START--
INFO: Run LocationTemplate Behavior [ RunTime:0.001543s ]
INFO: [ view_template ] --END-- [ RunTime:0.001717s ]
INFO: [ view_parse ] --START--
INFO: Run ParseTemplate Behavior [ RunTime:0.032049s ]
INFO: [ view_parse ] --END-- [ RunTime:0.032228s ]
INFO: [ view_filter ] --START--
INFO: Run ContentReplace Behavior [ RunTime:0.002412s ]
INFO: Run TokenBuild Behavior [ RunTime:0.002632s ]
INFO: Run WriteHtmlCache Behavior [ RunTime:0.001510s ]
INFO: Run ShowRuntime Behavior [ RunTime:0.003692s ]
INFO: [ view_filter ] --END-- [ RunTime:0.010811s ]
INFO: [ view_end ] --START--
INFO: Run ShowPageTrace Behavior [ RunTime:0.003223s ]
INFO: [ view_end ] --END-- [ RunTime:0.003422s ]

[ 2015-10-21T17:51:46+08:00 ] 127.0.0.1 /jiuye/index.php/Index/index.html
INFO: [ route_check ] --START--
INFO: Run CheckRoute Behavior [ RunTime:0.002551s ]
INFO: [ route_check ] --END-- [ RunTime:0.002727s ]
INFO: [ app_begin ] --START--
INFO: Run ReadHtmlCache Behavior [ RunTime:0.003436s ]
INFO: [ app_begin ] --END-- [ RunTime:0.003718s ]
INFO: [ view_template ] --START--
INFO: Run LocationTemplate Behavior [ RunTime:0.003779s ]
INFO: [ view_template ] --END-- [ RunTime:0.003978s ]
INFO: [ view_parse ] --START--
INFO: Run ParseTemplate Behavior [ RunTime:0.026969s ]
INFO: [ view_parse ] --END-- [ RunTime:0.027152s ]
INFO: [ view_filter ] --START--
INFO: Run ContentReplace Behavior [ RunTime:0.001698s ]
INFO: Run TokenBuild Behavior [ RunTime:0.002147s ]
INFO: Run WriteHtmlCache Behavior [ RunTime:0.001227s ]
INFO: Run ShowRuntime Behavior [ RunTime:0.001632s ]
INFO: [ view_filter ] --END-- [ RunTime:0.007199s ]
INFO: [ view_end ] --START--
INFO: Run ShowPageTrace Behavior [ RunTime:0.002892s ]
INFO: [ view_end ] --END-- [ RunTime:0.003084s ]

[ 2015-10-21T18:58:57+08:00 ] 127.0.0.1 /jiuye/index.php/Index/login
INFO: [ route_check ] --START--
INFO: Run CheckRoute Behavior [ RunTime:0.002786s ]
INFO: [ route_check ] --END-- [ RunTime:0.002994s ]
INFO: [ app_begin ] --START--
INFO: Run ReadHtmlCache Behavior [ RunTime:0.001820s ]
INFO: [ app_begin ] --END-- [ RunTime:0.002010s ]
INFO: [ view_template ] --START--
INFO: Run LocationTemplate Behavior [ RunTime:0.002183s ]
INFO: [ view_template ] --END-- [ RunTime:0.002383s ]
INFO: [ view_parse ] --START--
INFO: Run ParseTemplate Behavior [ RunTime:0.021010s ]
INFO: [ view_parse ] --END-- [ RunTime:0.021227s ]
INFO: [ view_filter ] --START--
INFO: Run ContentReplace Behavior [ RunTime:0.001426s ]
INFO: Run TokenBuild Behavior [ RunTime:0.001455s ]
INFO: Run WriteHtmlCache Behavior [ RunTime:0.001701s ]
INFO: Run ShowRuntime Behavior [ RunTime:0.001564s ]
INFO: [ view_filter ] --END-- [ RunTime:0.006509s ]
INFO: [ view_end ] --START--
INFO: Run ShowPageTrace Behavior [ RunTime:0.001857s ]
INFO: [ view_end ] --END-- [ RunTime:0.001976s ]

[ 2015-10-21T18:59:06+08:00 ] 127.0.0.1 /jiuye/index.php/Index/login
INFO: [ route_check ] --START--
INFO: Run CheckRoute Behavior [ RunTime:0.002252s ]
INFO: [ route_check ] --END-- [ RunTime:0.002682s ]
INFO: [ app_begin ] --START--
INFO: Run ReadHtmlCache Behavior [ RunTime:0.001157s ]
INFO: [ app_begin ] --END-- [ RunTime:0.001336s ]
SQL: SHOW COLUMNS FROM `w_manage` [ RunTime:0.006901s ]
SQL: SELECT * FROM `w_manage` WHERE ( m_name='g18953827837' && m_pwd=123 )  [ RunTime:0.000769s ]
INFO: [ view_template ] --START--
INFO: Run LocationTemplate Behavior [ RunTime:0.002792s ]
INFO: [ view_template ] --END-- [ RunTime:0.002993s ]
INFO: [ view_parse ] --START--
INFO: Run ParseTemplate Behavior [ RunTime:0.022928s ]
INFO: [ view_parse ] --END-- [ RunTime:0.023196s ]
INFO: [ view_filter ] --START--
INFO: Run ContentReplace Behavior [ RunTime:0.001936s ]
INFO: Run TokenBuild Behavior [ RunTime:0.000938s ]
INFO: Run WriteHtmlCache Behavior [ RunTime:0.001516s ]
INFO: Run ShowRuntime Behavior [ RunTime:0.002186s ]
INFO: [ view_filter ] --END-- [ RunTime:0.007547s ]
INFO: [ view_end ] --START--
INFO: Run ShowPageTrace Behavior [ RunTime:0.002360s ]
INFO: [ view_end ] --END-- [ RunTime:0.002532s ]

[ 2015-10-21T18:59:07+08:00 ] 127.0.0.1 /jiuye/index.php/Index/shouye
INFO: [ route_check ] --START--
INFO: Run CheckRoute Behavior [ RunTime:0.002442s ]
INFO: [ route_check ] --END-- [ RunTime:0.002670s ]
INFO: [ app_begin ] --START--
INFO: Run ReadHtmlCache Behavior [ RunTime:0.001075s ]
INFO: [ app_begin ] --END-- [ RunTime:0.001208s ]
INFO: [ view_template ] --START--
INFO: Run LocationTemplate Behavior [ RunTime:0.001550s ]
INFO: [ view_template ] --END-- [ RunTime:0.001750s ]
INFO: [ view_parse ] --START--
INFO: Run ParseTemplate Behavior [ RunTime:0.015825s ]
INFO: [ view_parse ] --END-- [ RunTime:0.016019s ]
INFO: [ view_filter ] --START--
INFO: Run ContentReplace Behavior [ RunTime:0.000692s ]
INFO: Run TokenBuild Behavior [ RunTime:0.000665s ]
INFO: Run WriteHtmlCache Behavior [ RunTime:0.000432s ]
INFO: Run ShowRuntime Behavior [ RunTime:0.000925s ]
INFO: [ view_filter ] --END-- [ RunTime:0.003069s ]
INFO: [ view_end ] --START--
INFO: Run ShowPageTrace Behavior [ RunTime:0.001212s ]
INFO: [ view_end ] --END-- [ RunTime:0.001352s ]

[ 2015-10-21T18:59:07+08:00 ] 127.0.0.1 /jiuye/index.php/Index/top.html
INFO: [ route_check ] --START--
INFO: Run CheckRoute Behavior [ RunTime:0.003397s ]
INFO: [ route_check ] --END-- [ RunTime:0.004043s ]
INFO: [ app_begin ] --START--
INFO: Run ReadHtmlCache Behavior [ RunTime:0.002072s ]
INFO: [ app_begin ] --END-- [ RunTime:0.002448s ]
INFO: [ view_template ] --START--
INFO: Run LocationTemplate Behavior [ RunTime:0.000769s ]
INFO: [ view_template ] --END-- [ RunTime:0.000957s ]
INFO: [ view_parse ] --START--
INFO: Run ParseTemplate Behavior [ RunTime:0.017942s ]
INFO: [ view_parse ] --END-- [ RunTime:0.018115s ]
INFO: [ view_filter ] --START--
INFO: Run ContentReplace Behavior [ RunTime:0.000682s ]
INFO: Run TokenBuild Behavior [ RunTime:0.000706s ]
INFO: Run WriteHtmlCache Behavior [ RunTime:0.000752s ]
INFO: Run ShowRuntime Behavior [ RunTime:0.001272s ]
INFO: [ view_filter ] --END-- [ RunTime:0.004096s ]
INFO: [ view_end ] --START--
INFO: Run ShowPageTrace Behavior [ RunTime:0.001987s ]
INFO: [ view_end ] --END-- [ RunTime:0.002327s ]

[ 2015-10-21T18:59:07+08:00 ] 127.0.0.1 /jiuye/index.php/Index/left.html
INFO: [ route_check ] --START--
INFO: Run CheckRoute Behavior [ RunTime:0.002584s ]
INFO: [ route_check ] --END-- [ RunTime:0.002854s ]
INFO: [ app_begin ] --START--
INFO: Run ReadHtmlCache Behavior [ RunTime:0.002226s ]
INFO: [ app_begin ] --END-- [ RunTime:0.002767s ]
INFO: [ view_template ] --START--
INFO: Run LocationTemplate Behavior [ RunTime:0.002968s ]
INFO: [ view_template ] --END-- [ RunTime:0.003164s ]
INFO: [ view_parse ] --START--
INFO: Run ParseTemplate Behavior [ RunTime:0.027838s ]
INFO: [ view_parse ] --END-- [ RunTime:0.028022s ]
INFO: [ view_filter ] --START--
INFO: Run ContentReplace Behavior [ RunTime:0.000752s ]
INFO: Run TokenBuild Behavior [ RunTime:0.000983s ]
INFO: Run WriteHtmlCache Behavior [ RunTime:0.000776s ]
INFO: Run ShowRuntime Behavior [ RunTime:0.001621s ]
INFO: [ view_filter ] --END-- [ RunTime:0.004815s ]
INFO: [ view_end ] --START--
INFO: Run ShowPageTrace Behavior [ RunTime:0.002487s ]
INFO: [ view_end ] --END-- [ RunTime:0.003494s ]

[ 2015-10-21T18:59:07+08:00 ] 127.0.0.1 /jiuye/index.php/Index/index.html
INFO: [ route_check ] --START--
INFO: Run CheckRoute Behavior [ RunTime:0.003040s ]
INFO: [ route_check ] --END-- [ RunTime:0.003258s ]
INFO: [ app_begin ] --START--
INFO: Run ReadHtmlCache Behavior [ RunTime:0.004069s ]
INFO: [ app_begin ] --END-- [ RunTime:0.004559s ]
INFO: [ view_template ] --START--
INFO: Run LocationTemplate Behavior [ RunTime:0.002692s ]
INFO: [ view_template ] --END-- [ RunTime:0.002863s ]
INFO: [ view_parse ] --START--
INFO: Run ParseTemplate Behavior [ RunTime:0.031798s ]
INFO: [ view_parse ] --END-- [ RunTime:0.032042s ]
INFO: [ view_filter ] --START--
INFO: Run ContentReplace Behavior [ RunTime:0.002447s ]
INFO: Run TokenBuild Behavior [ RunTime:0.004311s ]
INFO: Run WriteHtmlCache Behavior [ RunTime:0.002151s ]
INFO: Run ShowRuntime Behavior [ RunTime:0.001897s ]
INFO: [ view_filter ] --END-- [ RunTime:0.011442s ]
INFO: [ view_end ] --START--
INFO: Run ShowPageTrace Behavior [ RunTime:0.002326s ]
INFO: [ view_end ] --END-- [ RunTime:0.002493s ]

[ 2015-10-21T18:59:10+08:00 ] 127.0.0.1 /jiuye/index.php/Invite/zhaopin
INFO: [ route_check ] --START--
INFO: Run CheckRoute Behavior [ RunTime:0.002583s ]
INFO: [ route_check ] --END-- [ RunTime:0.002858s ]
INFO: [ app_begin ] --START--
INFO: Run ReadHtmlCache Behavior [ RunTime:0.001333s ]
INFO: [ app_begin ] --END-- [ RunTime:0.001613s ]
SQL: SHOW COLUMNS FROM `w_invite` [ RunTime:0.009450s ]
NOTIC: [8] Undefined index:  iname D:\xampp\htdocs\Jiuye\Work\Lib\Action\InviteAction.class.php 第 11 行.
NOTIC: [8] Undefined index:  rname D:\xampp\htdocs\Jiuye\Work\Lib\Action\InviteAction.class.php 第 15 行.
NOTIC: [8] Undefined index:  num D:\xampp\htdocs\Jiuye\Work\Lib\Action\InviteAction.class.php 第 19 行.
NOTIC: [8] Undefined variable: where D:\xampp\htdocs\Jiuye\Work\Lib\Action\InviteAction.class.php 第 26 行.
SQL: SHOW COLUMNS FROM `w_invite` [ RunTime:0.006166s ]
SQL: SELECT COUNT(*) AS tp_count FROM `w_invite` LIMIT 1   [ RunTime:0.001369s ]
SQL: SELECT * FROM `w_invite` WHERE ( 1 ) LIMIT 0,3   [ RunTime:0.001480s ]
SQL: SELECT * FROM `w_invite` ORDER BY i_name desc  [ RunTime:0.001510s ]
SQL: SELECT * FROM `w_invite` GROUP BY i_reward  [ RunTime:0.001857s ]
SQL: SELECT * FROM `w_invite` GROUP BY i_num  [ RunTime:0.001659s ]
INFO: [ view_template ] --START--
INFO: Run LocationTemplate Behavior [ RunTime:0.002973s ]
INFO: [ view_template ] --END-- [ RunTime:0.003228s ]
INFO: [ view_parse ] --START--
INFO: Run ParseTemplate Behavior [ RunTime:0.057960s ]
INFO: [ view_parse ] --END-- [ RunTime:0.058240s ]
INFO: [ view_filter ] --START--
INFO: Run ContentReplace Behavior [ RunTime:0.001204s ]
INFO: Run TokenBuild Behavior [ RunTime:0.001198s ]
INFO: Run WriteHtmlCache Behavior [ RunTime:0.000954s ]
INFO: Run ShowRuntime Behavior [ RunTime:0.001280s ]
INFO: [ view_filter ] --END-- [ RunTime:0.005242s ]
INFO: [ view_end ] --START--
INFO: Run ShowPageTrace Behavior [ RunTime:0.001696s ]
INFO: [ view_end ] --END-- [ RunTime:0.001871s ]

[ 2015-10-21T19:12:51+08:00 ] 127.0.0.1 /jiuye/index.php/Invite/zhaopin
INFO: [ route_check ] --START--
INFO: Run CheckRoute Behavior [ RunTime:0.002546s ]
INFO: [ route_check ] --END-- [ RunTime:0.002754s ]
INFO: [ app_begin ] --START--
INFO: Run ReadHtmlCache Behavior [ RunTime:0.001726s ]
INFO: [ app_begin ] --END-- [ RunTime:0.001866s ]
SQL: SHOW COLUMNS FROM `w_invite` [ RunTime:0.004796s ]
NOTIC: [8] Undefined index:  iname D:\xampp\htdocs\Jiuye\Work\Lib\Action\InviteAction.class.php 第 11 行.
NOTIC: [8] Undefined index:  rname D:\xampp\htdocs\Jiuye\Work\Lib\Action\InviteAction.class.php 第 15 行.
NOTIC: [8] Undefined index:  num D:\xampp\htdocs\Jiuye\Work\Lib\Action\InviteAction.class.php 第 19 行.
NOTIC: [8] Undefined variable: where D:\xampp\htdocs\Jiuye\Work\Lib\Action\InviteAction.class.php 第 26 行.
SQL: SHOW COLUMNS FROM `w_invite` [ RunTime:0.003652s ]
SQL: SELECT COUNT(*) AS tp_count FROM `w_invite` LIMIT 1   [ RunTime:0.000961s ]
SQL: SELECT * FROM `w_invite` WHERE ( 1 ) LIMIT 0,3   [ RunTime:0.000915s ]
SQL: SELECT * FROM `w_invite` ORDER BY i_name desc  [ RunTime:0.000884s ]
SQL: SELECT * FROM `w_invite` GROUP BY i_reward  [ RunTime:0.000966s ]
SQL: SELECT * FROM `w_invite` GROUP BY i_num  [ RunTime:0.001016s ]
INFO: [ view_template ] --START--
INFO: Run LocationTemplate Behavior [ RunTime:0.003988s ]
INFO: [ view_template ] --END-- [ RunTime:0.004160s ]
INFO: [ view_parse ] --START--
INFO: Run ParseTemplate Behavior [ RunTime:0.031984s ]
INFO: [ view_parse ] --END-- [ RunTime:0.032146s ]
INFO: [ view_filter ] --START--
INFO: Run ContentReplace Behavior [ RunTime:0.002197s ]
INFO: Run TokenBuild Behavior [ RunTime:0.001386s ]
INFO: Run WriteHtmlCache Behavior [ RunTime:0.001148s ]
INFO: Run ShowRuntime Behavior [ RunTime:0.001826s ]
INFO: [ view_filter ] --END-- [ RunTime:0.006918s ]
INFO: [ view_end ] --START--
INFO: Run ShowPageTrace Behavior [ RunTime:0.001818s ]
INFO: [ view_end ] --END-- [ RunTime:0.001934s ]

[ 2015-10-21T19:35:10+08:00 ] 127.0.0.1 /jiuye/index.php/Donate/juanzeng
INFO: [ route_check ] --START--
INFO: Run CheckRoute Behavior [ RunTime:0.002854s ]
INFO: [ route_check ] --END-- [ RunTime:0.003322s ]
INFO: [ app_begin ] --START--
INFO: Run ReadHtmlCache Behavior [ RunTime:0.001754s ]
INFO: [ app_begin ] --END-- [ RunTime:0.002098s ]
INFO: [ view_template ] --START--
INFO: Run LocationTemplate Behavior [ RunTime:0.001193s ]
INFO: [ view_template ] --END-- [ RunTime:0.001411s ]
INFO: [ view_parse ] --START--
INFO: Run ParseTemplate Behavior [ RunTime:0.024405s ]
INFO: [ view_parse ] --END-- [ RunTime:0.024674s ]
INFO: [ view_filter ] --START--
INFO: Run ContentReplace Behavior [ RunTime:0.001039s ]
INFO: Run TokenBuild Behavior [ RunTime:0.001053s ]
INFO: Run WriteHtmlCache Behavior [ RunTime:0.000685s ]
INFO: Run ShowRuntime Behavior [ RunTime:0.001296s ]
INFO: [ view_filter ] --END-- [ RunTime:0.004616s ]
INFO: [ view_end ] --START--
INFO: Run ShowPageTrace Behavior [ RunTime:0.002118s ]
INFO: [ view_end ] --END-- [ RunTime:0.002339s ]
NOTIC: [2] Missing argument 4 for PublicAction::pages(), called in D:\xampp\htdocs\Jiuye\Work\Lib\Action\DonateAction.class.php on line 24 and defined D:\xampp\htdocs\Jiuye\Work\Lib\Action\PublicAction.class.php 第 44 行.
SQL: SHOW COLUMNS FROM `w_donate` [ RunTime:0.004915s ]
SQL: SELECT COUNT(*) AS tp_count FROM `w_donate` LIMIT 1   [ RunTime:0.000627s ]
NOTIC: [8] Undefined variable: where D:\xampp\htdocs\Jiuye\Work\Lib\Action\PublicAction.class.php 第 51 行.
SQL: SELECT * FROM `w_donate` WHERE ( 1 ) LIMIT 0,3   [ RunTime:0.000690s ]
SQL: SHOW COLUMNS FROM `w_typedonate` [ RunTime:0.003875s ]
SQL: SELECT * FROM `w_typedonate` WHERE ( 1=1 AND t_id='1' ) LIMIT 1   [ RunTime:0.001210s ]
SQL: SELECT * FROM `w_typedonate` WHERE ( 1=1 AND t_id='3' ) LIMIT 1   [ RunTime:0.000588s ]
SQL: SELECT * FROM `w_typedonate` WHERE ( 1=1 AND t_id='1' ) LIMIT 1   [ RunTime:0.000568s ]
INFO: [ view_template ] --START--
INFO: Run LocationTemplate Behavior [ RunTime:0.001467s ]
INFO: [ view_template ] --END-- [ RunTime:-0.114491s ]
INFO: [ view_parse ] --START--
INFO: Run ParseTemplate Behavior [ RunTime:0.017724s ]
INFO: [ view_parse ] --END-- [ RunTime:-0.091458s ]
INFO: [ view_filter ] --START--
INFO: Run ContentReplace Behavior [ RunTime:0.000254s ]
INFO: Run TokenBuild Behavior [ RunTime:0.000124s ]
INFO: Run WriteHtmlCache Behavior [ RunTime:0.000038s ]
INFO: Run ShowRuntime Behavior [ RunTime:0.000184s ]
INFO: [ view_filter ] --END-- [ RunTime:-0.104796s ]
INFO: [ view_end ] --START--
INFO: Run ShowPageTrace Behavior [ RunTime:0.000101s ]
INFO: [ view_end ] --END-- [ RunTime:-0.103431s ]

[ 2015-10-21T19:35:11+08:00 ] 127.0.0.1 /jiuye/index.php/Index/login
INFO: [ route_check ] --START--
INFO: Run CheckRoute Behavior [ RunTime:0.002641s ]
INFO: [ route_check ] --END-- [ RunTime:0.002890s ]
INFO: [ app_begin ] --START--
INFO: Run ReadHtmlCache Behavior [ RunTime:0.001515s ]
INFO: [ app_begin ] --END-- [ RunTime:0.001703s ]
INFO: [ view_template ] --START--
INFO: Run LocationTemplate Behavior [ RunTime:0.003006s ]
INFO: [ view_template ] --END-- [ RunTime:0.003290s ]
INFO: [ view_parse ] --START--
INFO: Run ParseTemplate Behavior [ RunTime:0.026175s ]
INFO: [ view_parse ] --END-- [ RunTime:0.026399s ]
INFO: [ view_filter ] --START--
INFO: Run ContentReplace Behavior [ RunTime:0.000933s ]
INFO: Run TokenBuild Behavior [ RunTime:0.000958s ]
INFO: Run WriteHtmlCache Behavior [ RunTime:0.000627s ]
INFO: Run ShowRuntime Behavior [ RunTime:0.005187s ]
INFO: [ view_filter ] --END-- [ RunTime:0.008264s ]
INFO: [ view_end ] --START--
INFO: Run ShowPageTrace Behavior [ RunTime:0.002380s ]
INFO: [ view_end ] --END-- [ RunTime:0.002667s ]

[ 2015-10-21T19:35:25+08:00 ] 127.0.0.1 /jiuye/index.php/Index/login
INFO: [ route_check ] --START--
INFO: Run CheckRoute Behavior [ RunTime:0.002945s ]
INFO: [ route_check ] --END-- [ RunTime:0.003265s ]
INFO: [ app_begin ] --START--
INFO: Run ReadHtmlCache Behavior [ RunTime:0.001666s ]
INFO: [ app_begin ] --END-- [ RunTime:0.001945s ]
SQL: SHOW COLUMNS FROM `w_manage` [ RunTime:0.003025s ]
SQL: SELECT * FROM `w_manage` WHERE ( m_name='g18953827837' && m_pwd=123 )  [ RunTime:0.000683s ]
INFO: [ view_template ] --START--
INFO: Run LocationTemplate Behavior [ RunTime:0.001080s ]
INFO: [ view_template ] --END-- [ RunTime:0.001331s ]
INFO: [ view_parse ] --START--
INFO: Run ParseTemplate Behavior [ RunTime:0.021378s ]
INFO: [ view_parse ] --END-- [ RunTime:0.021629s ]
INFO: [ view_filter ] --START--
INFO: Run ContentReplace Behavior [ RunTime:0.000904s ]
INFO: Run TokenBuild Behavior [ RunTime:0.001479s ]
INFO: Run WriteHtmlCache Behavior [ RunTime:0.000694s ]
INFO: Run ShowRuntime Behavior [ RunTime:0.000911s ]
INFO: [ view_filter ] --END-- [ RunTime:0.004569s ]
INFO: [ view_end ] --START--
INFO: Run ShowPageTrace Behavior [ RunTime:0.001297s ]
INFO: [ view_end ] --END-- [ RunTime:0.001448s ]

[ 2015-10-21T19:35:26+08:00 ] 127.0.0.1 /jiuye/index.php/Index/shouye
INFO: [ route_check ] --START--
INFO: Run CheckRoute Behavior [ RunTime:0.002206s ]
INFO: [ route_check ] --END-- [ RunTime:0.002455s ]
INFO: [ app_begin ] --START--
INFO: Run ReadHtmlCache Behavior [ RunTime:0.001085s ]
INFO: [ app_begin ] --END-- [ RunTime:0.001243s ]
INFO: [ view_template ] --START--
INFO: Run LocationTemplate Behavior [ RunTime:0.001828s ]
INFO: [ view_template ] --END-- [ RunTime:0.002049s ]
INFO: [ view_parse ] --START--
INFO: Run ParseTemplate Behavior [ RunTime:0.017091s ]
INFO: [ view_parse ] --END-- [ RunTime:0.017320s ]
INFO: [ view_filter ] --START--
INFO: Run ContentReplace Behavior [ RunTime:0.001065s ]
INFO: Run TokenBuild Behavior [ RunTime:0.001505s ]
INFO: Run WriteHtmlCache Behavior [ RunTime:0.001193s ]
INFO: Run ShowRuntime Behavior [ RunTime:0.001444s ]
INFO: [ view_filter ] --END-- [ RunTime:0.005985s ]
INFO: [ view_end ] --START--
INFO: Run ShowPageTrace Behavior [ RunTime:0.001323s ]
INFO: [ view_end ] --END-- [ RunTime:0.001471s ]

[ 2015-10-21T19:35:26+08:00 ] 127.0.0.1 /jiuye/index.php/Index/top.html
INFO: [ route_check ] --START--
INFO: Run CheckRoute Behavior [ RunTime:0.002693s ]
INFO: [ route_check ] --END-- [ RunTime:0.002991s ]
INFO: [ app_begin ] --START--
INFO: Run ReadHtmlCache Behavior [ RunTime:0.002066s ]
INFO: [ app_begin ] --END-- [ RunTime:0.002288s ]
INFO: [ view_template ] --START--
INFO: Run LocationTemplate Behavior [ RunTime:0.002534s ]
INFO: [ view_template ] --END-- [ RunTime:0.002852s ]
INFO: [ view_parse ] --START--
INFO: Run ParseTemplate Behavior [ RunTime:0.022217s ]
INFO: [ view_parse ] --END-- [ RunTime:0.022376s ]
INFO: [ view_filter ] --START--
INFO: Run ContentReplace Behavior [ RunTime:0.000655s ]
INFO: Run TokenBuild Behavior [ RunTime:0.000644s ]
INFO: Run WriteHtmlCache Behavior [ RunTime:0.000429s ]
INFO: Run ShowRuntime Behavior [ RunTime:0.000804s ]
INFO: [ view_filter ] --END-- [ RunTime:0.002864s ]
INFO: [ view_end ] --START--
INFO: Run ShowPageTrace Behavior [ RunTime:0.001175s ]
INFO: [ view_end ] --END-- [ RunTime:0.001305s ]

[ 2015-10-21T19:35:26+08:00 ] 127.0.0.1 /jiuye/index.php/Index/left.html
INFO: [ route_check ] --START--
INFO: Run CheckRoute Behavior [ RunTime:0.002582s ]
INFO: [ route_check ] --END-- [ RunTime:0.002853s ]
INFO: [ app_begin ] --START--
INFO: Run ReadHtmlCache Behavior [ RunTime:0.001605s ]
INFO: [ app_begin ] --END-- [ RunTime:0.001862s ]
INFO: [ view_template ] --START--
INFO: Run LocationTemplate Behavior [ RunTime:0.001065s ]
INFO: [ view_template ] --END-- [ RunTime:0.001316s ]
INFO: [ view_parse ] --START--
INFO: Run ParseTemplate Behavior [ RunTime:0.021074s ]
INFO: [ view_parse ] --END-- [ RunTime:0.021275s ]
INFO: [ view_filter ] --START--
INFO: Run ContentReplace Behavior [ RunTime:0.000694s ]
INFO: Run TokenBuild Behavior [ RunTime:0.000657s ]
INFO: Run WriteHtmlCache Behavior [ RunTime:0.000428s ]
INFO: Run ShowRuntime Behavior [ RunTime:0.000824s ]
INFO: [ view_filter ] --END-- [ RunTime:0.002935s ]
INFO: [ view_end ] --START--
INFO: Run ShowPageTrace Behavior [ RunTime:0.001115s ]
INFO: [ view_end ] --END-- [ RunTime:0.001248s ]

[ 2015-10-21T19:35:26+08:00 ] 127.0.0.1 /jiuye/index.php/Index/index.html
INFO: [ route_check ] --START--
INFO: Run CheckRoute Behavior [ RunTime:0.004796s ]
INFO: [ route_check ] --END-- [ RunTime:0.005236s ]
INFO: [ app_begin ] --START--
INFO: Run ReadHtmlCache Behavior [ RunTime:0.003206s ]
INFO: [ app_begin ] --END-- [ RunTime:0.003643s ]
INFO: [ view_template ] --START--
INFO: Run LocationTemplate Behavior [ RunTime:0.002436s ]
INFO: [ view_template ] --END-- [ RunTime:0.002605s ]
INFO: [ view_parse ] --START--
INFO: Run ParseTemplate Behavior [ RunTime:0.021277s ]
INFO: [ view_parse ] --END-- [ RunTime:0.021497s ]
INFO: [ view_filter ] --START--
INFO: Run ContentReplace Behavior [ RunTime:0.003251s ]
INFO: Run TokenBuild Behavior [ RunTime:0.001613s ]
INFO: Run WriteHtmlCache Behavior [ RunTime:0.002613s ]
INFO: Run ShowRuntime Behavior [ RunTime:0.001603s ]
INFO: [ view_filter ] --END-- [ RunTime:0.009668s ]
INFO: [ view_end ] --START--
INFO: Run ShowPageTrace Behavior [ RunTime:0.002127s ]
INFO: [ view_end ] --END-- [ RunTime:0.002268s ]

[ 2015-10-21T19:35:28+08:00 ] 127.0.0.1 /jiuye/index.php/Donate/juanzeng
INFO: [ route_check ] --START--
INFO: Run CheckRoute Behavior [ RunTime:0.001784s ]
INFO: [ route_check ] --END-- [ RunTime:0.001985s ]
INFO: [ app_begin ] --START--
INFO: Run ReadHtmlCache Behavior [ RunTime:0.001082s ]
INFO: [ app_begin ] --END-- [ RunTime:0.001234s ]
NOTIC: [2] Missing argument 4 for PublicAction::pages(), called in D:\xampp\htdocs\Jiuye\Work\Lib\Action\DonateAction.class.php on line 24 and defined D:\xampp\htdocs\Jiuye\Work\Lib\Action\PublicAction.class.php 第 44 行.
SQL: SHOW COLUMNS FROM `w_donate` [ RunTime:0.003500s ]
SQL: SELECT COUNT(*) AS tp_count FROM `w_donate` LIMIT 1   [ RunTime:0.000703s ]
NOTIC: [8] Undefined variable: where D:\xampp\htdocs\Jiuye\Work\Lib\Action\PublicAction.class.php 第 51 行.
SQL: SELECT * FROM `w_donate` WHERE ( 1 ) LIMIT 0,3   [ RunTime:0.000715s ]
SQL: SHOW COLUMNS FROM `w_typedonate` [ RunTime:0.002769s ]
SQL: SELECT * FROM `w_typedonate` WHERE ( 1=1 AND t_id='1' ) LIMIT 1   [ RunTime:0.000777s ]
SQL: SELECT * FROM `w_typedonate` WHERE ( 1=1 AND t_id='3' ) LIMIT 1   [ RunTime:0.000686s ]
SQL: SELECT * FROM `w_typedonate` WHERE ( 1=1 AND t_id='1' ) LIMIT 1   [ RunTime:0.000716s ]
INFO: [ view_template ] --START--
INFO: Run LocationTemplate Behavior [ RunTime:0.002324s ]
INFO: [ view_template ] --END-- [ RunTime:0.002622s ]
INFO: [ view_parse ] --START--
INFO: Run ParseTemplate Behavior [ RunTime:0.022884s ]
INFO: [ view_parse ] --END-- [ RunTime:0.023120s ]
INFO: [ view_filter ] --START--
INFO: Run ContentReplace Behavior [ RunTime:0.000764s ]
INFO: Run TokenBuild Behavior [ RunTime:0.000647s ]
INFO: Run WriteHtmlCache Behavior [ RunTime:0.000418s ]
INFO: Run ShowRuntime Behavior [ RunTime:0.000837s ]
INFO: [ view_filter ] --END-- [ RunTime:0.003024s ]
INFO: [ view_end ] --START--
INFO: Run ShowPageTrace Behavior [ RunTime:0.001492s ]
INFO: [ view_end ] --END-- [ RunTime:0.001644s ]

[ 2015-10-21T20:03:23+08:00 ] 127.0.0.1 /jiuye/index.php/Member/huiyuan
INFO: [ route_check ] --START--
INFO: Run CheckRoute Behavior [ RunTime:0.001927s ]
INFO: [ route_check ] --END-- [ RunTime:0.002176s ]
INFO: [ app_begin ] --START--
INFO: Run ReadHtmlCache Behavior [ RunTime:0.001827s ]
INFO: [ app_begin ] --END-- [ RunTime:0.002150s ]
NOTIC: [8] Undefined index:  mname D:\xampp\htdocs\Jiuye\Work\Lib\Action\MemberAction.class.php 第 11 行.
NOTIC: [8] Undefined variable: where D:\xampp\htdocs\Jiuye\Work\Lib\Action\MemberAction.class.php 第 16 行.
SQL: SHOW COLUMNS FROM `w_member` [ RunTime:0.003395s ]
SQL: SELECT COUNT(*) AS tp_count FROM `w_member` LIMIT 1   [ RunTime:0.000486s ]
SQL: SELECT * FROM `w_member` WHERE ( 1 ) LIMIT 0,3   [ RunTime:0.000526s ]
SQL: SHOW COLUMNS FROM `w_membertype` [ RunTime:0.002637s ]
SQL: SELECT * FROM `w_membertype` WHERE ( 1=1 AND mt_id='5' ) LIMIT 1   [ RunTime:0.001096s ]
SQL: SELECT * FROM `w_membertype` WHERE ( 1=1 AND mt_id='1' ) LIMIT 1   [ RunTime:0.000497s ]
SQL: SELECT * FROM `w_membertype` WHERE ( 1=1 AND mt_id='5' ) LIMIT 1   [ RunTime:0.000488s ]
INFO: [ view_template ] --START--
INFO: Run LocationTemplate Behavior [ RunTime:0.002763s ]
INFO: [ view_template ] --END-- [ RunTime:0.002982s ]
INFO: [ view_parse ] --START--
INFO: Run ParseTemplate Behavior [ RunTime:0.044910s ]
INFO: [ view_parse ] --END-- [ RunTime:0.045463s ]
INFO: [ view_filter ] --START--
INFO: Run ContentReplace Behavior [ RunTime:0.001417s ]
INFO: Run TokenBuild Behavior [ RunTime:0.001065s ]
INFO: Run WriteHtmlCache Behavior [ RunTime:0.000706s ]
INFO: Run ShowRuntime Behavior [ RunTime:0.001450s ]
INFO: [ view_filter ] --END-- [ RunTime:0.005166s ]
INFO: [ view_end ] --START--
INFO: Run ShowPageTrace Behavior [ RunTime:0.001810s ]
INFO: [ view_end ] --END-- [ RunTime:0.001990s ]

[ 2015-10-21T20:05:35+08:00 ] 127.0.0.1 /jiuye/index.php/Member/huiyuan
INFO: [ route_check ] --START--
INFO: Run CheckRoute Behavior [ RunTime:0.002588s ]
INFO: [ route_check ] --END-- [ RunTime:0.002796s ]
INFO: [ app_begin ] --START--
INFO: Run ReadHtmlCache Behavior [ RunTime:0.001809s ]
INFO: [ app_begin ] --END-- [ RunTime:0.001978s ]
NOTIC: [8] Undefined index:  mname D:\xampp\htdocs\Jiuye\Work\Lib\Action\MemberAction.class.php 第 11 行.
NOTIC: [8] Undefined variable: where D:\xampp\htdocs\Jiuye\Work\Lib\Action\MemberAction.class.php 第 16 行.
SQL: SHOW COLUMNS FROM `w_member` [ RunTime:0.003136s ]
SQL: SELECT COUNT(*) AS tp_count FROM `w_member` LIMIT 1   [ RunTime:0.000609s ]
SQL: SELECT * FROM `w_member` WHERE ( 1 ) LIMIT 0,3   [ RunTime:0.000541s ]
SQL: SHOW COLUMNS FROM `w_membertype` [ RunTime:0.002847s ]
SQL: SELECT * FROM `w_membertype` WHERE ( 1=1 AND mt_id='5' ) LIMIT 1   [ RunTime:0.001372s ]
SQL: SELECT * FROM `w_membertype` WHERE ( 1=1 AND mt_id='1' ) LIMIT 1   [ RunTime:0.001413s ]
SQL: SELECT * FROM `w_membertype` WHERE ( 1=1 AND mt_id='5' ) LIMIT 1   [ RunTime:0.000589s ]
INFO: [ view_template ] --START--
INFO: Run LocationTemplate Behavior [ RunTime:0.002615s ]
INFO: [ view_template ] --END-- [ RunTime:0.002806s ]
INFO: [ view_parse ] --START--
INFO: Run ParseTemplate Behavior [ RunTime:0.027271s ]
INFO: [ view_parse ] --END-- [ RunTime:0.027484s ]
INFO: [ view_filter ] --START--
INFO: Run ContentReplace Behavior [ RunTime:0.002088s ]
INFO: Run TokenBuild Behavior [ RunTime:0.001405s ]
INFO: Run WriteHtmlCache Behavior [ RunTime:0.001178s ]
INFO: Run ShowRuntime Behavior [ RunTime:0.001663s ]
INFO: [ view_filter ] --END-- [ RunTime:0.006684s ]
INFO: [ view_end ] --START--
INFO: Run ShowPageTrace Behavior [ RunTime:0.001928s ]
INFO: [ view_end ] --END-- [ RunTime:0.002080s ]

[ 2015-10-21T20:11:03+08:00 ] 127.0.0.1 /jiuye/index.php/Member/huiyuan
INFO: [ route_check ] --START--
INFO: Run CheckRoute Behavior [ RunTime:0.003032s ]
INFO: [ route_check ] --END-- [ RunTime:0.003667s ]
INFO: [ app_begin ] --START--
INFO: Run ReadHtmlCache Behavior [ RunTime:0.003449s ]
INFO: [ app_begin ] --END-- [ RunTime:0.003801s ]
NOTIC: [8] Undefined index:  mname D:\xampp\htdocs\Jiuye\Work\Lib\Action\MemberAction.class.php 第 11 行.
NOTIC: [8] Undefined variable: where D:\xampp\htdocs\Jiuye\Work\Lib\Action\MemberAction.class.php 第 16 行.
SQL: SHOW COLUMNS FROM `w_member` [ RunTime:0.002892s ]
SQL: SELECT COUNT(*) AS tp_count FROM `w_member` LIMIT 1   [ RunTime:0.000526s ]
SQL: SELECT * FROM `w_member` WHERE ( 1 ) LIMIT 0,3   [ RunTime:0.000483s ]
SQL: SHOW COLUMNS FROM `w_membertype` [ RunTime:0.002626s ]
SQL: SELECT * FROM `w_membertype` WHERE ( 1=1 AND mt_id='5' ) LIMIT 1   [ RunTime:0.000642s ]
SQL: SELECT * FROM `w_membertype` WHERE ( 1=1 AND mt_id='1' ) LIMIT 1   [ RunTime:0.000482s ]
SQL: SELECT * FROM `w_membertype` WHERE ( 1=1 AND mt_id='5' ) LIMIT 1   [ RunTime:0.000453s ]
INFO: [ view_template ] --START--
INFO: Run LocationTemplate Behavior [ RunTime:0.003112s ]
INFO: [ view_template ] --END-- [ RunTime:0.003259s ]
INFO: [ view_parse ] --START--
INFO: Run ParseTemplate Behavior [ RunTime:0.027932s ]
INFO: [ view_parse ] --END-- [ RunTime:0.028093s ]
INFO: [ view_filter ] --START--
INFO: Run ContentReplace Behavior [ RunTime:0.002091s ]
INFO: Run TokenBuild Behavior [ RunTime:0.001374s ]
INFO: Run WriteHtmlCache Behavior [ RunTime:0.001154s ]
INFO: Run ShowRuntime Behavior [ RunTime:0.001851s ]
INFO: [ view_filter ] --END-- [ RunTime:0.006834s ]
INFO: [ view_end ] --START--
INFO: Run ShowPageTrace Behavior [ RunTime:0.001861s ]
INFO: [ view_end ] --END-- [ RunTime:0.001983s ]

[ 2015-10-21T20:11:59+08:00 ] 127.0.0.1 /jiuye/index.php/Member/huiyuan
INFO: [ route_check ] --START--
INFO: Run CheckRoute Behavior [ RunTime:0.003081s ]
INFO: [ route_check ] --END-- [ RunTime:0.003589s ]
INFO: [ app_begin ] --START--
INFO: Run ReadHtmlCache Behavior [ RunTime:0.001652s ]
INFO: [ app_begin ] --END-- [ RunTime:0.001963s ]
NOTIC: [8] Undefined index:  mname D:\xampp\htdocs\Jiuye\Work\Lib\Action\MemberAction.class.php 第 11 行.
NOTIC: [8] Undefined variable: where D:\xampp\htdocs\Jiuye\Work\Lib\Action\MemberAction.class.php 第 16 行.
SQL: SHOW COLUMNS FROM `w_member` [ RunTime:0.003091s ]
SQL: SELECT COUNT(*) AS tp_count FROM `w_member` LIMIT 1   [ RunTime:0.000811s ]
SQL: SELECT * FROM `w_member` WHERE ( 1 ) LIMIT 0,3   [ RunTime:0.000633s ]
SQL: SHOW COLUMNS FROM `w_membertype` [ RunTime:0.002814s ]
SQL: SELECT * FROM `w_membertype` WHERE ( 1=1 AND mt_id='5' ) LIMIT 1   [ RunTime:0.000584s ]
SQL: SELECT * FROM `w_membertype` WHERE ( 1=1 AND mt_id='1' ) LIMIT 1   [ RunTime:0.000750s ]
SQL: SELECT * FROM `w_membertype` WHERE ( 1=1 AND mt_id='5' ) LIMIT 1   [ RunTime:0.002040s ]
INFO: [ view_template ] --START--
INFO: Run LocationTemplate Behavior [ RunTime:0.002357s ]
INFO: [ view_template ] --END-- [ RunTime:0.002525s ]
INFO: [ view_parse ] --START--
INFO: Run ParseTemplate Behavior [ RunTime:0.020912s ]
INFO: [ view_parse ] --END-- [ RunTime:0.021063s ]
INFO: [ view_filter ] --START--
INFO: Run ContentReplace Behavior [ RunTime:0.001725s ]
INFO: Run TokenBuild Behavior [ RunTime:0.000646s ]
INFO: Run WriteHtmlCache Behavior [ RunTime:0.000434s ]
INFO: Run ShowRuntime Behavior [ RunTime:0.000809s ]
INFO: [ view_filter ] --END-- [ RunTime:0.003943s ]
INFO: [ view_end ] --START--
INFO: Run ShowPageTrace Behavior [ RunTime:0.001088s ]
INFO: [ view_end ] --END-- [ RunTime:0.001201s ]

[ 2015-10-21T20:22:32+08:00 ] 127.0.0.1 /jiuye/index.php/Member/huiyuan
INFO: [ route_check ] --START--
INFO: Run CheckRoute Behavior [ RunTime:0.002316s ]
INFO: [ route_check ] --END-- [ RunTime:0.002529s ]
INFO: [ app_begin ] --START--
INFO: Run ReadHtmlCache Behavior [ RunTime:0.001747s ]
INFO: [ app_begin ] --END-- [ RunTime:0.001887s ]
NOTIC: [8] Undefined index:  mname D:\xampp\htdocs\Jiuye\Work\Lib\Action\MemberAction.class.php 第 11 行.
NOTIC: [8] Undefined variable: where D:\xampp\htdocs\Jiuye\Work\Lib\Action\MemberAction.class.php 第 16 行.
SQL: SHOW COLUMNS FROM `w_member` [ RunTime:0.003763s ]
SQL: SELECT COUNT(*) AS tp_count FROM `w_member` LIMIT 1   [ RunTime:0.001507s ]
SQL: SELECT * FROM `w_member` WHERE ( 1 ) LIMIT 0,3   [ RunTime:0.001946s ]
SQL: SHOW COLUMNS FROM `w_membertype` [ RunTime:0.003464s ]
SQL: SELECT * FROM `w_membertype` WHERE ( 1=1 AND mt_id='5' ) LIMIT 1   [ RunTime:0.000663s ]
SQL: SELECT * FROM `w_membertype` WHERE ( 1=1 AND mt_id='1' ) LIMIT 1   [ RunTime:0.000660s ]
SQL: SELECT * FROM `w_membertype` WHERE ( 1=1 AND mt_id='5' ) LIMIT 1   [ RunTime:0.000611s ]
INFO: [ view_template ] --START--
INFO: Run LocationTemplate Behavior [ RunTime:0.003066s ]
INFO: [ view_template ] --END-- [ RunTime:0.003298s ]
INFO: [ view_parse ] --START--
INFO: Run ParseTemplate Behavior [ RunTime:0.026577s ]
INFO: [ view_parse ] --END-- [ RunTime:0.026773s ]
INFO: [ view_filter ] --START--
INFO: Run ContentReplace Behavior [ RunTime:0.003024s ]
INFO: Run TokenBuild Behavior [ RunTime:0.001886s ]
INFO: Run WriteHtmlCache Behavior [ RunTime:0.001220s ]
INFO: Run ShowRuntime Behavior [ RunTime:0.001591s ]
INFO: [ view_filter ] --END-- [ RunTime:0.008119s ]
INFO: [ view_end ] --START--
INFO: Run ShowPageTrace Behavior [ RunTime:0.001938s ]
INFO: [ view_end ] --END-- [ RunTime:0.002090s ]

[ 2015-10-21T20:33:37+08:00 ] 127.0.0.1 /jiuye/index.php/Student/xuesheng
INFO: [ route_check ] --START--
INFO: Run CheckRoute Behavior [ RunTime:0.003971s ]
INFO: [ route_check ] --END-- [ RunTime:0.004300s ]
INFO: [ app_begin ] --START--
INFO: Run ReadHtmlCache Behavior [ RunTime:0.002001s ]
INFO: [ app_begin ] --END-- [ RunTime:0.002150s ]
NOTIC: [2] Missing argument 4 for PublicAction::pages(), called in D:\xampp\htdocs\Jiuye\Work\Lib\Action\StudentAction.class.php on line 26 and defined D:\xampp\htdocs\Jiuye\Work\Lib\Action\PublicAction.class.php 第 44 行.
SQL: SHOW COLUMNS FROM `w_student` [ RunTime:0.008373s ]
SQL: SELECT COUNT(*) AS tp_count FROM `w_student` LIMIT 1   [ RunTime:0.001243s ]
NOTIC: [8] Undefined variable: where D:\xampp\htdocs\Jiuye\Work\Lib\Action\PublicAction.class.php 第 51 行.
SQL: SELECT * FROM `w_student` WHERE ( 1 ) LIMIT 0,3   [ RunTime:0.001208s ]
SQL: SHOW COLUMNS FROM `w_class` [ RunTime:0.006046s ]
SQL: SELECT * FROM `w_class` WHERE ( 1=1 AND c_id='5' ) LIMIT 1   [ RunTime:0.001648s ]
SQL: SELECT * FROM `w_class` WHERE ( 1=1 AND c_id='2' ) LIMIT 1   [ RunTime:0.000917s ]
SQL: SELECT * FROM `w_class` WHERE ( 1=1 AND c_id='2' ) LIMIT 1   [ RunTime:0.001061s ]
SQL: SHOW COLUMNS FROM `w_grade` [ RunTime:0.008383s ]
SQL: SELECT * FROM `w_grade`  [ RunTime:0.001765s ]
INFO: [ view_template ] --START--
INFO: Run LocationTemplate Behavior [ RunTime:0.004661s ]
INFO: [ view_template ] --END-- [ RunTime:0.004950s ]
INFO: [ view_parse ] --START--
INFO: Run ParseTemplate Behavior [ RunTime:0.059908s ]
INFO: [ view_parse ] --END-- [ RunTime:0.060265s ]
INFO: [ view_filter ] --START--
INFO: Run ContentReplace Behavior [ RunTime:0.003374s ]
INFO: Run TokenBuild Behavior [ RunTime:0.002062s ]
INFO: Run WriteHtmlCache Behavior [ RunTime:0.003368s ]
INFO: Run ShowRuntime Behavior [ RunTime:0.002610s ]
INFO: [ view_filter ] --END-- [ RunTime:0.012155s ]
INFO: [ view_end ] --START--
INFO: Run ShowPageTrace Behavior [ RunTime:0.002853s ]
INFO: [ view_end ] --END-- [ RunTime:0.003035s ]

[ 2015-10-21T20:33:38+08:00 ] 127.0.0.1 /jiuye/index.php/Donate/juanzeng
INFO: [ route_check ] --START--
INFO: Run CheckRoute Behavior [ RunTime:0.002521s ]
INFO: [ route_check ] --END-- [ RunTime:0.002715s ]
INFO: [ app_begin ] --START--
INFO: Run ReadHtmlCache Behavior [ RunTime:0.001874s ]
INFO: [ app_begin ] --END-- [ RunTime:0.002045s ]
NOTIC: [2] Missing argument 4 for PublicAction::pages(), called in D:\xampp\htdocs\Jiuye\Work\Lib\Action\DonateAction.class.php on line 24 and defined D:\xampp\htdocs\Jiuye\Work\Lib\Action\PublicAction.class.php 第 44 行.
SQL: SHOW COLUMNS FROM `w_donate` [ RunTime:0.003495s ]
SQL: SELECT COUNT(*) AS tp_count FROM `w_donate` LIMIT 1   [ RunTime:0.000488s ]
NOTIC: [8] Undefined variable: where D:\xampp\htdocs\Jiuye\Work\Lib\Action\PublicAction.class.php 第 51 行.
SQL: SELECT * FROM `w_donate` WHERE ( 1 ) LIMIT 0,3   [ RunTime:0.000504s ]
SQL: SHOW COLUMNS FROM `w_typedonate` [ RunTime:0.004135s ]
SQL: SELECT * FROM `w_typedonate` WHERE ( 1=1 AND t_id='1' ) LIMIT 1   [ RunTime:0.002081s ]
SQL: SELECT * FROM `w_typedonate` WHERE ( 1=1 AND t_id='3' ) LIMIT 1   [ RunTime:0.000496s ]
SQL: SELECT * FROM `w_typedonate` WHERE ( 1=1 AND t_id='1' ) LIMIT 1   [ RunTime:0.000437s ]
INFO: [ view_template ] --START--
INFO: Run LocationTemplate Behavior [ RunTime:0.002264s ]
INFO: [ view_template ] --END-- [ RunTime:0.002398s ]
INFO: [ view_parse ] --START--
INFO: Run ParseTemplate Behavior [ RunTime:0.023692s ]
INFO: [ view_parse ] --END-- [ RunTime:0.023851s ]
INFO: [ view_filter ] --START--
INFO: Run ContentReplace Behavior [ RunTime:0.002065s ]
INFO: Run TokenBuild Behavior [ RunTime:0.001344s ]
INFO: Run WriteHtmlCache Behavior [ RunTime:0.001122s ]
INFO: Run ShowRuntime Behavior [ RunTime:0.001541s ]
INFO: [ view_filter ] --END-- [ RunTime:0.006413s ]
INFO: [ view_end ] --START--
INFO: Run ShowPageTrace Behavior [ RunTime:0.001807s ]
INFO: [ view_end ] --END-- [ RunTime:0.001925s ]

[ 2015-10-21T20:33:41+08:00 ] 127.0.0.1 /jiuye/index.php/Donate/add
INFO: [ route_check ] --START--
INFO: Run CheckRoute Behavior [ RunTime:0.001636s ]
INFO: [ route_check ] --END-- [ RunTime:0.001805s ]
INFO: [ app_begin ] --START--
INFO: Run ReadHtmlCache Behavior [ RunTime:0.001203s ]
INFO: [ app_begin ] --END-- [ RunTime:0.001348s ]
SQL: SHOW COLUMNS FROM `w_typedonate` [ RunTime:0.002766s ]
SQL: SELECT * FROM `w_typedonate`  [ RunTime:0.000908s ]
INFO: [ view_template ] --START--
INFO: Run LocationTemplate Behavior [ RunTime:0.001490s ]
INFO: [ view_template ] --END-- [ RunTime:0.001624s ]
INFO: [ view_parse ] --START--
INFO: Run ParseTemplate Behavior [ RunTime:0.029391s ]
INFO: [ view_parse ] --END-- [ RunTime:0.029551s ]
INFO: [ view_filter ] --START--
INFO: Run ContentReplace Behavior [ RunTime:0.001763s ]
INFO: Run TokenBuild Behavior [ RunTime:0.000690s ]
INFO: Run WriteHtmlCache Behavior [ RunTime:0.000428s ]
INFO: Run ShowRuntime Behavior [ RunTime:0.000831s ]
INFO: [ view_filter ] --END-- [ RunTime:0.004055s ]
INFO: [ view_end ] --START--
INFO: Run ShowPageTrace Behavior [ RunTime:0.001189s ]
INFO: [ view_end ] --END-- [ RunTime:0.001305s ]

[ 2015-10-21T20:39:58+08:00 ] 127.0.0.1 /jiuye/index.php/Donate/juanzeng
INFO: [ route_check ] --START--
INFO: Run CheckRoute Behavior [ RunTime:0.002397s ]
INFO: [ route_check ] --END-- [ RunTime:0.002588s ]
INFO: [ app_begin ] --START--
INFO: Run ReadHtmlCache Behavior [ RunTime:0.002014s ]
INFO: [ app_begin ] --END-- [ RunTime:0.002236s ]
NOTIC: [2] Missing argument 4 for PublicAction::pages(), called in D:\xampp\htdocs\Jiuye\Work\Lib\Action\DonateAction.class.php on line 24 and defined D:\xampp\htdocs\Jiuye\Work\Lib\Action\PublicAction.class.php 第 44 行.
SQL: SHOW COLUMNS FROM `w_donate` [ RunTime:0.105451s ]
SQL: SELECT COUNT(*) AS tp_count FROM `w_donate` LIMIT 1   [ RunTime:0.001002s ]
NOTIC: [8] Undefined variable: where D:\xampp\htdocs\Jiuye\Work\Lib\Action\PublicAction.class.php 第 51 行.
SQL: SELECT * FROM `w_donate` WHERE ( 1 ) LIMIT 0,3   [ RunTime:0.000913s ]
SQL: SHOW COLUMNS FROM `w_typedonate` [ RunTime:0.003902s ]
SQL: SELECT * FROM `w_typedonate` WHERE ( 1=1 AND t_id='1' ) LIMIT 1   [ RunTime:0.001200s ]
SQL: SELECT * FROM `w_typedonate` WHERE ( 1=1 AND t_id='3' ) LIMIT 1   [ RunTime:0.000776s ]
SQL: SELECT * FROM `w_typedonate` WHERE ( 1=1 AND t_id='1' ) LIMIT 1   [ RunTime:0.000759s ]
INFO: [ view_template ] --START--
INFO: Run LocationTemplate Behavior [ RunTime:0.004058s ]
INFO: [ view_template ] --END-- [ RunTime:0.004352s ]
INFO: [ view_parse ] --START--
INFO: Run ParseTemplate Behavior [ RunTime:0.035838s ]
INFO: [ view_parse ] --END-- [ RunTime:0.036069s ]
INFO: [ view_filter ] --START--
INFO: Run ContentReplace Behavior [ RunTime:0.003095s ]
INFO: Run TokenBuild Behavior [ RunTime:0.002026s ]
INFO: Run WriteHtmlCache Behavior [ RunTime:0.001798s ]
INFO: Run ShowRuntime Behavior [ RunTime:0.003267s ]
INFO: [ view_filter ] --END-- [ RunTime:0.010850s ]
INFO: [ view_end ] --START--
INFO: Run ShowPageTrace Behavior [ RunTime:0.003895s ]
INFO: [ view_end ] --END-- [ RunTime:0.004290s ]

[ 2015-10-21T20:40:02+08:00 ] 127.0.0.1 /jiuye/index.php/Member/huiyuan
INFO: [ route_check ] --START--
INFO: Run CheckRoute Behavior [ RunTime:0.001817s ]
INFO: [ route_check ] --END-- [ RunTime:0.002130s ]
INFO: [ app_begin ] --START--
INFO: Run ReadHtmlCache Behavior [ RunTime:0.001556s ]
INFO: [ app_begin ] --END-- [ RunTime:0.001866s ]
NOTIC: [8] Undefined index:  mname D:\xampp\htdocs\Jiuye\Work\Lib\Action\MemberAction.class.php 第 11 行.
NOTIC: [8] Undefined variable: where D:\xampp\htdocs\Jiuye\Work\Lib\Action\MemberAction.class.php 第 16 行.
SQL: SHOW COLUMNS FROM `w_member` [ RunTime:0.002964s ]
SQL: SELECT COUNT(*) AS tp_count FROM `w_member` LIMIT 1   [ RunTime:0.000526s ]
SQL: SELECT * FROM `w_member` WHERE ( 1 ) LIMIT 0,3   [ RunTime:0.000568s ]
SQL: SHOW COLUMNS FROM `w_membertype` [ RunTime:0.003564s ]
SQL: SELECT * FROM `w_membertype` WHERE ( 1=1 AND mt_id='5' ) LIMIT 1   [ RunTime:0.000717s ]
SQL: SELECT * FROM `w_membertype` WHERE ( 1=1 AND mt_id='1' ) LIMIT 1   [ RunTime:0.000464s ]
SQL: SELECT * FROM `w_membertype` WHERE ( 1=1 AND mt_id='5' ) LIMIT 1   [ RunTime:0.000452s ]
INFO: [ view_template ] --START--
INFO: Run LocationTemplate Behavior [ RunTime:0.001849s ]
INFO: [ view_template ] --END-- [ RunTime:0.001982s ]
INFO: [ view_parse ] --START--
INFO: Run ParseTemplate Behavior [ RunTime:0.022376s ]
INFO: [ view_parse ] --END-- [ RunTime:0.022533s ]
INFO: [ view_filter ] --START--
INFO: Run ContentReplace Behavior [ RunTime:0.001786s ]
INFO: Run TokenBuild Behavior [ RunTime:0.000645s ]
INFO: Run WriteHtmlCache Behavior [ RunTime:0.000424s ]
INFO: Run ShowRuntime Behavior [ RunTime:0.000806s ]
INFO: [ view_filter ] --END-- [ RunTime:0.003990s ]
INFO: [ view_end ] --START--
INFO: Run ShowPageTrace Behavior [ RunTime:0.001087s ]
INFO: [ view_end ] --END-- [ RunTime:0.001199s ]

[ 2015-10-21T20:40:03+08:00 ] 127.0.0.1 /jiuye/index.php/Member/add
INFO: [ route_check ] --START--
INFO: Run CheckRoute Behavior [ RunTime:0.001637s ]
INFO: [ route_check ] --END-- [ RunTime:0.001807s ]
INFO: [ app_begin ] --START--
INFO: Run ReadHtmlCache Behavior [ RunTime:0.001173s ]
INFO: [ app_begin ] --END-- [ RunTime:0.001309s ]
SQL: SHOW COLUMNS FROM `w_member` [ RunTime:0.002879s ]
NOTIC: [8] Undefined index:  sub D:\xampp\htdocs\Jiuye\Work\Lib\Action\MemberAction.class.php 第 66 行.
SQL: SHOW COLUMNS FROM `w_membertype` [ RunTime:0.002611s ]
SQL: SELECT * FROM `w_membertype`  [ RunTime:0.000504s ]
INFO: [ view_template ] --START--
INFO: Run LocationTemplate Behavior [ RunTime:0.001782s ]
INFO: [ view_template ] --END-- [ RunTime:0.001914s ]
INFO: [ view_parse ] --START--
INFO: Run ParseTemplate Behavior [ RunTime:0.017367s ]
INFO: [ view_parse ] --END-- [ RunTime:0.017515s ]
INFO: [ view_filter ] --START--
INFO: Run ContentReplace Behavior [ RunTime:0.001660s ]
INFO: Run TokenBuild Behavior [ RunTime:0.000644s ]
INFO: Run WriteHtmlCache Behavior [ RunTime:0.000418s ]
INFO: Run ShowRuntime Behavior [ RunTime:0.000795s ]
INFO: [ view_filter ] --END-- [ RunTime:0.003848s ]
INFO: [ view_end ] --START--
INFO: Run ShowPageTrace Behavior [ RunTime:0.001085s ]
INFO: [ view_end ] --END-- [ RunTime:0.001197s ]

[ 2015-10-21T20:40:14+08:00 ] 127.0.0.1 /jiuye/index.php/Member/huiyuan
INFO: [ route_check ] --START--
INFO: Run CheckRoute Behavior [ RunTime:0.001671s ]
INFO: [ route_check ] --END-- [ RunTime:0.001918s ]
INFO: [ app_begin ] --START--
INFO: Run ReadHtmlCache Behavior [ RunTime:0.001011s ]
INFO: [ app_begin ] --END-- [ RunTime:0.001139s ]
NOTIC: [8] Undefined index:  mname D:\xampp\htdocs\Jiuye\Work\Lib\Action\MemberAction.class.php 第 11 行.
NOTIC: [8] Undefined variable: where D:\xampp\htdocs\Jiuye\Work\Lib\Action\MemberAction.class.php 第 16 行.
SQL: SHOW COLUMNS FROM `w_member` [ RunTime:0.003024s ]
SQL: SELECT COUNT(*) AS tp_count FROM `w_member` LIMIT 1   [ RunTime:0.000609s ]
SQL: SELECT * FROM `w_member` WHERE ( 1 ) LIMIT 0,3   [ RunTime:0.000584s ]
SQL: SHOW COLUMNS FROM `w_membertype` [ RunTime:0.002821s ]
SQL: SELECT * FROM `w_membertype` WHERE ( 1=1 AND mt_id='5' ) LIMIT 1   [ RunTime:0.000907s ]
SQL: SELECT * FROM `w_membertype` WHERE ( 1=1 AND mt_id='1' ) LIMIT 1   [ RunTime:0.000565s ]
SQL: SELECT * FROM `w_membertype` WHERE ( 1=1 AND mt_id='5' ) LIMIT 1   [ RunTime:0.000514s ]
INFO: [ view_template ] --START--
INFO: Run LocationTemplate Behavior [ RunTime:0.001835s ]
INFO: [ view_template ] --END-- [ RunTime:0.001969s ]
INFO: [ view_parse ] --START--
INFO: Run ParseTemplate Behavior [ RunTime:0.022257s ]
INFO: [ view_parse ] --END-- [ RunTime:0.022412s ]
INFO: [ view_filter ] --START--
INFO: Run ContentReplace Behavior [ RunTime:0.001733s ]
INFO: Run TokenBuild Behavior [ RunTime:0.000831s ]
INFO: Run WriteHtmlCache Behavior [ RunTime:0.000632s ]
INFO: Run ShowRuntime Behavior [ RunTime:0.001212s ]
INFO: [ view_filter ] --END-- [ RunTime:0.004872s ]
INFO: [ view_end ] --START--
INFO: Run ShowPageTrace Behavior [ RunTime:0.001447s ]
INFO: [ view_end ] --END-- [ RunTime:0.001581s ]

