[ 2015-10-27T07:44:07+08:00 ] 127.0.0.1 /jiuye/index.php/Index/login
INFO: [ route_check ] --START--
INFO: Run CheckRoute Behavior [ RunTime:0.014467s ]
INFO: [ route_check ] --END-- [ RunTime:0.014800s ]
INFO: [ app_begin ] --START--
INFO: Run ReadHtmlCache Behavior [ RunTime:0.027871s ]
INFO: [ app_begin ] --END-- [ RunTime:0.028283s ]
INFO: [ view_template ] --START--
INFO: Run LocationTemplate Behavior [ RunTime:0.059718s ]
INFO: [ view_template ] --END-- [ RunTime:0.060025s ]
INFO: [ view_parse ] --START--
INFO: Run ParseTemplate Behavior [ RunTime:0.099662s ]
INFO: [ view_parse ] --END-- [ RunTime:0.099949s ]
INFO: [ view_filter ] --START--
INFO: Run ContentReplace Behavior [ RunTime:0.019942s ]
INFO: Run TokenBuild Behavior [ RunTime:0.027677s ]
INFO: Run WriteHtmlCache Behavior [ RunTime:0.005512s ]
INFO: Run ShowRuntime Behavior [ RunTime:0.011591s ]
INFO: [ view_filter ] --END-- [ RunTime:0.065469s ]
INFO: [ view_end ] --START--
INFO: Run ShowPageTrace Behavior [ RunTime:0.016528s ]
INFO: [ view_end ] --END-- [ RunTime:0.016763s ]

[ 2015-10-27T07:44:18+08:00 ] 127.0.0.1 /jiuye/index.php/Index/login
INFO: [ route_check ] --START--
INFO: Run CheckRoute Behavior [ RunTime:0.002822s ]
INFO: [ route_check ] --END-- [ RunTime:0.003040s ]
INFO: [ app_begin ] --START--
INFO: Run ReadHtmlCache Behavior [ RunTime:0.000953s ]
INFO: [ app_begin ] --END-- [ RunTime:0.001058s ]
SQL: SHOW COLUMNS FROM `w_manage` [ RunTime:0.039781s ]
SQL: SELECT * FROM `w_manage` WHERE ( m_name='g18953827837' && m_pwd=123 )  [ RunTime:0.001326s ]
INFO: [ view_template ] --START--
INFO: Run LocationTemplate Behavior [ RunTime:0.005858s ]
INFO: [ view_template ] --END-- [ RunTime:0.006181s ]
INFO: [ view_parse ] --START--
INFO: Run ParseTemplate Behavior [ RunTime:0.077696s ]
INFO: [ view_parse ] --END-- [ RunTime:0.077992s ]
INFO: [ view_filter ] --START--
INFO: Run ContentReplace Behavior [ RunTime:0.005412s ]
INFO: Run TokenBuild Behavior [ RunTime:0.004552s ]
INFO: Run WriteHtmlCache Behavior [ RunTime:0.002732s ]
INFO: Run ShowRuntime Behavior [ RunTime:0.003198s ]
INFO: [ view_filter ] --END-- [ RunTime:0.016789s ]
INFO: [ view_end ] --START--
INFO: Run ShowPageTrace Behavior [ RunTime:0.003889s ]
INFO: [ view_end ] --END-- [ RunTime:0.004074s ]

[ 2015-10-27T07:44:19+08:00 ] 127.0.0.1 /jiuye/index.php/Index/shouye
INFO: [ route_check ] --START--
INFO: Run CheckRoute Behavior [ RunTime:0.003065s ]
INFO: [ route_check ] --END-- [ RunTime:0.003401s ]
INFO: [ app_begin ] --START--
INFO: Run ReadHtmlCache Behavior [ RunTime:0.001710s ]
INFO: [ app_begin ] --END-- [ RunTime:0.001989s ]
INFO: [ view_template ] --START--
INFO: Run LocationTemplate Behavior [ RunTime:0.009567s ]
INFO: [ view_template ] --END-- [ RunTime:0.009772s ]
INFO: [ view_parse ] --START--
INFO: Run ParseTemplate Behavior [ RunTime:0.039777s ]
INFO: [ view_parse ] --END-- [ RunTime:0.040079s ]
INFO: [ view_filter ] --START--
INFO: Run ContentReplace Behavior [ RunTime:0.003085s ]
INFO: Run TokenBuild Behavior [ RunTime:0.003077s ]
INFO: Run WriteHtmlCache Behavior [ RunTime:0.002749s ]
INFO: Run ShowRuntime Behavior [ RunTime:0.002478s ]
INFO: [ view_filter ] --END-- [ RunTime:0.011922s ]
INFO: [ view_end ] --START--
INFO: Run ShowPageTrace Behavior [ RunTime:0.002512s ]
INFO: [ view_end ] --END-- [ RunTime:0.002652s ]

[ 2015-10-27T07:44:20+08:00 ] 127.0.0.1 /jiuye/index.php/Index/top.html
INFO: [ route_check ] --START--
INFO: Run CheckRoute Behavior [ RunTime:0.002358s ]
INFO: [ route_check ] --END-- [ RunTime:0.002609s ]
INFO: [ app_begin ] --START--
INFO: Run ReadHtmlCache Behavior [ RunTime:0.001002s ]
INFO: [ app_begin ] --END-- [ RunTime:0.001131s ]
INFO: [ view_template ] --START--
INFO: Run LocationTemplate Behavior [ RunTime:0.002410s ]
INFO: [ view_template ] --END-- [ RunTime:0.002635s ]
INFO: [ view_parse ] --START--
INFO: Run ParseTemplate Behavior [ RunTime:0.041265s ]
INFO: [ view_parse ] --END-- [ RunTime:0.041459s ]
INFO: [ view_filter ] --START--
INFO: Run ContentReplace Behavior [ RunTime:0.001068s ]
INFO: Run TokenBuild Behavior [ RunTime:0.001015s ]
INFO: Run WriteHtmlCache Behavior [ RunTime:0.000891s ]
INFO: Run ShowRuntime Behavior [ RunTime:0.001070s ]
INFO: [ view_filter ] --END-- [ RunTime:0.004241s ]
INFO: [ view_end ] --START--
INFO: Run ShowPageTrace Behavior [ RunTime:0.001587s ]
INFO: [ view_end ] --END-- [ RunTime:0.001763s ]

[ 2015-10-27T07:44:20+08:00 ] 127.0.0.1 /jiuye/index.php/Index/left.html
INFO: [ route_check ] --START--
INFO: Run CheckRoute Behavior [ RunTime:0.005541s ]
INFO: [ route_check ] --END-- [ RunTime:0.005706s ]
INFO: [ app_begin ] --START--
INFO: Run ReadHtmlCache Behavior [ RunTime:0.001316s ]
INFO: [ app_begin ] --END-- [ RunTime:0.001404s ]
INFO: [ view_template ] --START--
INFO: Run LocationTemplate Behavior [ RunTime:0.001638s ]
INFO: [ view_template ] --END-- [ RunTime:0.001752s ]
INFO: [ view_parse ] --START--
INFO: Run ParseTemplate Behavior [ RunTime:0.071200s ]
INFO: [ view_parse ] --END-- [ RunTime:0.071324s ]
INFO: [ view_filter ] --START--
INFO: Run ContentReplace Behavior [ RunTime:0.001262s ]
INFO: Run TokenBuild Behavior [ RunTime:0.000940s ]
INFO: Run WriteHtmlCache Behavior [ RunTime:0.000857s ]
INFO: Run ShowRuntime Behavior [ RunTime:0.001084s ]
INFO: [ view_filter ] --END-- [ RunTime:0.004331s ]
INFO: [ view_end ] --START--
INFO: Run ShowPageTrace Behavior [ RunTime:0.001594s ]
INFO: [ view_end ] --END-- [ RunTime:0.001667s ]

[ 2015-10-27T07:44:20+08:00 ] 127.0.0.1 /jiuye/index.php/Index/index.html
INFO: [ route_check ] --START--
INFO: Run CheckRoute Behavior [ RunTime:0.001369s ]
INFO: [ route_check ] --END-- [ RunTime:0.001473s ]
INFO: [ app_begin ] --START--
INFO: Run ReadHtmlCache Behavior [ RunTime:0.000903s ]
INFO: [ app_begin ] --END-- [ RunTime:0.000990s ]
INFO: [ view_template ] --START--
INFO: Run LocationTemplate Behavior [ RunTime:0.000968s ]
INFO: [ view_template ] --END-- [ RunTime:0.001070s ]
INFO: [ view_parse ] --START--
INFO: Run ParseTemplate Behavior [ RunTime:0.067312s ]
INFO: [ view_parse ] --END-- [ RunTime:0.067432s ]
INFO: [ view_filter ] --START--
INFO: Run ContentReplace Behavior [ RunTime:0.000805s ]
INFO: Run TokenBuild Behavior [ RunTime:0.000759s ]
INFO: Run WriteHtmlCache Behavior [ RunTime:0.000636s ]
INFO: Run ShowRuntime Behavior [ RunTime:0.000993s ]
INFO: [ view_filter ] --END-- [ RunTime:0.003442s ]
INFO: [ view_end ] --START--
INFO: Run ShowPageTrace Behavior [ RunTime:0.001339s ]
INFO: [ view_end ] --END-- [ RunTime:0.001429s ]

[ 2015-10-27T08:42:55+08:00 ] 127.0.0.1 /jiuye/index.php/Applyjob/qiuzhi
INFO: [ route_check ] --START--
INFO: Run CheckRoute Behavior [ RunTime:0.003432s ]
INFO: [ route_check ] --END-- [ RunTime:0.003768s ]
INFO: [ app_begin ] --START--
INFO: Run ReadHtmlCache Behavior [ RunTime:0.001790s ]
INFO: [ app_begin ] --END-- [ RunTime:0.001939s ]
SQL: SHOW COLUMNS FROM `w_applyjob` [ RunTime:0.001760s ]
NOTIC: [8] Undefined index:  name D:\xampp\htdocs\Jiuye\Work\Lib\Action\ApplyjobAction.class.php 第 17 行.
NOTIC: [8] Undefined index:  work D:\xampp\htdocs\Jiuye\Work\Lib\Action\ApplyjobAction.class.php 第 21 行.
NOTIC: [8] Undefined variable: where D:\xampp\htdocs\Jiuye\Work\Lib\Action\ApplyjobAction.class.php 第 28 行.
SQL: SHOW COLUMNS FROM `w_applyjob` [ RunTime:0.001577s ]
SQL: SELECT COUNT(*) AS tp_count FROM `w_applyjob` LIMIT 1   [ RunTime:0.000360s ]
SQL: SELECT * FROM `w_applyjob` WHERE ( 1 ) LIMIT 0,3   [ RunTime:0.000343s ]
SQL: SELECT * FROM `w_applyjob` GROUP BY aj_post  [ RunTime:0.000516s ]
INFO: [ view_template ] --START--
INFO: Run LocationTemplate Behavior [ RunTime:0.001688s ]
INFO: [ view_template ] --END-- [ RunTime:0.001758s ]
INFO: [ view_parse ] --START--
INFO: Run ParseTemplate Behavior [ RunTime:0.028189s ]
INFO: [ view_parse ] --END-- [ RunTime:0.028308s ]
INFO: [ view_filter ] --START--
INFO: Run ContentReplace Behavior [ RunTime:0.001035s ]
INFO: Run TokenBuild Behavior [ RunTime:0.000873s ]
INFO: Run WriteHtmlCache Behavior [ RunTime:0.000772s ]
INFO: Run ShowRuntime Behavior [ RunTime:0.000942s ]
INFO: [ view_filter ] --END-- [ RunTime:0.003790s ]
INFO: [ view_end ] --START--
INFO: Run ShowPageTrace Behavior [ RunTime:0.001343s ]
INFO: [ view_end ] --END-- [ RunTime:0.001398s ]

[ 2015-10-27T08:43:12+08:00 ] 127.0.0.1 /jiuye/index.php/Applyjob/see/id/1
INFO: [ route_check ] --START--
INFO: Run CheckRoute Behavior [ RunTime:0.001448s ]
INFO: [ route_check ] --END-- [ RunTime:0.001560s ]
INFO: [ app_begin ] --START--
INFO: Run ReadHtmlCache Behavior [ RunTime:0.000934s ]
INFO: [ app_begin ] --END-- [ RunTime:0.001035s ]
SQL: SHOW COLUMNS FROM `w_applyjob` [ RunTime:0.002561s ]
SQL: SELECT * FROM `w_applyjob` WHERE ( aj_id=1 ) LIMIT 1   [ RunTime:0.000557s ]
INFO: [ view_template ] --START--
INFO: Run LocationTemplate Behavior [ RunTime:0.114497s ]
INFO: [ view_template ] --END-- [ RunTime:0.114714s ]
INFO: [ view_parse ] --START--
INFO: Run ParseTemplate Behavior [ RunTime:0.052723s ]
INFO: [ view_parse ] --END-- [ RunTime:0.052987s ]
INFO: [ view_filter ] --START--
INFO: Run ContentReplace Behavior [ RunTime:0.002958s ]
INFO: Run TokenBuild Behavior [ RunTime:0.003860s ]
INFO: Run WriteHtmlCache Behavior [ RunTime:0.002697s ]
INFO: Run ShowRuntime Behavior [ RunTime:0.003687s ]
INFO: [ view_filter ] --END-- [ RunTime:0.013843s ]
INFO: [ view_end ] --START--
INFO: Run ShowPageTrace Behavior [ RunTime:0.004079s ]
INFO: [ view_end ] --END-- [ RunTime:0.004268s ]

[ 2015-10-27T09:37:55+08:00 ] 127.0.0.1 /jiuye/index.php/Applyjob/qiuzhi
INFO: [ route_check ] --START--
INFO: Run CheckRoute Behavior [ RunTime:0.001571s ]
INFO: [ route_check ] --END-- [ RunTime:0.001678s ]
INFO: [ app_begin ] --START--
INFO: Run ReadHtmlCache Behavior [ RunTime:0.001259s ]
INFO: [ app_begin ] --END-- [ RunTime:0.001361s ]
INFO: [ view_template ] --START--
INFO: Run LocationTemplate Behavior [ RunTime:0.003203s ]
INFO: [ view_template ] --END-- [ RunTime:0.003406s ]
INFO: [ view_parse ] --START--
INFO: Run ParseTemplate Behavior [ RunTime:0.013679s ]
INFO: [ view_parse ] --END-- [ RunTime:0.013831s ]
INFO: [ view_filter ] --START--
INFO: Run ContentReplace Behavior [ RunTime:0.001033s ]
INFO: Run TokenBuild Behavior [ RunTime:0.000969s ]
INFO: Run WriteHtmlCache Behavior [ RunTime:0.000782s ]
INFO: Run ShowRuntime Behavior [ RunTime:0.001027s ]
INFO: [ view_filter ] --END-- [ RunTime:0.004043s ]
INFO: [ view_end ] --START--
INFO: Run ShowPageTrace Behavior [ RunTime:0.001309s ]
INFO: [ view_end ] --END-- [ RunTime:0.001398s ]
SQL: SHOW COLUMNS FROM `w_applyjob` [ RunTime:0.002178s ]
NOTIC: [8] Undefined index:  name D:\xampp\htdocs\Jiuye\Work\Lib\Action\ApplyjobAction.class.php 第 17 行.
NOTIC: [8] Undefined index:  work D:\xampp\htdocs\Jiuye\Work\Lib\Action\ApplyjobAction.class.php 第 21 行.
NOTIC: [8] Undefined variable: where D:\xampp\htdocs\Jiuye\Work\Lib\Action\ApplyjobAction.class.php 第 28 行.
SQL: SHOW COLUMNS FROM `w_applyjob` [ RunTime:0.002000s ]
SQL: SELECT COUNT(*) AS tp_count FROM `w_applyjob` LIMIT 1   [ RunTime:0.001284s ]
SQL: SELECT * FROM `w_applyjob` WHERE ( 1 ) LIMIT 0,3   [ RunTime:0.000560s ]
SQL: SELECT * FROM `w_applyjob` GROUP BY aj_post  [ RunTime:0.000707s ]
INFO: [ view_template ] --START--
INFO: Run LocationTemplate Behavior [ RunTime:0.000858s ]
INFO: [ view_template ] --END-- [ RunTime:-0.047017s ]
INFO: [ view_parse ] --START--
INFO: Run ParseTemplate Behavior [ RunTime:0.006221s ]
INFO: [ view_parse ] --END-- [ RunTime:-0.034078s ]
INFO: [ view_filter ] --START--
INFO: Run ContentReplace Behavior [ RunTime:0.000081s ]
INFO: Run TokenBuild Behavior [ RunTime:0.000040s ]
INFO: Run WriteHtmlCache Behavior [ RunTime:0.000012s ]
INFO: Run ShowRuntime Behavior [ RunTime:0.000060s ]
INFO: [ view_filter ] --END-- [ RunTime:-0.036332s ]
INFO: [ view_end ] --START--
INFO: Run ShowPageTrace Behavior [ RunTime:0.000033s ]
INFO: [ view_end ] --END-- [ RunTime:-0.035266s ]

[ 2015-10-27T09:37:56+08:00 ] 127.0.0.1 /jiuye/index.php/Index/login
INFO: [ route_check ] --START--
INFO: Run CheckRoute Behavior [ RunTime:0.004869s ]
INFO: [ route_check ] --END-- [ RunTime:0.005338s ]
INFO: [ app_begin ] --START--
INFO: Run ReadHtmlCache Behavior [ RunTime:0.002270s ]
INFO: [ app_begin ] --END-- [ RunTime:0.002441s ]
INFO: [ view_template ] --START--
INFO: Run LocationTemplate Behavior [ RunTime:0.004909s ]
INFO: [ view_template ] --END-- [ RunTime:0.005178s ]
INFO: [ view_parse ] --START--
INFO: Run ParseTemplate Behavior [ RunTime:0.026418s ]
INFO: [ view_parse ] --END-- [ RunTime:0.026721s ]
INFO: [ view_filter ] --START--
INFO: Run ContentReplace Behavior [ RunTime:0.002195s ]
INFO: Run TokenBuild Behavior [ RunTime:0.002009s ]
INFO: Run WriteHtmlCache Behavior [ RunTime:0.001720s ]
INFO: Run ShowRuntime Behavior [ RunTime:0.002297s ]
INFO: [ view_filter ] --END-- [ RunTime:0.008643s ]
INFO: [ view_end ] --START--
INFO: Run ShowPageTrace Behavior [ RunTime:0.004896s ]
INFO: [ view_end ] --END-- [ RunTime:0.005112s ]

[ 2015-10-27T09:38:10+08:00 ] 127.0.0.1 /jiuye/index.php/Index/login
INFO: [ route_check ] --START--
INFO: Run CheckRoute Behavior [ RunTime:0.003763s ]
INFO: [ route_check ] --END-- [ RunTime:0.004067s ]
INFO: [ app_begin ] --START--
INFO: Run ReadHtmlCache Behavior [ RunTime:0.001166s ]
INFO: [ app_begin ] --END-- [ RunTime:0.001297s ]
SQL: SHOW COLUMNS FROM `w_manage` [ RunTime:0.004463s ]
SQL: SELECT * FROM `w_manage` WHERE ( m_name='g18953827837' && m_pwd=123 )  [ RunTime:0.000778s ]
INFO: [ view_template ] --START--
INFO: Run LocationTemplate Behavior [ RunTime:0.001690s ]
INFO: [ view_template ] --END-- [ RunTime:0.001807s ]
INFO: [ view_parse ] --START--
INFO: Run ParseTemplate Behavior [ RunTime:0.011381s ]
INFO: [ view_parse ] --END-- [ RunTime:0.011541s ]
INFO: [ view_filter ] --START--
INFO: Run ContentReplace Behavior [ RunTime:0.000964s ]
INFO: Run TokenBuild Behavior [ RunTime:0.000920s ]
INFO: Run WriteHtmlCache Behavior [ RunTime:0.001015s ]
INFO: Run ShowRuntime Behavior [ RunTime:0.001150s ]
INFO: [ view_filter ] --END-- [ RunTime:0.004247s ]
INFO: [ view_end ] --START--
INFO: Run ShowPageTrace Behavior [ RunTime:0.001363s ]
INFO: [ view_end ] --END-- [ RunTime:0.001447s ]

[ 2015-10-27T09:38:11+08:00 ] 127.0.0.1 /jiuye/index.php/Index/shouye
INFO: [ route_check ] --START--
INFO: Run CheckRoute Behavior [ RunTime:0.004223s ]
INFO: [ route_check ] --END-- [ RunTime:0.004451s ]
INFO: [ app_begin ] --START--
INFO: Run ReadHtmlCache Behavior [ RunTime:0.002288s ]
INFO: [ app_begin ] --END-- [ RunTime:0.002484s ]
INFO: [ view_template ] --START--
INFO: Run LocationTemplate Behavior [ RunTime:0.002791s ]
INFO: [ view_template ] --END-- [ RunTime:0.002977s ]
INFO: [ view_parse ] --START--
INFO: Run ParseTemplate Behavior [ RunTime:0.018520s ]
INFO: [ view_parse ] --END-- [ RunTime:0.018714s ]
INFO: [ view_filter ] --START--
INFO: Run ContentReplace Behavior [ RunTime:0.002341s ]
INFO: Run TokenBuild Behavior [ RunTime:0.002811s ]
INFO: Run WriteHtmlCache Behavior [ RunTime:0.001663s ]
INFO: Run ShowRuntime Behavior [ RunTime:0.002098s ]
INFO: [ view_filter ] --END-- [ RunTime:0.009441s ]
INFO: [ view_end ] --START--
INFO: Run ShowPageTrace Behavior [ RunTime:0.002440s ]
INFO: [ view_end ] --END-- [ RunTime:0.002578s ]

[ 2015-10-27T09:38:11+08:00 ] 127.0.0.1 /jiuye/index.php/Index/left.html
INFO: [ route_check ] --START--
INFO: Run CheckRoute Behavior [ RunTime:0.003127s ]
INFO: [ route_check ] --END-- [ RunTime:0.003328s ]
INFO: [ app_begin ] --START--
INFO: Run ReadHtmlCache Behavior [ RunTime:0.001084s ]
INFO: [ app_begin ] --END-- [ RunTime:0.001173s ]
INFO: [ view_template ] --START--
INFO: Run LocationTemplate Behavior [ RunTime:0.001718s ]
INFO: [ view_template ] --END-- [ RunTime:0.001840s ]
INFO: [ view_parse ] --START--
INFO: Run ParseTemplate Behavior [ RunTime:0.013232s ]
INFO: [ view_parse ] --END-- [ RunTime:0.013348s ]
INFO: [ view_filter ] --START--
INFO: Run ContentReplace Behavior [ RunTime:0.001022s ]
INFO: Run TokenBuild Behavior [ RunTime:0.001032s ]
INFO: Run WriteHtmlCache Behavior [ RunTime:0.001089s ]
INFO: Run ShowRuntime Behavior [ RunTime:0.001494s ]
INFO: [ view_filter ] --END-- [ RunTime:0.004916s ]
INFO: [ view_end ] --START--
INFO: Run ShowPageTrace Behavior [ RunTime:0.001991s ]
INFO: [ view_end ] --END-- [ RunTime:0.002069s ]

[ 2015-10-27T09:38:11+08:00 ] 127.0.0.1 /jiuye/index.php/Index/top.html
INFO: [ route_check ] --START--
INFO: Run CheckRoute Behavior [ RunTime:0.003829s ]
INFO: [ route_check ] --END-- [ RunTime:0.003995s ]
INFO: [ app_begin ] --START--
INFO: Run ReadHtmlCache Behavior [ RunTime:0.001628s ]
INFO: [ app_begin ] --END-- [ RunTime:0.001732s ]
INFO: [ view_template ] --START--
INFO: Run LocationTemplate Behavior [ RunTime:0.002143s ]
INFO: [ view_template ] --END-- [ RunTime:0.002319s ]
INFO: [ view_parse ] --START--
INFO: Run ParseTemplate Behavior [ RunTime:0.015757s ]
INFO: [ view_parse ] --END-- [ RunTime:0.016191s ]
INFO: [ view_filter ] --START--
INFO: Run ContentReplace Behavior [ RunTime:0.001175s ]
INFO: Run TokenBuild Behavior [ RunTime:0.001016s ]
INFO: Run WriteHtmlCache Behavior [ RunTime:0.000888s ]
INFO: Run ShowRuntime Behavior [ RunTime:0.001408s ]
INFO: [ view_filter ] --END-- [ RunTime:0.004711s ]
INFO: [ view_end ] --START--
INFO: Run ShowPageTrace Behavior [ RunTime:0.001906s ]
INFO: [ view_end ] --END-- [ RunTime:0.002016s ]

[ 2015-10-27T09:38:11+08:00 ] 127.0.0.1 /jiuye/index.php/Index/index.html
INFO: [ route_check ] --START--
INFO: Run CheckRoute Behavior [ RunTime:0.001962s ]
INFO: [ route_check ] --END-- [ RunTime:0.002119s ]
INFO: [ app_begin ] --START--
INFO: Run ReadHtmlCache Behavior [ RunTime:0.001236s ]
INFO: [ app_begin ] --END-- [ RunTime:0.001335s ]
INFO: [ view_template ] --START--
INFO: Run LocationTemplate Behavior [ RunTime:0.001151s ]
INFO: [ view_template ] --END-- [ RunTime:0.001260s ]
INFO: [ view_parse ] --START--
INFO: Run ParseTemplate Behavior [ RunTime:0.012682s ]
INFO: [ view_parse ] --END-- [ RunTime:0.012799s ]
INFO: [ view_filter ] --START--
INFO: Run ContentReplace Behavior [ RunTime:0.001066s ]
INFO: Run TokenBuild Behavior [ RunTime:0.001322s ]
INFO: Run WriteHtmlCache Behavior [ RunTime:0.001277s ]
INFO: Run ShowRuntime Behavior [ RunTime:0.001950s ]
INFO: [ view_filter ] --END-- [ RunTime:0.006086s ]
INFO: [ view_end ] --START--
INFO: Run ShowPageTrace Behavior [ RunTime:0.001620s ]
INFO: [ view_end ] --END-- [ RunTime:0.001734s ]

[ 2015-10-27T09:38:12+08:00 ] 127.0.0.1 /jiuye/index.php/Index/index.html
INFO: [ route_check ] --START--
INFO: Run CheckRoute Behavior [ RunTime:0.000968s ]
INFO: [ route_check ] --END-- [ RunTime:0.001091s ]
INFO: [ app_begin ] --START--
INFO: Run ReadHtmlCache Behavior [ RunTime:0.000570s ]
INFO: [ app_begin ] --END-- [ RunTime:0.000649s ]
INFO: [ view_template ] --START--
INFO: Run LocationTemplate Behavior [ RunTime:0.000841s ]
INFO: [ view_template ] --END-- [ RunTime:0.000921s ]
INFO: [ view_parse ] --START--
INFO: Run ParseTemplate Behavior [ RunTime:0.013634s ]
INFO: [ view_parse ] --END-- [ RunTime:0.013746s ]
INFO: [ view_filter ] --START--
INFO: Run ContentReplace Behavior [ RunTime:0.001119s ]
INFO: Run TokenBuild Behavior [ RunTime:0.001032s ]
INFO: Run WriteHtmlCache Behavior [ RunTime:0.000896s ]
INFO: Run ShowRuntime Behavior [ RunTime:0.001456s ]
INFO: [ view_filter ] --END-- [ RunTime:0.004733s ]
INFO: [ view_end ] --START--
INFO: Run ShowPageTrace Behavior [ RunTime:0.002460s ]
INFO: [ view_end ] --END-- [ RunTime:0.002554s ]

[ 2015-10-27T09:38:16+08:00 ] 127.0.0.1 /jiuye/index.php/Invite/zhaopin
INFO: [ route_check ] --START--
INFO: Run CheckRoute Behavior [ RunTime:0.001041s ]
INFO: [ route_check ] --END-- [ RunTime:0.001151s ]
INFO: [ app_begin ] --START--
INFO: Run ReadHtmlCache Behavior [ RunTime:0.000513s ]
INFO: [ app_begin ] --END-- [ RunTime:0.000577s ]
SQL: SHOW COLUMNS FROM `w_invite` [ RunTime:0.002927s ]
NOTIC: [8] Undefined index:  iname D:\xampp\htdocs\Jiuye\Work\Lib\Action\InviteAction.class.php 第 11 行.
NOTIC: [8] Undefined index:  rname D:\xampp\htdocs\Jiuye\Work\Lib\Action\InviteAction.class.php 第 15 行.
NOTIC: [8] Undefined index:  num D:\xampp\htdocs\Jiuye\Work\Lib\Action\InviteAction.class.php 第 19 行.
NOTIC: [8] Undefined variable: where D:\xampp\htdocs\Jiuye\Work\Lib\Action\InviteAction.class.php 第 26 行.
SQL: SHOW COLUMNS FROM `w_invite` [ RunTime:0.002007s ]
SQL: SELECT COUNT(*) AS tp_count FROM `w_invite` LIMIT 1   [ RunTime:0.000353s ]
SQL: SELECT * FROM `w_invite` WHERE ( 1 ) LIMIT 0,3   [ RunTime:0.000355s ]
SQL: SELECT * FROM `w_invite` ORDER BY i_name desc  [ RunTime:0.000548s ]
SQL: SELECT * FROM `w_invite` GROUP BY i_reward  [ RunTime:0.000542s ]
SQL: SELECT * FROM `w_invite` GROUP BY i_num  [ RunTime:0.000597s ]
INFO: [ view_template ] --START--
INFO: Run LocationTemplate Behavior [ RunTime:0.001362s ]
INFO: [ view_template ] --END-- [ RunTime:0.001464s ]
INFO: [ view_parse ] --START--
INFO: Run ParseTemplate Behavior [ RunTime:0.115853s ]
INFO: [ view_parse ] --END-- [ RunTime:0.115944s ]
INFO: [ view_filter ] --START--
INFO: Run ContentReplace Behavior [ RunTime:0.001071s ]
INFO: Run TokenBuild Behavior [ RunTime:0.000880s ]
INFO: Run WriteHtmlCache Behavior [ RunTime:0.000769s ]
INFO: Run ShowRuntime Behavior [ RunTime:0.000940s ]
INFO: [ view_filter ] --END-- [ RunTime:0.003826s ]
INFO: [ view_end ] --START--
INFO: Run ShowPageTrace Behavior [ RunTime:0.001139s ]
INFO: [ view_end ] --END-- [ RunTime:0.001201s ]

[ 2015-10-27T09:38:16+08:00 ] 127.0.0.1 /jiuye/index.php/Invite/zhaopin
INFO: [ route_check ] --START--
INFO: Run CheckRoute Behavior [ RunTime:0.001780s ]
INFO: [ route_check ] --END-- [ RunTime:0.002023s ]
INFO: [ app_begin ] --START--
INFO: Run ReadHtmlCache Behavior [ RunTime:0.000549s ]
INFO: [ app_begin ] --END-- [ RunTime:0.000630s ]
SQL: SHOW COLUMNS FROM `w_invite` [ RunTime:0.001984s ]
NOTIC: [8] Undefined index:  iname D:\xampp\htdocs\Jiuye\Work\Lib\Action\InviteAction.class.php 第 11 行.
NOTIC: [8] Undefined index:  rname D:\xampp\htdocs\Jiuye\Work\Lib\Action\InviteAction.class.php 第 15 行.
NOTIC: [8] Undefined index:  num D:\xampp\htdocs\Jiuye\Work\Lib\Action\InviteAction.class.php 第 19 行.
NOTIC: [8] Undefined variable: where D:\xampp\htdocs\Jiuye\Work\Lib\Action\InviteAction.class.php 第 26 行.
SQL: SHOW COLUMNS FROM `w_invite` [ RunTime:0.001707s ]
SQL: SELECT COUNT(*) AS tp_count FROM `w_invite` LIMIT 1   [ RunTime:0.000361s ]
SQL: SELECT * FROM `w_invite` WHERE ( 1 ) LIMIT 0,3   [ RunTime:0.000377s ]
SQL: SELECT * FROM `w_invite` ORDER BY i_name desc  [ RunTime:0.000378s ]
SQL: SELECT * FROM `w_invite` GROUP BY i_reward  [ RunTime:0.000452s ]
SQL: SELECT * FROM `w_invite` GROUP BY i_num  [ RunTime:0.000414s ]
INFO: [ view_template ] --START--
INFO: Run LocationTemplate Behavior [ RunTime:0.001146s ]
INFO: [ view_template ] --END-- [ RunTime:0.001261s ]
INFO: [ view_parse ] --START--
INFO: Run ParseTemplate Behavior [ RunTime:0.013673s ]
INFO: [ view_parse ] --END-- [ RunTime:0.013748s ]
INFO: [ view_filter ] --START--
INFO: Run ContentReplace Behavior [ RunTime:0.000465s ]
INFO: Run TokenBuild Behavior [ RunTime:0.000293s ]
INFO: Run WriteHtmlCache Behavior [ RunTime:0.000190s ]
INFO: Run ShowRuntime Behavior [ RunTime:0.000365s ]
INFO: [ view_filter ] --END-- [ RunTime:0.001462s ]
INFO: [ view_end ] --START--
INFO: Run ShowPageTrace Behavior [ RunTime:0.000551s ]
INFO: [ view_end ] --END-- [ RunTime:0.000605s ]

[ 2015-10-27T09:38:18+08:00 ] 127.0.0.1 /jiuye/index.php/Applyjob/qiuzhi
INFO: [ route_check ] --START--
INFO: Run CheckRoute Behavior [ RunTime:0.000972s ]
INFO: [ route_check ] --END-- [ RunTime:0.001085s ]
INFO: [ app_begin ] --START--
INFO: Run ReadHtmlCache Behavior [ RunTime:0.000528s ]
INFO: [ app_begin ] --END-- [ RunTime:0.000594s ]
SQL: SHOW COLUMNS FROM `w_applyjob` [ RunTime:0.002072s ]
NOTIC: [8] Undefined index:  name D:\xampp\htdocs\Jiuye\Work\Lib\Action\ApplyjobAction.class.php 第 17 行.
NOTIC: [8] Undefined index:  work D:\xampp\htdocs\Jiuye\Work\Lib\Action\ApplyjobAction.class.php 第 21 行.
NOTIC: [8] Undefined variable: where D:\xampp\htdocs\Jiuye\Work\Lib\Action\ApplyjobAction.class.php 第 28 行.
SQL: SHOW COLUMNS FROM `w_applyjob` [ RunTime:0.001782s ]
SQL: SELECT COUNT(*) AS tp_count FROM `w_applyjob` LIMIT 1   [ RunTime:0.000500s ]
SQL: SELECT * FROM `w_applyjob` WHERE ( 1 ) LIMIT 0,3   [ RunTime:0.000549s ]
SQL: SELECT * FROM `w_applyjob` GROUP BY aj_post  [ RunTime:0.000617s ]
INFO: [ view_template ] --START--
INFO: Run LocationTemplate Behavior [ RunTime:0.001164s ]
INFO: [ view_template ] --END-- [ RunTime:0.001255s ]
INFO: [ view_parse ] --START--
INFO: Run ParseTemplate Behavior [ RunTime:0.013199s ]
INFO: [ view_parse ] --END-- [ RunTime:0.013316s ]
INFO: [ view_filter ] --START--
INFO: Run ContentReplace Behavior [ RunTime:0.000441s ]
INFO: Run TokenBuild Behavior [ RunTime:0.000295s ]
INFO: Run WriteHtmlCache Behavior [ RunTime:0.000191s ]
INFO: Run ShowRuntime Behavior [ RunTime:0.000510s ]
INFO: [ view_filter ] --END-- [ RunTime:0.001603s ]
INFO: [ view_end ] --START--
INFO: Run ShowPageTrace Behavior [ RunTime:0.000728s ]
INFO: [ view_end ] --END-- [ RunTime:0.000784s ]

[ 2015-10-27T09:38:19+08:00 ] 127.0.0.1 /jiuye/index.php/Donate/juanzeng
INFO: [ route_check ] --START--
INFO: Run CheckRoute Behavior [ RunTime:0.001421s ]
INFO: [ route_check ] --END-- [ RunTime:0.001609s ]
INFO: [ app_begin ] --START--
INFO: Run ReadHtmlCache Behavior [ RunTime:0.000820s ]
INFO: [ app_begin ] --END-- [ RunTime:0.000984s ]
NOTIC: [2] Missing argument 4 for PublicAction::pages(), called in D:\xampp\htdocs\Jiuye\Work\Lib\Action\DonateAction.class.php on line 24 and defined D:\xampp\htdocs\Jiuye\Work\Lib\Action\PublicAction.class.php 第 44 行.
SQL: SHOW COLUMNS FROM `w_donate` [ RunTime:0.006306s ]
SQL: SELECT COUNT(*) AS tp_count FROM `w_donate` LIMIT 1   [ RunTime:0.000814s ]
NOTIC: [8] Undefined variable: where D:\xampp\htdocs\Jiuye\Work\Lib\Action\PublicAction.class.php 第 51 行.
SQL: SELECT * FROM `w_donate` WHERE ( 1 ) LIMIT 0,3   [ RunTime:0.001009s ]
SQL: SHOW COLUMNS FROM `w_typedonate` [ RunTime:0.004655s ]
SQL: SELECT * FROM `w_typedonate` WHERE ( 1=1 AND t_id='1' ) LIMIT 1   [ RunTime:0.001953s ]
SQL: SELECT * FROM `w_typedonate` WHERE ( 1=1 AND t_id='3' ) LIMIT 1   [ RunTime:0.000821s ]
SQL: SELECT * FROM `w_typedonate` WHERE ( 1=1 AND t_id='1' ) LIMIT 1   [ RunTime:0.000991s ]
INFO: [ view_template ] --START--
INFO: Run LocationTemplate Behavior [ RunTime:0.005124s ]
INFO: [ view_template ] --END-- [ RunTime:0.005583s ]
INFO: [ view_parse ] --START--
INFO: Run ParseTemplate Behavior [ RunTime:0.044675s ]
INFO: [ view_parse ] --END-- [ RunTime:0.044951s ]
INFO: [ view_filter ] --START--
INFO: Run ContentReplace Behavior [ RunTime:0.001094s ]
INFO: Run TokenBuild Behavior [ RunTime:0.000979s ]
INFO: Run WriteHtmlCache Behavior [ RunTime:0.000637s ]
INFO: Run ShowRuntime Behavior [ RunTime:0.001363s ]
INFO: [ view_filter ] --END-- [ RunTime:0.004577s ]
INFO: [ view_end ] --START--
INFO: Run ShowPageTrace Behavior [ RunTime:0.001880s ]
INFO: [ view_end ] --END-- [ RunTime:0.002098s ]

[ 2015-10-27T09:38:19+08:00 ] 127.0.0.1 /jiuye/index.php/Advise/jianyi
INFO: [ route_check ] --START--
INFO: Run CheckRoute Behavior [ RunTime:0.000850s ]
INFO: [ route_check ] --END-- [ RunTime:0.000939s ]
INFO: [ app_begin ] --START--
INFO: Run ReadHtmlCache Behavior [ RunTime:0.000508s ]
INFO: [ app_begin ] --END-- [ RunTime:0.000574s ]
NOTIC: [2] Missing argument 4 for PublicAction::page(), called in D:\xampp\htdocs\Jiuye\Work\Lib\Action\AdviseAction.class.php on line 11 and defined D:\xampp\htdocs\Jiuye\Work\Lib\Action\PublicAction.class.php 第 13 行.
SQL: SHOW COLUMNS FROM `w_advise` [ RunTime:0.001967s ]
SQL: SELECT COUNT(*) AS tp_count FROM `w_advise` LIMIT 1   [ RunTime:0.000252s ]
NOTIC: [8] Undefined variable: where D:\xampp\htdocs\Jiuye\Work\Lib\Action\PublicAction.class.php 第 20 行.
SQL: SELECT * FROM `w_advise` WHERE ( 1 ) LIMIT 0,3   [ RunTime:0.000335s ]
INFO: [ view_template ] --START--
INFO: Run LocationTemplate Behavior [ RunTime:0.000982s ]
INFO: [ view_template ] --END-- [ RunTime:0.001107s ]
INFO: [ view_parse ] --START--
INFO: Run ParseTemplate Behavior [ RunTime:0.018966s ]
INFO: [ view_parse ] --END-- [ RunTime:0.019182s ]
INFO: [ view_filter ] --START--
INFO: Run ContentReplace Behavior [ RunTime:0.000414s ]
INFO: Run TokenBuild Behavior [ RunTime:0.000350s ]
INFO: Run WriteHtmlCache Behavior [ RunTime:0.000239s ]
INFO: Run ShowRuntime Behavior [ RunTime:0.000439s ]
INFO: [ view_filter ] --END-- [ RunTime:0.001630s ]
INFO: [ view_end ] --START--
INFO: Run ShowPageTrace Behavior [ RunTime:0.000921s ]
INFO: [ view_end ] --END-- [ RunTime:0.001109s ]

[ 2015-10-27T09:38:20+08:00 ] 127.0.0.1 /jiuye/index.php/Donate/juanzeng
INFO: [ route_check ] --START--
INFO: Run CheckRoute Behavior [ RunTime:0.000811s ]
INFO: [ route_check ] --END-- [ RunTime:0.000885s ]
INFO: [ app_begin ] --START--
INFO: Run ReadHtmlCache Behavior [ RunTime:0.000561s ]
INFO: [ app_begin ] --END-- [ RunTime:0.000620s ]
NOTIC: [2] Missing argument 4 for PublicAction::pages(), called in D:\xampp\htdocs\Jiuye\Work\Lib\Action\DonateAction.class.php on line 24 and defined D:\xampp\htdocs\Jiuye\Work\Lib\Action\PublicAction.class.php 第 44 行.
SQL: SHOW COLUMNS FROM `w_donate` [ RunTime:0.002861s ]
SQL: SELECT COUNT(*) AS tp_count FROM `w_donate` LIMIT 1   [ RunTime:0.000674s ]
NOTIC: [8] Undefined variable: where D:\xampp\htdocs\Jiuye\Work\Lib\Action\PublicAction.class.php 第 51 行.
SQL: SELECT * FROM `w_donate` WHERE ( 1 ) LIMIT 0,3   [ RunTime:0.000532s ]
SQL: SHOW COLUMNS FROM `w_typedonate` [ RunTime:0.003775s ]
SQL: SELECT * FROM `w_typedonate` WHERE ( 1=1 AND t_id='1' ) LIMIT 1   [ RunTime:0.000531s ]
SQL: SELECT * FROM `w_typedonate` WHERE ( 1=1 AND t_id='3' ) LIMIT 1   [ RunTime:0.000379s ]
SQL: SELECT * FROM `w_typedonate` WHERE ( 1=1 AND t_id='1' ) LIMIT 1   [ RunTime:0.000352s ]
INFO: [ view_template ] --START--
INFO: Run LocationTemplate Behavior [ RunTime:0.000974s ]
INFO: [ view_template ] --END-- [ RunTime:0.001074s ]
INFO: [ view_parse ] --START--
INFO: Run ParseTemplate Behavior [ RunTime:0.013882s ]
INFO: [ view_parse ] --END-- [ RunTime:0.014000s ]
INFO: [ view_filter ] --START--
INFO: Run ContentReplace Behavior [ RunTime:0.000363s ]
INFO: Run TokenBuild Behavior [ RunTime:0.000296s ]
INFO: Run WriteHtmlCache Behavior [ RunTime:0.000191s ]
INFO: Run ShowRuntime Behavior [ RunTime:0.000466s ]
INFO: [ view_filter ] --END-- [ RunTime:0.001477s ]
INFO: [ view_end ] --START--
INFO: Run ShowPageTrace Behavior [ RunTime:0.000705s ]
INFO: [ view_end ] --END-- [ RunTime:0.000792s ]

[ 2015-10-27T09:38:21+08:00 ] 127.0.0.1 /jiuye/index.php/Invite/zhaopin
INFO: [ route_check ] --START--
INFO: Run CheckRoute Behavior [ RunTime:0.000882s ]
INFO: [ route_check ] --END-- [ RunTime:0.000976s ]
INFO: [ app_begin ] --START--
INFO: Run ReadHtmlCache Behavior [ RunTime:0.000535s ]
INFO: [ app_begin ] --END-- [ RunTime:0.000612s ]
SQL: SHOW COLUMNS FROM `w_invite` [ RunTime:0.002294s ]
NOTIC: [8] Undefined index:  iname D:\xampp\htdocs\Jiuye\Work\Lib\Action\InviteAction.class.php 第 11 行.
NOTIC: [8] Undefined index:  rname D:\xampp\htdocs\Jiuye\Work\Lib\Action\InviteAction.class.php 第 15 行.
NOTIC: [8] Undefined index:  num D:\xampp\htdocs\Jiuye\Work\Lib\Action\InviteAction.class.php 第 19 行.
NOTIC: [8] Undefined variable: where D:\xampp\htdocs\Jiuye\Work\Lib\Action\InviteAction.class.php 第 26 行.
SQL: SHOW COLUMNS FROM `w_invite` [ RunTime:0.005419s ]
SQL: SELECT COUNT(*) AS tp_count FROM `w_invite` LIMIT 1   [ RunTime:0.000575s ]
SQL: SELECT * FROM `w_invite` WHERE ( 1 ) LIMIT 0,3   [ RunTime:0.000392s ]
SQL: SELECT * FROM `w_invite` ORDER BY i_name desc  [ RunTime:0.000567s ]
SQL: SELECT * FROM `w_invite` GROUP BY i_reward  [ RunTime:0.000577s ]
SQL: SELECT * FROM `w_invite` GROUP BY i_num  [ RunTime:0.000744s ]
INFO: [ view_template ] --START--
INFO: Run LocationTemplate Behavior [ RunTime:0.002097s ]
INFO: [ view_template ] --END-- [ RunTime:0.002335s ]
INFO: [ view_parse ] --START--
INFO: Run ParseTemplate Behavior [ RunTime:0.016584s ]
INFO: [ view_parse ] --END-- [ RunTime:0.016788s ]
INFO: [ view_filter ] --START--
INFO: Run ContentReplace Behavior [ RunTime:0.000689s ]
INFO: Run TokenBuild Behavior [ RunTime:0.000504s ]
INFO: Run WriteHtmlCache Behavior [ RunTime:0.000507s ]
INFO: Run ShowRuntime Behavior [ RunTime:0.000773s ]
INFO: [ view_filter ] --END-- [ RunTime:0.002794s ]
INFO: [ view_end ] --START--
INFO: Run ShowPageTrace Behavior [ RunTime:0.000595s ]
INFO: [ view_end ] --END-- [ RunTime:0.000654s ]

[ 2015-10-27T09:38:23+08:00 ] 127.0.0.1 /jiuye/index.php/Invite/see/id/3
INFO: [ route_check ] --START--
INFO: Run CheckRoute Behavior [ RunTime:0.000724s ]
INFO: [ route_check ] --END-- [ RunTime:0.000797s ]
INFO: [ app_begin ] --START--
INFO: Run ReadHtmlCache Behavior [ RunTime:0.000495s ]
INFO: [ app_begin ] --END-- [ RunTime:0.000589s ]
NOTIC: [8] Undefined index:  sub D:\xampp\htdocs\Jiuye\Work\Lib\Action\InviteAction.class.php 第 40 行.
SQL: SHOW COLUMNS FROM `w_invite` [ RunTime:0.001836s ]
SQL: SELECT * FROM `w_invite` WHERE ( i_id=3 ) LIMIT 1   [ RunTime:0.000538s ]
INFO: [ view_template ] --START--
INFO: Run LocationTemplate Behavior [ RunTime:0.100507s ]
INFO: [ view_template ] --END-- [ RunTime:0.100703s ]
INFO: [ view_parse ] --START--
INFO: Run ParseTemplate Behavior [ RunTime:0.036703s ]
INFO: [ view_parse ] --END-- [ RunTime:0.036983s ]
INFO: [ view_filter ] --START--
INFO: Run ContentReplace Behavior [ RunTime:0.001053s ]
INFO: Run TokenBuild Behavior [ RunTime:0.001133s ]
INFO: Run WriteHtmlCache Behavior [ RunTime:0.000647s ]
INFO: Run ShowRuntime Behavior [ RunTime:0.001478s ]
INFO: [ view_filter ] --END-- [ RunTime:0.004853s ]
INFO: [ view_end ] --START--
INFO: Run ShowPageTrace Behavior [ RunTime:0.001907s ]
INFO: [ view_end ] --END-- [ RunTime:0.002091s ]

[ 2015-10-27T09:38:27+08:00 ] 127.0.0.1 /jiuye/index.php/Applyjob/qiuzhi
INFO: [ route_check ] --START--
INFO: Run CheckRoute Behavior [ RunTime:0.000728s ]
INFO: [ route_check ] --END-- [ RunTime:0.000804s ]
INFO: [ app_begin ] --START--
INFO: Run ReadHtmlCache Behavior [ RunTime:0.000456s ]
INFO: [ app_begin ] --END-- [ RunTime:0.000514s ]
SQL: SHOW COLUMNS FROM `w_applyjob` [ RunTime:0.002192s ]
NOTIC: [8] Undefined index:  name D:\xampp\htdocs\Jiuye\Work\Lib\Action\ApplyjobAction.class.php 第 17 行.
NOTIC: [8] Undefined index:  work D:\xampp\htdocs\Jiuye\Work\Lib\Action\ApplyjobAction.class.php 第 21 行.
NOTIC: [8] Undefined variable: where D:\xampp\htdocs\Jiuye\Work\Lib\Action\ApplyjobAction.class.php 第 28 行.
SQL: SHOW COLUMNS FROM `w_applyjob` [ RunTime:0.001847s ]
SQL: SELECT COUNT(*) AS tp_count FROM `w_applyjob` LIMIT 1   [ RunTime:0.001160s ]
SQL: SELECT * FROM `w_applyjob` WHERE ( 1 ) LIMIT 0,3   [ RunTime:0.000608s ]
SQL: SELECT * FROM `w_applyjob` GROUP BY aj_post  [ RunTime:0.002146s ]
INFO: [ view_template ] --START--
INFO: Run LocationTemplate Behavior [ RunTime:0.001339s ]
INFO: [ view_template ] --END-- [ RunTime:0.001472s ]
INFO: [ view_parse ] --START--
INFO: Run ParseTemplate Behavior [ RunTime:0.013011s ]
INFO: [ view_parse ] --END-- [ RunTime:0.013149s ]
INFO: [ view_filter ] --START--
INFO: Run ContentReplace Behavior [ RunTime:0.000430s ]
INFO: Run TokenBuild Behavior [ RunTime:0.000298s ]
INFO: Run WriteHtmlCache Behavior [ RunTime:0.000195s ]
INFO: Run ShowRuntime Behavior [ RunTime:0.000370s ]
INFO: [ view_filter ] --END-- [ RunTime:0.001450s ]
INFO: [ view_end ] --START--
INFO: Run ShowPageTrace Behavior [ RunTime:0.000576s ]
INFO: [ view_end ] --END-- [ RunTime:0.000627s ]

[ 2015-10-27T09:38:29+08:00 ] 127.0.0.1 /jiuye/index.php/Applyjob/see/id/4
INFO: [ route_check ] --START--
INFO: Run CheckRoute Behavior [ RunTime:0.000730s ]
INFO: [ route_check ] --END-- [ RunTime:0.000838s ]
INFO: [ app_begin ] --START--
INFO: Run ReadHtmlCache Behavior [ RunTime:0.000758s ]
INFO: [ app_begin ] --END-- [ RunTime:0.000856s ]
SQL: SHOW COLUMNS FROM `w_applyjob` [ RunTime:0.002540s ]
SQL: SELECT * FROM `w_applyjob` WHERE ( aj_id=4 ) LIMIT 1   [ RunTime:0.002541s ]
INFO: [ view_template ] --START--
INFO: Run LocationTemplate Behavior [ RunTime:0.002520s ]
INFO: [ view_template ] --END-- [ RunTime:0.002657s ]
INFO: [ view_parse ] --START--
INFO: Run ParseTemplate Behavior [ RunTime:0.012426s ]
INFO: [ view_parse ] --END-- [ RunTime:0.012830s ]
INFO: [ view_filter ] --START--
INFO: Run ContentReplace Behavior [ RunTime:0.000782s ]
INFO: Run TokenBuild Behavior [ RunTime:0.000623s ]
INFO: Run WriteHtmlCache Behavior [ RunTime:0.000775s ]
INFO: Run ShowRuntime Behavior [ RunTime:0.000990s ]
INFO: [ view_filter ] --END-- [ RunTime:0.003571s ]
INFO: [ view_end ] --START--
INFO: Run ShowPageTrace Behavior [ RunTime:0.000650s ]
INFO: [ view_end ] --END-- [ RunTime:0.000709s ]

[ 2015-10-27T09:38:31+08:00 ] 127.0.0.1 /jiuye/index.php/Applyjob/qiuzhi
INFO: [ route_check ] --START--
INFO: Run CheckRoute Behavior [ RunTime:0.000726s ]
INFO: [ route_check ] --END-- [ RunTime:0.000800s ]
INFO: [ app_begin ] --START--
INFO: Run ReadHtmlCache Behavior [ RunTime:0.000495s ]
INFO: [ app_begin ] --END-- [ RunTime:0.000554s ]
SQL: SHOW COLUMNS FROM `w_applyjob` [ RunTime:0.001797s ]
NOTIC: [8] Undefined index:  name D:\xampp\htdocs\Jiuye\Work\Lib\Action\ApplyjobAction.class.php 第 17 行.
NOTIC: [8] Undefined index:  work D:\xampp\htdocs\Jiuye\Work\Lib\Action\ApplyjobAction.class.php 第 21 行.
NOTIC: [8] Undefined variable: where D:\xampp\htdocs\Jiuye\Work\Lib\Action\ApplyjobAction.class.php 第 28 行.
SQL: SHOW COLUMNS FROM `w_applyjob` [ RunTime:0.001538s ]
SQL: SELECT COUNT(*) AS tp_count FROM `w_applyjob` LIMIT 1   [ RunTime:0.000251s ]
SQL: SELECT * FROM `w_applyjob` WHERE ( 1 ) LIMIT 0,3   [ RunTime:0.000678s ]
SQL: SELECT * FROM `w_applyjob` GROUP BY aj_post  [ RunTime:0.001516s ]
INFO: [ view_template ] --START--
INFO: Run LocationTemplate Behavior [ RunTime:0.001053s ]
INFO: [ view_template ] --END-- [ RunTime:0.001167s ]
INFO: [ view_parse ] --START--
INFO: Run ParseTemplate Behavior [ RunTime:0.010851s ]
INFO: [ view_parse ] --END-- [ RunTime:0.010977s ]
INFO: [ view_filter ] --START--
INFO: Run ContentReplace Behavior [ RunTime:0.000403s ]
INFO: Run TokenBuild Behavior [ RunTime:0.000302s ]
INFO: Run WriteHtmlCache Behavior [ RunTime:0.000214s ]
INFO: Run ShowRuntime Behavior [ RunTime:0.000497s ]
INFO: [ view_filter ] --END-- [ RunTime:0.001587s ]
INFO: [ view_end ] --START--
INFO: Run ShowPageTrace Behavior [ RunTime:0.000622s ]
INFO: [ view_end ] --END-- [ RunTime:0.000674s ]

[ 2015-10-27T09:38:46+08:00 ] 127.0.0.1 /jiuye/index.php/Donate/juanzeng
INFO: [ route_check ] --START--
INFO: Run CheckRoute Behavior [ RunTime:0.000945s ]
INFO: [ route_check ] --END-- [ RunTime:0.001051s ]
INFO: [ app_begin ] --START--
INFO: Run ReadHtmlCache Behavior [ RunTime:0.000534s ]
INFO: [ app_begin ] --END-- [ RunTime:0.000623s ]
NOTIC: [2] Missing argument 4 for PublicAction::pages(), called in D:\xampp\htdocs\Jiuye\Work\Lib\Action\DonateAction.class.php on line 24 and defined D:\xampp\htdocs\Jiuye\Work\Lib\Action\PublicAction.class.php 第 44 行.
SQL: SHOW COLUMNS FROM `w_donate` [ RunTime:0.001809s ]
SQL: SELECT COUNT(*) AS tp_count FROM `w_donate` LIMIT 1   [ RunTime:0.000335s ]
NOTIC: [8] Undefined variable: where D:\xampp\htdocs\Jiuye\Work\Lib\Action\PublicAction.class.php 第 51 行.
SQL: SELECT * FROM `w_donate` WHERE ( 1 ) LIMIT 0,3   [ RunTime:0.000340s ]
SQL: SHOW COLUMNS FROM `w_typedonate` [ RunTime:0.002989s ]
SQL: SELECT * FROM `w_typedonate` WHERE ( 1=1 AND t_id='1' ) LIMIT 1   [ RunTime:0.000633s ]
SQL: SELECT * FROM `w_typedonate` WHERE ( 1=1 AND t_id='3' ) LIMIT 1   [ RunTime:0.000304s ]
SQL: SELECT * FROM `w_typedonate` WHERE ( 1=1 AND t_id='1' ) LIMIT 1   [ RunTime:0.000273s ]
INFO: [ view_template ] --START--
INFO: Run LocationTemplate Behavior [ RunTime:0.001489s ]
INFO: [ view_template ] --END-- [ RunTime:0.001598s ]
INFO: [ view_parse ] --START--
INFO: Run ParseTemplate Behavior [ RunTime:0.010349s ]
INFO: [ view_parse ] --END-- [ RunTime:0.010465s ]
INFO: [ view_filter ] --START--
INFO: Run ContentReplace Behavior [ RunTime:0.000353s ]
INFO: Run TokenBuild Behavior [ RunTime:0.000292s ]
INFO: Run WriteHtmlCache Behavior [ RunTime:0.000192s ]
INFO: Run ShowRuntime Behavior [ RunTime:0.000429s ]
INFO: [ view_filter ] --END-- [ RunTime:0.001424s ]
INFO: [ view_end ] --START--
INFO: Run ShowPageTrace Behavior [ RunTime:0.000641s ]
INFO: [ view_end ] --END-- [ RunTime:0.000740s ]

[ 2015-10-27T09:38:51+08:00 ] 127.0.0.1 /jiuye/index.php/Donate/update/id/2
INFO: [ route_check ] --START--
INFO: Run CheckRoute Behavior [ RunTime:0.000913s ]
INFO: [ route_check ] --END-- [ RunTime:0.000989s ]
INFO: [ app_begin ] --START--
INFO: Run ReadHtmlCache Behavior [ RunTime:0.000531s ]
INFO: [ app_begin ] --END-- [ RunTime:0.000590s ]
SQL: SHOW COLUMNS FROM `w_donate` [ RunTime:0.003019s ]
SQL: SHOW COLUMNS FROM `w_donate` [ RunTime:0.001795s ]
SQL: SELECT * FROM `w_donate` WHERE ( d_id=2 ) LIMIT 1   [ RunTime:0.000478s ]
SQL: SHOW COLUMNS FROM `w_typedonate` [ RunTime:0.001561s ]
SQL: SELECT * FROM `w_typedonate` WHERE ( 1=1 AND t_id='3' ) LIMIT 1   [ RunTime:0.001232s ]
SQL: SHOW COLUMNS FROM `w_typedonate` [ RunTime:0.002159s ]
SQL: SELECT * FROM `w_typedonate`  [ RunTime:0.000565s ]
INFO: [ view_template ] --START--
INFO: Run LocationTemplate Behavior [ RunTime:0.002801s ]
INFO: [ view_template ] --END-- [ RunTime:0.003096s ]
INFO: [ view_parse ] --START--
INFO: Run ParseTemplate Behavior [ RunTime:0.116625s ]
INFO: [ view_parse ] --END-- [ RunTime:0.117159s ]
INFO: [ view_filter ] --START--
INFO: Run ContentReplace Behavior [ RunTime:0.001116s ]
INFO: Run TokenBuild Behavior [ RunTime:0.000988s ]
INFO: Run WriteHtmlCache Behavior [ RunTime:0.000644s ]
INFO: Run ShowRuntime Behavior [ RunTime:0.001273s ]
INFO: [ view_filter ] --END-- [ RunTime:0.004570s ]
INFO: [ view_end ] --START--
INFO: Run ShowPageTrace Behavior [ RunTime:0.001906s ]
INFO: [ view_end ] --END-- [ RunTime:0.002091s ]

[ 2015-10-27T09:38:54+08:00 ] 127.0.0.1 /jiuye/index.php/Member/huiyuan
INFO: [ route_check ] --START--
INFO: Run CheckRoute Behavior [ RunTime:0.000951s ]
INFO: [ route_check ] --END-- [ RunTime:0.001072s ]
INFO: [ app_begin ] --START--
INFO: Run ReadHtmlCache Behavior [ RunTime:0.000579s ]
INFO: [ app_begin ] --END-- [ RunTime:0.000669s ]
NOTIC: [8] Undefined index:  mname D:\xampp\htdocs\Jiuye\Work\Lib\Action\MemberAction.class.php 第 11 行.
NOTIC: [8] Undefined variable: where D:\xampp\htdocs\Jiuye\Work\Lib\Action\MemberAction.class.php 第 16 行.
SQL: SHOW COLUMNS FROM `w_member` [ RunTime:0.005131s ]
SQL: SELECT COUNT(*) AS tp_count FROM `w_member` LIMIT 1   [ RunTime:0.000768s ]
SQL: SELECT * FROM `w_member` WHERE ( 1 ) LIMIT 0,3   [ RunTime:0.000819s ]
SQL: SHOW COLUMNS FROM `w_membertype` [ RunTime:0.005253s ]
SQL: SELECT * FROM `w_membertype` WHERE ( 1=1 AND mt_id='5' ) LIMIT 1   [ RunTime:0.001058s ]
SQL: SELECT * FROM `w_membertype` WHERE ( 1=1 AND mt_id='1' ) LIMIT 1   [ RunTime:0.000747s ]
SQL: SELECT * FROM `w_membertype` WHERE ( 1=1 AND mt_id='5' ) LIMIT 1   [ RunTime:0.000851s ]
INFO: [ view_template ] --START--
INFO: Run LocationTemplate Behavior [ RunTime:0.003921s ]
INFO: [ view_template ] --END-- [ RunTime:0.004206s ]
INFO: [ view_parse ] --START--
INFO: Run ParseTemplate Behavior [ RunTime:0.064641s ]
INFO: [ view_parse ] --END-- [ RunTime:0.064933s ]
INFO: [ view_filter ] --START--
INFO: Run ContentReplace Behavior [ RunTime:0.001317s ]
INFO: Run TokenBuild Behavior [ RunTime:0.001009s ]
INFO: Run WriteHtmlCache Behavior [ RunTime:0.000653s ]
INFO: Run ShowRuntime Behavior [ RunTime:0.001239s ]
INFO: [ view_filter ] --END-- [ RunTime:0.004726s ]
INFO: [ view_end ] --START--
INFO: Run ShowPageTrace Behavior [ RunTime:0.001694s ]
INFO: [ view_end ] --END-- [ RunTime:0.001869s ]

[ 2015-10-27T09:40:46+08:00 ] 127.0.0.1 /jiuye/index.php/Advise/jianyi
INFO: [ route_check ] --START--
INFO: Run CheckRoute Behavior [ RunTime:0.002371s ]
INFO: [ route_check ] --END-- [ RunTime:0.002565s ]
INFO: [ app_begin ] --START--
INFO: Run ReadHtmlCache Behavior [ RunTime:0.001524s ]
INFO: [ app_begin ] --END-- [ RunTime:0.001661s ]
NOTIC: [2] Missing argument 4 for PublicAction::page(), called in D:\xampp\htdocs\Jiuye\Work\Lib\Action\AdviseAction.class.php on line 11 and defined D:\xampp\htdocs\Jiuye\Work\Lib\Action\PublicAction.class.php 第 13 行.
SQL: SHOW COLUMNS FROM `w_advise` [ RunTime:0.004073s ]
SQL: SELECT COUNT(*) AS tp_count FROM `w_advise` LIMIT 1   [ RunTime:0.000293s ]
NOTIC: [8] Undefined variable: where D:\xampp\htdocs\Jiuye\Work\Lib\Action\PublicAction.class.php 第 20 行.
SQL: SELECT * FROM `w_advise` WHERE ( 1 ) LIMIT 0,3   [ RunTime:0.000255s ]
INFO: [ view_template ] --START--
INFO: Run LocationTemplate Behavior [ RunTime:0.001208s ]
INFO: [ view_template ] --END-- [ RunTime:0.001271s ]
INFO: [ view_parse ] --START--
INFO: Run ParseTemplate Behavior [ RunTime:0.015553s ]
INFO: [ view_parse ] --END-- [ RunTime:0.015631s ]
INFO: [ view_filter ] --START--
INFO: Run ContentReplace Behavior [ RunTime:0.000891s ]
INFO: Run TokenBuild Behavior [ RunTime:0.000739s ]
INFO: Run WriteHtmlCache Behavior [ RunTime:0.000532s ]
INFO: Run ShowRuntime Behavior [ RunTime:0.000744s ]
INFO: [ view_filter ] --END-- [ RunTime:0.003087s ]
INFO: [ view_end ] --START--
INFO: Run ShowPageTrace Behavior [ RunTime:0.001663s ]
INFO: [ view_end ] --END-- [ RunTime:0.001794s ]

[ 2015-10-27T09:40:59+08:00 ] 127.0.0.1 /jiuye/index.php/Invite/zhaopin
INFO: [ route_check ] --START--
INFO: Run CheckRoute Behavior [ RunTime:0.000857s ]
INFO: [ route_check ] --END-- [ RunTime:0.000953s ]
INFO: [ app_begin ] --START--
INFO: Run ReadHtmlCache Behavior [ RunTime:0.000531s ]
INFO: [ app_begin ] --END-- [ RunTime:0.000598s ]
SQL: SHOW COLUMNS FROM `w_invite` [ RunTime:0.002851s ]
NOTIC: [8] Undefined index:  iname D:\xampp\htdocs\Jiuye\Work\Lib\Action\InviteAction.class.php 第 11 行.
NOTIC: [8] Undefined index:  rname D:\xampp\htdocs\Jiuye\Work\Lib\Action\InviteAction.class.php 第 15 行.
NOTIC: [8] Undefined index:  num D:\xampp\htdocs\Jiuye\Work\Lib\Action\InviteAction.class.php 第 19 行.
NOTIC: [8] Undefined variable: where D:\xampp\htdocs\Jiuye\Work\Lib\Action\InviteAction.class.php 第 26 行.
SQL: SHOW COLUMNS FROM `w_invite` [ RunTime:0.001535s ]
SQL: SELECT COUNT(*) AS tp_count FROM `w_invite` LIMIT 1   [ RunTime:0.000348s ]
SQL: SELECT * FROM `w_invite` WHERE ( 1 ) LIMIT 0,3   [ RunTime:0.001065s ]
SQL: SELECT * FROM `w_invite` ORDER BY i_name desc  [ RunTime:0.000610s ]
SQL: SELECT * FROM `w_invite` GROUP BY i_reward  [ RunTime:0.000420s ]
SQL: SELECT * FROM `w_invite` GROUP BY i_num  [ RunTime:0.000482s ]
INFO: [ view_template ] --START--
INFO: Run LocationTemplate Behavior [ RunTime:0.001530s ]
INFO: [ view_template ] --END-- [ RunTime:0.001625s ]
INFO: [ view_parse ] --START--
INFO: Run ParseTemplate Behavior [ RunTime:0.011625s ]
INFO: [ view_parse ] --END-- [ RunTime:0.011710s ]
INFO: [ view_filter ] --START--
INFO: Run ContentReplace Behavior [ RunTime:0.000822s ]
INFO: Run TokenBuild Behavior [ RunTime:0.000298s ]
INFO: Run WriteHtmlCache Behavior [ RunTime:0.000195s ]
INFO: Run ShowRuntime Behavior [ RunTime:0.000387s ]
INFO: [ view_filter ] --END-- [ RunTime:0.001860s ]
INFO: [ view_end ] --START--
INFO: Run ShowPageTrace Behavior [ RunTime:0.000505s ]
INFO: [ view_end ] --END-- [ RunTime:0.000558s ]

[ 2015-10-27T09:58:06+08:00 ] 127.0.0.1 /jiuye/index.php/Invite/zhaopin?iname=CR%E9%93%A0%E7%94%B2%E7%A0%94%E7%A9%B6%E4%B8%AD%E5%BF%83&rname=a&num=a&jiansuo=%E6%A3%80%E7%B4%A2
INFO: [ route_check ] --START--
INFO: Run CheckRoute Behavior [ RunTime:0.001907s ]
INFO: [ route_check ] --END-- [ RunTime:0.002066s ]
INFO: [ app_begin ] --START--
INFO: Run ReadHtmlCache Behavior [ RunTime:0.001751s ]
INFO: [ app_begin ] --END-- [ RunTime:0.001917s ]
SQL: SHOW COLUMNS FROM `w_invite` [ RunTime:0.002688s ]
SQL: SHOW COLUMNS FROM `w_invite` [ RunTime:0.002318s ]
SQL: SELECT COUNT(*) AS tp_count FROM `w_invite` LIMIT 1   [ RunTime:0.000278s ]
SQL: SELECT * FROM `w_invite` WHERE ( i_name='CR铠甲研究中心' and 1 ) LIMIT 0,3   [ RunTime:0.000382s ]
SQL: SELECT * FROM `w_invite` ORDER BY i_name desc  [ RunTime:0.000508s ]
SQL: SELECT * FROM `w_invite` GROUP BY i_reward  [ RunTime:0.000380s ]
SQL: SELECT * FROM `w_invite` GROUP BY i_num  [ RunTime:0.000415s ]
INFO: [ view_template ] --START--
INFO: Run LocationTemplate Behavior [ RunTime:0.003050s ]
INFO: [ view_template ] --END-- [ RunTime:0.003243s ]
INFO: [ view_parse ] --START--
INFO: Run ParseTemplate Behavior [ RunTime:0.015802s ]
INFO: [ view_parse ] --END-- [ RunTime:0.015914s ]
INFO: [ view_filter ] --START--
INFO: Run ContentReplace Behavior [ RunTime:0.001135s ]
INFO: Run TokenBuild Behavior [ RunTime:0.000632s ]
INFO: Run WriteHtmlCache Behavior [ RunTime:0.000512s ]
INFO: Run ShowRuntime Behavior [ RunTime:0.000682s ]
INFO: [ view_filter ] --END-- [ RunTime:0.003149s ]
INFO: [ view_end ] --START--
INFO: Run ShowPageTrace Behavior [ RunTime:0.000843s ]
INFO: [ view_end ] --END-- [ RunTime:0.000900s ]

[ 2015-10-27T09:58:12+08:00 ] 127.0.0.1 /jiuye/index.php/Invite/zhaopin
INFO: [ route_check ] --START--
INFO: Run CheckRoute Behavior [ RunTime:0.000890s ]
INFO: [ route_check ] --END-- [ RunTime:0.000984s ]
INFO: [ app_begin ] --START--
INFO: Run ReadHtmlCache Behavior [ RunTime:0.000539s ]
INFO: [ app_begin ] --END-- [ RunTime:0.000619s ]
SQL: SHOW COLUMNS FROM `w_invite` [ RunTime:0.002034s ]
NOTIC: [8] Undefined index:  iname D:\xampp\htdocs\Jiuye\Work\Lib\Action\InviteAction.class.php 第 11 行.
NOTIC: [8] Undefined index:  rname D:\xampp\htdocs\Jiuye\Work\Lib\Action\InviteAction.class.php 第 15 行.
NOTIC: [8] Undefined index:  num D:\xampp\htdocs\Jiuye\Work\Lib\Action\InviteAction.class.php 第 19 行.
NOTIC: [8] Undefined variable: where D:\xampp\htdocs\Jiuye\Work\Lib\Action\InviteAction.class.php 第 26 行.
SQL: SHOW COLUMNS FROM `w_invite` [ RunTime:0.001505s ]
SQL: SELECT COUNT(*) AS tp_count FROM `w_invite` LIMIT 1   [ RunTime:0.000238s ]
SQL: SELECT * FROM `w_invite` WHERE ( 1 ) LIMIT 0,3   [ RunTime:0.000282s ]
SQL: SELECT * FROM `w_invite` ORDER BY i_name desc  [ RunTime:0.000370s ]
SQL: SELECT * FROM `w_invite` GROUP BY i_reward  [ RunTime:0.000381s ]
SQL: SELECT * FROM `w_invite` GROUP BY i_num  [ RunTime:0.000404s ]
INFO: [ view_template ] --START--
INFO: Run LocationTemplate Behavior [ RunTime:0.001238s ]
INFO: [ view_template ] --END-- [ RunTime:0.001357s ]
INFO: [ view_parse ] --START--
INFO: Run ParseTemplate Behavior [ RunTime:0.016602s ]
INFO: [ view_parse ] --END-- [ RunTime:0.016687s ]
INFO: [ view_filter ] --START--
INFO: Run ContentReplace Behavior [ RunTime:0.001014s ]
INFO: Run TokenBuild Behavior [ RunTime:0.000306s ]
INFO: Run WriteHtmlCache Behavior [ RunTime:0.000196s ]
INFO: Run ShowRuntime Behavior [ RunTime:0.000370s ]
INFO: [ view_filter ] --END-- [ RunTime:0.002054s ]
INFO: [ view_end ] --START--
INFO: Run ShowPageTrace Behavior [ RunTime:0.000556s ]
INFO: [ view_end ] --END-- [ RunTime:0.000610s ]

[ 2015-10-27T10:03:49+08:00 ] 127.0.0.1 /jiuye/index.php/Invite/see/id/3
INFO: [ route_check ] --START--
INFO: Run CheckRoute Behavior [ RunTime:0.001648s ]
INFO: [ route_check ] --END-- [ RunTime:0.001767s ]
INFO: [ app_begin ] --START--
INFO: Run ReadHtmlCache Behavior [ RunTime:0.001307s ]
INFO: [ app_begin ] --END-- [ RunTime:0.001403s ]
NOTIC: [8] Undefined index:  sub D:\xampp\htdocs\Jiuye\Work\Lib\Action\InviteAction.class.php 第 40 行.
SQL: SHOW COLUMNS FROM `w_invite` [ RunTime:0.002070s ]
SQL: SELECT * FROM `w_invite` WHERE ( i_id=3 ) LIMIT 1   [ RunTime:0.000395s ]
INFO: [ view_template ] --START--
INFO: Run LocationTemplate Behavior [ RunTime:0.002816s ]
INFO: [ view_template ] --END-- [ RunTime:0.002996s ]
INFO: [ view_parse ] --START--
INFO: Run ParseTemplate Behavior [ RunTime:0.009558s ]
INFO: [ view_parse ] --END-- [ RunTime:0.009664s ]
INFO: [ view_filter ] --START--
INFO: Run ContentReplace Behavior [ RunTime:0.000628s ]
INFO: Run TokenBuild Behavior [ RunTime:0.000638s ]
INFO: Run WriteHtmlCache Behavior [ RunTime:0.000504s ]
INFO: Run ShowRuntime Behavior [ RunTime:0.000673s ]
INFO: [ view_filter ] --END-- [ RunTime:0.002598s ]
INFO: [ view_end ] --START--
INFO: Run ShowPageTrace Behavior [ RunTime:0.001078s ]
INFO: [ view_end ] --END-- [ RunTime:0.001166s ]

[ 2015-10-27T10:03:55+08:00 ] 127.0.0.1 /jiuye/index.php/Invite/see/id/3
INFO: [ route_check ] --START--
INFO: Run CheckRoute Behavior [ RunTime:0.001113s ]
INFO: [ route_check ] --END-- [ RunTime:0.001212s ]
INFO: [ app_begin ] --START--
INFO: Run ReadHtmlCache Behavior [ RunTime:0.000934s ]
INFO: [ app_begin ] --END-- [ RunTime:0.001050s ]
INFO: [ view_template ] --START--
INFO: Run LocationTemplate Behavior [ RunTime:0.001043s ]
INFO: [ view_template ] --END-- [ RunTime:0.001191s ]
INFO: [ view_parse ] --START--
INFO: Run ParseTemplate Behavior [ RunTime:0.010368s ]
INFO: [ view_parse ] --END-- [ RunTime:0.010499s ]
INFO: [ view_filter ] --START--
INFO: Run ContentReplace Behavior [ RunTime:0.000431s ]
INFO: Run TokenBuild Behavior [ RunTime:0.000304s ]
INFO: Run WriteHtmlCache Behavior [ RunTime:0.000196s ]
INFO: Run ShowRuntime Behavior [ RunTime:0.000366s ]
INFO: [ view_filter ] --END-- [ RunTime:0.001484s ]
INFO: [ view_end ] --START--
INFO: Run ShowPageTrace Behavior [ RunTime:0.000579s ]
INFO: [ view_end ] --END-- [ RunTime:0.000632s ]

[ 2015-10-27T10:03:56+08:00 ] 127.0.0.1 /jiuye/index.php/Invite/zhaopin
INFO: [ route_check ] --START--
INFO: Run CheckRoute Behavior [ RunTime:0.003695s ]
INFO: [ route_check ] --END-- [ RunTime:0.004052s ]
INFO: [ app_begin ] --START--
INFO: Run ReadHtmlCache Behavior [ RunTime:0.002292s ]
INFO: [ app_begin ] --END-- [ RunTime:0.002592s ]
SQL: SHOW COLUMNS FROM `w_invite` [ RunTime:0.002260s ]
NOTIC: [8] Undefined index:  iname D:\xampp\htdocs\Jiuye\Work\Lib\Action\InviteAction.class.php 第 11 行.
NOTIC: [8] Undefined index:  rname D:\xampp\htdocs\Jiuye\Work\Lib\Action\InviteAction.class.php 第 15 行.
NOTIC: [8] Undefined index:  num D:\xampp\htdocs\Jiuye\Work\Lib\Action\InviteAction.class.php 第 19 行.
NOTIC: [8] Undefined variable: where D:\xampp\htdocs\Jiuye\Work\Lib\Action\InviteAction.class.php 第 26 行.
SQL: SHOW COLUMNS FROM `w_invite` [ RunTime:0.001805s ]
SQL: SELECT COUNT(*) AS tp_count FROM `w_invite` LIMIT 1   [ RunTime:0.000471s ]
SQL: SELECT * FROM `w_invite` WHERE ( 1 ) LIMIT 0,3   [ RunTime:0.000521s ]
SQL: SELECT * FROM `w_invite` ORDER BY i_name desc  [ RunTime:0.000608s ]
SQL: SELECT * FROM `w_invite` GROUP BY i_reward  [ RunTime:0.000500s ]
SQL: SELECT * FROM `w_invite` GROUP BY i_num  [ RunTime:0.000433s ]
INFO: [ view_template ] --START--
INFO: Run LocationTemplate Behavior [ RunTime:0.000958s ]
INFO: [ view_template ] --END-- [ RunTime:0.001033s ]
INFO: [ view_parse ] --START--
INFO: Run ParseTemplate Behavior [ RunTime:0.013789s ]
INFO: [ view_parse ] --END-- [ RunTime:0.013880s ]
INFO: [ view_filter ] --START--
INFO: Run ContentReplace Behavior [ RunTime:0.000374s ]
INFO: Run TokenBuild Behavior [ RunTime:0.000327s ]
INFO: Run WriteHtmlCache Behavior [ RunTime:0.000215s ]
INFO: Run ShowRuntime Behavior [ RunTime:0.000408s ]
INFO: [ view_filter ] --END-- [ RunTime:0.001488s ]
INFO: [ view_end ] --START--
INFO: Run ShowPageTrace Behavior [ RunTime:0.000557s ]
INFO: [ view_end ] --END-- [ RunTime:0.000613s ]

[ 2015-10-27T10:05:12+08:00 ] 127.0.0.1 /jiuye/index.php/Index/shouye
INFO: [ route_check ] --START--
INFO: Run CheckRoute Behavior [ RunTime:0.001305s ]
INFO: [ route_check ] --END-- [ RunTime:0.001455s ]
INFO: [ app_begin ] --START--
INFO: Run ReadHtmlCache Behavior [ RunTime:0.000581s ]
INFO: [ app_begin ] --END-- [ RunTime:0.000673s ]
INFO: [ view_template ] --START--
INFO: Run LocationTemplate Behavior [ RunTime:0.002538s ]
INFO: [ view_template ] --END-- [ RunTime:0.002900s ]
INFO: [ view_parse ] --START--
INFO: Run ParseTemplate Behavior [ RunTime:0.010133s ]
INFO: [ view_parse ] --END-- [ RunTime:0.010289s ]
INFO: [ view_filter ] --START--
INFO: Run ContentReplace Behavior [ RunTime:0.000324s ]
INFO: Run TokenBuild Behavior [ RunTime:0.000331s ]
INFO: Run WriteHtmlCache Behavior [ RunTime:0.000221s ]
INFO: Run ShowRuntime Behavior [ RunTime:0.000419s ]
INFO: [ view_filter ] --END-- [ RunTime:0.001465s ]
INFO: [ view_end ] --START--
INFO: Run ShowPageTrace Behavior [ RunTime:0.000570s ]
INFO: [ view_end ] --END-- [ RunTime:0.000627s ]

[ 2015-10-27T10:05:12+08:00 ] 127.0.0.1 /jiuye/index.php/Index/top.html
INFO: [ route_check ] --START--
INFO: Run CheckRoute Behavior [ RunTime:0.001259s ]
INFO: [ route_check ] --END-- [ RunTime:0.001404s ]
INFO: [ app_begin ] --START--
INFO: Run ReadHtmlCache Behavior [ RunTime:0.000771s ]
INFO: [ app_begin ] --END-- [ RunTime:0.000880s ]
INFO: [ view_template ] --START--
INFO: Run LocationTemplate Behavior [ RunTime:0.000515s ]
INFO: [ view_template ] --END-- [ RunTime:0.000588s ]
INFO: [ view_parse ] --START--
INFO: Run ParseTemplate Behavior [ RunTime:0.009607s ]
INFO: [ view_parse ] --END-- [ RunTime:0.009721s ]
INFO: [ view_filter ] --START--
INFO: Run ContentReplace Behavior [ RunTime:0.000720s ]
INFO: Run TokenBuild Behavior [ RunTime:0.000724s ]
INFO: Run WriteHtmlCache Behavior [ RunTime:0.000440s ]
INFO: Run ShowRuntime Behavior [ RunTime:0.000625s ]
INFO: [ view_filter ] --END-- [ RunTime:0.002956s ]
INFO: [ view_end ] --START--
INFO: Run ShowPageTrace Behavior [ RunTime:0.000942s ]
INFO: [ view_end ] --END-- [ RunTime:0.001058s ]

[ 2015-10-27T10:05:12+08:00 ] 127.0.0.1 /jiuye/index.php/Index/left.html
INFO: [ route_check ] --START--
INFO: Run CheckRoute Behavior [ RunTime:0.001286s ]
INFO: [ route_check ] --END-- [ RunTime:0.001378s ]
INFO: [ app_begin ] --START--
INFO: Run ReadHtmlCache Behavior [ RunTime:0.001012s ]
INFO: [ app_begin ] --END-- [ RunTime:0.001118s ]
INFO: [ view_template ] --START--
INFO: Run LocationTemplate Behavior [ RunTime:0.001335s ]
INFO: [ view_template ] --END-- [ RunTime:0.001459s ]
INFO: [ view_parse ] --START--
INFO: Run ParseTemplate Behavior [ RunTime:0.017056s ]
INFO: [ view_parse ] --END-- [ RunTime:0.017170s ]
INFO: [ view_filter ] --START--
INFO: Run ContentReplace Behavior [ RunTime:0.001026s ]
INFO: Run TokenBuild Behavior [ RunTime:0.000996s ]
INFO: Run WriteHtmlCache Behavior [ RunTime:0.000875s ]
INFO: Run ShowRuntime Behavior [ RunTime:0.001249s ]
INFO: [ view_filter ] --END-- [ RunTime:0.004366s ]
INFO: [ view_end ] --START--
INFO: Run ShowPageTrace Behavior [ RunTime:0.001983s ]
INFO: [ view_end ] --END-- [ RunTime:0.002079s ]

[ 2015-10-27T10:05:12+08:00 ] 127.0.0.1 /jiuye/index.php/Index/index.html
INFO: [ route_check ] --START--
INFO: Run CheckRoute Behavior [ RunTime:0.002300s ]
INFO: [ route_check ] --END-- [ RunTime:0.002395s ]
INFO: [ app_begin ] --START--
INFO: Run ReadHtmlCache Behavior [ RunTime:0.002357s ]
INFO: [ app_begin ] --END-- [ RunTime:0.002468s ]
INFO: [ view_template ] --START--
INFO: Run LocationTemplate Behavior [ RunTime:0.001792s ]
INFO: [ view_template ] --END-- [ RunTime:0.001958s ]
INFO: [ view_parse ] --START--
INFO: Run ParseTemplate Behavior [ RunTime:0.014640s ]
INFO: [ view_parse ] --END-- [ RunTime:0.014780s ]
INFO: [ view_filter ] --START--
INFO: Run ContentReplace Behavior [ RunTime:0.001191s ]
INFO: Run TokenBuild Behavior [ RunTime:0.001286s ]
INFO: Run WriteHtmlCache Behavior [ RunTime:0.001029s ]
INFO: Run ShowRuntime Behavior [ RunTime:0.001334s ]
INFO: [ view_filter ] --END-- [ RunTime:0.005098s ]
INFO: [ view_end ] --START--
INFO: Run ShowPageTrace Behavior [ RunTime:0.002158s ]
INFO: [ view_end ] --END-- [ RunTime:0.002273s ]

[ 2015-10-27T10:05:17+08:00 ] 127.0.0.1 /jiuye/index.php/Applyjob/qiuzhi
INFO: [ route_check ] --START--
INFO: Run CheckRoute Behavior [ RunTime:0.002728s ]
INFO: [ route_check ] --END-- [ RunTime:0.002893s ]
INFO: [ app_begin ] --START--
INFO: Run ReadHtmlCache Behavior [ RunTime:0.001970s ]
INFO: [ app_begin ] --END-- [ RunTime:0.002147s ]
SQL: SHOW COLUMNS FROM `w_applyjob` [ RunTime:0.108214s ]
NOTIC: [8] Undefined index:  name D:\xampp\htdocs\Jiuye\Work\Lib\Action\ApplyjobAction.class.php 第 17 行.
NOTIC: [8] Undefined index:  work D:\xampp\htdocs\Jiuye\Work\Lib\Action\ApplyjobAction.class.php 第 21 行.
NOTIC: [8] Undefined variable: where D:\xampp\htdocs\Jiuye\Work\Lib\Action\ApplyjobAction.class.php 第 28 行.
SQL: SHOW COLUMNS FROM `w_applyjob` [ RunTime:0.004170s ]
SQL: SELECT COUNT(*) AS tp_count FROM `w_applyjob` LIMIT 1   [ RunTime:0.000936s ]
SQL: SELECT * FROM `w_applyjob` WHERE ( 1 ) LIMIT 0,3   [ RunTime:0.001025s ]
SQL: SELECT * FROM `w_applyjob` GROUP BY aj_post  [ RunTime:0.002102s ]
INFO: [ view_template ] --START--
INFO: Run LocationTemplate Behavior [ RunTime:0.004787s ]
INFO: [ view_template ] --END-- [ RunTime:0.005042s ]
INFO: [ view_parse ] --START--
INFO: Run ParseTemplate Behavior [ RunTime:0.040557s ]
INFO: [ view_parse ] --END-- [ RunTime:0.040817s ]
INFO: [ view_filter ] --START--
INFO: Run ContentReplace Behavior [ RunTime:0.002885s ]
INFO: Run TokenBuild Behavior [ RunTime:0.003283s ]
INFO: Run WriteHtmlCache Behavior [ RunTime:0.002829s ]
INFO: Run ShowRuntime Behavior [ RunTime:0.003301s ]
INFO: [ view_filter ] --END-- [ RunTime:0.013006s ]
INFO: [ view_end ] --START--
INFO: Run ShowPageTrace Behavior [ RunTime:0.004520s ]
INFO: [ view_end ] --END-- [ RunTime:0.004696s ]

[ 2015-10-27T10:05:19+08:00 ] 127.0.0.1 /jiuye/index.php/Applyjob/see/id/6
INFO: [ route_check ] --START--
INFO: Run CheckRoute Behavior [ RunTime:0.001302s ]
INFO: [ route_check ] --END-- [ RunTime:0.001377s ]
INFO: [ app_begin ] --START--
INFO: Run ReadHtmlCache Behavior [ RunTime:0.001020s ]
INFO: [ app_begin ] --END-- [ RunTime:0.001083s ]
SQL: SHOW COLUMNS FROM `w_applyjob` [ RunTime:0.001858s ]
SQL: SELECT * FROM `w_applyjob` WHERE ( aj_id=6 ) LIMIT 1   [ RunTime:0.000464s ]
INFO: [ view_template ] --START--
INFO: Run LocationTemplate Behavior [ RunTime:0.002030s ]
INFO: [ view_template ] --END-- [ RunTime:0.002192s ]
INFO: [ view_parse ] --START--
INFO: Run ParseTemplate Behavior [ RunTime:0.011992s ]
INFO: [ view_parse ] --END-- [ RunTime:0.012115s ]
INFO: [ view_filter ] --START--
INFO: Run ContentReplace Behavior [ RunTime:0.000884s ]
INFO: Run TokenBuild Behavior [ RunTime:0.000912s ]
INFO: Run WriteHtmlCache Behavior [ RunTime:0.000770s ]
INFO: Run ShowRuntime Behavior [ RunTime:0.000941s ]
INFO: [ view_filter ] --END-- [ RunTime:0.003662s ]
INFO: [ view_end ] --START--
INFO: Run ShowPageTrace Behavior [ RunTime:0.001119s ]
INFO: [ view_end ] --END-- [ RunTime:0.001173s ]

[ 2015-10-27T10:05:22+08:00 ] 127.0.0.1 /jiuye/index.php/Applyjob/qiuzhi
INFO: [ route_check ] --START--
INFO: Run CheckRoute Behavior [ RunTime:0.001588s ]
INFO: [ route_check ] --END-- [ RunTime:0.001719s ]
INFO: [ app_begin ] --START--
INFO: Run ReadHtmlCache Behavior [ RunTime:0.001249s ]
INFO: [ app_begin ] --END-- [ RunTime:0.001353s ]
SQL: SHOW COLUMNS FROM `w_applyjob` [ RunTime:0.001760s ]
NOTIC: [8] Undefined index:  name D:\xampp\htdocs\Jiuye\Work\Lib\Action\ApplyjobAction.class.php 第 17 行.
NOTIC: [8] Undefined index:  work D:\xampp\htdocs\Jiuye\Work\Lib\Action\ApplyjobAction.class.php 第 21 行.
NOTIC: [8] Undefined variable: where D:\xampp\htdocs\Jiuye\Work\Lib\Action\ApplyjobAction.class.php 第 28 行.
SQL: SHOW COLUMNS FROM `w_applyjob` [ RunTime:0.001690s ]
SQL: SELECT COUNT(*) AS tp_count FROM `w_applyjob` LIMIT 1   [ RunTime:0.000515s ]
SQL: SELECT * FROM `w_applyjob` WHERE ( 1 ) LIMIT 0,3   [ RunTime:0.001118s ]
SQL: SELECT * FROM `w_applyjob` GROUP BY aj_post  [ RunTime:0.001772s ]
INFO: [ view_template ] --START--
INFO: Run LocationTemplate Behavior [ RunTime:0.001848s ]
INFO: [ view_template ] --END-- [ RunTime:0.001927s ]
INFO: [ view_parse ] --START--
INFO: Run ParseTemplate Behavior [ RunTime:0.012194s ]
INFO: [ view_parse ] --END-- [ RunTime:0.012267s ]
INFO: [ view_filter ] --START--
INFO: Run ContentReplace Behavior [ RunTime:0.000925s ]
INFO: Run TokenBuild Behavior [ RunTime:0.001211s ]
INFO: Run WriteHtmlCache Behavior [ RunTime:0.001765s ]
INFO: Run ShowRuntime Behavior [ RunTime:0.000981s ]
INFO: [ view_filter ] --END-- [ RunTime:0.005126s ]
INFO: [ view_end ] --START--
INFO: Run ShowPageTrace Behavior [ RunTime:0.001183s ]
INFO: [ view_end ] --END-- [ RunTime:0.001237s ]

[ 2015-10-27T10:05:23+08:00 ] 127.0.0.1 /jiuye/index.php/Applyjob/see/id/2
INFO: [ route_check ] --START--
INFO: Run CheckRoute Behavior [ RunTime:0.001343s ]
INFO: [ route_check ] --END-- [ RunTime:0.001422s ]
INFO: [ app_begin ] --START--
INFO: Run ReadHtmlCache Behavior [ RunTime:0.001020s ]
INFO: [ app_begin ] --END-- [ RunTime:0.001085s ]
SQL: SHOW COLUMNS FROM `w_applyjob` [ RunTime:0.001855s ]
SQL: SELECT * FROM `w_applyjob` WHERE ( aj_id=2 ) LIMIT 1   [ RunTime:0.000841s ]
INFO: [ view_template ] --START--
INFO: Run LocationTemplate Behavior [ RunTime:0.002453s ]
INFO: [ view_template ] --END-- [ RunTime:0.002652s ]
INFO: [ view_parse ] --START--
INFO: Run ParseTemplate Behavior [ RunTime:0.009695s ]
INFO: [ view_parse ] --END-- [ RunTime:0.009862s ]
INFO: [ view_filter ] --START--
INFO: Run ContentReplace Behavior [ RunTime:0.000870s ]
INFO: Run TokenBuild Behavior [ RunTime:0.000873s ]
INFO: Run WriteHtmlCache Behavior [ RunTime:0.001015s ]
INFO: Run ShowRuntime Behavior [ RunTime:0.002109s ]
INFO: [ view_filter ] --END-- [ RunTime:0.005039s ]
INFO: [ view_end ] --START--
INFO: Run ShowPageTrace Behavior [ RunTime:0.001114s ]
INFO: [ view_end ] --END-- [ RunTime:0.001169s ]

[ 2015-10-27T10:05:25+08:00 ] 127.0.0.1 /jiuye/index.php/Applyjob/qiuzhi
INFO: [ route_check ] --START--
INFO: Run CheckRoute Behavior [ RunTime:0.003812s ]
INFO: [ route_check ] --END-- [ RunTime:0.004102s ]
INFO: [ app_begin ] --START--
INFO: Run ReadHtmlCache Behavior [ RunTime:0.002260s ]
INFO: [ app_begin ] --END-- [ RunTime:0.002396s ]
SQL: SHOW COLUMNS FROM `w_applyjob` [ RunTime:0.001904s ]
NOTIC: [8] Undefined index:  name D:\xampp\htdocs\Jiuye\Work\Lib\Action\ApplyjobAction.class.php 第 17 行.
NOTIC: [8] Undefined index:  work D:\xampp\htdocs\Jiuye\Work\Lib\Action\ApplyjobAction.class.php 第 21 行.
NOTIC: [8] Undefined variable: where D:\xampp\htdocs\Jiuye\Work\Lib\Action\ApplyjobAction.class.php 第 28 行.
SQL: SHOW COLUMNS FROM `w_applyjob` [ RunTime:0.003395s ]
SQL: SELECT COUNT(*) AS tp_count FROM `w_applyjob` LIMIT 1   [ RunTime:0.000402s ]
SQL: SELECT * FROM `w_applyjob` WHERE ( 1 ) LIMIT 0,3   [ RunTime:0.000368s ]
SQL: SELECT * FROM `w_applyjob` GROUP BY aj_post  [ RunTime:0.000397s ]
INFO: [ view_template ] --START--
INFO: Run LocationTemplate Behavior [ RunTime:0.002041s ]
INFO: [ view_template ] --END-- [ RunTime:0.002120s ]
INFO: [ view_parse ] --START--
INFO: Run ParseTemplate Behavior [ RunTime:0.014060s ]
INFO: [ view_parse ] --END-- [ RunTime:0.014159s ]
INFO: [ view_filter ] --START--
INFO: Run ContentReplace Behavior [ RunTime:0.001074s ]
INFO: Run TokenBuild Behavior [ RunTime:0.001031s ]
INFO: Run WriteHtmlCache Behavior [ RunTime:0.000903s ]
INFO: Run ShowRuntime Behavior [ RunTime:0.001085s ]
INFO: [ view_filter ] --END-- [ RunTime:0.004278s ]
INFO: [ view_end ] --START--
INFO: Run ShowPageTrace Behavior [ RunTime:0.001627s ]
INFO: [ view_end ] --END-- [ RunTime:0.001693s ]

[ 2015-10-27T10:05:26+08:00 ] 127.0.0.1 /jiuye/index.php/Applyjob/qiuzhi/sub/%E8%BF%94%E5%9B%9E/p/2
INFO: [ route_check ] --START--
INFO: Run CheckRoute Behavior [ RunTime:0.001313s ]
INFO: [ route_check ] --END-- [ RunTime:0.001389s ]
INFO: [ app_begin ] --START--
INFO: Run ReadHtmlCache Behavior [ RunTime:0.001224s ]
INFO: [ app_begin ] --END-- [ RunTime:0.001316s ]
SQL: SHOW COLUMNS FROM `w_applyjob` [ RunTime:0.003147s ]
NOTIC: [8] Undefined index:  name D:\xampp\htdocs\Jiuye\Work\Lib\Action\ApplyjobAction.class.php 第 17 行.
NOTIC: [8] Undefined index:  work D:\xampp\htdocs\Jiuye\Work\Lib\Action\ApplyjobAction.class.php 第 21 行.
NOTIC: [8] Undefined variable: where D:\xampp\htdocs\Jiuye\Work\Lib\Action\ApplyjobAction.class.php 第 28 行.
SQL: SHOW COLUMNS FROM `w_applyjob` [ RunTime:0.001587s ]
SQL: SELECT COUNT(*) AS tp_count FROM `w_applyjob` LIMIT 1   [ RunTime:0.000315s ]
SQL: SELECT * FROM `w_applyjob` WHERE ( 1 ) LIMIT 3,3   [ RunTime:0.000307s ]
SQL: SELECT * FROM `w_applyjob` GROUP BY aj_post  [ RunTime:0.000414s ]
INFO: [ view_template ] --START--
INFO: Run LocationTemplate Behavior [ RunTime:0.001533s ]
INFO: [ view_template ] --END-- [ RunTime:0.001599s ]
INFO: [ view_parse ] --START--
INFO: Run ParseTemplate Behavior [ RunTime:0.011616s ]
INFO: [ view_parse ] --END-- [ RunTime:0.011697s ]
INFO: [ view_filter ] --START--
INFO: Run ContentReplace Behavior [ RunTime:0.000895s ]
INFO: Run TokenBuild Behavior [ RunTime:0.000868s ]
INFO: Run WriteHtmlCache Behavior [ RunTime:0.000770s ]
INFO: Run ShowRuntime Behavior [ RunTime:0.000940s ]
INFO: [ view_filter ] --END-- [ RunTime:0.003629s ]
INFO: [ view_end ] --START--
INFO: Run ShowPageTrace Behavior [ RunTime:0.001193s ]
INFO: [ view_end ] --END-- [ RunTime:0.001246s ]

[ 2015-10-27T10:05:28+08:00 ] 127.0.0.1 /jiuye/index.php/Applyjob/see/id/7
INFO: [ route_check ] --START--
INFO: Run CheckRoute Behavior [ RunTime:0.002504s ]
INFO: [ route_check ] --END-- [ RunTime:0.002671s ]
INFO: [ app_begin ] --START--
INFO: Run ReadHtmlCache Behavior [ RunTime:0.002080s ]
INFO: [ app_begin ] --END-- [ RunTime:0.002235s ]
SQL: SHOW COLUMNS FROM `w_applyjob` [ RunTime:0.005217s ]
SQL: SELECT * FROM `w_applyjob` WHERE ( aj_id=7 ) LIMIT 1   [ RunTime:0.000474s ]
INFO: [ view_template ] --START--
INFO: Run LocationTemplate Behavior [ RunTime:0.001510s ]
INFO: [ view_template ] --END-- [ RunTime:0.001585s ]
INFO: [ view_parse ] --START--
INFO: Run ParseTemplate Behavior [ RunTime:0.010395s ]
INFO: [ view_parse ] --END-- [ RunTime:0.010507s ]
INFO: [ view_filter ] --START--
INFO: Run ContentReplace Behavior [ RunTime:0.001102s ]
INFO: Run TokenBuild Behavior [ RunTime:0.000883s ]
INFO: Run WriteHtmlCache Behavior [ RunTime:0.000777s ]
INFO: Run ShowRuntime Behavior [ RunTime:0.000950s ]
INFO: [ view_filter ] --END-- [ RunTime:0.003874s ]
INFO: [ view_end ] --START--
INFO: Run ShowPageTrace Behavior [ RunTime:0.001091s ]
INFO: [ view_end ] --END-- [ RunTime:0.001144s ]

[ 2015-10-27T10:05:32+08:00 ] 127.0.0.1 /jiuye/index.php/Applyjob/qiuzhi
INFO: [ route_check ] --START--
INFO: Run CheckRoute Behavior [ RunTime:0.001405s ]
INFO: [ route_check ] --END-- [ RunTime:0.001510s ]
INFO: [ app_begin ] --START--
INFO: Run ReadHtmlCache Behavior [ RunTime:0.001045s ]
INFO: [ app_begin ] --END-- [ RunTime:0.001146s ]
SQL: SHOW COLUMNS FROM `w_applyjob` [ RunTime:0.002170s ]
NOTIC: [8] Undefined index:  name D:\xampp\htdocs\Jiuye\Work\Lib\Action\ApplyjobAction.class.php 第 17 行.
NOTIC: [8] Undefined index:  work D:\xampp\htdocs\Jiuye\Work\Lib\Action\ApplyjobAction.class.php 第 21 行.
NOTIC: [8] Undefined variable: where D:\xampp\htdocs\Jiuye\Work\Lib\Action\ApplyjobAction.class.php 第 28 行.
SQL: SHOW COLUMNS FROM `w_applyjob` [ RunTime:0.001620s ]
SQL: SELECT COUNT(*) AS tp_count FROM `w_applyjob` LIMIT 1   [ RunTime:0.000420s ]
SQL: SELECT * FROM `w_applyjob` WHERE ( 1 ) LIMIT 0,3   [ RunTime:0.000344s ]
SQL: SELECT * FROM `w_applyjob` GROUP BY aj_post  [ RunTime:0.000443s ]
INFO: [ view_template ] --START--
INFO: Run LocationTemplate Behavior [ RunTime:0.001671s ]
INFO: [ view_template ] --END-- [ RunTime:0.001751s ]
INFO: [ view_parse ] --START--
INFO: Run ParseTemplate Behavior [ RunTime:0.011467s ]
INFO: [ view_parse ] --END-- [ RunTime:0.011543s ]
INFO: [ view_filter ] --START--
INFO: Run ContentReplace Behavior [ RunTime:0.000904s ]
INFO: Run TokenBuild Behavior [ RunTime:0.000872s ]
INFO: Run WriteHtmlCache Behavior [ RunTime:0.000769s ]
INFO: Run ShowRuntime Behavior [ RunTime:0.001100s ]
INFO: [ view_filter ] --END-- [ RunTime:0.003809s ]
INFO: [ view_end ] --START--
INFO: Run ShowPageTrace Behavior [ RunTime:0.001160s ]
INFO: [ view_end ] --END-- [ RunTime:0.001213s ]

[ 2015-10-27T10:05:34+08:00 ] 127.0.0.1 /jiuye/index.php/Applyjob/see/id/4
INFO: [ route_check ] --START--
INFO: Run CheckRoute Behavior [ RunTime:0.001307s ]
INFO: [ route_check ] --END-- [ RunTime:0.001384s ]
INFO: [ app_begin ] --START--
INFO: Run ReadHtmlCache Behavior [ RunTime:0.001021s ]
INFO: [ app_begin ] --END-- [ RunTime:0.001084s ]
SQL: SHOW COLUMNS FROM `w_applyjob` [ RunTime:0.002928s ]
SQL: SELECT * FROM `w_applyjob` WHERE ( aj_id=4 ) LIMIT 1   [ RunTime:0.000479s ]
INFO: [ view_template ] --START--
INFO: Run LocationTemplate Behavior [ RunTime:0.001531s ]
INFO: [ view_template ] --END-- [ RunTime:0.001627s ]
INFO: [ view_parse ] --START--
INFO: Run ParseTemplate Behavior [ RunTime:0.010472s ]
INFO: [ view_parse ] --END-- [ RunTime:0.010554s ]
INFO: [ view_filter ] --START--
INFO: Run ContentReplace Behavior [ RunTime:0.000943s ]
INFO: Run TokenBuild Behavior [ RunTime:0.000889s ]
INFO: Run WriteHtmlCache Behavior [ RunTime:0.000779s ]
INFO: Run ShowRuntime Behavior [ RunTime:0.000949s ]
INFO: [ view_filter ] --END-- [ RunTime:0.003729s ]
INFO: [ view_end ] --START--
INFO: Run ShowPageTrace Behavior [ RunTime:0.001089s ]
INFO: [ view_end ] --END-- [ RunTime:0.001143s ]

[ 2015-10-27T10:05:36+08:00 ] 127.0.0.1 /jiuye/index.php/Applyjob/qiuzhi
INFO: [ route_check ] --START--
INFO: Run CheckRoute Behavior [ RunTime:0.001311s ]
INFO: [ route_check ] --END-- [ RunTime:0.001392s ]
INFO: [ app_begin ] --START--
INFO: Run ReadHtmlCache Behavior [ RunTime:0.001026s ]
INFO: [ app_begin ] --END-- [ RunTime:0.001089s ]
SQL: SHOW COLUMNS FROM `w_applyjob` [ RunTime:0.003315s ]
NOTIC: [8] Undefined index:  name D:\xampp\htdocs\Jiuye\Work\Lib\Action\ApplyjobAction.class.php 第 17 行.
NOTIC: [8] Undefined index:  work D:\xampp\htdocs\Jiuye\Work\Lib\Action\ApplyjobAction.class.php 第 21 行.
NOTIC: [8] Undefined variable: where D:\xampp\htdocs\Jiuye\Work\Lib\Action\ApplyjobAction.class.php 第 28 行.
SQL: SHOW COLUMNS FROM `w_applyjob` [ RunTime:0.001747s ]
SQL: SELECT COUNT(*) AS tp_count FROM `w_applyjob` LIMIT 1   [ RunTime:0.000297s ]
SQL: SELECT * FROM `w_applyjob` WHERE ( 1 ) LIMIT 0,3   [ RunTime:0.000338s ]
SQL: SELECT * FROM `w_applyjob` GROUP BY aj_post  [ RunTime:0.000405s ]
INFO: [ view_template ] --START--
INFO: Run LocationTemplate Behavior [ RunTime:0.001690s ]
INFO: [ view_template ] --END-- [ RunTime:0.001761s ]
INFO: [ view_parse ] --START--
INFO: Run ParseTemplate Behavior [ RunTime:0.015754s ]
INFO: [ view_parse ] --END-- [ RunTime:0.015835s ]
INFO: [ view_filter ] --START--
INFO: Run ContentReplace Behavior [ RunTime:0.000944s ]
INFO: Run TokenBuild Behavior [ RunTime:0.000878s ]
INFO: Run WriteHtmlCache Behavior [ RunTime:0.000776s ]
INFO: Run ShowRuntime Behavior [ RunTime:0.000940s ]
INFO: [ view_filter ] --END-- [ RunTime:0.003707s ]
INFO: [ view_end ] --START--
INFO: Run ShowPageTrace Behavior [ RunTime:0.001958s ]
INFO: [ view_end ] --END-- [ RunTime:0.002145s ]

[ 2015-10-27T14:47:26+08:00 ] 127.0.0.1 /jiuye/index.php/Index/shouye
INFO: [ route_check ] --START--
INFO: Run CheckRoute Behavior [ RunTime:0.001349s ]
INFO: [ route_check ] --END-- [ RunTime:0.001449s ]
INFO: [ app_begin ] --START--
INFO: Run ReadHtmlCache Behavior [ RunTime:0.000978s ]
INFO: [ app_begin ] --END-- [ RunTime:0.001076s ]
INFO: [ view_template ] --START--
INFO: Run LocationTemplate Behavior [ RunTime:0.002210s ]
INFO: [ view_template ] --END-- [ RunTime:0.002378s ]
INFO: [ view_parse ] --START--
INFO: Run ParseTemplate Behavior [ RunTime:0.024314s ]
INFO: [ view_parse ] --END-- [ RunTime:0.024434s ]
INFO: [ view_filter ] --START--
INFO: Run ContentReplace Behavior [ RunTime:0.001490s ]
INFO: Run TokenBuild Behavior [ RunTime:0.001733s ]
INFO: Run WriteHtmlCache Behavior [ RunTime:0.000793s ]
INFO: Run ShowRuntime Behavior [ RunTime:0.000968s ]
INFO: [ view_filter ] --END-- [ RunTime:0.005248s ]
INFO: [ view_end ] --START--
INFO: Run ShowPageTrace Behavior [ RunTime:0.001113s ]
INFO: [ view_end ] --END-- [ RunTime:0.001167s ]

[ 2015-10-27T14:47:27+08:00 ] 127.0.0.1 /jiuye/index.php/Index/top.html
INFO: [ route_check ] --START--
INFO: Run CheckRoute Behavior [ RunTime:0.001369s ]
INFO: [ route_check ] --END-- [ RunTime:0.001532s ]
INFO: [ app_begin ] --START--
INFO: Run ReadHtmlCache Behavior [ RunTime:0.000813s ]
INFO: [ app_begin ] --END-- [ RunTime:0.000932s ]
INFO: [ view_template ] --START--
INFO: Run LocationTemplate Behavior [ RunTime:0.002879s ]
INFO: [ view_template ] --END-- [ RunTime:0.003020s ]
INFO: [ view_parse ] --START--
INFO: Run ParseTemplate Behavior [ RunTime:0.023699s ]
INFO: [ view_parse ] --END-- [ RunTime:0.023789s ]
INFO: [ view_filter ] --START--
INFO: Run ContentReplace Behavior [ RunTime:0.000880s ]
INFO: Run TokenBuild Behavior [ RunTime:0.000873s ]
INFO: Run WriteHtmlCache Behavior [ RunTime:0.000777s ]
INFO: Run ShowRuntime Behavior [ RunTime:0.000949s ]
INFO: [ view_filter ] --END-- [ RunTime:0.003634s ]
INFO: [ view_end ] --START--
INFO: Run ShowPageTrace Behavior [ RunTime:0.001758s ]
INFO: [ view_end ] --END-- [ RunTime:0.002030s ]

[ 2015-10-27T14:47:27+08:00 ] 127.0.0.1 /jiuye/index.php/Index/left.html
INFO: [ route_check ] --START--
INFO: Run CheckRoute Behavior [ RunTime:0.001645s ]
INFO: [ route_check ] --END-- [ RunTime:0.001801s ]
INFO: [ app_begin ] --START--
INFO: Run ReadHtmlCache Behavior [ RunTime:0.001529s ]
INFO: [ app_begin ] --END-- [ RunTime:0.001986s ]
INFO: [ view_template ] --START--
INFO: Run LocationTemplate Behavior [ RunTime:0.000833s ]
INFO: [ view_template ] --END-- [ RunTime:0.000933s ]
INFO: [ view_parse ] --START--
INFO: Run ParseTemplate Behavior [ RunTime:0.060628s ]
INFO: [ view_parse ] --END-- [ RunTime:0.060772s ]
INFO: [ view_filter ] --START--
INFO: Run ContentReplace Behavior [ RunTime:0.000931s ]
INFO: Run TokenBuild Behavior [ RunTime:0.000623s ]
INFO: Run WriteHtmlCache Behavior [ RunTime:0.000513s ]
INFO: Run ShowRuntime Behavior [ RunTime:0.000688s ]
INFO: [ view_filter ] --END-- [ RunTime:0.002932s ]
INFO: [ view_end ] --START--
INFO: Run ShowPageTrace Behavior [ RunTime:0.000928s ]
INFO: [ view_end ] --END-- [ RunTime:0.000991s ]

[ 2015-10-27T14:47:27+08:00 ] 127.0.0.1 /jiuye/index.php/Applyjob/qiuzhi
INFO: [ route_check ] --START--
INFO: Run CheckRoute Behavior [ RunTime:0.002776s ]
INFO: [ route_check ] --END-- [ RunTime:0.002974s ]
INFO: [ app_begin ] --START--
INFO: Run ReadHtmlCache Behavior [ RunTime:0.000907s ]
INFO: [ app_begin ] --END-- [ RunTime:0.000989s ]
SQL: SHOW COLUMNS FROM `w_applyjob` [ RunTime:0.001891s ]
NOTIC: [8] Undefined index:  name D:\xampp\htdocs\Jiuye\Work\Lib\Action\ApplyjobAction.class.php 第 17 行.
NOTIC: [8] Undefined index:  work D:\xampp\htdocs\Jiuye\Work\Lib\Action\ApplyjobAction.class.php 第 21 行.
NOTIC: [8] Undefined variable: where D:\xampp\htdocs\Jiuye\Work\Lib\Action\ApplyjobAction.class.php 第 28 行.
SQL: SHOW COLUMNS FROM `w_applyjob` [ RunTime:0.003536s ]
SQL: SELECT COUNT(*) AS tp_count FROM `w_applyjob` LIMIT 1   [ RunTime:0.030055s ]
SQL: SELECT * FROM `w_applyjob` WHERE ( 1 ) LIMIT 0,3   [ RunTime:0.008465s ]
SQL: SELECT * FROM `w_applyjob` GROUP BY aj_post  [ RunTime:0.000447s ]
INFO: [ view_template ] --START--
INFO: Run LocationTemplate Behavior [ RunTime:0.001310s ]
INFO: [ view_template ] --END-- [ RunTime:0.001393s ]
INFO: [ view_parse ] --START--
INFO: Run ParseTemplate Behavior [ RunTime:0.051701s ]
INFO: [ view_parse ] --END-- [ RunTime:0.051796s ]
INFO: [ view_filter ] --START--
INFO: Run ContentReplace Behavior [ RunTime:0.000762s ]
INFO: Run TokenBuild Behavior [ RunTime:0.001121s ]
INFO: Run WriteHtmlCache Behavior [ RunTime:0.000767s ]
INFO: Run ShowRuntime Behavior [ RunTime:0.002219s ]
INFO: [ view_filter ] --END-- [ RunTime:0.005190s ]
INFO: [ view_end ] --START--
INFO: Run ShowPageTrace Behavior [ RunTime:0.002509s ]
INFO: [ view_end ] --END-- [ RunTime:0.002670s ]

