[ 2015-10-22T14:17:27+08:00 ] 127.0.0.1 /Jiuye/
INFO: [ app_begin ] --START--
INFO: Run ReadHtmlCache Behavior [ RunTime:0.003275s ]
INFO: [ app_begin ] --END-- [ RunTime:0.003744s ]
INFO: [ view_template ] --START--
INFO: Run LocationTemplate Behavior [ RunTime:0.002336s ]
INFO: [ view_template ] --END-- [ RunTime:0.002545s ]
INFO: [ view_parse ] --START--
INFO: Run ParseTemplate Behavior [ RunTime:0.034097s ]
INFO: [ view_parse ] --END-- [ RunTime:0.034319s ]
INFO: [ view_filter ] --START--
INFO: Run ContentReplace Behavior [ RunTime:0.002817s ]
INFO: Run TokenBuild Behavior [ RunTime:0.002824s ]
INFO: Run WriteHtmlCache Behavior [ RunTime:0.002439s ]
INFO: Run ShowRuntime Behavior [ RunTime:0.003362s ]
INFO: [ view_filter ] --END-- [ RunTime:0.011971s ]
INFO: [ view_end ] --START--
INFO: Run ShowPageTrace Behavior [ RunTime:0.004395s ]
INFO: [ view_end ] --END-- [ RunTime:0.004760s ]

[ 2015-10-22T14:17:27+08:00 ] 127.0.0.1 /Jiuye/
INFO: [ app_begin ] --START--
INFO: Run ReadHtmlCache Behavior [ RunTime:0.000741s ]
INFO: [ app_begin ] --END-- [ RunTime:0.000910s ]
INFO: [ view_template ] --START--
INFO: Run LocationTemplate Behavior [ RunTime:0.002244s ]
INFO: [ view_template ] --END-- [ RunTime:0.002545s ]
INFO: [ view_parse ] --START--
INFO: Run ParseTemplate Behavior [ RunTime:0.026282s ]
INFO: [ view_parse ] --END-- [ RunTime:0.026541s ]
INFO: [ view_filter ] --START--
INFO: Run ContentReplace Behavior [ RunTime:0.001883s ]
INFO: Run TokenBuild Behavior [ RunTime:0.001873s ]
INFO: Run WriteHtmlCache Behavior [ RunTime:0.001598s ]
INFO: Run ShowRuntime Behavior [ RunTime:0.002355s ]
INFO: [ view_filter ] --END-- [ RunTime:0.008288s ]
INFO: [ view_end ] --START--
INFO: Run ShowPageTrace Behavior [ RunTime:0.003231s ]
INFO: [ view_end ] --END-- [ RunTime:0.003534s ]

[ 2015-10-22T18:20:06+08:00 ] 127.0.0.1 /jiuye/index.php/Index/login
INFO: [ route_check ] --START--
INFO: Run CheckRoute Behavior [ RunTime:0.002540s ]
INFO: [ route_check ] --END-- [ RunTime:0.002712s ]
INFO: [ app_begin ] --START--
INFO: Run ReadHtmlCache Behavior [ RunTime:0.001843s ]
INFO: [ app_begin ] --END-- [ RunTime:0.002016s ]
INFO: [ view_template ] --START--
INFO: Run LocationTemplate Behavior [ RunTime:0.002770s ]
INFO: [ view_template ] --END-- [ RunTime:0.002992s ]
INFO: [ view_parse ] --START--
INFO: Run ParseTemplate Behavior [ RunTime:0.038639s ]
INFO: [ view_parse ] --END-- [ RunTime:0.038859s ]
INFO: [ view_filter ] --START--
INFO: Run ContentReplace Behavior [ RunTime:0.001380s ]
INFO: Run TokenBuild Behavior [ RunTime:0.001596s ]
INFO: Run WriteHtmlCache Behavior [ RunTime:0.001222s ]
INFO: Run ShowRuntime Behavior [ RunTime:0.001700s ]
INFO: [ view_filter ] --END-- [ RunTime:0.006314s ]
INFO: [ view_end ] --START--
INFO: Run ShowPageTrace Behavior [ RunTime:0.002048s ]
INFO: [ view_end ] --END-- [ RunTime:0.002207s ]

[ 2015-10-22T18:20:18+08:00 ] 127.0.0.1 /jiuye/index.php/Index/login
INFO: [ route_check ] --START--
INFO: Run CheckRoute Behavior [ RunTime:0.006161s ]
INFO: [ route_check ] --END-- [ RunTime:0.006632s ]
INFO: [ app_begin ] --START--
INFO: Run ReadHtmlCache Behavior [ RunTime:0.002618s ]
INFO: [ app_begin ] --END-- [ RunTime:0.002833s ]
SQL: SHOW COLUMNS FROM `w_manage` [ RunTime:0.004566s ]
SQL: SELECT * FROM `w_manage` WHERE ( m_name='g18953827837' && m_pwd=123 )  [ RunTime:0.001608s ]
INFO: [ view_template ] --START--
INFO: Run LocationTemplate Behavior [ RunTime:0.005355s ]
INFO: [ view_template ] --END-- [ RunTime:0.005865s ]
INFO: [ view_parse ] --START--
INFO: Run ParseTemplate Behavior [ RunTime:0.025363s ]
INFO: [ view_parse ] --END-- [ RunTime:0.025720s ]
INFO: [ view_filter ] --START--
INFO: Run ContentReplace Behavior [ RunTime:0.002491s ]
INFO: Run TokenBuild Behavior [ RunTime:0.002980s ]
INFO: Run WriteHtmlCache Behavior [ RunTime:0.004620s ]
INFO: Run ShowRuntime Behavior [ RunTime:0.002592s ]
INFO: [ view_filter ] --END-- [ RunTime:0.013418s ]
INFO: [ view_end ] --START--
INFO: Run ShowPageTrace Behavior [ RunTime:0.004009s ]
INFO: [ view_end ] --END-- [ RunTime:0.004178s ]

[ 2015-10-22T18:20:19+08:00 ] 127.0.0.1 /jiuye/index.php/Index/shouye
INFO: [ route_check ] --START--
INFO: Run CheckRoute Behavior [ RunTime:0.007128s ]
INFO: [ route_check ] --END-- [ RunTime:0.007473s ]
INFO: [ app_begin ] --START--
INFO: Run ReadHtmlCache Behavior [ RunTime:0.004877s ]
INFO: [ app_begin ] --END-- [ RunTime:0.005221s ]
INFO: [ view_template ] --START--
INFO: Run LocationTemplate Behavior [ RunTime:0.005878s ]
INFO: [ view_template ] --END-- [ RunTime:0.006277s ]
INFO: [ view_parse ] --START--
INFO: Run ParseTemplate Behavior [ RunTime:0.141858s ]
INFO: [ view_parse ] --END-- [ RunTime:0.142219s ]
INFO: [ view_filter ] --START--
INFO: Run ContentReplace Behavior [ RunTime:0.003142s ]
INFO: Run TokenBuild Behavior [ RunTime:0.004547s ]
INFO: Run WriteHtmlCache Behavior [ RunTime:0.002807s ]
INFO: Run ShowRuntime Behavior [ RunTime:0.003591s ]
INFO: [ view_filter ] --END-- [ RunTime:0.014740s ]
INFO: [ view_end ] --START--
INFO: Run ShowPageTrace Behavior [ RunTime:0.004479s ]
INFO: [ view_end ] --END-- [ RunTime:0.004709s ]

[ 2015-10-22T18:20:19+08:00 ] 127.0.0.1 /jiuye/index.php/Index/left.html
INFO: [ route_check ] --START--
INFO: Run CheckRoute Behavior [ RunTime:0.001997s ]
INFO: [ route_check ] --END-- [ RunTime:0.002225s ]
INFO: [ app_begin ] --START--
INFO: Run ReadHtmlCache Behavior [ RunTime:0.001172s ]
INFO: [ app_begin ] --END-- [ RunTime:0.001325s ]
INFO: [ view_template ] --START--
INFO: Run LocationTemplate Behavior [ RunTime:0.002090s ]
INFO: [ view_template ] --END-- [ RunTime:0.002270s ]
INFO: [ view_parse ] --START--
INFO: Run ParseTemplate Behavior [ RunTime:0.042099s ]
INFO: [ view_parse ] --END-- [ RunTime:0.042306s ]
INFO: [ view_filter ] --START--
INFO: Run ContentReplace Behavior [ RunTime:0.000694s ]
INFO: Run TokenBuild Behavior [ RunTime:0.000694s ]
INFO: Run WriteHtmlCache Behavior [ RunTime:0.000520s ]
INFO: Run ShowRuntime Behavior [ RunTime:0.000913s ]
INFO: [ view_filter ] --END-- [ RunTime:0.003168s ]
INFO: [ view_end ] --START--
INFO: Run ShowPageTrace Behavior [ RunTime:0.001366s ]
INFO: [ view_end ] --END-- [ RunTime:0.001503s ]

[ 2015-10-22T18:20:19+08:00 ] 127.0.0.1 /jiuye/index.php/Index/top.html
INFO: [ route_check ] --START--
INFO: Run CheckRoute Behavior [ RunTime:0.006150s ]
INFO: [ route_check ] --END-- [ RunTime:0.006411s ]
INFO: [ app_begin ] --START--
INFO: Run ReadHtmlCache Behavior [ RunTime:0.003921s ]
INFO: [ app_begin ] --END-- [ RunTime:0.004139s ]
INFO: [ view_template ] --START--
INFO: Run LocationTemplate Behavior [ RunTime:0.003485s ]
INFO: [ view_template ] --END-- [ RunTime:0.003688s ]
INFO: [ view_parse ] --START--
INFO: Run ParseTemplate Behavior [ RunTime:0.060754s ]
INFO: [ view_parse ] --END-- [ RunTime:0.061001s ]
INFO: [ view_filter ] --START--
INFO: Run ContentReplace Behavior [ RunTime:0.003453s ]
INFO: Run TokenBuild Behavior [ RunTime:0.003112s ]
INFO: Run WriteHtmlCache Behavior [ RunTime:0.001918s ]
INFO: Run ShowRuntime Behavior [ RunTime:0.002335s ]
INFO: [ view_filter ] --END-- [ RunTime:0.011316s ]
INFO: [ view_end ] --START--
INFO: Run ShowPageTrace Behavior [ RunTime:0.004017s ]
INFO: [ view_end ] --END-- [ RunTime:0.004177s ]

[ 2015-10-22T18:20:20+08:00 ] 127.0.0.1 /jiuye/index.php/Index/index.html
INFO: [ route_check ] --START--
INFO: Run CheckRoute Behavior [ RunTime:0.002912s ]
INFO: [ route_check ] --END-- [ RunTime:0.003103s ]
INFO: [ app_begin ] --START--
INFO: Run ReadHtmlCache Behavior [ RunTime:0.003919s ]
INFO: [ app_begin ] --END-- [ RunTime:0.004260s ]
INFO: [ view_template ] --START--
INFO: Run LocationTemplate Behavior [ RunTime:0.003340s ]
INFO: [ view_template ] --END-- [ RunTime:0.003844s ]
INFO: [ view_parse ] --START--
INFO: Run ParseTemplate Behavior [ RunTime:0.035169s ]
INFO: [ view_parse ] --END-- [ RunTime:0.035443s ]
INFO: [ view_filter ] --START--
INFO: Run ContentReplace Behavior [ RunTime:0.002504s ]
INFO: Run TokenBuild Behavior [ RunTime:0.003422s ]
INFO: Run WriteHtmlCache Behavior [ RunTime:0.002108s ]
INFO: Run ShowRuntime Behavior [ RunTime:0.004494s ]
INFO: [ view_filter ] --END-- [ RunTime:0.014360s ]
INFO: [ view_end ] --START--
INFO: Run ShowPageTrace Behavior [ RunTime:0.003232s ]
INFO: [ view_end ] --END-- [ RunTime:0.003478s ]

[ 2015-10-22T18:20:45+08:00 ] 127.0.0.1 /jiuye/index.php/Member/huiyuan
INFO: [ route_check ] --START--
INFO: Run CheckRoute Behavior [ RunTime:0.003120s ]
INFO: [ route_check ] --END-- [ RunTime:0.003302s ]
INFO: [ app_begin ] --START--
INFO: Run ReadHtmlCache Behavior [ RunTime:0.003034s ]
INFO: [ app_begin ] --END-- [ RunTime:0.003437s ]
NOTIC: [8] Undefined index:  mname D:\xampp\htdocs\Jiuye\Work\Lib\Action\MemberAction.class.php 第 11 行.
NOTIC: [8] Undefined variable: where D:\xampp\htdocs\Jiuye\Work\Lib\Action\MemberAction.class.php 第 16 行.
SQL: SHOW COLUMNS FROM `w_member` [ RunTime:0.003405s ]
SQL: SELECT COUNT(*) AS tp_count FROM `w_member` LIMIT 1   [ RunTime:0.000997s ]
SQL: SELECT * FROM `w_member` WHERE ( 1 ) LIMIT 0,3   [ RunTime:0.000922s ]
SQL: SHOW COLUMNS FROM `w_membertype` [ RunTime:0.005145s ]
SQL: SELECT * FROM `w_membertype` WHERE ( 1=1 AND mt_id='5' ) LIMIT 1   [ RunTime:0.000851s ]
SQL: SELECT * FROM `w_membertype` WHERE ( 1=1 AND mt_id='1' ) LIMIT 1   [ RunTime:0.000766s ]
SQL: SELECT * FROM `w_membertype` WHERE ( 1=1 AND mt_id='5' ) LIMIT 1   [ RunTime:0.000711s ]
INFO: [ view_template ] --START--
INFO: Run LocationTemplate Behavior [ RunTime:0.004180s ]
INFO: [ view_template ] --END-- [ RunTime:0.004337s ]
INFO: [ view_parse ] --START--
INFO: Run ParseTemplate Behavior [ RunTime:0.045598s ]
INFO: [ view_parse ] --END-- [ RunTime:0.045793s ]
INFO: [ view_filter ] --START--
INFO: Run ContentReplace Behavior [ RunTime:0.002095s ]
INFO: Run TokenBuild Behavior [ RunTime:0.002060s ]
INFO: Run WriteHtmlCache Behavior [ RunTime:0.002188s ]
INFO: Run ShowRuntime Behavior [ RunTime:0.002502s ]
INFO: [ view_filter ] --END-- [ RunTime:0.009220s ]
INFO: [ view_end ] --START--
INFO: Run ShowPageTrace Behavior [ RunTime:0.003366s ]
INFO: [ view_end ] --END-- [ RunTime:0.003631s ]

[ 2015-10-22T18:26:32+08:00 ] 127.0.0.1 /jiuye/index.php/Member/add
INFO: [ route_check ] --START--
INFO: Run CheckRoute Behavior [ RunTime:0.003638s ]
INFO: [ route_check ] --END-- [ RunTime:0.004160s ]
INFO: [ app_begin ] --START--
INFO: Run ReadHtmlCache Behavior [ RunTime:0.004090s ]
INFO: [ app_begin ] --END-- [ RunTime:0.004355s ]
SQL: SHOW COLUMNS FROM `w_member` [ RunTime:0.006091s ]
NOTIC: [8] Undefined index:  sub D:\xampp\htdocs\Jiuye\Work\Lib\Action\MemberAction.class.php 第 66 行.
SQL: SHOW COLUMNS FROM `w_membertype` [ RunTime:0.006372s ]
SQL: SELECT * FROM `w_membertype`  [ RunTime:0.001142s ]
INFO: [ view_template ] --START--
INFO: Run LocationTemplate Behavior [ RunTime:0.003563s ]
INFO: [ view_template ] --END-- [ RunTime:0.003941s ]
INFO: [ view_parse ] --START--
INFO: Run ParseTemplate Behavior [ RunTime:0.045634s ]
INFO: [ view_parse ] --END-- [ RunTime:0.045922s ]
INFO: [ view_filter ] --START--
INFO: Run ContentReplace Behavior [ RunTime:0.001728s ]
INFO: Run TokenBuild Behavior [ RunTime:0.001757s ]
INFO: Run WriteHtmlCache Behavior [ RunTime:0.001219s ]
INFO: Run ShowRuntime Behavior [ RunTime:0.001706s ]
INFO: [ view_filter ] --END-- [ RunTime:0.006847s ]
INFO: [ view_end ] --START--
INFO: Run ShowPageTrace Behavior [ RunTime:0.002812s ]
INFO: [ view_end ] --END-- [ RunTime:0.002966s ]

[ 2015-10-22T18:26:33+08:00 ] 127.0.0.1 /jiuye/index.php/Member/add
INFO: [ route_check ] --START--
INFO: Run CheckRoute Behavior [ RunTime:0.001674s ]
INFO: [ route_check ] --END-- [ RunTime:0.001852s ]
INFO: [ app_begin ] --START--
INFO: Run ReadHtmlCache Behavior [ RunTime:0.001047s ]
INFO: [ app_begin ] --END-- [ RunTime:0.001188s ]
SQL: SHOW COLUMNS FROM `w_member` [ RunTime:0.004767s ]

[ 2015-10-22T18:49:30+08:00 ] 127.0.0.1 /jiuye/index.php/Index/login
INFO: [ route_check ] --START--
INFO: Run CheckRoute Behavior [ RunTime:0.002222s ]
INFO: [ route_check ] --END-- [ RunTime:0.002407s ]
INFO: [ app_begin ] --START--
INFO: Run ReadHtmlCache Behavior [ RunTime:0.001045s ]
INFO: [ app_begin ] --END-- [ RunTime:0.001176s ]
INFO: [ view_template ] --START--
INFO: Run LocationTemplate Behavior [ RunTime:0.005239s ]
INFO: [ view_template ] --END-- [ RunTime:0.005623s ]
INFO: [ view_parse ] --START--
INFO: Run ParseTemplate Behavior [ RunTime:0.026925s ]
INFO: [ view_parse ] --END-- [ RunTime:0.027132s ]
INFO: [ view_filter ] --START--
INFO: Run ContentReplace Behavior [ RunTime:0.002103s ]
INFO: Run TokenBuild Behavior [ RunTime:0.003914s ]
INFO: Run WriteHtmlCache Behavior [ RunTime:0.001942s ]
INFO: Run ShowRuntime Behavior [ RunTime:0.004038s ]
INFO: [ view_filter ] --END-- [ RunTime:0.012540s ]
INFO: [ view_end ] --START--
INFO: Run ShowPageTrace Behavior [ RunTime:0.002777s ]
INFO: [ view_end ] --END-- [ RunTime:0.002937s ]

[ 2015-10-22T18:49:35+08:00 ] 127.0.0.1 /jiuye/index.php/Index/login
INFO: [ route_check ] --START--
INFO: Run CheckRoute Behavior [ RunTime:0.002839s ]
INFO: [ route_check ] --END-- [ RunTime:0.003270s ]
INFO: [ app_begin ] --START--
INFO: Run ReadHtmlCache Behavior [ RunTime:0.001190s ]
INFO: [ app_begin ] --END-- [ RunTime:0.001375s ]
SQL: SHOW COLUMNS FROM `w_manage` [ RunTime:0.004117s ]
SQL: SELECT * FROM `w_manage` WHERE ( m_name='g18953827837' && m_pwd=123 )  [ RunTime:0.001221s ]
INFO: [ view_template ] --START--
INFO: Run LocationTemplate Behavior [ RunTime:0.006525s ]
INFO: [ view_template ] --END-- [ RunTime:0.006787s ]
INFO: [ view_parse ] --START--
INFO: Run ParseTemplate Behavior [ RunTime:0.024816s ]
INFO: [ view_parse ] --END-- [ RunTime:0.025036s ]
INFO: [ view_filter ] --START--
INFO: Run ContentReplace Behavior [ RunTime:0.003130s ]
INFO: Run TokenBuild Behavior [ RunTime:0.002891s ]
INFO: Run WriteHtmlCache Behavior [ RunTime:0.003476s ]
INFO: Run ShowRuntime Behavior [ RunTime:0.004789s ]
INFO: [ view_filter ] --END-- [ RunTime:0.015197s ]
INFO: [ view_end ] --START--
INFO: Run ShowPageTrace Behavior [ RunTime:0.005380s ]
INFO: [ view_end ] --END-- [ RunTime:0.005556s ]

[ 2015-10-22T18:49:36+08:00 ] 127.0.0.1 /jiuye/index.php/Index/shouye
INFO: [ route_check ] --START--
INFO: Run CheckRoute Behavior [ RunTime:0.002452s ]
INFO: [ route_check ] --END-- [ RunTime:0.002864s ]
INFO: [ app_begin ] --START--
INFO: Run ReadHtmlCache Behavior [ RunTime:0.001139s ]
INFO: [ app_begin ] --END-- [ RunTime:0.001331s ]
INFO: [ view_template ] --START--
INFO: Run LocationTemplate Behavior [ RunTime:0.003077s ]
INFO: [ view_template ] --END-- [ RunTime:0.003271s ]
INFO: [ view_parse ] --START--
INFO: Run ParseTemplate Behavior [ RunTime:0.025201s ]
INFO: [ view_parse ] --END-- [ RunTime:0.025417s ]
INFO: [ view_filter ] --START--
INFO: Run ContentReplace Behavior [ RunTime:0.002049s ]
INFO: Run TokenBuild Behavior [ RunTime:0.002045s ]
INFO: Run WriteHtmlCache Behavior [ RunTime:0.001787s ]
INFO: Run ShowRuntime Behavior [ RunTime:0.002306s ]
INFO: [ view_filter ] --END-- [ RunTime:0.008590s ]
INFO: [ view_end ] --START--
INFO: Run ShowPageTrace Behavior [ RunTime:0.002724s ]
INFO: [ view_end ] --END-- [ RunTime:0.002875s ]

[ 2015-10-22T18:49:36+08:00 ] 127.0.0.1 /jiuye/index.php/Index/top.html
INFO: [ route_check ] --START--
INFO: Run CheckRoute Behavior [ RunTime:0.001758s ]
INFO: [ route_check ] --END-- [ RunTime:0.001937s ]
INFO: [ app_begin ] --START--
INFO: Run ReadHtmlCache Behavior [ RunTime:0.001076s ]
INFO: [ app_begin ] --END-- [ RunTime:0.001216s ]
INFO: [ view_template ] --START--
INFO: Run LocationTemplate Behavior [ RunTime:0.008206s ]
INFO: [ view_template ] --END-- [ RunTime:0.008667s ]
INFO: [ view_parse ] --START--
INFO: Run ParseTemplate Behavior [ RunTime:0.030354s ]
INFO: [ view_parse ] --END-- [ RunTime:0.030640s ]
INFO: [ view_filter ] --START--
INFO: Run ContentReplace Behavior [ RunTime:0.002304s ]
INFO: Run TokenBuild Behavior [ RunTime:0.002038s ]
INFO: Run WriteHtmlCache Behavior [ RunTime:0.001844s ]
INFO: Run ShowRuntime Behavior [ RunTime:0.002224s ]
INFO: [ view_filter ] --END-- [ RunTime:0.008785s ]
INFO: [ view_end ] --START--
INFO: Run ShowPageTrace Behavior [ RunTime:0.002774s ]
INFO: [ view_end ] --END-- [ RunTime:0.002911s ]

[ 2015-10-22T18:49:36+08:00 ] 127.0.0.1 /jiuye/index.php/Index/left.html
INFO: [ route_check ] --START--
INFO: Run CheckRoute Behavior [ RunTime:0.005069s ]
INFO: [ route_check ] --END-- [ RunTime:0.005353s ]
INFO: [ app_begin ] --START--
INFO: Run ReadHtmlCache Behavior [ RunTime:0.006316s ]
INFO: [ app_begin ] --END-- [ RunTime:0.006656s ]
INFO: [ view_template ] --START--
INFO: Run LocationTemplate Behavior [ RunTime:0.007217s ]
INFO: [ view_template ] --END-- [ RunTime:0.007599s ]
INFO: [ view_parse ] --START--
INFO: Run ParseTemplate Behavior [ RunTime:0.037835s ]
INFO: [ view_parse ] --END-- [ RunTime:0.038060s ]
INFO: [ view_filter ] --START--
INFO: Run ContentReplace Behavior [ RunTime:0.002083s ]
INFO: Run TokenBuild Behavior [ RunTime:0.002050s ]
INFO: Run WriteHtmlCache Behavior [ RunTime:0.001826s ]
INFO: Run ShowRuntime Behavior [ RunTime:0.002451s ]
INFO: [ view_filter ] --END-- [ RunTime:0.008844s ]
INFO: [ view_end ] --START--
INFO: Run ShowPageTrace Behavior [ RunTime:0.005054s ]
INFO: [ view_end ] --END-- [ RunTime:0.005350s ]

[ 2015-10-22T18:49:36+08:00 ] 127.0.0.1 /jiuye/index.php/Index/index.html
INFO: [ route_check ] --START--
INFO: Run CheckRoute Behavior [ RunTime:0.003346s ]
INFO: [ route_check ] --END-- [ RunTime:0.003559s ]
INFO: [ app_begin ] --START--
INFO: Run ReadHtmlCache Behavior [ RunTime:0.001922s ]
INFO: [ app_begin ] --END-- [ RunTime:0.002095s ]
INFO: [ view_template ] --START--
INFO: Run LocationTemplate Behavior [ RunTime:0.002612s ]
INFO: [ view_template ] --END-- [ RunTime:0.002831s ]
INFO: [ view_parse ] --START--
INFO: Run ParseTemplate Behavior [ RunTime:0.027067s ]
INFO: [ view_parse ] --END-- [ RunTime:0.027277s ]
INFO: [ view_filter ] --START--
INFO: Run ContentReplace Behavior [ RunTime:0.001501s ]
INFO: Run TokenBuild Behavior [ RunTime:0.001462s ]
INFO: Run WriteHtmlCache Behavior [ RunTime:0.001761s ]
INFO: Run ShowRuntime Behavior [ RunTime:0.003163s ]
INFO: [ view_filter ] --END-- [ RunTime:0.008407s ]
INFO: [ view_end ] --START--
INFO: Run ShowPageTrace Behavior [ RunTime:0.003064s ]
INFO: [ view_end ] --END-- [ RunTime:0.003295s ]

[ 2015-10-22T18:49:38+08:00 ] 127.0.0.1 /jiuye/index.php/Member/huiyuan
INFO: [ route_check ] --START--
INFO: Run CheckRoute Behavior [ RunTime:0.003915s ]
INFO: [ route_check ] --END-- [ RunTime:0.004135s ]
INFO: [ app_begin ] --START--
INFO: Run ReadHtmlCache Behavior [ RunTime:0.002776s ]
INFO: [ app_begin ] --END-- [ RunTime:0.003065s ]
NOTIC: [8] Undefined index:  mname D:\xampp\htdocs\Jiuye\Work\Lib\Action\MemberAction.class.php 第 11 行.
NOTIC: [8] Undefined variable: where D:\xampp\htdocs\Jiuye\Work\Lib\Action\MemberAction.class.php 第 16 行.
SQL: SHOW COLUMNS FROM `w_member` [ RunTime:0.003046s ]
SQL: SELECT COUNT(*) AS tp_count FROM `w_member` LIMIT 1   [ RunTime:0.000734s ]
SQL: SELECT * FROM `w_member` WHERE ( 1 ) LIMIT 0,3   [ RunTime:0.000666s ]
SQL: SHOW COLUMNS FROM `w_membertype` [ RunTime:0.005823s ]
SQL: SELECT * FROM `w_membertype` WHERE ( 1=1 AND mt_id='5' ) LIMIT 1   [ RunTime:0.000620s ]
SQL: SELECT * FROM `w_membertype` WHERE ( 1=1 AND mt_id='1' ) LIMIT 1   [ RunTime:0.000829s ]
SQL: SELECT * FROM `w_membertype` WHERE ( 1=1 AND mt_id='5' ) LIMIT 1   [ RunTime:0.000770s ]
INFO: [ view_template ] --START--
INFO: Run LocationTemplate Behavior [ RunTime:0.005757s ]
INFO: [ view_template ] --END-- [ RunTime:0.006350s ]
INFO: [ view_parse ] --START--
INFO: Run ParseTemplate Behavior [ RunTime:0.036661s ]
INFO: [ view_parse ] --END-- [ RunTime:0.036908s ]
INFO: [ view_filter ] --START--
INFO: Run ContentReplace Behavior [ RunTime:0.003154s ]
INFO: Run TokenBuild Behavior [ RunTime:0.002294s ]
INFO: Run WriteHtmlCache Behavior [ RunTime:0.002550s ]
INFO: Run ShowRuntime Behavior [ RunTime:0.002797s ]
INFO: [ view_filter ] --END-- [ RunTime:0.011276s ]
INFO: [ view_end ] --START--
INFO: Run ShowPageTrace Behavior [ RunTime:0.002595s ]
INFO: [ view_end ] --END-- [ RunTime:0.002734s ]

[ 2015-10-22T18:49:41+08:00 ] 127.0.0.1 /jiuye/index.php/Member/huiyuan/p/3
INFO: [ route_check ] --START--
INFO: Run CheckRoute Behavior [ RunTime:0.003098s ]
INFO: [ route_check ] --END-- [ RunTime:0.003269s ]
INFO: [ app_begin ] --START--
INFO: Run ReadHtmlCache Behavior [ RunTime:0.002367s ]
INFO: [ app_begin ] --END-- [ RunTime:0.002541s ]
NOTIC: [8] Undefined index:  mname D:\xampp\htdocs\Jiuye\Work\Lib\Action\MemberAction.class.php 第 11 行.
NOTIC: [8] Undefined variable: where D:\xampp\htdocs\Jiuye\Work\Lib\Action\MemberAction.class.php 第 16 行.
SQL: SHOW COLUMNS FROM `w_member` [ RunTime:0.004388s ]
SQL: SELECT COUNT(*) AS tp_count FROM `w_member` LIMIT 1   [ RunTime:0.000638s ]
SQL: SELECT * FROM `w_member` WHERE ( 1 ) LIMIT 6,3   [ RunTime:0.000690s ]
SQL: SHOW COLUMNS FROM `w_membertype` [ RunTime:0.002921s ]
SQL: SELECT * FROM `w_membertype` WHERE ( 1=1 AND mt_id='0' ) LIMIT 1   [ RunTime:0.001013s ]
SQL: SELECT * FROM `w_membertype` WHERE ( 1=1 AND mt_id='0' ) LIMIT 1   [ RunTime:0.000719s ]
SQL: SELECT * FROM `w_membertype` WHERE ( 1=1 AND mt_id='0' ) LIMIT 1   [ RunTime:0.000842s ]
INFO: [ view_template ] --START--
INFO: Run LocationTemplate Behavior [ RunTime:0.003202s ]
INFO: [ view_template ] --END-- [ RunTime:0.003416s ]
INFO: [ view_parse ] --START--
INFO: Run ParseTemplate Behavior [ RunTime:0.031524s ]
INFO: [ view_parse ] --END-- [ RunTime:0.031756s ]
INFO: [ view_filter ] --START--
INFO: Run ContentReplace Behavior [ RunTime:0.002106s ]
INFO: Run TokenBuild Behavior [ RunTime:0.002478s ]
INFO: Run WriteHtmlCache Behavior [ RunTime:0.001818s ]
INFO: Run ShowRuntime Behavior [ RunTime:0.002180s ]
INFO: [ view_filter ] --END-- [ RunTime:0.008985s ]
INFO: [ view_end ] --START--
INFO: Run ShowPageTrace Behavior [ RunTime:0.002572s ]
INFO: [ view_end ] --END-- [ RunTime:0.002713s ]

[ 2015-10-22T18:49:46+08:00 ] 127.0.0.1 /jiuye/index.php/Member/huiyuan/p/2
INFO: [ route_check ] --START--
INFO: Run CheckRoute Behavior [ RunTime:0.003834s ]
INFO: [ route_check ] --END-- [ RunTime:0.004302s ]
INFO: [ app_begin ] --START--
INFO: Run ReadHtmlCache Behavior [ RunTime:0.002418s ]
INFO: [ app_begin ] --END-- [ RunTime:0.002568s ]
NOTIC: [8] Undefined index:  mname D:\xampp\htdocs\Jiuye\Work\Lib\Action\MemberAction.class.php 第 11 行.
NOTIC: [8] Undefined variable: where D:\xampp\htdocs\Jiuye\Work\Lib\Action\MemberAction.class.php 第 16 行.
SQL: SHOW COLUMNS FROM `w_member` [ RunTime:0.005227s ]
SQL: SELECT COUNT(*) AS tp_count FROM `w_member` LIMIT 1   [ RunTime:0.000859s ]
SQL: SELECT * FROM `w_member` WHERE ( 1 ) LIMIT 3,3   [ RunTime:0.002012s ]
SQL: SHOW COLUMNS FROM `w_membertype` [ RunTime:0.004214s ]
SQL: SELECT * FROM `w_membertype` WHERE ( 1=1 AND mt_id='1' ) LIMIT 1   [ RunTime:0.001930s ]
SQL: SELECT * FROM `w_membertype` WHERE ( 1=1 AND mt_id='1' ) LIMIT 1   [ RunTime:0.001023s ]
SQL: SELECT * FROM `w_membertype` WHERE ( 1=1 AND mt_id='0' ) LIMIT 1   [ RunTime:0.000723s ]
INFO: [ view_template ] --START--
INFO: Run LocationTemplate Behavior [ RunTime:0.004098s ]
INFO: [ view_template ] --END-- [ RunTime:0.004580s ]
INFO: [ view_parse ] --START--
INFO: Run ParseTemplate Behavior [ RunTime:0.031409s ]
INFO: [ view_parse ] --END-- [ RunTime:0.031589s ]
INFO: [ view_filter ] --START--
INFO: Run ContentReplace Behavior [ RunTime:0.002069s ]
INFO: Run TokenBuild Behavior [ RunTime:0.002008s ]
INFO: Run WriteHtmlCache Behavior [ RunTime:0.001845s ]
INFO: Run ShowRuntime Behavior [ RunTime:0.002165s ]
INFO: [ view_filter ] --END-- [ RunTime:0.008469s ]
INFO: [ view_end ] --START--
INFO: Run ShowPageTrace Behavior [ RunTime:0.003006s ]
INFO: [ view_end ] --END-- [ RunTime:0.003162s ]

[ 2015-10-22T18:49:50+08:00 ] 127.0.0.1 /jiuye/index.php/Member/huiyuan/p/3
INFO: [ route_check ] --START--
INFO: Run CheckRoute Behavior [ RunTime:0.003374s ]
INFO: [ route_check ] --END-- [ RunTime:0.003549s ]
INFO: [ app_begin ] --START--
INFO: Run ReadHtmlCache Behavior [ RunTime:0.002754s ]
INFO: [ app_begin ] --END-- [ RunTime:0.002936s ]
NOTIC: [8] Undefined index:  mname D:\xampp\htdocs\Jiuye\Work\Lib\Action\MemberAction.class.php 第 11 行.
NOTIC: [8] Undefined variable: where D:\xampp\htdocs\Jiuye\Work\Lib\Action\MemberAction.class.php 第 16 行.
SQL: SHOW COLUMNS FROM `w_member` [ RunTime:0.003524s ]
SQL: SELECT COUNT(*) AS tp_count FROM `w_member` LIMIT 1   [ RunTime:0.000796s ]
SQL: SELECT * FROM `w_member` WHERE ( 1 ) LIMIT 6,3   [ RunTime:0.000687s ]
SQL: SHOW COLUMNS FROM `w_membertype` [ RunTime:0.003374s ]
SQL: SELECT * FROM `w_membertype` WHERE ( 1=1 AND mt_id='0' ) LIMIT 1   [ RunTime:0.000996s ]
SQL: SELECT * FROM `w_membertype` WHERE ( 1=1 AND mt_id='0' ) LIMIT 1   [ RunTime:0.000573s ]
SQL: SELECT * FROM `w_membertype` WHERE ( 1=1 AND mt_id='0' ) LIMIT 1   [ RunTime:0.000534s ]
INFO: [ view_template ] --START--
INFO: Run LocationTemplate Behavior [ RunTime:0.002805s ]
INFO: [ view_template ] --END-- [ RunTime:0.002962s ]
INFO: [ view_parse ] --START--
INFO: Run ParseTemplate Behavior [ RunTime:0.029614s ]
INFO: [ view_parse ] --END-- [ RunTime:0.029806s ]
INFO: [ view_filter ] --START--
INFO: Run ContentReplace Behavior [ RunTime:0.002371s ]
INFO: Run TokenBuild Behavior [ RunTime:0.002172s ]
INFO: Run WriteHtmlCache Behavior [ RunTime:0.001809s ]
INFO: Run ShowRuntime Behavior [ RunTime:0.002194s ]
INFO: [ view_filter ] --END-- [ RunTime:0.008942s ]
INFO: [ view_end ] --START--
INFO: Run ShowPageTrace Behavior [ RunTime:0.002593s ]
INFO: [ view_end ] --END-- [ RunTime:0.002733s ]

