[ 2015-10-26T10:08:43+08:00 ] 127.0.0.1 /jiuye/index.php/Index/login
INFO: [ route_check ] --START--
INFO: Run CheckRoute Behavior [ RunTime:0.004605s ]
INFO: [ route_check ] --END-- [ RunTime:0.004914s ]
INFO: [ app_begin ] --START--
INFO: Run ReadHtmlCache Behavior [ RunTime:0.002789s ]
INFO: [ app_begin ] --END-- [ RunTime:0.003026s ]
INFO: [ view_template ] --START--
INFO: Run LocationTemplate Behavior [ RunTime:0.026199s ]
INFO: [ view_template ] --END-- [ RunTime:0.026510s ]
INFO: [ view_parse ] --START--
INFO: Run ParseTemplate Behavior [ RunTime:0.040015s ]
INFO: [ view_parse ] --END-- [ RunTime:0.040251s ]
INFO: [ view_filter ] --START--
INFO: Run ContentReplace Behavior [ RunTime:0.002182s ]
INFO: Run TokenBuild Behavior [ RunTime:0.002196s ]
INFO: Run WriteHtmlCache Behavior [ RunTime:0.002144s ]
INFO: Run ShowRuntime Behavior [ RunTime:0.002978s ]
INFO: [ view_filter ] --END-- [ RunTime:0.010130s ]
INFO: [ view_end ] --START--
INFO: Run ShowPageTrace Behavior [ RunTime:0.003150s ]
INFO: [ view_end ] --END-- [ RunTime:0.003374s ]

[ 2015-10-26T10:08:49+08:00 ] 127.0.0.1 /jiuye/index.php/Index/login
INFO: [ route_check ] --START--
INFO: Run CheckRoute Behavior [ RunTime:0.005542s ]
INFO: [ route_check ] --END-- [ RunTime:0.006042s ]
INFO: [ app_begin ] --START--
INFO: Run ReadHtmlCache Behavior [ RunTime:0.003857s ]
INFO: [ app_begin ] --END-- [ RunTime:0.004108s ]
INFO: [ view_template ] --START--
INFO: Run LocationTemplate Behavior [ RunTime:0.005221s ]
INFO: [ view_template ] --END-- [ RunTime:0.005494s ]
INFO: [ view_parse ] --START--
INFO: Run ParseTemplate Behavior [ RunTime:0.027482s ]
INFO: [ view_parse ] --END-- [ RunTime:0.027818s ]
INFO: [ view_filter ] --START--
INFO: Run ContentReplace Behavior [ RunTime:0.002678s ]
INFO: Run TokenBuild Behavior [ RunTime:0.002179s ]
INFO: Run WriteHtmlCache Behavior [ RunTime:0.001789s ]
INFO: Run ShowRuntime Behavior [ RunTime:0.002162s ]
INFO: [ view_filter ] --END-- [ RunTime:0.009178s ]
INFO: [ view_end ] --START--
INFO: Run ShowPageTrace Behavior [ RunTime:0.002470s ]
INFO: [ view_end ] --END-- [ RunTime:0.002596s ]

[ 2015-10-26T10:10:00+08:00 ] 127.0.0.1 /jiuye/index.php/Advise/jianyi
INFO: [ route_check ] --START--
INFO: Run CheckRoute Behavior [ RunTime:0.001787s ]
INFO: [ route_check ] --END-- [ RunTime:0.001917s ]
INFO: [ app_begin ] --START--
INFO: Run ReadHtmlCache Behavior [ RunTime:0.001358s ]
INFO: [ app_begin ] --END-- [ RunTime:0.001464s ]
INFO: [ view_template ] --START--
INFO: Run LocationTemplate Behavior [ RunTime:0.006259s ]
INFO: [ view_template ] --END-- [ RunTime:0.006554s ]
INFO: [ view_parse ] --START--
INFO: Run ParseTemplate Behavior [ RunTime:0.039431s ]
INFO: [ view_parse ] --END-- [ RunTime:0.039712s ]
INFO: [ view_filter ] --START--
INFO: Run ContentReplace Behavior [ RunTime:0.003307s ]
INFO: Run TokenBuild Behavior [ RunTime:0.003786s ]
INFO: Run WriteHtmlCache Behavior [ RunTime:0.005637s ]
INFO: Run ShowRuntime Behavior [ RunTime:0.005004s ]
INFO: [ view_filter ] --END-- [ RunTime:0.018890s ]
INFO: [ view_end ] --START--
INFO: Run ShowPageTrace Behavior [ RunTime:0.005950s ]
INFO: [ view_end ] --END-- [ RunTime:0.006244s ]
NOTIC: [2] Missing argument 4 for PublicAction::page(), called in D:\xampp\htdocs\Jiuye\Work\Lib\Action\AdviseAction.class.php on line 11 and defined D:\xampp\htdocs\Jiuye\Work\Lib\Action\PublicAction.class.php 第 13 行.
SQL: SHOW COLUMNS FROM `w_advise` [ RunTime:0.003281s ]
SQL: SELECT COUNT(*) AS tp_count FROM `w_advise` LIMIT 1   [ RunTime:0.000576s ]
NOTIC: [8] Undefined variable: where D:\xampp\htdocs\Jiuye\Work\Lib\Action\PublicAction.class.php 第 20 行.
SQL: SELECT * FROM `w_advise` WHERE ( 1 ) LIMIT 0,3   [ RunTime:0.000680s ]
INFO: [ view_template ] --START--
INFO: Run LocationTemplate Behavior [ RunTime:0.001563s ]
INFO: [ view_template ] --END-- [ RunTime:-0.099217s ]
INFO: [ view_parse ] --START--
INFO: Run ParseTemplate Behavior [ RunTime:0.037058s ]
INFO: [ view_parse ] --END-- [ RunTime:-0.061137s ]
INFO: [ view_filter ] --START--
INFO: Run ContentReplace Behavior [ RunTime:0.000164s ]
INFO: Run TokenBuild Behavior [ RunTime:0.000076s ]
INFO: Run WriteHtmlCache Behavior [ RunTime:0.000022s ]
INFO: Run ShowRuntime Behavior [ RunTime:0.000111s ]
INFO: [ view_filter ] --END-- [ RunTime:-0.079434s ]
INFO: [ view_end ] --START--
INFO: Run ShowPageTrace Behavior [ RunTime:0.000062s ]
INFO: [ view_end ] --END-- [ RunTime:-0.073231s ]

[ 2015-10-26T10:10:01+08:00 ] 127.0.0.1 /jiuye/index.php/Index/login
INFO: [ route_check ] --START--
INFO: Run CheckRoute Behavior [ RunTime:0.001575s ]
INFO: [ route_check ] --END-- [ RunTime:0.001706s ]
INFO: [ app_begin ] --START--
INFO: Run ReadHtmlCache Behavior [ RunTime:0.000952s ]
INFO: [ app_begin ] --END-- [ RunTime:0.001058s ]
INFO: [ view_template ] --START--
INFO: Run LocationTemplate Behavior [ RunTime:0.001211s ]
INFO: [ view_template ] --END-- [ RunTime:0.001334s ]
INFO: [ view_parse ] --START--
INFO: Run ParseTemplate Behavior [ RunTime:0.013682s ]
INFO: [ view_parse ] --END-- [ RunTime:0.013826s ]
INFO: [ view_filter ] --START--
INFO: Run ContentReplace Behavior [ RunTime:0.000633s ]
INFO: Run TokenBuild Behavior [ RunTime:0.000710s ]
INFO: Run WriteHtmlCache Behavior [ RunTime:0.000581s ]
INFO: Run ShowRuntime Behavior [ RunTime:0.001018s ]
INFO: [ view_filter ] --END-- [ RunTime:0.003137s ]
INFO: [ view_end ] --START--
INFO: Run ShowPageTrace Behavior [ RunTime:0.001049s ]
INFO: [ view_end ] --END-- [ RunTime:0.001139s ]

[ 2015-10-26T10:11:57+08:00 ] 127.0.0.1 /jiuye/index.php/Advise/jianyi
INFO: [ route_check ] --START--
INFO: Run CheckRoute Behavior [ RunTime:0.001657s ]
INFO: [ route_check ] --END-- [ RunTime:0.001765s ]
INFO: [ app_begin ] --START--
INFO: Run ReadHtmlCache Behavior [ RunTime:0.002018s ]
INFO: [ app_begin ] --END-- [ RunTime:0.002173s ]
INFO: [ view_template ] --START--
INFO: Run LocationTemplate Behavior [ RunTime:0.001661s ]
INFO: [ view_template ] --END-- [ RunTime:0.001813s ]
INFO: [ view_parse ] --START--
INFO: Run ParseTemplate Behavior [ RunTime:0.013074s ]
INFO: [ view_parse ] --END-- [ RunTime:0.013227s ]
INFO: [ view_filter ] --START--
INFO: Run ContentReplace Behavior [ RunTime:0.001043s ]
INFO: Run TokenBuild Behavior [ RunTime:0.001014s ]
INFO: Run WriteHtmlCache Behavior [ RunTime:0.000844s ]
INFO: Run ShowRuntime Behavior [ RunTime:0.001092s ]
INFO: [ view_filter ] --END-- [ RunTime:0.004226s ]
INFO: [ view_end ] --START--
INFO: Run ShowPageTrace Behavior [ RunTime:0.001338s ]
INFO: [ view_end ] --END-- [ RunTime:0.001427s ]
NOTIC: [2] Missing argument 4 for PublicAction::page(), called in D:\xampp\htdocs\Jiuye\Work\Lib\Action\AdviseAction.class.php on line 11 and defined D:\xampp\htdocs\Jiuye\Work\Lib\Action\PublicAction.class.php 第 13 行.
SQL: SHOW COLUMNS FROM `w_advise` [ RunTime:0.001861s ]
SQL: SELECT COUNT(*) AS tp_count FROM `w_advise` LIMIT 1   [ RunTime:0.000594s ]
NOTIC: [8] Undefined variable: where D:\xampp\htdocs\Jiuye\Work\Lib\Action\PublicAction.class.php 第 20 行.
SQL: SELECT * FROM `w_advise` WHERE ( 1 ) LIMIT 0,3   [ RunTime:0.000939s ]
INFO: [ view_template ] --START--
INFO: Run LocationTemplate Behavior [ RunTime:0.000876s ]
INFO: [ view_template ] --END-- [ RunTime:-0.045832s ]
INFO: [ view_parse ] --START--
INFO: Run ParseTemplate Behavior [ RunTime:0.004633s ]
INFO: [ view_parse ] --END-- [ RunTime:-0.033570s ]
INFO: [ view_filter ] --START--
INFO: Run ContentReplace Behavior [ RunTime:0.000106s ]
INFO: Run TokenBuild Behavior [ RunTime:0.000040s ]
INFO: Run WriteHtmlCache Behavior [ RunTime:0.000012s ]
INFO: Run ShowRuntime Behavior [ RunTime:0.000057s ]
INFO: [ view_filter ] --END-- [ RunTime:-0.034106s ]
INFO: [ view_end ] --START--
INFO: Run ShowPageTrace Behavior [ RunTime:0.000032s ]
INFO: [ view_end ] --END-- [ RunTime:-0.033028s ]

[ 2015-10-26T10:11:58+08:00 ] 127.0.0.1 /jiuye/index.php/Index/login
INFO: [ route_check ] --START--
INFO: Run CheckRoute Behavior [ RunTime:0.005127s ]
INFO: [ route_check ] --END-- [ RunTime:0.005444s ]
INFO: [ app_begin ] --START--
INFO: Run ReadHtmlCache Behavior [ RunTime:0.004179s ]
INFO: [ app_begin ] --END-- [ RunTime:0.004469s ]
INFO: [ view_template ] --START--
INFO: Run LocationTemplate Behavior [ RunTime:0.005051s ]
INFO: [ view_template ] --END-- [ RunTime:0.005358s ]
INFO: [ view_parse ] --START--
INFO: Run ParseTemplate Behavior [ RunTime:0.040534s ]
INFO: [ view_parse ] --END-- [ RunTime:0.040859s ]
INFO: [ view_filter ] --START--
INFO: Run ContentReplace Behavior [ RunTime:0.003230s ]
INFO: Run TokenBuild Behavior [ RunTime:0.003291s ]
INFO: Run WriteHtmlCache Behavior [ RunTime:0.002905s ]
INFO: Run ShowRuntime Behavior [ RunTime:0.003718s ]
INFO: [ view_filter ] --END-- [ RunTime:0.013717s ]
INFO: [ view_end ] --START--
INFO: Run ShowPageTrace Behavior [ RunTime:0.004307s ]
INFO: [ view_end ] --END-- [ RunTime:0.004558s ]

[ 2015-10-26T10:12:56+08:00 ] 127.0.0.1 /jiuye/index.php/Advise/jianyi
INFO: [ route_check ] --START--
INFO: Run CheckRoute Behavior [ RunTime:0.001790s ]
INFO: [ route_check ] --END-- [ RunTime:0.001951s ]
INFO: [ app_begin ] --START--
INFO: Run ReadHtmlCache Behavior [ RunTime:0.002030s ]
INFO: [ app_begin ] --END-- [ RunTime:0.002213s ]
NOTIC: [2] Missing argument 4 for PublicAction::page(), called in D:\xampp\htdocs\Jiuye\Work\Lib\Action\AdviseAction.class.php on line 11 and defined D:\xampp\htdocs\Jiuye\Work\Lib\Action\PublicAction.class.php 第 13 行.
SQL: SHOW COLUMNS FROM `w_advise` [ RunTime:0.002018s ]
SQL: SELECT COUNT(*) AS tp_count FROM `w_advise` LIMIT 1   [ RunTime:0.000380s ]
NOTIC: [8] Undefined variable: where D:\xampp\htdocs\Jiuye\Work\Lib\Action\PublicAction.class.php 第 20 行.
SQL: SELECT * FROM `w_advise` WHERE ( 1 ) LIMIT 0,3   [ RunTime:0.000402s ]
INFO: [ view_template ] --START--
INFO: Run LocationTemplate Behavior [ RunTime:0.001686s ]
INFO: [ view_template ] --END-- [ RunTime:0.001790s ]
INFO: [ view_parse ] --START--
INFO: Run ParseTemplate Behavior [ RunTime:0.015406s ]
INFO: [ view_parse ] --END-- [ RunTime:0.015564s ]
INFO: [ view_filter ] --START--
INFO: Run ContentReplace Behavior [ RunTime:0.001038s ]
INFO: Run TokenBuild Behavior [ RunTime:0.001013s ]
INFO: Run WriteHtmlCache Behavior [ RunTime:0.000944s ]
INFO: Run ShowRuntime Behavior [ RunTime:0.001178s ]
INFO: [ view_filter ] --END-- [ RunTime:0.004373s ]
INFO: [ view_end ] --START--
INFO: Run ShowPageTrace Behavior [ RunTime:0.001335s ]
INFO: [ view_end ] --END-- [ RunTime:0.001427s ]

[ 2015-10-26T15:35:59+08:00 ] 127.0.0.1 /jiuye/index.php/Index/login
INFO: [ route_check ] --START--
INFO: Run CheckRoute Behavior [ RunTime:0.002665s ]
INFO: [ route_check ] --END-- [ RunTime:0.003016s ]
INFO: [ app_begin ] --START--
INFO: Run ReadHtmlCache Behavior [ RunTime:0.001607s ]
INFO: [ app_begin ] --END-- [ RunTime:0.001757s ]
INFO: [ view_template ] --START--
INFO: Run LocationTemplate Behavior [ RunTime:0.002183s ]
INFO: [ view_template ] --END-- [ RunTime:0.002316s ]
INFO: [ view_parse ] --START--
INFO: Run ParseTemplate Behavior [ RunTime:0.021813s ]
INFO: [ view_parse ] --END-- [ RunTime:0.021969s ]
INFO: [ view_filter ] --START--
INFO: Run ContentReplace Behavior [ RunTime:0.001360s ]
INFO: Run TokenBuild Behavior [ RunTime:0.001694s ]
INFO: Run WriteHtmlCache Behavior [ RunTime:0.001757s ]
INFO: Run ShowRuntime Behavior [ RunTime:0.001427s ]
INFO: [ view_filter ] --END-- [ RunTime:0.006678s ]
INFO: [ view_end ] --START--
INFO: Run ShowPageTrace Behavior [ RunTime:0.001665s ]
INFO: [ view_end ] --END-- [ RunTime:0.001784s ]

[ 2015-10-26T15:36:11+08:00 ] 127.0.0.1 /jiuye/index.php/Index/login
INFO: [ route_check ] --START--
INFO: Run CheckRoute Behavior [ RunTime:0.001899s ]
INFO: [ route_check ] --END-- [ RunTime:0.002277s ]
INFO: [ app_begin ] --START--
INFO: Run ReadHtmlCache Behavior [ RunTime:0.001730s ]
INFO: [ app_begin ] --END-- [ RunTime:0.002054s ]
SQL: SHOW COLUMNS FROM `w_manage` [ RunTime:0.003270s ]
SQL: SELECT * FROM `w_manage` WHERE ( m_name='g18953827837' && m_pwd=123 )  [ RunTime:0.001333s ]
INFO: [ view_template ] --START--
INFO: Run LocationTemplate Behavior [ RunTime:0.001610s ]
INFO: [ view_template ] --END-- [ RunTime:0.001816s ]
INFO: [ view_parse ] --START--
INFO: Run ParseTemplate Behavior [ RunTime:0.018559s ]
INFO: [ view_parse ] --END-- [ RunTime:0.018785s ]
INFO: [ view_filter ] --START--
INFO: Run ContentReplace Behavior [ RunTime:0.000780s ]
INFO: Run TokenBuild Behavior [ RunTime:0.000832s ]
INFO: Run WriteHtmlCache Behavior [ RunTime:0.000977s ]
INFO: Run ShowRuntime Behavior [ RunTime:0.001001s ]
INFO: [ view_filter ] --END-- [ RunTime:0.004239s ]
INFO: [ view_end ] --START--
INFO: Run ShowPageTrace Behavior [ RunTime:0.001834s ]
INFO: [ view_end ] --END-- [ RunTime:0.002034s ]

[ 2015-10-26T15:36:12+08:00 ] 127.0.0.1 /jiuye/index.php/Index/shouye
INFO: [ route_check ] --START--
INFO: Run CheckRoute Behavior [ RunTime:0.002549s ]
INFO: [ route_check ] --END-- [ RunTime:0.002794s ]
INFO: [ app_begin ] --START--
INFO: Run ReadHtmlCache Behavior [ RunTime:0.001581s ]
INFO: [ app_begin ] --END-- [ RunTime:0.001777s ]
INFO: [ view_template ] --START--
INFO: Run LocationTemplate Behavior [ RunTime:0.003669s ]
INFO: [ view_template ] --END-- [ RunTime:0.004052s ]
INFO: [ view_parse ] --START--
INFO: Run ParseTemplate Behavior [ RunTime:0.030402s ]
INFO: [ view_parse ] --END-- [ RunTime:0.030720s ]
INFO: [ view_filter ] --START--
INFO: Run ContentReplace Behavior [ RunTime:0.001086s ]
INFO: Run TokenBuild Behavior [ RunTime:0.001051s ]
INFO: Run WriteHtmlCache Behavior [ RunTime:0.000659s ]
INFO: Run ShowRuntime Behavior [ RunTime:0.001456s ]
INFO: [ view_filter ] --END-- [ RunTime:0.004810s ]
INFO: [ view_end ] --START--
INFO: Run ShowPageTrace Behavior [ RunTime:0.001937s ]
INFO: [ view_end ] --END-- [ RunTime:0.002170s ]

[ 2015-10-26T15:36:12+08:00 ] 127.0.0.1 /jiuye/index.php/Index/top.html
INFO: [ route_check ] --START--
INFO: Run CheckRoute Behavior [ RunTime:0.001668s ]
INFO: [ route_check ] --END-- [ RunTime:0.001846s ]
INFO: [ app_begin ] --START--
INFO: Run ReadHtmlCache Behavior [ RunTime:0.001451s ]
INFO: [ app_begin ] --END-- [ RunTime:0.001635s ]
INFO: [ view_template ] --START--
INFO: Run LocationTemplate Behavior [ RunTime:0.001496s ]
INFO: [ view_template ] --END-- [ RunTime:0.001705s ]
INFO: [ view_parse ] --START--
INFO: Run ParseTemplate Behavior [ RunTime:0.019903s ]
INFO: [ view_parse ] --END-- [ RunTime:0.020204s ]
INFO: [ view_filter ] --START--
INFO: Run ContentReplace Behavior [ RunTime:0.000740s ]
INFO: Run TokenBuild Behavior [ RunTime:0.000611s ]
INFO: Run WriteHtmlCache Behavior [ RunTime:0.000485s ]
INFO: Run ShowRuntime Behavior [ RunTime:0.000760s ]
INFO: [ view_filter ] --END-- [ RunTime:0.002958s ]
INFO: [ view_end ] --START--
INFO: Run ShowPageTrace Behavior [ RunTime:0.001043s ]
INFO: [ view_end ] --END-- [ RunTime:0.001156s ]

[ 2015-10-26T15:36:12+08:00 ] 127.0.0.1 /jiuye/index.php/Index/left.html
INFO: [ route_check ] --START--
INFO: Run CheckRoute Behavior [ RunTime:0.003699s ]
INFO: [ route_check ] --END-- [ RunTime:0.004032s ]
INFO: [ app_begin ] --START--
INFO: Run ReadHtmlCache Behavior [ RunTime:0.002606s ]
INFO: [ app_begin ] --END-- [ RunTime:0.002912s ]
INFO: [ view_template ] --START--
INFO: Run LocationTemplate Behavior [ RunTime:0.002193s ]
INFO: [ view_template ] --END-- [ RunTime:0.002363s ]
INFO: [ view_parse ] --START--
INFO: Run ParseTemplate Behavior [ RunTime:0.030091s ]
INFO: [ view_parse ] --END-- [ RunTime:0.031078s ]
INFO: [ view_filter ] --START--
INFO: Run ContentReplace Behavior [ RunTime:0.011255s ]
INFO: Run TokenBuild Behavior [ RunTime:0.003379s ]
INFO: Run WriteHtmlCache Behavior [ RunTime:0.010434s ]
INFO: Run ShowRuntime Behavior [ RunTime:0.001679s ]
INFO: [ view_filter ] --END-- [ RunTime:0.027291s ]
INFO: [ view_end ] --START--
INFO: Run ShowPageTrace Behavior [ RunTime:0.001841s ]
INFO: [ view_end ] --END-- [ RunTime:0.001979s ]

[ 2015-10-26T15:36:12+08:00 ] 127.0.0.1 /jiuye/index.php/Index/index.html
INFO: [ route_check ] --START--
INFO: Run CheckRoute Behavior [ RunTime:0.003182s ]
INFO: [ route_check ] --END-- [ RunTime:0.003365s ]
INFO: [ app_begin ] --START--
INFO: Run ReadHtmlCache Behavior [ RunTime:0.002404s ]
INFO: [ app_begin ] --END-- [ RunTime:0.002588s ]
INFO: [ view_template ] --START--
INFO: Run LocationTemplate Behavior [ RunTime:0.002251s ]
INFO: [ view_template ] --END-- [ RunTime:0.002437s ]
INFO: [ view_parse ] --START--
INFO: Run ParseTemplate Behavior [ RunTime:0.025662s ]
INFO: [ view_parse ] --END-- [ RunTime:0.025832s ]
INFO: [ view_filter ] --START--
INFO: Run ContentReplace Behavior [ RunTime:0.003945s ]
INFO: Run TokenBuild Behavior [ RunTime:0.002316s ]
INFO: Run WriteHtmlCache Behavior [ RunTime:0.001863s ]
INFO: Run ShowRuntime Behavior [ RunTime:0.002152s ]
INFO: [ view_filter ] --END-- [ RunTime:0.010748s ]
INFO: [ view_end ] --START--
INFO: Run ShowPageTrace Behavior [ RunTime:0.003163s ]
INFO: [ view_end ] --END-- [ RunTime:0.003359s ]

[ 2015-10-26T15:36:17+08:00 ] 127.0.0.1 /jiuye/index.php/Member/huiyuan
INFO: [ route_check ] --START--
INFO: Run CheckRoute Behavior [ RunTime:0.004361s ]
INFO: [ route_check ] --END-- [ RunTime:0.004713s ]
INFO: [ app_begin ] --START--
INFO: Run ReadHtmlCache Behavior [ RunTime:0.001859s ]
INFO: [ app_begin ] --END-- [ RunTime:0.002116s ]
NOTIC: [8] Undefined index:  mname D:\xampp\htdocs\Jiuye\Work\Lib\Action\MemberAction.class.php 第 11 行.
NOTIC: [8] Undefined variable: where D:\xampp\htdocs\Jiuye\Work\Lib\Action\MemberAction.class.php 第 16 行.
SQL: SHOW COLUMNS FROM `w_member` [ RunTime:0.003299s ]
SQL: SELECT COUNT(*) AS tp_count FROM `w_member` LIMIT 1   [ RunTime:0.001558s ]
SQL: SELECT * FROM `w_member` WHERE ( 1 ) LIMIT 0,3   [ RunTime:0.000959s ]
SQL: SHOW COLUMNS FROM `w_membertype` [ RunTime:0.003517s ]
SQL: SELECT * FROM `w_membertype` WHERE ( 1=1 AND mt_id='5' ) LIMIT 1   [ RunTime:0.000820s ]
SQL: SELECT * FROM `w_membertype` WHERE ( 1=1 AND mt_id='1' ) LIMIT 1   [ RunTime:0.000587s ]
SQL: SELECT * FROM `w_membertype` WHERE ( 1=1 AND mt_id='5' ) LIMIT 1   [ RunTime:0.000522s ]
INFO: [ view_template ] --START--
INFO: Run LocationTemplate Behavior [ RunTime:0.001648s ]
INFO: [ view_template ] --END-- [ RunTime:0.001766s ]
INFO: [ view_parse ] --START--
INFO: Run ParseTemplate Behavior [ RunTime:0.020355s ]
INFO: [ view_parse ] --END-- [ RunTime:0.020505s ]
INFO: [ view_filter ] --START--
INFO: Run ContentReplace Behavior [ RunTime:0.001264s ]
INFO: Run TokenBuild Behavior [ RunTime:0.001009s ]
INFO: Run WriteHtmlCache Behavior [ RunTime:0.000901s ]
INFO: Run ShowRuntime Behavior [ RunTime:0.001000s ]
INFO: [ view_filter ] --END-- [ RunTime:0.004768s ]
INFO: [ view_end ] --START--
INFO: Run ShowPageTrace Behavior [ RunTime:0.001018s ]
INFO: [ view_end ] --END-- [ RunTime:0.001127s ]

[ 2015-10-26T15:36:41+08:00 ] 127.0.0.1 /jiuye/index.php/Member/huiyuan
INFO: [ route_check ] --START--
INFO: Run CheckRoute Behavior [ RunTime:0.002731s ]
INFO: [ route_check ] --END-- [ RunTime:0.003210s ]
INFO: [ app_begin ] --START--
INFO: Run ReadHtmlCache Behavior [ RunTime:0.000942s ]
INFO: [ app_begin ] --END-- [ RunTime:0.001058s ]
NOTIC: [8] Undefined index:  mname D:\xampp\htdocs\Jiuye\Work\Lib\Action\MemberAction.class.php 第 11 行.
NOTIC: [8] Undefined variable: where D:\xampp\htdocs\Jiuye\Work\Lib\Action\MemberAction.class.php 第 16 行.
SQL: SHOW COLUMNS FROM `w_member` [ RunTime:0.004371s ]
SQL: SELECT COUNT(*) AS tp_count FROM `w_member` LIMIT 1   [ RunTime:0.000344s ]
SQL: SELECT * FROM `w_member` WHERE ( 1 ) LIMIT 0,3   [ RunTime:0.000373s ]
SQL: SHOW COLUMNS FROM `w_membertype` [ RunTime:0.002269s ]
SQL: SELECT * FROM `w_membertype` WHERE ( 1=1 AND mt_id='5' ) LIMIT 1   [ RunTime:0.000912s ]
SQL: SELECT * FROM `w_membertype` WHERE ( 1=1 AND mt_id='1' ) LIMIT 1   [ RunTime:0.000392s ]
SQL: SELECT * FROM `w_membertype` WHERE ( 1=1 AND mt_id='5' ) LIMIT 1   [ RunTime:0.000351s ]
INFO: [ view_template ] --START--
INFO: Run LocationTemplate Behavior [ RunTime:0.001681s ]
INFO: [ view_template ] --END-- [ RunTime:0.001806s ]
INFO: [ view_parse ] --START--
INFO: Run ParseTemplate Behavior [ RunTime:0.021729s ]
INFO: [ view_parse ] --END-- [ RunTime:0.022164s ]
INFO: [ view_filter ] --START--
INFO: Run ContentReplace Behavior [ RunTime:0.001178s ]
INFO: Run TokenBuild Behavior [ RunTime:0.000587s ]
INFO: Run WriteHtmlCache Behavior [ RunTime:0.000386s ]
INFO: Run ShowRuntime Behavior [ RunTime:0.000751s ]
INFO: [ view_filter ] --END-- [ RunTime:0.003304s ]
INFO: [ view_end ] --START--
INFO: Run ShowPageTrace Behavior [ RunTime:0.001088s ]
INFO: [ view_end ] --END-- [ RunTime:0.001221s ]

[ 2015-10-26T15:36:47+08:00 ] 127.0.0.1 /jiuye/index.php/Member/update/id/1
INFO: [ route_check ] --START--
INFO: Run CheckRoute Behavior [ RunTime:0.001780s ]
INFO: [ route_check ] --END-- [ RunTime:0.001961s ]
INFO: [ app_begin ] --START--
INFO: Run ReadHtmlCache Behavior [ RunTime:0.000986s ]
INFO: [ app_begin ] --END-- [ RunTime:0.001150s ]
SQL: SHOW COLUMNS FROM `w_membertype` [ RunTime:0.003795s ]
SQL: SELECT * FROM `w_membertype` WHERE ( mt_id=1 ) LIMIT 1   [ RunTime:0.001206s ]
INFO: [ view_template ] --START--
INFO: Run LocationTemplate Behavior [ RunTime:0.001788s ]
INFO: [ view_template ] --END-- [ RunTime:0.001960s ]
INFO: [ view_parse ] --START--
INFO: Run ParseTemplate Behavior [ RunTime:0.015107s ]
INFO: [ view_parse ] --END-- [ RunTime:0.015243s ]
INFO: [ view_filter ] --START--
INFO: Run ContentReplace Behavior [ RunTime:0.000581s ]
INFO: Run TokenBuild Behavior [ RunTime:0.000574s ]
INFO: Run WriteHtmlCache Behavior [ RunTime:0.000410s ]
INFO: Run ShowRuntime Behavior [ RunTime:0.000712s ]
INFO: [ view_filter ] --END-- [ RunTime:0.002570s ]
INFO: [ view_end ] --START--
INFO: Run ShowPageTrace Behavior [ RunTime:0.001074s ]
INFO: [ view_end ] --END-- [ RunTime:0.001181s ]

[ 2015-10-26T15:36:50+08:00 ] 127.0.0.1 /jiuye/index.php/Member/huiyuan
INFO: [ route_check ] --START--
INFO: Run CheckRoute Behavior [ RunTime:0.001607s ]
INFO: [ route_check ] --END-- [ RunTime:0.001788s ]
INFO: [ app_begin ] --START--
INFO: Run ReadHtmlCache Behavior [ RunTime:0.000917s ]
INFO: [ app_begin ] --END-- [ RunTime:0.001041s ]
NOTIC: [8] Undefined index:  mname D:\xampp\htdocs\Jiuye\Work\Lib\Action\MemberAction.class.php 第 11 行.
NOTIC: [8] Undefined variable: where D:\xampp\htdocs\Jiuye\Work\Lib\Action\MemberAction.class.php 第 16 行.
SQL: SHOW COLUMNS FROM `w_member` [ RunTime:0.005989s ]
SQL: SELECT COUNT(*) AS tp_count FROM `w_member` LIMIT 1   [ RunTime:0.001056s ]
SQL: SELECT * FROM `w_member` WHERE ( 1 ) LIMIT 0,3   [ RunTime:0.000764s ]
SQL: SHOW COLUMNS FROM `w_membertype` [ RunTime:0.002846s ]
SQL: SELECT * FROM `w_membertype` WHERE ( 1=1 AND mt_id='5' ) LIMIT 1   [ RunTime:0.000768s ]
SQL: SELECT * FROM `w_membertype` WHERE ( 1=1 AND mt_id='1' ) LIMIT 1   [ RunTime:0.000630s ]
SQL: SELECT * FROM `w_membertype` WHERE ( 1=1 AND mt_id='5' ) LIMIT 1   [ RunTime:0.000582s ]
INFO: [ view_template ] --START--
INFO: Run LocationTemplate Behavior [ RunTime:0.003171s ]
INFO: [ view_template ] --END-- [ RunTime:0.003361s ]
INFO: [ view_parse ] --START--
INFO: Run ParseTemplate Behavior [ RunTime:0.021870s ]
INFO: [ view_parse ] --END-- [ RunTime:0.022050s ]
INFO: [ view_filter ] --START--
INFO: Run ContentReplace Behavior [ RunTime:0.000627s ]
INFO: Run TokenBuild Behavior [ RunTime:0.000564s ]
INFO: Run WriteHtmlCache Behavior [ RunTime:0.000377s ]
INFO: Run ShowRuntime Behavior [ RunTime:0.000822s ]
INFO: [ view_filter ] --END-- [ RunTime:0.002684s ]
INFO: [ view_end ] --START--
INFO: Run ShowPageTrace Behavior [ RunTime:0.001017s ]
INFO: [ view_end ] --END-- [ RunTime:0.001133s ]

[ 2015-10-26T15:37:06+08:00 ] 127.0.0.1 /jiuye/index.php/Member/huiyuan
INFO: [ route_check ] --START--
INFO: Run CheckRoute Behavior [ RunTime:0.001748s ]
INFO: [ route_check ] --END-- [ RunTime:0.001935s ]
INFO: [ app_begin ] --START--
INFO: Run ReadHtmlCache Behavior [ RunTime:0.000959s ]
INFO: [ app_begin ] --END-- [ RunTime:0.001108s ]
NOTIC: [8] Undefined index:  mname D:\xampp\htdocs\Jiuye\Work\Lib\Action\MemberAction.class.php 第 11 行.
NOTIC: [8] Undefined variable: where D:\xampp\htdocs\Jiuye\Work\Lib\Action\MemberAction.class.php 第 16 行.
SQL: SHOW COLUMNS FROM `w_member` [ RunTime:0.002593s ]
SQL: SELECT COUNT(*) AS tp_count FROM `w_member` LIMIT 1   [ RunTime:0.000464s ]
SQL: SELECT * FROM `w_member` WHERE ( 1 ) LIMIT 0,3   [ RunTime:0.000450s ]
SQL: SHOW COLUMNS FROM `w_membertype` [ RunTime:0.002758s ]
SQL: SELECT * FROM `w_membertype` WHERE ( 1=1 AND mt_id='5' ) LIMIT 1   [ RunTime:0.003355s ]
SQL: SELECT * FROM `w_membertype` WHERE ( 1=1 AND mt_id='1' ) LIMIT 1   [ RunTime:0.000492s ]
SQL: SELECT * FROM `w_membertype` WHERE ( 1=1 AND mt_id='5' ) LIMIT 1   [ RunTime:0.000437s ]
INFO: [ view_template ] --START--
INFO: Run LocationTemplate Behavior [ RunTime:0.001789s ]
INFO: [ view_template ] --END-- [ RunTime:0.001935s ]
INFO: [ view_parse ] --START--
INFO: Run ParseTemplate Behavior [ RunTime:0.021642s ]
INFO: [ view_parse ] --END-- [ RunTime:0.021814s ]
INFO: [ view_filter ] --START--
INFO: Run ContentReplace Behavior [ RunTime:0.000626s ]
INFO: Run TokenBuild Behavior [ RunTime:0.000567s ]
INFO: Run WriteHtmlCache Behavior [ RunTime:0.000376s ]
INFO: Run ShowRuntime Behavior [ RunTime:0.000756s ]
INFO: [ view_filter ] --END-- [ RunTime:0.002614s ]
INFO: [ view_end ] --START--
INFO: Run ShowPageTrace Behavior [ RunTime:0.001043s ]
INFO: [ view_end ] --END-- [ RunTime:0.001174s ]

[ 2015-10-26T15:37:16+08:00 ] 127.0.0.1 /jiuye/index.php/Member/update/id/5
INFO: [ route_check ] --START--
INFO: Run CheckRoute Behavior [ RunTime:0.001541s ]
INFO: [ route_check ] --END-- [ RunTime:0.001745s ]
INFO: [ app_begin ] --START--
INFO: Run ReadHtmlCache Behavior [ RunTime:0.000889s ]
INFO: [ app_begin ] --END-- [ RunTime:0.001029s ]
SQL: SHOW COLUMNS FROM `w_membertype` [ RunTime:0.002767s ]
SQL: SELECT * FROM `w_membertype` WHERE ( mt_id=5 ) LIMIT 1   [ RunTime:0.001923s ]
INFO: [ view_template ] --START--
INFO: Run LocationTemplate Behavior [ RunTime:0.001718s ]
INFO: [ view_template ] --END-- [ RunTime:0.001847s ]
INFO: [ view_parse ] --START--
INFO: Run ParseTemplate Behavior [ RunTime:0.013975s ]
INFO: [ view_parse ] --END-- [ RunTime:0.014107s ]
INFO: [ view_filter ] --START--
INFO: Run ContentReplace Behavior [ RunTime:0.000543s ]
INFO: Run TokenBuild Behavior [ RunTime:0.000560s ]
INFO: Run WriteHtmlCache Behavior [ RunTime:0.000381s ]
INFO: Run ShowRuntime Behavior [ RunTime:0.000720s ]
INFO: [ view_filter ] --END-- [ RunTime:0.002491s ]
INFO: [ view_end ] --START--
INFO: Run ShowPageTrace Behavior [ RunTime:0.001000s ]
INFO: [ view_end ] --END-- [ RunTime:0.001128s ]

[ 2015-10-26T15:37:20+08:00 ] 127.0.0.1 /jiuye/index.php/Member/huiyuan
INFO: [ route_check ] --START--
INFO: Run CheckRoute Behavior [ RunTime:0.002502s ]
INFO: [ route_check ] --END-- [ RunTime:0.002736s ]
INFO: [ app_begin ] --START--
INFO: Run ReadHtmlCache Behavior [ RunTime:0.001348s ]
INFO: [ app_begin ] --END-- [ RunTime:0.001581s ]
NOTIC: [8] Undefined index:  mname D:\xampp\htdocs\Jiuye\Work\Lib\Action\MemberAction.class.php 第 11 行.
NOTIC: [8] Undefined variable: where D:\xampp\htdocs\Jiuye\Work\Lib\Action\MemberAction.class.php 第 16 行.
SQL: SHOW COLUMNS FROM `w_member` [ RunTime:0.005252s ]
SQL: SELECT COUNT(*) AS tp_count FROM `w_member` LIMIT 1   [ RunTime:0.000984s ]
SQL: SELECT * FROM `w_member` WHERE ( 1 ) LIMIT 0,3   [ RunTime:0.000609s ]
SQL: SHOW COLUMNS FROM `w_membertype` [ RunTime:0.002925s ]
SQL: SELECT * FROM `w_membertype` WHERE ( 1=1 AND mt_id='5' ) LIMIT 1   [ RunTime:0.001595s ]
SQL: SELECT * FROM `w_membertype` WHERE ( 1=1 AND mt_id='1' ) LIMIT 1   [ RunTime:0.000667s ]
SQL: SELECT * FROM `w_membertype` WHERE ( 1=1 AND mt_id='5' ) LIMIT 1   [ RunTime:0.000642s ]
INFO: [ view_template ] --START--
INFO: Run LocationTemplate Behavior [ RunTime:0.001675s ]
INFO: [ view_template ] --END-- [ RunTime:0.001796s ]
INFO: [ view_parse ] --START--
INFO: Run ParseTemplate Behavior [ RunTime:0.021929s ]
INFO: [ view_parse ] --END-- [ RunTime:0.022073s ]
INFO: [ view_filter ] --START--
INFO: Run ContentReplace Behavior [ RunTime:0.000616s ]
INFO: Run TokenBuild Behavior [ RunTime:0.000557s ]
INFO: Run WriteHtmlCache Behavior [ RunTime:0.000373s ]
INFO: Run ShowRuntime Behavior [ RunTime:0.000744s ]
INFO: [ view_filter ] --END-- [ RunTime:0.002572s ]
INFO: [ view_end ] --START--
INFO: Run ShowPageTrace Behavior [ RunTime:0.001414s ]
INFO: [ view_end ] --END-- [ RunTime:0.001625s ]

[ 2015-10-26T15:37:24+08:00 ] 127.0.0.1 /jiuye/index.php/Member/huiyuan
INFO: [ route_check ] --START--
INFO: Run CheckRoute Behavior [ RunTime:0.002662s ]
INFO: [ route_check ] --END-- [ RunTime:0.003018s ]
INFO: [ app_begin ] --START--
INFO: Run ReadHtmlCache Behavior [ RunTime:0.001182s ]
INFO: [ app_begin ] --END-- [ RunTime:0.001310s ]
NOTIC: [8] Undefined index:  mname D:\xampp\htdocs\Jiuye\Work\Lib\Action\MemberAction.class.php 第 11 行.
NOTIC: [8] Undefined variable: where D:\xampp\htdocs\Jiuye\Work\Lib\Action\MemberAction.class.php 第 16 行.
SQL: SHOW COLUMNS FROM `w_member` [ RunTime:0.002813s ]
SQL: SELECT COUNT(*) AS tp_count FROM `w_member` LIMIT 1   [ RunTime:0.000749s ]
SQL: SELECT * FROM `w_member` WHERE ( 1 ) LIMIT 0,3   [ RunTime:0.000615s ]
SQL: SHOW COLUMNS FROM `w_membertype` [ RunTime:0.002498s ]
SQL: SELECT * FROM `w_membertype` WHERE ( 1=1 AND mt_id='5' ) LIMIT 1   [ RunTime:0.000647s ]
SQL: SELECT * FROM `w_membertype` WHERE ( 1=1 AND mt_id='1' ) LIMIT 1   [ RunTime:0.000606s ]
SQL: SELECT * FROM `w_membertype` WHERE ( 1=1 AND mt_id='5' ) LIMIT 1   [ RunTime:0.000644s ]
INFO: [ view_template ] --START--
INFO: Run LocationTemplate Behavior [ RunTime:0.001705s ]
INFO: [ view_template ] --END-- [ RunTime:0.001839s ]
INFO: [ view_parse ] --START--
INFO: Run ParseTemplate Behavior [ RunTime:0.022197s ]
INFO: [ view_parse ] --END-- [ RunTime:0.022357s ]
INFO: [ view_filter ] --START--
INFO: Run ContentReplace Behavior [ RunTime:0.000619s ]
INFO: Run TokenBuild Behavior [ RunTime:0.000560s ]
INFO: Run WriteHtmlCache Behavior [ RunTime:0.000371s ]
INFO: Run ShowRuntime Behavior [ RunTime:0.000790s ]
INFO: [ view_filter ] --END-- [ RunTime:0.002621s ]
INFO: [ view_end ] --START--
INFO: Run ShowPageTrace Behavior [ RunTime:0.000985s ]
INFO: [ view_end ] --END-- [ RunTime:0.001112s ]

[ 2015-10-26T19:20:30+08:00 ] 127.0.0.1 /jiuye/index.php/Donate/juanzeng
INFO: [ route_check ] --START--
INFO: Run CheckRoute Behavior [ RunTime:0.002531s ]
INFO: [ route_check ] --END-- [ RunTime:0.002875s ]
INFO: [ app_begin ] --START--
INFO: Run ReadHtmlCache Behavior [ RunTime:0.002165s ]
INFO: [ app_begin ] --END-- [ RunTime:0.002306s ]
INFO: [ view_template ] --START--
INFO: Run LocationTemplate Behavior [ RunTime:0.002694s ]
INFO: [ view_template ] --END-- [ RunTime:0.002951s ]
INFO: [ view_parse ] --START--
INFO: Run ParseTemplate Behavior [ RunTime:0.013696s ]
INFO: [ view_parse ] --END-- [ RunTime:0.013861s ]
INFO: [ view_filter ] --START--
INFO: Run ContentReplace Behavior [ RunTime:0.001723s ]
INFO: Run TokenBuild Behavior [ RunTime:0.001842s ]
INFO: Run WriteHtmlCache Behavior [ RunTime:0.000876s ]
INFO: Run ShowRuntime Behavior [ RunTime:0.001024s ]
INFO: [ view_filter ] --END-- [ RunTime:0.005727s ]
INFO: [ view_end ] --START--
INFO: Run ShowPageTrace Behavior [ RunTime:0.001343s ]
INFO: [ view_end ] --END-- [ RunTime:0.001431s ]
NOTIC: [2] Missing argument 4 for PublicAction::pages(), called in D:\xampp\htdocs\Jiuye\Work\Lib\Action\DonateAction.class.php on line 24 and defined D:\xampp\htdocs\Jiuye\Work\Lib\Action\PublicAction.class.php 第 44 行.
SQL: SHOW COLUMNS FROM `w_donate` [ RunTime:0.002158s ]
SQL: SELECT COUNT(*) AS tp_count FROM `w_donate` LIMIT 1   [ RunTime:0.000243s ]
NOTIC: [8] Undefined variable: where D:\xampp\htdocs\Jiuye\Work\Lib\Action\PublicAction.class.php 第 51 行.
SQL: SELECT * FROM `w_donate` WHERE ( 1 ) LIMIT 0,3   [ RunTime:0.000261s ]
SQL: SHOW COLUMNS FROM `w_typedonate` [ RunTime:0.001756s ]
SQL: SELECT * FROM `w_typedonate` WHERE ( 1=1 AND t_id='1' ) LIMIT 1   [ RunTime:0.000344s ]
SQL: SELECT * FROM `w_typedonate` WHERE ( 1=1 AND t_id='3' ) LIMIT 1   [ RunTime:0.000224s ]
SQL: SELECT * FROM `w_typedonate` WHERE ( 1=1 AND t_id='1' ) LIMIT 1   [ RunTime:0.000218s ]
INFO: [ view_template ] --START--
INFO: Run LocationTemplate Behavior [ RunTime:0.000796s ]
INFO: [ view_template ] --END-- [ RunTime:-0.046373s ]
INFO: [ view_parse ] --START--
INFO: Run ParseTemplate Behavior [ RunTime:0.007287s ]
INFO: [ view_parse ] --END-- [ RunTime:-0.033322s ]
INFO: [ view_filter ] --START--
INFO: Run ContentReplace Behavior [ RunTime:0.000095s ]
INFO: Run TokenBuild Behavior [ RunTime:0.000044s ]
INFO: Run WriteHtmlCache Behavior [ RunTime:0.000014s ]
INFO: Run ShowRuntime Behavior [ RunTime:0.000067s ]
INFO: [ view_filter ] --END-- [ RunTime:-0.034998s ]
INFO: [ view_end ] --START--
INFO: Run ShowPageTrace Behavior [ RunTime:0.000036s ]
INFO: [ view_end ] --END-- [ RunTime:-0.033919s ]

[ 2015-10-26T19:20:32+08:00 ] 127.0.0.1 /jiuye/index.php/Index/login
INFO: [ route_check ] --START--
INFO: Run CheckRoute Behavior [ RunTime:0.001570s ]
INFO: [ route_check ] --END-- [ RunTime:0.001679s ]
INFO: [ app_begin ] --START--
INFO: Run ReadHtmlCache Behavior [ RunTime:0.001089s ]
INFO: [ app_begin ] --END-- [ RunTime:0.001152s ]
INFO: [ view_template ] --START--
INFO: Run LocationTemplate Behavior [ RunTime:0.001581s ]
INFO: [ view_template ] --END-- [ RunTime:0.001693s ]
INFO: [ view_parse ] --START--
INFO: Run ParseTemplate Behavior [ RunTime:0.012891s ]
INFO: [ view_parse ] --END-- [ RunTime:0.012987s ]
INFO: [ view_filter ] --START--
INFO: Run ContentReplace Behavior [ RunTime:0.001061s ]
INFO: Run TokenBuild Behavior [ RunTime:0.001071s ]
INFO: Run WriteHtmlCache Behavior [ RunTime:0.000912s ]
INFO: Run ShowRuntime Behavior [ RunTime:0.001157s ]
INFO: [ view_filter ] --END-- [ RunTime:0.004405s ]
INFO: [ view_end ] --START--
INFO: Run ShowPageTrace Behavior [ RunTime:0.001311s ]
INFO: [ view_end ] --END-- [ RunTime:0.001423s ]

[ 2015-10-26T19:21:55+08:00 ] 127.0.0.1 /jiuye/index.php/Index/shouye
INFO: [ route_check ] --START--
INFO: Run CheckRoute Behavior [ RunTime:0.002688s ]
INFO: [ route_check ] --END-- [ RunTime:0.003168s ]
INFO: [ app_begin ] --START--
INFO: Run ReadHtmlCache Behavior [ RunTime:0.001470s ]
INFO: [ app_begin ] --END-- [ RunTime:0.001614s ]
INFO: [ view_template ] --START--
INFO: Run LocationTemplate Behavior [ RunTime:0.001549s ]
INFO: [ view_template ] --END-- [ RunTime:0.001718s ]
INFO: [ view_parse ] --START--
INFO: Run ParseTemplate Behavior [ RunTime:0.013956s ]
INFO: [ view_parse ] --END-- [ RunTime:0.014163s ]
INFO: [ view_filter ] --START--
INFO: Run ContentReplace Behavior [ RunTime:0.001038s ]
INFO: Run TokenBuild Behavior [ RunTime:0.001008s ]
INFO: Run WriteHtmlCache Behavior [ RunTime:0.000922s ]
INFO: Run ShowRuntime Behavior [ RunTime:0.001161s ]
INFO: [ view_filter ] --END-- [ RunTime:0.004363s ]
INFO: [ view_end ] --START--
INFO: Run ShowPageTrace Behavior [ RunTime:0.001443s ]
INFO: [ view_end ] --END-- [ RunTime:0.001504s ]

[ 2015-10-26T19:21:56+08:00 ] 127.0.0.1 /jiuye/index.php/Index/login
INFO: [ route_check ] --START--
INFO: Run CheckRoute Behavior [ RunTime:0.002570s ]
INFO: [ route_check ] --END-- [ RunTime:0.002937s ]
INFO: [ app_begin ] --START--
INFO: Run ReadHtmlCache Behavior [ RunTime:0.001335s ]
INFO: [ app_begin ] --END-- [ RunTime:0.001446s ]
INFO: [ view_template ] --START--
INFO: Run LocationTemplate Behavior [ RunTime:0.001571s ]
INFO: [ view_template ] --END-- [ RunTime:0.001704s ]
INFO: [ view_parse ] --START--
INFO: Run ParseTemplate Behavior [ RunTime:0.014033s ]
INFO: [ view_parse ] --END-- [ RunTime:0.014157s ]
INFO: [ view_filter ] --START--
INFO: Run ContentReplace Behavior [ RunTime:0.001290s ]
INFO: Run TokenBuild Behavior [ RunTime:0.001106s ]
INFO: Run WriteHtmlCache Behavior [ RunTime:0.000956s ]
INFO: Run ShowRuntime Behavior [ RunTime:0.001145s ]
INFO: [ view_filter ] --END-- [ RunTime:0.004696s ]
INFO: [ view_end ] --START--
INFO: Run ShowPageTrace Behavior [ RunTime:0.001309s ]
INFO: [ view_end ] --END-- [ RunTime:0.001368s ]

[ 2015-10-26T19:22:04+08:00 ] 127.0.0.1 /jiuye/index.php/Index/login
INFO: [ route_check ] --START--
INFO: Run CheckRoute Behavior [ RunTime:0.001703s ]
INFO: [ route_check ] --END-- [ RunTime:0.001815s ]
INFO: [ app_begin ] --START--
INFO: Run ReadHtmlCache Behavior [ RunTime:0.001304s ]
INFO: [ app_begin ] --END-- [ RunTime:0.001393s ]
SQL: SHOW COLUMNS FROM `w_manage` [ RunTime:0.003960s ]
SQL: SELECT * FROM `w_manage` WHERE ( m_name='g18953827837' && m_pwd=123 )  [ RunTime:0.001149s ]
INFO: [ view_template ] --START--
INFO: Run LocationTemplate Behavior [ RunTime:0.001798s ]
INFO: [ view_template ] --END-- [ RunTime:0.001929s ]
INFO: [ view_parse ] --START--
INFO: Run ParseTemplate Behavior [ RunTime:0.015040s ]
INFO: [ view_parse ] --END-- [ RunTime:0.015153s ]
INFO: [ view_filter ] --START--
INFO: Run ContentReplace Behavior [ RunTime:0.001061s ]
INFO: Run TokenBuild Behavior [ RunTime:0.001059s ]
INFO: Run WriteHtmlCache Behavior [ RunTime:0.000950s ]
INFO: Run ShowRuntime Behavior [ RunTime:0.001150s ]
INFO: [ view_filter ] --END-- [ RunTime:0.004399s ]
INFO: [ view_end ] --START--
INFO: Run ShowPageTrace Behavior [ RunTime:0.001345s ]
INFO: [ view_end ] --END-- [ RunTime:0.001414s ]

[ 2015-10-26T19:22:05+08:00 ] 127.0.0.1 /jiuye/index.php/Index/shouye
INFO: [ route_check ] --START--
INFO: Run CheckRoute Behavior [ RunTime:0.002632s ]
INFO: [ route_check ] --END-- [ RunTime:0.002888s ]
INFO: [ app_begin ] --START--
INFO: Run ReadHtmlCache Behavior [ RunTime:0.001845s ]
INFO: [ app_begin ] --END-- [ RunTime:0.002049s ]
INFO: [ view_template ] --START--
INFO: Run LocationTemplate Behavior [ RunTime:0.002015s ]
INFO: [ view_template ] --END-- [ RunTime:0.002119s ]
INFO: [ view_parse ] --START--
INFO: Run ParseTemplate Behavior [ RunTime:0.015251s ]
INFO: [ view_parse ] --END-- [ RunTime:0.015358s ]
INFO: [ view_filter ] --START--
INFO: Run ContentReplace Behavior [ RunTime:0.001479s ]
INFO: Run TokenBuild Behavior [ RunTime:0.001053s ]
INFO: Run WriteHtmlCache Behavior [ RunTime:0.000859s ]
INFO: Run ShowRuntime Behavior [ RunTime:0.001159s ]
INFO: [ view_filter ] --END-- [ RunTime:0.004756s ]
INFO: [ view_end ] --START--
INFO: Run ShowPageTrace Behavior [ RunTime:0.001340s ]
INFO: [ view_end ] --END-- [ RunTime:0.001428s ]

[ 2015-10-26T19:22:05+08:00 ] 127.0.0.1 /jiuye/index.php/Index/top.html
INFO: [ route_check ] --START--
INFO: Run CheckRoute Behavior [ RunTime:0.001890s ]
INFO: [ route_check ] --END-- [ RunTime:0.001998s ]
INFO: [ app_begin ] --START--
INFO: Run ReadHtmlCache Behavior [ RunTime:0.003157s ]
INFO: [ app_begin ] --END-- [ RunTime:0.003512s ]
INFO: [ view_template ] --START--
INFO: Run LocationTemplate Behavior [ RunTime:0.002196s ]
INFO: [ view_template ] --END-- [ RunTime:0.002333s ]
INFO: [ view_parse ] --START--
INFO: Run ParseTemplate Behavior [ RunTime:0.016628s ]
INFO: [ view_parse ] --END-- [ RunTime:0.016757s ]
INFO: [ view_filter ] --START--
INFO: Run ContentReplace Behavior [ RunTime:0.001080s ]
INFO: Run TokenBuild Behavior [ RunTime:0.001055s ]
INFO: Run WriteHtmlCache Behavior [ RunTime:0.000957s ]
INFO: Run ShowRuntime Behavior [ RunTime:0.001146s ]
INFO: [ view_filter ] --END-- [ RunTime:0.004425s ]
INFO: [ view_end ] --START--
INFO: Run ShowPageTrace Behavior [ RunTime:0.001547s ]
INFO: [ view_end ] --END-- [ RunTime:0.001623s ]

[ 2015-10-26T19:22:05+08:00 ] 127.0.0.1 /jiuye/index.php/Index/left.html
INFO: [ route_check ] --START--
INFO: Run CheckRoute Behavior [ RunTime:0.002004s ]
INFO: [ route_check ] --END-- [ RunTime:0.002117s ]
INFO: [ app_begin ] --START--
INFO: Run ReadHtmlCache Behavior [ RunTime:0.001425s ]
INFO: [ app_begin ] --END-- [ RunTime:0.001538s ]
INFO: [ view_template ] --START--
INFO: Run LocationTemplate Behavior [ RunTime:0.001594s ]
INFO: [ view_template ] --END-- [ RunTime:0.001839s ]
INFO: [ view_parse ] --START--
INFO: Run ParseTemplate Behavior [ RunTime:0.017323s ]
INFO: [ view_parse ] --END-- [ RunTime:0.017434s ]
INFO: [ view_filter ] --START--
INFO: Run ContentReplace Behavior [ RunTime:0.000798s ]
INFO: Run TokenBuild Behavior [ RunTime:0.000854s ]
INFO: Run WriteHtmlCache Behavior [ RunTime:0.000759s ]
INFO: Run ShowRuntime Behavior [ RunTime:0.000995s ]
INFO: [ view_filter ] --END-- [ RunTime:0.003656s ]
INFO: [ view_end ] --START--
INFO: Run ShowPageTrace Behavior [ RunTime:0.001235s ]
INFO: [ view_end ] --END-- [ RunTime:0.001314s ]

[ 2015-10-26T19:22:05+08:00 ] 127.0.0.1 /jiuye/index.php/Index/index.html
INFO: [ route_check ] --START--
INFO: Run CheckRoute Behavior [ RunTime:0.001632s ]
INFO: [ route_check ] --END-- [ RunTime:0.001750s ]
INFO: [ app_begin ] --START--
INFO: Run ReadHtmlCache Behavior [ RunTime:0.001403s ]
INFO: [ app_begin ] --END-- [ RunTime:0.001529s ]
INFO: [ view_template ] --START--
INFO: Run LocationTemplate Behavior [ RunTime:0.005103s ]
INFO: [ view_template ] --END-- [ RunTime:0.005260s ]
INFO: [ view_parse ] --START--
INFO: Run ParseTemplate Behavior [ RunTime:0.013618s ]
INFO: [ view_parse ] --END-- [ RunTime:0.013748s ]
INFO: [ view_filter ] --START--
INFO: Run ContentReplace Behavior [ RunTime:0.000834s ]
INFO: Run TokenBuild Behavior [ RunTime:0.000739s ]
INFO: Run WriteHtmlCache Behavior [ RunTime:0.000628s ]
INFO: Run ShowRuntime Behavior [ RunTime:0.000810s ]
INFO: [ view_filter ] --END-- [ RunTime:0.003204s ]
INFO: [ view_end ] --START--
INFO: Run ShowPageTrace Behavior [ RunTime:0.001303s ]
INFO: [ view_end ] --END-- [ RunTime:0.001404s ]

[ 2015-10-26T19:22:07+08:00 ] 127.0.0.1 /jiuye/index.php/Donate/juanzeng
INFO: [ route_check ] --START--
INFO: Run CheckRoute Behavior [ RunTime:0.001322s ]
INFO: [ route_check ] --END-- [ RunTime:0.001473s ]
INFO: [ app_begin ] --START--
INFO: Run ReadHtmlCache Behavior [ RunTime:0.000786s ]
INFO: [ app_begin ] --END-- [ RunTime:0.000892s ]
NOTIC: [2] Missing argument 4 for PublicAction::pages(), called in D:\xampp\htdocs\Jiuye\Work\Lib\Action\DonateAction.class.php on line 24 and defined D:\xampp\htdocs\Jiuye\Work\Lib\Action\PublicAction.class.php 第 44 行.
SQL: SHOW COLUMNS FROM `w_donate` [ RunTime:0.002705s ]
SQL: SELECT COUNT(*) AS tp_count FROM `w_donate` LIMIT 1   [ RunTime:0.000338s ]
NOTIC: [8] Undefined variable: where D:\xampp\htdocs\Jiuye\Work\Lib\Action\PublicAction.class.php 第 51 行.
SQL: SELECT * FROM `w_donate` WHERE ( 1 ) LIMIT 0,3   [ RunTime:0.000246s ]
SQL: SHOW COLUMNS FROM `w_typedonate` [ RunTime:0.001599s ]
SQL: SELECT * FROM `w_typedonate` WHERE ( 1=1 AND t_id='1' ) LIMIT 1   [ RunTime:0.000590s ]
SQL: SELECT * FROM `w_typedonate` WHERE ( 1=1 AND t_id='3' ) LIMIT 1   [ RunTime:0.000236s ]
SQL: SELECT * FROM `w_typedonate` WHERE ( 1=1 AND t_id='1' ) LIMIT 1   [ RunTime:0.000216s ]
INFO: [ view_template ] --START--
INFO: Run LocationTemplate Behavior [ RunTime:0.001093s ]
INFO: [ view_template ] --END-- [ RunTime:0.001190s ]
INFO: [ view_parse ] --START--
INFO: Run ParseTemplate Behavior [ RunTime:0.012731s ]
INFO: [ view_parse ] --END-- [ RunTime:0.012909s ]
INFO: [ view_filter ] --START--
INFO: Run ContentReplace Behavior [ RunTime:0.000366s ]
INFO: Run TokenBuild Behavior [ RunTime:0.000295s ]
INFO: Run WriteHtmlCache Behavior [ RunTime:0.000221s ]
INFO: Run ShowRuntime Behavior [ RunTime:0.000408s ]
INFO: [ view_filter ] --END-- [ RunTime:0.001438s ]
INFO: [ view_end ] --START--
INFO: Run ShowPageTrace Behavior [ RunTime:0.000657s ]
INFO: [ view_end ] --END-- [ RunTime:0.000742s ]

[ 2015-10-26T19:25:10+08:00 ] 127.0.0.1 /jiuye/index.php/Invite/zhaopin
INFO: [ route_check ] --START--
INFO: Run CheckRoute Behavior [ RunTime:0.001733s ]
INFO: [ route_check ] --END-- [ RunTime:0.001997s ]
INFO: [ app_begin ] --START--
INFO: Run ReadHtmlCache Behavior [ RunTime:0.002354s ]
INFO: [ app_begin ] --END-- [ RunTime:0.002518s ]
SQL: SHOW COLUMNS FROM `w_invite` [ RunTime:0.001729s ]
NOTIC: [8] Undefined index:  iname D:\xampp\htdocs\Jiuye\Work\Lib\Action\InviteAction.class.php 第 11 行.
NOTIC: [8] Undefined index:  rname D:\xampp\htdocs\Jiuye\Work\Lib\Action\InviteAction.class.php 第 15 行.
NOTIC: [8] Undefined index:  num D:\xampp\htdocs\Jiuye\Work\Lib\Action\InviteAction.class.php 第 19 行.
NOTIC: [8] Undefined variable: where D:\xampp\htdocs\Jiuye\Work\Lib\Action\InviteAction.class.php 第 26 行.
SQL: SHOW COLUMNS FROM `w_invite` [ RunTime:0.001748s ]
SQL: SELECT COUNT(*) AS tp_count FROM `w_invite` LIMIT 1   [ RunTime:0.000340s ]
SQL: SELECT * FROM `w_invite` WHERE ( 1 ) LIMIT 0,3   [ RunTime:0.000299s ]
SQL: SELECT * FROM `w_invite` ORDER BY i_name desc  [ RunTime:0.000459s ]
SQL: SELECT * FROM `w_invite` GROUP BY i_reward  [ RunTime:0.000389s ]
SQL: SELECT * FROM `w_invite` GROUP BY i_num  [ RunTime:0.000406s ]
INFO: [ view_template ] --START--
INFO: Run LocationTemplate Behavior [ RunTime:0.001371s ]
INFO: [ view_template ] --END-- [ RunTime:0.001469s ]
INFO: [ view_parse ] --START--
INFO: Run ParseTemplate Behavior [ RunTime:0.017781s ]
INFO: [ view_parse ] --END-- [ RunTime:0.017882s ]
INFO: [ view_filter ] --START--
INFO: Run ContentReplace Behavior [ RunTime:0.001194s ]
INFO: Run TokenBuild Behavior [ RunTime:0.000730s ]
INFO: Run WriteHtmlCache Behavior [ RunTime:0.000811s ]
INFO: Run ShowRuntime Behavior [ RunTime:0.000763s ]
INFO: [ view_filter ] --END-- [ RunTime:0.003711s ]
INFO: [ view_end ] --START--
INFO: Run ShowPageTrace Behavior [ RunTime:0.000946s ]
INFO: [ view_end ] --END-- [ RunTime:0.001000s ]

[ 2015-10-26T19:25:18+08:00 ] 127.0.0.1 /jiuye/index.php/Invite/see/id/1
INFO: [ route_check ] --START--
INFO: Run CheckRoute Behavior [ RunTime:0.000764s ]
INFO: [ route_check ] --END-- [ RunTime:0.000843s ]
INFO: [ app_begin ] --START--
INFO: Run ReadHtmlCache Behavior [ RunTime:0.000456s ]
INFO: [ app_begin ] --END-- [ RunTime:0.000515s ]
NOTIC: [8] Undefined index:  sub D:\xampp\htdocs\Jiuye\Work\Lib\Action\InviteAction.class.php 第 40 行.
SQL: SHOW COLUMNS FROM `w_invite` [ RunTime:0.002477s ]
SQL: SELECT * FROM `w_invite` WHERE ( i_id=1 ) LIMIT 1   [ RunTime:0.000596s ]
INFO: [ view_template ] --START--
INFO: Run LocationTemplate Behavior [ RunTime:0.001169s ]
INFO: [ view_template ] --END-- [ RunTime:0.001347s ]
INFO: [ view_parse ] --START--
INFO: Run ParseTemplate Behavior [ RunTime:0.014845s ]
INFO: [ view_parse ] --END-- [ RunTime:0.014949s ]
INFO: [ view_filter ] --START--
INFO: Run ContentReplace Behavior [ RunTime:0.000887s ]
INFO: Run TokenBuild Behavior [ RunTime:0.000305s ]
INFO: Run WriteHtmlCache Behavior [ RunTime:0.000195s ]
INFO: Run ShowRuntime Behavior [ RunTime:0.000365s ]
INFO: [ view_filter ] --END-- [ RunTime:0.001915s ]
INFO: [ view_end ] --START--
INFO: Run ShowPageTrace Behavior [ RunTime:0.000575s ]
INFO: [ view_end ] --END-- [ RunTime:0.000629s ]

[ 2015-10-26T19:31:26+08:00 ] 127.0.0.1 /jiuye/index.php/Index/login
INFO: [ route_check ] --START--
INFO: Run CheckRoute Behavior [ RunTime:0.001288s ]
INFO: [ route_check ] --END-- [ RunTime:0.001398s ]
INFO: [ app_begin ] --START--
INFO: Run ReadHtmlCache Behavior [ RunTime:0.001180s ]
INFO: [ app_begin ] --END-- [ RunTime:0.001276s ]
INFO: [ view_template ] --START--
INFO: Run LocationTemplate Behavior [ RunTime:0.001648s ]
INFO: [ view_template ] --END-- [ RunTime:0.001760s ]
INFO: [ view_parse ] --START--
INFO: Run ParseTemplate Behavior [ RunTime:0.008889s ]
INFO: [ view_parse ] --END-- [ RunTime:0.009011s ]
INFO: [ view_filter ] --START--
INFO: Run ContentReplace Behavior [ RunTime:0.001622s ]
INFO: Run TokenBuild Behavior [ RunTime:0.001157s ]
INFO: Run WriteHtmlCache Behavior [ RunTime:0.000560s ]
INFO: Run ShowRuntime Behavior [ RunTime:0.000715s ]
INFO: [ view_filter ] --END-- [ RunTime:0.004327s ]
INFO: [ view_end ] --START--
INFO: Run ShowPageTrace Behavior [ RunTime:0.000896s ]
INFO: [ view_end ] --END-- [ RunTime:0.000950s ]

[ 2015-10-26T19:31:31+08:00 ] 127.0.0.1 /jiuye/index.php/Index/login
INFO: [ route_check ] --START--
INFO: Run CheckRoute Behavior [ RunTime:0.000983s ]
INFO: [ route_check ] --END-- [ RunTime:0.001095s ]
INFO: [ app_begin ] --START--
INFO: Run ReadHtmlCache Behavior [ RunTime:0.000572s ]
INFO: [ app_begin ] --END-- [ RunTime:0.000656s ]
SQL: SHOW COLUMNS FROM `w_manage` [ RunTime:0.001812s ]
SQL: SELECT * FROM `w_manage` WHERE ( m_name='g18953827837' && m_pwd=123 )  [ RunTime:0.000488s ]
INFO: [ view_template ] --START--
INFO: Run LocationTemplate Behavior [ RunTime:0.000771s ]
INFO: [ view_template ] --END-- [ RunTime:0.000865s ]
INFO: [ view_parse ] --START--
INFO: Run ParseTemplate Behavior [ RunTime:0.008842s ]
INFO: [ view_parse ] --END-- [ RunTime:0.008938s ]
INFO: [ view_filter ] --START--
INFO: Run ContentReplace Behavior [ RunTime:0.000452s ]
INFO: Run TokenBuild Behavior [ RunTime:0.000697s ]
INFO: Run WriteHtmlCache Behavior [ RunTime:0.000245s ]
INFO: Run ShowRuntime Behavior [ RunTime:0.000764s ]
INFO: [ view_filter ] --END-- [ RunTime:0.002470s ]
INFO: [ view_end ] --START--
INFO: Run ShowPageTrace Behavior [ RunTime:0.001357s ]
INFO: [ view_end ] --END-- [ RunTime:0.001581s ]

[ 2015-10-26T19:31:32+08:00 ] 127.0.0.1 /jiuye/index.php/Index/shouye
INFO: [ route_check ] --START--
INFO: Run CheckRoute Behavior [ RunTime:0.000972s ]
INFO: [ route_check ] --END-- [ RunTime:0.001096s ]
INFO: [ app_begin ] --START--
INFO: Run ReadHtmlCache Behavior [ RunTime:0.000608s ]
INFO: [ app_begin ] --END-- [ RunTime:0.000736s ]
INFO: [ view_template ] --START--
INFO: Run LocationTemplate Behavior [ RunTime:0.000944s ]
INFO: [ view_template ] --END-- [ RunTime:0.001071s ]
INFO: [ view_parse ] --START--
INFO: Run ParseTemplate Behavior [ RunTime:0.007999s ]
INFO: [ view_parse ] --END-- [ RunTime:0.008112s ]
INFO: [ view_filter ] --START--
INFO: Run ContentReplace Behavior [ RunTime:0.000331s ]
INFO: Run TokenBuild Behavior [ RunTime:0.000341s ]
INFO: Run WriteHtmlCache Behavior [ RunTime:0.000218s ]
INFO: Run ShowRuntime Behavior [ RunTime:0.000448s ]
INFO: [ view_filter ] --END-- [ RunTime:0.001514s ]
INFO: [ view_end ] --START--
INFO: Run ShowPageTrace Behavior [ RunTime:0.000613s ]
INFO: [ view_end ] --END-- [ RunTime:0.000678s ]

[ 2015-10-26T19:31:32+08:00 ] 127.0.0.1 /jiuye/index.php/Index/top.html
INFO: [ route_check ] --START--
INFO: Run CheckRoute Behavior [ RunTime:0.001395s ]
INFO: [ route_check ] --END-- [ RunTime:0.001540s ]
INFO: [ app_begin ] --START--
INFO: Run ReadHtmlCache Behavior [ RunTime:0.000823s ]
INFO: [ app_begin ] --END-- [ RunTime:0.000941s ]
INFO: [ view_template ] --START--
INFO: Run LocationTemplate Behavior [ RunTime:0.001530s ]
INFO: [ view_template ] --END-- [ RunTime:0.001872s ]
INFO: [ view_parse ] --START--
INFO: Run ParseTemplate Behavior [ RunTime:0.016076s ]
INFO: [ view_parse ] --END-- [ RunTime:0.016332s ]
INFO: [ view_filter ] --START--
INFO: Run ContentReplace Behavior [ RunTime:0.000497s ]
INFO: Run TokenBuild Behavior [ RunTime:0.000503s ]
INFO: Run WriteHtmlCache Behavior [ RunTime:0.000350s ]
INFO: Run ShowRuntime Behavior [ RunTime:0.000647s ]
INFO: [ view_filter ] --END-- [ RunTime:0.002281s ]
INFO: [ view_end ] --START--
INFO: Run ShowPageTrace Behavior [ RunTime:0.000904s ]
INFO: [ view_end ] --END-- [ RunTime:0.001004s ]

[ 2015-10-26T19:31:32+08:00 ] 127.0.0.1 /jiuye/index.php/Index/left.html
INFO: [ route_check ] --START--
INFO: Run CheckRoute Behavior [ RunTime:0.000931s ]
INFO: [ route_check ] --END-- [ RunTime:0.001031s ]
INFO: [ app_begin ] --START--
INFO: Run ReadHtmlCache Behavior [ RunTime:0.000559s ]
INFO: [ app_begin ] --END-- [ RunTime:0.000643s ]
INFO: [ view_template ] --START--
INFO: Run LocationTemplate Behavior [ RunTime:0.001597s ]
INFO: [ view_template ] --END-- [ RunTime:0.001757s ]
INFO: [ view_parse ] --START--
INFO: Run ParseTemplate Behavior [ RunTime:0.013674s ]
INFO: [ view_parse ] --END-- [ RunTime:0.013798s ]
INFO: [ view_filter ] --START--
INFO: Run ContentReplace Behavior [ RunTime:0.000381s ]
INFO: Run TokenBuild Behavior [ RunTime:0.000358s ]
INFO: Run WriteHtmlCache Behavior [ RunTime:0.000255s ]
INFO: Run ShowRuntime Behavior [ RunTime:0.000472s ]
INFO: [ view_filter ] --END-- [ RunTime:0.001670s ]
INFO: [ view_end ] --START--
INFO: Run ShowPageTrace Behavior [ RunTime:0.000891s ]
INFO: [ view_end ] --END-- [ RunTime:0.000990s ]

[ 2015-10-26T19:31:32+08:00 ] 127.0.0.1 /jiuye/index.php/Index/index.html
INFO: [ route_check ] --START--
INFO: Run CheckRoute Behavior [ RunTime:0.001703s ]
INFO: [ route_check ] --END-- [ RunTime:0.001867s ]
INFO: [ app_begin ] --START--
INFO: Run ReadHtmlCache Behavior [ RunTime:0.001118s ]
INFO: [ app_begin ] --END-- [ RunTime:0.001218s ]
INFO: [ view_template ] --START--
INFO: Run LocationTemplate Behavior [ RunTime:0.001170s ]
INFO: [ view_template ] --END-- [ RunTime:0.001268s ]
INFO: [ view_parse ] --START--
INFO: Run ParseTemplate Behavior [ RunTime:0.012548s ]
INFO: [ view_parse ] --END-- [ RunTime:0.012644s ]
INFO: [ view_filter ] --START--
INFO: Run ContentReplace Behavior [ RunTime:0.001018s ]
INFO: Run TokenBuild Behavior [ RunTime:0.001231s ]
INFO: Run WriteHtmlCache Behavior [ RunTime:0.000675s ]
INFO: Run ShowRuntime Behavior [ RunTime:0.000841s ]
INFO: [ view_filter ] --END-- [ RunTime:0.004048s ]
INFO: [ view_end ] --START--
INFO: Run ShowPageTrace Behavior [ RunTime:0.001065s ]
INFO: [ view_end ] --END-- [ RunTime:0.001141s ]

[ 2015-10-26T19:31:35+08:00 ] 127.0.0.1 /jiuye/index.php/Invite/zhaopin
INFO: [ route_check ] --START--
INFO: Run CheckRoute Behavior [ RunTime:0.001022s ]
INFO: [ route_check ] --END-- [ RunTime:0.001131s ]
INFO: [ app_begin ] --START--
INFO: Run ReadHtmlCache Behavior [ RunTime:0.000830s ]
INFO: [ app_begin ] --END-- [ RunTime:0.000947s ]
SQL: SHOW COLUMNS FROM `w_invite` [ RunTime:0.001613s ]
NOTIC: [8] Undefined index:  iname D:\xampp\htdocs\Jiuye\Work\Lib\Action\InviteAction.class.php 第 11 行.
NOTIC: [8] Undefined index:  rname D:\xampp\htdocs\Jiuye\Work\Lib\Action\InviteAction.class.php 第 15 行.
NOTIC: [8] Undefined index:  num D:\xampp\htdocs\Jiuye\Work\Lib\Action\InviteAction.class.php 第 19 行.
NOTIC: [8] Undefined variable: where D:\xampp\htdocs\Jiuye\Work\Lib\Action\InviteAction.class.php 第 26 行.
SQL: SHOW COLUMNS FROM `w_invite` [ RunTime:0.001862s ]
SQL: SELECT COUNT(*) AS tp_count FROM `w_invite` LIMIT 1   [ RunTime:0.000617s ]
SQL: SELECT * FROM `w_invite` WHERE ( 1 ) LIMIT 0,3   [ RunTime:0.000366s ]
SQL: SELECT * FROM `w_invite` ORDER BY i_name desc  [ RunTime:0.000394s ]
SQL: SELECT * FROM `w_invite` GROUP BY i_reward  [ RunTime:0.000439s ]
SQL: SELECT * FROM `w_invite` GROUP BY i_num  [ RunTime:0.000367s ]
INFO: [ view_template ] --START--
INFO: Run LocationTemplate Behavior [ RunTime:0.001331s ]
INFO: [ view_template ] --END-- [ RunTime:0.001418s ]
INFO: [ view_parse ] --START--
INFO: Run ParseTemplate Behavior [ RunTime:0.016190s ]
INFO: [ view_parse ] --END-- [ RunTime:0.016277s ]
INFO: [ view_filter ] --START--
INFO: Run ContentReplace Behavior [ RunTime:0.000456s ]
INFO: Run TokenBuild Behavior [ RunTime:0.000309s ]
INFO: Run WriteHtmlCache Behavior [ RunTime:0.000197s ]
INFO: Run ShowRuntime Behavior [ RunTime:0.000435s ]
INFO: [ view_filter ] --END-- [ RunTime:0.001592s ]
INFO: [ view_end ] --START--
INFO: Run ShowPageTrace Behavior [ RunTime:0.000567s ]
INFO: [ view_end ] --END-- [ RunTime:0.000632s ]

[ 2015-10-26T19:32:11+08:00 ] 127.0.0.1 /jiuye/index.php/Invite/see/id/1
INFO: [ route_check ] --START--
INFO: Run CheckRoute Behavior [ RunTime:0.001025s ]
INFO: [ route_check ] --END-- [ RunTime:0.001186s ]
INFO: [ app_begin ] --START--
INFO: Run ReadHtmlCache Behavior [ RunTime:0.000920s ]
INFO: [ app_begin ] --END-- [ RunTime:0.001126s ]
NOTIC: [8] Undefined index:  sub D:\xampp\htdocs\Jiuye\Work\Lib\Action\InviteAction.class.php 第 40 行.
SQL: SHOW COLUMNS FROM `w_invite` [ RunTime:0.003896s ]
SQL: SELECT * FROM `w_invite` WHERE ( i_id=1 ) LIMIT 1   [ RunTime:0.001315s ]
INFO: [ view_template ] --START--
INFO: Run LocationTemplate Behavior [ RunTime:0.000954s ]
INFO: [ view_template ] --END-- [ RunTime:0.001021s ]
INFO: [ view_parse ] --START--
INFO: Run ParseTemplate Behavior [ RunTime:0.010753s ]
INFO: [ view_parse ] --END-- [ RunTime:0.010845s ]
INFO: [ view_filter ] --START--
INFO: Run ContentReplace Behavior [ RunTime:0.000351s ]
INFO: Run TokenBuild Behavior [ RunTime:0.000361s ]
INFO: Run WriteHtmlCache Behavior [ RunTime:0.000220s ]
INFO: Run ShowRuntime Behavior [ RunTime:0.000431s ]
INFO: [ view_filter ] --END-- [ RunTime:0.001536s ]
INFO: [ view_end ] --START--
INFO: Run ShowPageTrace Behavior [ RunTime:0.000606s ]
INFO: [ view_end ] --END-- [ RunTime:0.000672s ]

[ 2015-10-26T19:32:16+08:00 ] 127.0.0.1 /jiuye/index.php/Invite/see/id/1
INFO: [ route_check ] --START--
INFO: Run CheckRoute Behavior [ RunTime:0.001059s ]
INFO: [ route_check ] --END-- [ RunTime:0.001231s ]
INFO: [ app_begin ] --START--
INFO: Run ReadHtmlCache Behavior [ RunTime:0.001455s ]
INFO: [ app_begin ] --END-- [ RunTime:0.001687s ]
INFO: [ view_template ] --START--
INFO: Run LocationTemplate Behavior [ RunTime:0.000372s ]
INFO: [ view_template ] --END-- [ RunTime:0.000504s ]
INFO: [ view_parse ] --START--
INFO: Run ParseTemplate Behavior [ RunTime:0.008188s ]
INFO: [ view_parse ] --END-- [ RunTime:0.008304s ]
INFO: [ view_filter ] --START--
INFO: Run ContentReplace Behavior [ RunTime:0.000343s ]
INFO: Run TokenBuild Behavior [ RunTime:0.000341s ]
INFO: Run WriteHtmlCache Behavior [ RunTime:0.000229s ]
INFO: Run ShowRuntime Behavior [ RunTime:0.000417s ]
INFO: [ view_filter ] --END-- [ RunTime:0.001504s ]
INFO: [ view_end ] --START--
INFO: Run ShowPageTrace Behavior [ RunTime:0.000627s ]
INFO: [ view_end ] --END-- [ RunTime:0.000694s ]

[ 2015-10-26T19:32:17+08:00 ] 127.0.0.1 /jiuye/index.php/Invite/zhaopin
INFO: [ route_check ] --START--
INFO: Run CheckRoute Behavior [ RunTime:0.001505s ]
INFO: [ route_check ] --END-- [ RunTime:0.001675s ]
INFO: [ app_begin ] --START--
INFO: Run ReadHtmlCache Behavior [ RunTime:0.001143s ]
INFO: [ app_begin ] --END-- [ RunTime:0.001362s ]
SQL: SHOW COLUMNS FROM `w_invite` [ RunTime:0.001751s ]
NOTIC: [8] Undefined index:  iname D:\xampp\htdocs\Jiuye\Work\Lib\Action\InviteAction.class.php 第 11 行.
NOTIC: [8] Undefined index:  rname D:\xampp\htdocs\Jiuye\Work\Lib\Action\InviteAction.class.php 第 15 行.
NOTIC: [8] Undefined index:  num D:\xampp\htdocs\Jiuye\Work\Lib\Action\InviteAction.class.php 第 19 行.
NOTIC: [8] Undefined variable: where D:\xampp\htdocs\Jiuye\Work\Lib\Action\InviteAction.class.php 第 26 行.
SQL: SHOW COLUMNS FROM `w_invite` [ RunTime:0.001984s ]
SQL: SELECT COUNT(*) AS tp_count FROM `w_invite` LIMIT 1   [ RunTime:0.000389s ]
SQL: SELECT * FROM `w_invite` WHERE ( 1 ) LIMIT 0,3   [ RunTime:0.000478s ]
SQL: SELECT * FROM `w_invite` ORDER BY i_name desc  [ RunTime:0.000664s ]
SQL: SELECT * FROM `w_invite` GROUP BY i_reward  [ RunTime:0.000560s ]
SQL: SELECT * FROM `w_invite` GROUP BY i_num  [ RunTime:0.000604s ]
INFO: [ view_template ] --START--
INFO: Run LocationTemplate Behavior [ RunTime:0.002674s ]
INFO: [ view_template ] --END-- [ RunTime:0.003040s ]
INFO: [ view_parse ] --START--
INFO: Run ParseTemplate Behavior [ RunTime:0.014472s ]
INFO: [ view_parse ] --END-- [ RunTime:0.014567s ]
INFO: [ view_filter ] --START--
INFO: Run ContentReplace Behavior [ RunTime:0.000396s ]
INFO: Run TokenBuild Behavior [ RunTime:0.000334s ]
INFO: Run WriteHtmlCache Behavior [ RunTime:0.000215s ]
INFO: Run ShowRuntime Behavior [ RunTime:0.000427s ]
INFO: [ view_filter ] --END-- [ RunTime:0.001550s ]
INFO: [ view_end ] --START--
INFO: Run ShowPageTrace Behavior [ RunTime:0.000583s ]
INFO: [ view_end ] --END-- [ RunTime:0.000642s ]

[ 2015-10-26T19:43:42+08:00 ] 127.0.0.1 /jiuye/index.php/Invite/zhaopin
INFO: [ route_check ] --START--
INFO: Run CheckRoute Behavior [ RunTime:0.001327s ]
INFO: [ route_check ] --END-- [ RunTime:0.001437s ]
INFO: [ app_begin ] --START--
INFO: Run ReadHtmlCache Behavior [ RunTime:0.000966s ]
INFO: [ app_begin ] --END-- [ RunTime:0.001065s ]
SQL: SHOW COLUMNS FROM `w_invite` [ RunTime:0.003882s ]
NOTIC: [8] Undefined index:  iname D:\xampp\htdocs\Jiuye\Work\Lib\Action\InviteAction.class.php 第 11 行.
NOTIC: [8] Undefined index:  rname D:\xampp\htdocs\Jiuye\Work\Lib\Action\InviteAction.class.php 第 15 行.
NOTIC: [8] Undefined index:  num D:\xampp\htdocs\Jiuye\Work\Lib\Action\InviteAction.class.php 第 19 行.
NOTIC: [8] Undefined variable: where D:\xampp\htdocs\Jiuye\Work\Lib\Action\InviteAction.class.php 第 26 行.
SQL: SHOW COLUMNS FROM `w_invite` [ RunTime:0.001922s ]
SQL: SELECT COUNT(*) AS tp_count FROM `w_invite` LIMIT 1   [ RunTime:0.000285s ]
SQL: SELECT * FROM `w_invite` WHERE ( 1 ) LIMIT 0,3   [ RunTime:0.000259s ]
SQL: SELECT * FROM `w_invite` ORDER BY i_name desc  [ RunTime:0.000270s ]
SQL: SELECT * FROM `w_invite` GROUP BY i_reward  [ RunTime:0.000419s ]
SQL: SELECT * FROM `w_invite` GROUP BY i_num  [ RunTime:0.001668s ]
INFO: [ view_template ] --START--
INFO: Run LocationTemplate Behavior [ RunTime:0.001967s ]
INFO: [ view_template ] --END-- [ RunTime:0.002107s ]
INFO: [ view_parse ] --START--
INFO: Run ParseTemplate Behavior [ RunTime:0.018573s ]
INFO: [ view_parse ] --END-- [ RunTime:0.018677s ]
INFO: [ view_filter ] --START--
INFO: Run ContentReplace Behavior [ RunTime:0.001251s ]
INFO: Run TokenBuild Behavior [ RunTime:0.000757s ]
INFO: Run WriteHtmlCache Behavior [ RunTime:0.000604s ]
INFO: Run ShowRuntime Behavior [ RunTime:0.000798s ]
INFO: [ view_filter ] --END-- [ RunTime:0.003599s ]
INFO: [ view_end ] --START--
INFO: Run ShowPageTrace Behavior [ RunTime:0.000911s ]
INFO: [ view_end ] --END-- [ RunTime:0.000966s ]

[ 2015-10-26T20:05:48+08:00 ] 127.0.0.1 /jiuye/index.php/Invite/zhaopin/p/2
INFO: [ route_check ] --START--
INFO: Run CheckRoute Behavior [ RunTime:0.001083s ]
INFO: [ route_check ] --END-- [ RunTime:0.001173s ]
INFO: [ app_begin ] --START--
INFO: Run ReadHtmlCache Behavior [ RunTime:0.000814s ]
INFO: [ app_begin ] --END-- [ RunTime:0.000878s ]
SQL: SHOW COLUMNS FROM `w_invite` [ RunTime:0.001913s ]
NOTIC: [8] Undefined index:  iname D:\xampp\htdocs\Jiuye\Work\Lib\Action\InviteAction.class.php 第 11 行.
NOTIC: [8] Undefined index:  rname D:\xampp\htdocs\Jiuye\Work\Lib\Action\InviteAction.class.php 第 15 行.
NOTIC: [8] Undefined index:  num D:\xampp\htdocs\Jiuye\Work\Lib\Action\InviteAction.class.php 第 19 行.
NOTIC: [8] Undefined variable: where D:\xampp\htdocs\Jiuye\Work\Lib\Action\InviteAction.class.php 第 26 行.
SQL: SHOW COLUMNS FROM `w_invite` [ RunTime:0.001778s ]
SQL: SELECT COUNT(*) AS tp_count FROM `w_invite` LIMIT 1   [ RunTime:0.001264s ]
SQL: SELECT * FROM `w_invite` WHERE ( 1 ) LIMIT 3,3   [ RunTime:0.000430s ]
SQL: SELECT * FROM `w_invite` ORDER BY i_name desc  [ RunTime:0.000400s ]
SQL: SELECT * FROM `w_invite` GROUP BY i_reward  [ RunTime:0.000444s ]
SQL: SELECT * FROM `w_invite` GROUP BY i_num  [ RunTime:0.000405s ]
INFO: [ view_template ] --START--
INFO: Run LocationTemplate Behavior [ RunTime:0.001555s ]
INFO: [ view_template ] --END-- [ RunTime:0.001643s ]
INFO: [ view_parse ] --START--
INFO: Run ParseTemplate Behavior [ RunTime:0.013094s ]
INFO: [ view_parse ] --END-- [ RunTime:0.013207s ]
INFO: [ view_filter ] --START--
INFO: Run ContentReplace Behavior [ RunTime:0.000984s ]
INFO: Run TokenBuild Behavior [ RunTime:0.000638s ]
INFO: Run WriteHtmlCache Behavior [ RunTime:0.000686s ]
INFO: Run ShowRuntime Behavior [ RunTime:0.000739s ]
INFO: [ view_filter ] --END-- [ RunTime:0.003245s ]
INFO: [ view_end ] --START--
INFO: Run ShowPageTrace Behavior [ RunTime:0.000859s ]
INFO: [ view_end ] --END-- [ RunTime:0.000912s ]

[ 2015-10-26T20:05:49+08:00 ] 127.0.0.1 /jiuye/index.php/Invite/zhaopin/p/3
INFO: [ route_check ] --START--
INFO: Run CheckRoute Behavior [ RunTime:0.000728s ]
INFO: [ route_check ] --END-- [ RunTime:0.000801s ]
INFO: [ app_begin ] --START--
INFO: Run ReadHtmlCache Behavior [ RunTime:0.000456s ]
INFO: [ app_begin ] --END-- [ RunTime:0.000515s ]
SQL: SHOW COLUMNS FROM `w_invite` [ RunTime:0.001776s ]
NOTIC: [8] Undefined index:  iname D:\xampp\htdocs\Jiuye\Work\Lib\Action\InviteAction.class.php 第 11 行.
NOTIC: [8] Undefined index:  rname D:\xampp\htdocs\Jiuye\Work\Lib\Action\InviteAction.class.php 第 15 行.
NOTIC: [8] Undefined index:  num D:\xampp\htdocs\Jiuye\Work\Lib\Action\InviteAction.class.php 第 19 行.
NOTIC: [8] Undefined variable: where D:\xampp\htdocs\Jiuye\Work\Lib\Action\InviteAction.class.php 第 26 行.
SQL: SHOW COLUMNS FROM `w_invite` [ RunTime:0.001629s ]
SQL: SELECT COUNT(*) AS tp_count FROM `w_invite` LIMIT 1   [ RunTime:0.000313s ]
SQL: SELECT * FROM `w_invite` WHERE ( 1 ) LIMIT 6,3   [ RunTime:0.000284s ]
SQL: SELECT * FROM `w_invite` ORDER BY i_name desc  [ RunTime:0.000576s ]
SQL: SELECT * FROM `w_invite` GROUP BY i_reward  [ RunTime:0.000404s ]
SQL: SELECT * FROM `w_invite` GROUP BY i_num  [ RunTime:0.000354s ]
INFO: [ view_template ] --START--
INFO: Run LocationTemplate Behavior [ RunTime:0.000389s ]
INFO: [ view_template ] --END-- [ RunTime:0.000457s ]
INFO: [ view_parse ] --START--
INFO: Run ParseTemplate Behavior [ RunTime:0.012518s ]
INFO: [ view_parse ] --END-- [ RunTime:0.012622s ]
INFO: [ view_filter ] --START--
INFO: Run ContentReplace Behavior [ RunTime:0.001002s ]
INFO: Run TokenBuild Behavior [ RunTime:0.000362s ]
INFO: Run WriteHtmlCache Behavior [ RunTime:0.000226s ]
INFO: Run ShowRuntime Behavior [ RunTime:0.000375s ]
INFO: [ view_filter ] --END-- [ RunTime:0.002149s ]
INFO: [ view_end ] --START--
INFO: Run ShowPageTrace Behavior [ RunTime:0.000491s ]
INFO: [ view_end ] --END-- [ RunTime:0.000542s ]

[ 2015-10-26T20:05:51+08:00 ] 127.0.0.1 /jiuye/index.php/Invite/zhaopin/p/2
INFO: [ route_check ] --START--
INFO: Run CheckRoute Behavior [ RunTime:0.000823s ]
INFO: [ route_check ] --END-- [ RunTime:0.000899s ]
INFO: [ app_begin ] --START--
INFO: Run ReadHtmlCache Behavior [ RunTime:0.000573s ]
INFO: [ app_begin ] --END-- [ RunTime:0.000664s ]
SQL: SHOW COLUMNS FROM `w_invite` [ RunTime:0.001948s ]
NOTIC: [8] Undefined index:  iname D:\xampp\htdocs\Jiuye\Work\Lib\Action\InviteAction.class.php 第 11 行.
NOTIC: [8] Undefined index:  rname D:\xampp\htdocs\Jiuye\Work\Lib\Action\InviteAction.class.php 第 15 行.
NOTIC: [8] Undefined index:  num D:\xampp\htdocs\Jiuye\Work\Lib\Action\InviteAction.class.php 第 19 行.
NOTIC: [8] Undefined variable: where D:\xampp\htdocs\Jiuye\Work\Lib\Action\InviteAction.class.php 第 26 行.
SQL: SHOW COLUMNS FROM `w_invite` [ RunTime:0.005076s ]
SQL: SELECT COUNT(*) AS tp_count FROM `w_invite` LIMIT 1   [ RunTime:0.000341s ]
SQL: SELECT * FROM `w_invite` WHERE ( 1 ) LIMIT 3,3   [ RunTime:0.000432s ]
SQL: SELECT * FROM `w_invite` ORDER BY i_name desc  [ RunTime:0.000535s ]
SQL: SELECT * FROM `w_invite` GROUP BY i_reward  [ RunTime:0.000411s ]
SQL: SELECT * FROM `w_invite` GROUP BY i_num  [ RunTime:0.000388s ]
INFO: [ view_template ] --START--
INFO: Run LocationTemplate Behavior [ RunTime:0.000522s ]
INFO: [ view_template ] --END-- [ RunTime:0.000609s ]
INFO: [ view_parse ] --START--
INFO: Run ParseTemplate Behavior [ RunTime:0.020004s ]
INFO: [ view_parse ] --END-- [ RunTime:0.020113s ]
INFO: [ view_filter ] --START--
INFO: Run ContentReplace Behavior [ RunTime:0.002532s ]
INFO: Run TokenBuild Behavior [ RunTime:0.000370s ]
INFO: Run WriteHtmlCache Behavior [ RunTime:0.000217s ]
INFO: Run ShowRuntime Behavior [ RunTime:0.000418s ]
INFO: [ view_filter ] --END-- [ RunTime:0.003802s ]
INFO: [ view_end ] --START--
INFO: Run ShowPageTrace Behavior [ RunTime:0.000562s ]
INFO: [ view_end ] --END-- [ RunTime:0.000619s ]

[ 2015-10-26T20:05:52+08:00 ] 127.0.0.1 /jiuye/index.php/Invite/zhaopin/p/1
INFO: [ route_check ] --START--
INFO: Run CheckRoute Behavior [ RunTime:0.000829s ]
INFO: [ route_check ] --END-- [ RunTime:0.000918s ]
INFO: [ app_begin ] --START--
INFO: Run ReadHtmlCache Behavior [ RunTime:0.000511s ]
INFO: [ app_begin ] --END-- [ RunTime:0.000576s ]
SQL: SHOW COLUMNS FROM `w_invite` [ RunTime:0.002075s ]
NOTIC: [8] Undefined index:  iname D:\xampp\htdocs\Jiuye\Work\Lib\Action\InviteAction.class.php 第 11 行.
NOTIC: [8] Undefined index:  rname D:\xampp\htdocs\Jiuye\Work\Lib\Action\InviteAction.class.php 第 15 行.
NOTIC: [8] Undefined index:  num D:\xampp\htdocs\Jiuye\Work\Lib\Action\InviteAction.class.php 第 19 行.
NOTIC: [8] Undefined variable: where D:\xampp\htdocs\Jiuye\Work\Lib\Action\InviteAction.class.php 第 26 行.
SQL: SHOW COLUMNS FROM `w_invite` [ RunTime:0.001769s ]
SQL: SELECT COUNT(*) AS tp_count FROM `w_invite` LIMIT 1   [ RunTime:0.000362s ]
SQL: SELECT * FROM `w_invite` WHERE ( 1 ) LIMIT 0,3   [ RunTime:0.000421s ]
SQL: SELECT * FROM `w_invite` ORDER BY i_name desc  [ RunTime:0.002139s ]
SQL: SELECT * FROM `w_invite` GROUP BY i_reward  [ RunTime:0.000675s ]
SQL: SELECT * FROM `w_invite` GROUP BY i_num  [ RunTime:0.000381s ]
INFO: [ view_template ] --START--
INFO: Run LocationTemplate Behavior [ RunTime:0.000548s ]
INFO: [ view_template ] --END-- [ RunTime:0.000641s ]
INFO: [ view_parse ] --START--
INFO: Run ParseTemplate Behavior [ RunTime:0.013674s ]
INFO: [ view_parse ] --END-- [ RunTime:0.013763s ]
INFO: [ view_filter ] --START--
INFO: Run ContentReplace Behavior [ RunTime:0.000837s ]
INFO: Run TokenBuild Behavior [ RunTime:0.000293s ]
INFO: Run WriteHtmlCache Behavior [ RunTime:0.000194s ]
INFO: Run ShowRuntime Behavior [ RunTime:0.000367s ]
INFO: [ view_filter ] --END-- [ RunTime:0.001839s ]
INFO: [ view_end ] --START--
INFO: Run ShowPageTrace Behavior [ RunTime:0.000499s ]
INFO: [ view_end ] --END-- [ RunTime:0.000550s ]

[ 2015-10-26T20:05:55+08:00 ] 127.0.0.1 /jiuye/index.php/Invite/see/id/1
INFO: [ route_check ] --START--
INFO: Run CheckRoute Behavior [ RunTime:0.000867s ]
INFO: [ route_check ] --END-- [ RunTime:0.000956s ]
INFO: [ app_begin ] --START--
INFO: Run ReadHtmlCache Behavior [ RunTime:0.000510s ]
INFO: [ app_begin ] --END-- [ RunTime:0.000575s ]
NOTIC: [8] Undefined index:  sub D:\xampp\htdocs\Jiuye\Work\Lib\Action\InviteAction.class.php 第 40 行.
SQL: SHOW COLUMNS FROM `w_invite` [ RunTime:0.001932s ]
SQL: SELECT * FROM `w_invite` WHERE ( i_id=1 ) LIMIT 1   [ RunTime:0.000416s ]
INFO: [ view_template ] --START--
INFO: Run LocationTemplate Behavior [ RunTime:0.000991s ]
INFO: [ view_template ] --END-- [ RunTime:0.001067s ]
INFO: [ view_parse ] --START--
INFO: Run ParseTemplate Behavior [ RunTime:0.009953s ]
INFO: [ view_parse ] --END-- [ RunTime:0.010039s ]
INFO: [ view_filter ] --START--
INFO: Run ContentReplace Behavior [ RunTime:0.000793s ]
INFO: Run TokenBuild Behavior [ RunTime:0.000297s ]
INFO: Run WriteHtmlCache Behavior [ RunTime:0.000214s ]
INFO: Run ShowRuntime Behavior [ RunTime:0.000390s ]
INFO: [ view_filter ] --END-- [ RunTime:0.001857s ]
INFO: [ view_end ] --START--
INFO: Run ShowPageTrace Behavior [ RunTime:0.000500s ]
INFO: [ view_end ] --END-- [ RunTime:0.000552s ]

[ 2015-10-26T20:05:57+08:00 ] 127.0.0.1 /jiuye/index.php/Invite/see/id/1
INFO: [ route_check ] --START--
INFO: Run CheckRoute Behavior [ RunTime:0.000729s ]
INFO: [ route_check ] --END-- [ RunTime:0.000803s ]
INFO: [ app_begin ] --START--
INFO: Run ReadHtmlCache Behavior [ RunTime:0.000454s ]
INFO: [ app_begin ] --END-- [ RunTime:0.000512s ]
INFO: [ view_template ] --START--
INFO: Run LocationTemplate Behavior [ RunTime:0.000711s ]
INFO: [ view_template ] --END-- [ RunTime:0.000773s ]
INFO: [ view_parse ] --START--
INFO: Run ParseTemplate Behavior [ RunTime:0.007822s ]
INFO: [ view_parse ] --END-- [ RunTime:0.007914s ]
INFO: [ view_filter ] --START--
INFO: Run ContentReplace Behavior [ RunTime:0.000980s ]
INFO: Run TokenBuild Behavior [ RunTime:0.000344s ]
INFO: Run WriteHtmlCache Behavior [ RunTime:0.000224s ]
INFO: Run ShowRuntime Behavior [ RunTime:0.000417s ]
INFO: [ view_filter ] --END-- [ RunTime:0.002161s ]
INFO: [ view_end ] --START--
INFO: Run ShowPageTrace Behavior [ RunTime:0.000672s ]
INFO: [ view_end ] --END-- [ RunTime:0.000763s ]

[ 2015-10-26T20:05:58+08:00 ] 127.0.0.1 /jiuye/index.php/Invite/zhaopin
INFO: [ route_check ] --START--
INFO: Run CheckRoute Behavior [ RunTime:0.000738s ]
INFO: [ route_check ] --END-- [ RunTime:0.000818s ]
INFO: [ app_begin ] --START--
INFO: Run ReadHtmlCache Behavior [ RunTime:0.000456s ]
INFO: [ app_begin ] --END-- [ RunTime:0.000513s ]
SQL: SHOW COLUMNS FROM `w_invite` [ RunTime:0.001612s ]
NOTIC: [8] Undefined index:  iname D:\xampp\htdocs\Jiuye\Work\Lib\Action\InviteAction.class.php 第 11 行.
NOTIC: [8] Undefined index:  rname D:\xampp\htdocs\Jiuye\Work\Lib\Action\InviteAction.class.php 第 15 行.
NOTIC: [8] Undefined index:  num D:\xampp\htdocs\Jiuye\Work\Lib\Action\InviteAction.class.php 第 19 行.
NOTIC: [8] Undefined variable: where D:\xampp\htdocs\Jiuye\Work\Lib\Action\InviteAction.class.php 第 26 行.
SQL: SHOW COLUMNS FROM `w_invite` [ RunTime:0.002240s ]
SQL: SELECT COUNT(*) AS tp_count FROM `w_invite` LIMIT 1   [ RunTime:0.000499s ]
SQL: SELECT * FROM `w_invite` WHERE ( 1 ) LIMIT 0,3   [ RunTime:0.001959s ]
SQL: SELECT * FROM `w_invite` ORDER BY i_name desc  [ RunTime:0.000800s ]
SQL: SELECT * FROM `w_invite` GROUP BY i_reward  [ RunTime:0.000561s ]
SQL: SELECT * FROM `w_invite` GROUP BY i_num  [ RunTime:0.000407s ]
INFO: [ view_template ] --START--
INFO: Run LocationTemplate Behavior [ RunTime:0.000459s ]
INFO: [ view_template ] --END-- [ RunTime:0.000536s ]
INFO: [ view_parse ] --START--
INFO: Run ParseTemplate Behavior [ RunTime:0.012993s ]
INFO: [ view_parse ] --END-- [ RunTime:0.013102s ]
INFO: [ view_filter ] --START--
INFO: Run ContentReplace Behavior [ RunTime:0.000866s ]
INFO: Run TokenBuild Behavior [ RunTime:0.000354s ]
INFO: Run WriteHtmlCache Behavior [ RunTime:0.000220s ]
INFO: Run ShowRuntime Behavior [ RunTime:0.000370s ]
INFO: [ view_filter ] --END-- [ RunTime:0.001986s ]
INFO: [ view_end ] --START--
INFO: Run ShowPageTrace Behavior [ RunTime:0.000500s ]
INFO: [ view_end ] --END-- [ RunTime:0.000550s ]

[ 2015-10-26T20:05:59+08:00 ] 127.0.0.1 /jiuye/index.php/Invite/see/id/3
INFO: [ route_check ] --START--
INFO: Run CheckRoute Behavior [ RunTime:0.000761s ]
INFO: [ route_check ] --END-- [ RunTime:0.000834s ]
INFO: [ app_begin ] --START--
INFO: Run ReadHtmlCache Behavior [ RunTime:0.000454s ]
INFO: [ app_begin ] --END-- [ RunTime:0.000512s ]
NOTIC: [8] Undefined index:  sub D:\xampp\htdocs\Jiuye\Work\Lib\Action\InviteAction.class.php 第 40 行.
SQL: SHOW COLUMNS FROM `w_invite` [ RunTime:0.001776s ]
SQL: SELECT * FROM `w_invite` WHERE ( i_id=3 ) LIMIT 1   [ RunTime:0.001264s ]
INFO: [ view_template ] --START--
INFO: Run LocationTemplate Behavior [ RunTime:0.001761s ]
INFO: [ view_template ] --END-- [ RunTime:0.001871s ]
INFO: [ view_parse ] --START--
INFO: Run ParseTemplate Behavior [ RunTime:0.011115s ]
INFO: [ view_parse ] --END-- [ RunTime:0.011219s ]
INFO: [ view_filter ] --START--
INFO: Run ContentReplace Behavior [ RunTime:0.000931s ]
INFO: Run TokenBuild Behavior [ RunTime:0.000656s ]
INFO: Run WriteHtmlCache Behavior [ RunTime:0.000523s ]
INFO: Run ShowRuntime Behavior [ RunTime:0.000900s ]
INFO: [ view_filter ] --END-- [ RunTime:0.003354s ]
INFO: [ view_end ] --START--
INFO: Run ShowPageTrace Behavior [ RunTime:0.001137s ]
INFO: [ view_end ] --END-- [ RunTime:0.001241s ]

[ 2015-10-26T20:06:03+08:00 ] 127.0.0.1 /jiuye/index.php/Invite/zhaopin
INFO: [ route_check ] --START--
INFO: Run CheckRoute Behavior [ RunTime:0.001201s ]
INFO: [ route_check ] --END-- [ RunTime:0.001328s ]
INFO: [ app_begin ] --START--
INFO: Run ReadHtmlCache Behavior [ RunTime:0.000701s ]
INFO: [ app_begin ] --END-- [ RunTime:0.000796s ]
SQL: SHOW COLUMNS FROM `w_invite` [ RunTime:0.002145s ]
NOTIC: [8] Undefined index:  iname D:\xampp\htdocs\Jiuye\Work\Lib\Action\InviteAction.class.php 第 11 行.
NOTIC: [8] Undefined index:  rname D:\xampp\htdocs\Jiuye\Work\Lib\Action\InviteAction.class.php 第 15 行.
NOTIC: [8] Undefined index:  num D:\xampp\htdocs\Jiuye\Work\Lib\Action\InviteAction.class.php 第 19 行.
NOTIC: [8] Undefined variable: where D:\xampp\htdocs\Jiuye\Work\Lib\Action\InviteAction.class.php 第 26 行.
SQL: SHOW COLUMNS FROM `w_invite` [ RunTime:0.001864s ]
SQL: SELECT COUNT(*) AS tp_count FROM `w_invite` LIMIT 1   [ RunTime:0.000243s ]
SQL: SELECT * FROM `w_invite` WHERE ( 1 ) LIMIT 0,3   [ RunTime:0.000261s ]
SQL: SELECT * FROM `w_invite` ORDER BY i_name desc  [ RunTime:0.000295s ]
SQL: SELECT * FROM `w_invite` GROUP BY i_reward  [ RunTime:0.000367s ]
SQL: SELECT * FROM `w_invite` GROUP BY i_num  [ RunTime:0.000402s ]
INFO: [ view_template ] --START--
INFO: Run LocationTemplate Behavior [ RunTime:0.000525s ]
INFO: [ view_template ] --END-- [ RunTime:0.000617s ]
INFO: [ view_parse ] --START--
INFO: Run ParseTemplate Behavior [ RunTime:0.011550s ]
INFO: [ view_parse ] --END-- [ RunTime:0.011633s ]
INFO: [ view_filter ] --START--
INFO: Run ContentReplace Behavior [ RunTime:0.000850s ]
INFO: Run TokenBuild Behavior [ RunTime:0.000293s ]
INFO: Run WriteHtmlCache Behavior [ RunTime:0.000192s ]
INFO: Run ShowRuntime Behavior [ RunTime:0.000361s ]
INFO: [ view_filter ] --END-- [ RunTime:0.001846s ]
INFO: [ view_end ] --START--
INFO: Run ShowPageTrace Behavior [ RunTime:0.000492s ]
INFO: [ view_end ] --END-- [ RunTime:0.000542s ]

