[ 2015-10-23T08:32:04+08:00 ] 127.0.0.1 /jiuye/index.php/Index/login
INFO: [ route_check ] --START--
INFO: Run CheckRoute Behavior [ RunTime:0.001886s ]
INFO: [ route_check ] --END-- [ RunTime:0.002110s ]
INFO: [ app_begin ] --START--
INFO: Run ReadHtmlCache Behavior [ RunTime:0.001291s ]
INFO: [ app_begin ] --END-- [ RunTime:0.001382s ]
INFO: [ view_template ] --START--
INFO: Run LocationTemplate Behavior [ RunTime:0.005717s ]
INFO: [ view_template ] --END-- [ RunTime:0.005985s ]
INFO: [ view_parse ] --START--
INFO: Run ParseTemplate Behavior [ RunTime:0.040284s ]
INFO: [ view_parse ] --END-- [ RunTime:0.040445s ]
INFO: [ view_filter ] --START--
INFO: Run ContentReplace Behavior [ RunTime:0.001579s ]
INFO: Run TokenBuild Behavior [ RunTime:0.001792s ]
INFO: Run WriteHtmlCache Behavior [ RunTime:0.002251s ]
INFO: Run ShowRuntime Behavior [ RunTime:0.001725s ]
INFO: [ view_filter ] --END-- [ RunTime:0.007680s ]
INFO: [ view_end ] --START--
INFO: Run ShowPageTrace Behavior [ RunTime:0.001941s ]
INFO: [ view_end ] --END-- [ RunTime:0.002032s ]

[ 2015-10-23T08:32:15+08:00 ] 127.0.0.1 /jiuye/index.php/Index/login
INFO: [ route_check ] --START--
INFO: Run CheckRoute Behavior [ RunTime:0.001751s ]
INFO: [ route_check ] --END-- [ RunTime:0.001904s ]
INFO: [ app_begin ] --START--
INFO: Run ReadHtmlCache Behavior [ RunTime:0.001250s ]
INFO: [ app_begin ] --END-- [ RunTime:0.001367s ]
SQL: SHOW COLUMNS FROM `w_manage` [ RunTime:0.002133s ]
SQL: SELECT * FROM `w_manage` WHERE ( m_name='g18953827837' && m_pwd=123 )  [ RunTime:0.000564s ]
INFO: [ view_template ] --START--
INFO: Run LocationTemplate Behavior [ RunTime:0.003015s ]
INFO: [ view_template ] --END-- [ RunTime:0.003218s ]
INFO: [ view_parse ] --START--
INFO: Run ParseTemplate Behavior [ RunTime:0.011121s ]
INFO: [ view_parse ] --END-- [ RunTime:0.011234s ]
INFO: [ view_filter ] --START--
INFO: Run ContentReplace Behavior [ RunTime:0.001045s ]
INFO: Run TokenBuild Behavior [ RunTime:0.001049s ]
INFO: Run WriteHtmlCache Behavior [ RunTime:0.000974s ]
INFO: Run ShowRuntime Behavior [ RunTime:0.001134s ]
INFO: [ view_filter ] --END-- [ RunTime:0.004391s ]
INFO: [ view_end ] --START--
INFO: Run ShowPageTrace Behavior [ RunTime:0.001289s ]
INFO: [ view_end ] --END-- [ RunTime:0.001358s ]

[ 2015-10-23T08:32:16+08:00 ] 127.0.0.1 /jiuye/index.php/Index/shouye
INFO: [ route_check ] --START--
INFO: Run CheckRoute Behavior [ RunTime:0.001639s ]
INFO: [ route_check ] --END-- [ RunTime:0.001747s ]
INFO: [ app_begin ] --START--
INFO: Run ReadHtmlCache Behavior [ RunTime:0.001238s ]
INFO: [ app_begin ] --END-- [ RunTime:0.001323s ]
INFO: [ view_template ] --START--
INFO: Run LocationTemplate Behavior [ RunTime:0.002312s ]
INFO: [ view_template ] --END-- [ RunTime:0.002608s ]
INFO: [ view_parse ] --START--
INFO: Run ParseTemplate Behavior [ RunTime:0.014213s ]
INFO: [ view_parse ] --END-- [ RunTime:0.014509s ]
INFO: [ view_filter ] --START--
INFO: Run ContentReplace Behavior [ RunTime:0.001087s ]
INFO: Run TokenBuild Behavior [ RunTime:0.000981s ]
INFO: Run WriteHtmlCache Behavior [ RunTime:0.000854s ]
INFO: Run ShowRuntime Behavior [ RunTime:0.001146s ]
INFO: [ view_filter ] --END-- [ RunTime:0.004268s ]
INFO: [ view_end ] --START--
INFO: Run ShowPageTrace Behavior [ RunTime:0.001389s ]
INFO: [ view_end ] --END-- [ RunTime:0.001469s ]

[ 2015-10-23T08:32:16+08:00 ] 127.0.0.1 /jiuye/index.php/Index/left.html
INFO: [ route_check ] --START--
INFO: Run CheckRoute Behavior [ RunTime:0.002544s ]
INFO: [ route_check ] --END-- [ RunTime:0.002674s ]
INFO: [ app_begin ] --START--
INFO: Run ReadHtmlCache Behavior [ RunTime:0.001792s ]
INFO: [ app_begin ] --END-- [ RunTime:0.002075s ]
INFO: [ view_template ] --START--
INFO: Run LocationTemplate Behavior [ RunTime:0.001768s ]
INFO: [ view_template ] --END-- [ RunTime:0.001856s ]
INFO: [ view_parse ] --START--
INFO: Run ParseTemplate Behavior [ RunTime:0.015228s ]
INFO: [ view_parse ] --END-- [ RunTime:0.015326s ]
INFO: [ view_filter ] --START--
INFO: Run ContentReplace Behavior [ RunTime:0.001069s ]
INFO: Run TokenBuild Behavior [ RunTime:0.001042s ]
INFO: Run WriteHtmlCache Behavior [ RunTime:0.000937s ]
INFO: Run ShowRuntime Behavior [ RunTime:0.001146s ]
INFO: [ view_filter ] --END-- [ RunTime:0.004377s ]
INFO: [ view_end ] --START--
INFO: Run ShowPageTrace Behavior [ RunTime:0.001328s ]
INFO: [ view_end ] --END-- [ RunTime:0.001396s ]

[ 2015-10-23T08:32:16+08:00 ] 127.0.0.1 /jiuye/index.php/Index/top.html
INFO: [ route_check ] --START--
INFO: Run CheckRoute Behavior [ RunTime:0.002605s ]
INFO: [ route_check ] --END-- [ RunTime:0.002761s ]
INFO: [ app_begin ] --START--
INFO: Run ReadHtmlCache Behavior [ RunTime:0.003919s ]
INFO: [ app_begin ] --END-- [ RunTime:0.004336s ]
INFO: [ view_template ] --START--
INFO: Run LocationTemplate Behavior [ RunTime:0.002741s ]
INFO: [ view_template ] --END-- [ RunTime:0.002936s ]
INFO: [ view_parse ] --START--
INFO: Run ParseTemplate Behavior [ RunTime:0.023377s ]
INFO: [ view_parse ] --END-- [ RunTime:0.023532s ]
INFO: [ view_filter ] --START--
INFO: Run ContentReplace Behavior [ RunTime:0.004075s ]
INFO: Run TokenBuild Behavior [ RunTime:0.001144s ]
INFO: Run WriteHtmlCache Behavior [ RunTime:0.001020s ]
INFO: Run ShowRuntime Behavior [ RunTime:0.001192s ]
INFO: [ view_filter ] --END-- [ RunTime:0.007696s ]
INFO: [ view_end ] --START--
INFO: Run ShowPageTrace Behavior [ RunTime:0.001472s ]
INFO: [ view_end ] --END-- [ RunTime:0.001545s ]

[ 2015-10-23T08:32:16+08:00 ] 127.0.0.1 /jiuye/index.php/Index/index.html
INFO: [ route_check ] --START--
INFO: Run CheckRoute Behavior [ RunTime:0.003288s ]
INFO: [ route_check ] --END-- [ RunTime:0.003523s ]
INFO: [ app_begin ] --START--
INFO: Run ReadHtmlCache Behavior [ RunTime:0.001346s ]
INFO: [ app_begin ] --END-- [ RunTime:0.001424s ]
INFO: [ view_template ] --START--
INFO: Run LocationTemplate Behavior [ RunTime:0.002780s ]
INFO: [ view_template ] --END-- [ RunTime:0.002909s ]
INFO: [ view_parse ] --START--
INFO: Run ParseTemplate Behavior [ RunTime:0.023621s ]
INFO: [ view_parse ] --END-- [ RunTime:0.024221s ]
INFO: [ view_filter ] --START--
INFO: Run ContentReplace Behavior [ RunTime:0.001489s ]
INFO: Run TokenBuild Behavior [ RunTime:0.001344s ]
INFO: Run WriteHtmlCache Behavior [ RunTime:0.001611s ]
INFO: Run ShowRuntime Behavior [ RunTime:0.001273s ]
INFO: [ view_filter ] --END-- [ RunTime:0.006045s ]
INFO: [ view_end ] --START--
INFO: Run ShowPageTrace Behavior [ RunTime:0.001494s ]
INFO: [ view_end ] --END-- [ RunTime:0.001696s ]

[ 2015-10-23T08:32:22+08:00 ] 127.0.0.1 /jiuye/index.php/Serve/jiuye
INFO: [ route_check ] --START--
INFO: Run CheckRoute Behavior [ RunTime:0.004025s ]
INFO: [ route_check ] --END-- [ RunTime:0.004375s ]
INFO: [ app_begin ] --START--
INFO: Run ReadHtmlCache Behavior [ RunTime:0.001122s ]
INFO: [ app_begin ] --END-- [ RunTime:0.001274s ]
SQL: SHOW COLUMNS FROM `w_serve` [ RunTime:0.001848s ]
NOTIC: [8] Undefined index:  sname D:\xampp\htdocs\Jiuye\Work\Lib\Action\ServeAction.class.php 第 19 行.
NOTIC: [8] Undefined index:  city D:\xampp\htdocs\Jiuye\Work\Lib\Action\ServeAction.class.php 第 23 行.
NOTIC: [8] Undefined index:  company D:\xampp\htdocs\Jiuye\Work\Lib\Action\ServeAction.class.php 第 27 行.
NOTIC: [8] Undefined variable: where D:\xampp\htdocs\Jiuye\Work\Lib\Action\ServeAction.class.php 第 34 行.
SQL: SHOW COLUMNS FROM `w_serve` [ RunTime:0.001698s ]
SQL: SELECT COUNT(*) AS tp_count FROM `w_serve` LIMIT 1   [ RunTime:0.000441s ]
SQL: SELECT * FROM `w_serve` WHERE ( 1 ) LIMIT 0,3   [ RunTime:0.001508s ]
SQL: SELECT * FROM `w_serve` GROUP BY s_city ORDER BY s_city desc  [ RunTime:0.000824s ]
SQL: SELECT * FROM `w_serve` GROUP BY s_company ORDER BY s_company desc  [ RunTime:0.000400s ]
INFO: [ view_template ] --START--
INFO: Run LocationTemplate Behavior [ RunTime:0.019224s ]
INFO: [ view_template ] --END-- [ RunTime:0.019336s ]
INFO: [ view_parse ] --START--
INFO: Run ParseTemplate Behavior [ RunTime:0.035994s ]
INFO: [ view_parse ] --END-- [ RunTime:0.036137s ]
INFO: [ view_filter ] --START--
INFO: Run ContentReplace Behavior [ RunTime:0.001116s ]
INFO: Run TokenBuild Behavior [ RunTime:0.001114s ]
INFO: Run WriteHtmlCache Behavior [ RunTime:0.001524s ]
INFO: Run ShowRuntime Behavior [ RunTime:0.001716s ]
INFO: [ view_filter ] --END-- [ RunTime:0.005718s ]
INFO: [ view_end ] --START--
INFO: Run ShowPageTrace Behavior [ RunTime:0.001971s ]
INFO: [ view_end ] --END-- [ RunTime:0.002099s ]

[ 2015-10-23T08:32:25+08:00 ] 127.0.0.1 /jiuye/index.php/Serve/add
INFO: [ route_check ] --START--
INFO: Run CheckRoute Behavior [ RunTime:0.002415s ]
INFO: [ route_check ] --END-- [ RunTime:0.002635s ]
INFO: [ app_begin ] --START--
INFO: Run ReadHtmlCache Behavior [ RunTime:0.000895s ]
INFO: [ app_begin ] --END-- [ RunTime:0.000994s ]
INFO: [ view_template ] --START--
INFO: Run LocationTemplate Behavior [ RunTime:0.101941s ]
INFO: [ view_template ] --END-- [ RunTime:0.102179s ]
INFO: [ view_parse ] --START--
INFO: Run ParseTemplate Behavior [ RunTime:0.061937s ]
INFO: [ view_parse ] --END-- [ RunTime:0.062147s ]
INFO: [ view_filter ] --START--
INFO: Run ContentReplace Behavior [ RunTime:0.001314s ]
INFO: Run TokenBuild Behavior [ RunTime:0.000807s ]
INFO: Run WriteHtmlCache Behavior [ RunTime:0.001039s ]
INFO: Run ShowRuntime Behavior [ RunTime:0.000982s ]
INFO: [ view_filter ] --END-- [ RunTime:0.004470s ]
INFO: [ view_end ] --START--
INFO: Run ShowPageTrace Behavior [ RunTime:0.000996s ]
INFO: [ view_end ] --END-- [ RunTime:0.001076s ]

[ 2015-10-23T08:32:28+08:00 ] 127.0.0.1 /jiuye/index.php/Serve/jiuye
INFO: [ route_check ] --START--
INFO: Run CheckRoute Behavior [ RunTime:0.000982s ]
INFO: [ route_check ] --END-- [ RunTime:0.001096s ]
INFO: [ app_begin ] --START--
INFO: Run ReadHtmlCache Behavior [ RunTime:0.000571s ]
INFO: [ app_begin ] --END-- [ RunTime:0.000662s ]
SQL: SHOW COLUMNS FROM `w_serve` [ RunTime:0.003630s ]
NOTIC: [8] Undefined index:  sname D:\xampp\htdocs\Jiuye\Work\Lib\Action\ServeAction.class.php 第 19 行.
NOTIC: [8] Undefined index:  city D:\xampp\htdocs\Jiuye\Work\Lib\Action\ServeAction.class.php 第 23 行.
NOTIC: [8] Undefined index:  company D:\xampp\htdocs\Jiuye\Work\Lib\Action\ServeAction.class.php 第 27 行.
NOTIC: [8] Undefined variable: where D:\xampp\htdocs\Jiuye\Work\Lib\Action\ServeAction.class.php 第 34 行.
SQL: SHOW COLUMNS FROM `w_serve` [ RunTime:0.001982s ]
SQL: SELECT COUNT(*) AS tp_count FROM `w_serve` LIMIT 1   [ RunTime:0.001905s ]
SQL: SELECT * FROM `w_serve` WHERE ( 1 ) LIMIT 0,3   [ RunTime:0.002158s ]
SQL: SELECT * FROM `w_serve` GROUP BY s_city ORDER BY s_city desc  [ RunTime:0.001257s ]
SQL: SELECT * FROM `w_serve` GROUP BY s_company ORDER BY s_company desc  [ RunTime:0.001513s ]
INFO: [ view_template ] --START--
INFO: Run LocationTemplate Behavior [ RunTime:0.001140s ]
INFO: [ view_template ] --END-- [ RunTime:0.001253s ]
INFO: [ view_parse ] --START--
INFO: Run ParseTemplate Behavior [ RunTime:0.013518s ]
INFO: [ view_parse ] --END-- [ RunTime:0.013665s ]
INFO: [ view_filter ] --START--
INFO: Run ContentReplace Behavior [ RunTime:0.000337s ]
INFO: Run TokenBuild Behavior [ RunTime:0.000382s ]
INFO: Run WriteHtmlCache Behavior [ RunTime:0.000243s ]
INFO: Run ShowRuntime Behavior [ RunTime:0.000377s ]
INFO: [ view_filter ] --END-- [ RunTime:0.001496s ]
INFO: [ view_end ] --START--
INFO: Run ShowPageTrace Behavior [ RunTime:0.000561s ]
INFO: [ view_end ] --END-- [ RunTime:0.000654s ]

[ 2015-10-23T09:26:54+08:00 ] 127.0.0.1 /jiuye/index.php/Serve/jiuye/p/2
INFO: [ route_check ] --START--
INFO: Run CheckRoute Behavior [ RunTime:0.001640s ]
INFO: [ route_check ] --END-- [ RunTime:0.001738s ]
INFO: [ app_begin ] --START--
INFO: Run ReadHtmlCache Behavior [ RunTime:0.001243s ]
INFO: [ app_begin ] --END-- [ RunTime:0.001328s ]
SQL: SHOW COLUMNS FROM `w_serve` [ RunTime:0.002384s ]
NOTIC: [8] Undefined index:  sname D:\xampp\htdocs\Jiuye\Work\Lib\Action\ServeAction.class.php 第 19 行.
NOTIC: [8] Undefined index:  city D:\xampp\htdocs\Jiuye\Work\Lib\Action\ServeAction.class.php 第 23 行.
NOTIC: [8] Undefined index:  company D:\xampp\htdocs\Jiuye\Work\Lib\Action\ServeAction.class.php 第 27 行.
NOTIC: [8] Undefined variable: where D:\xampp\htdocs\Jiuye\Work\Lib\Action\ServeAction.class.php 第 34 行.
SQL: SHOW COLUMNS FROM `w_serve` [ RunTime:0.001700s ]
SQL: SELECT COUNT(*) AS tp_count FROM `w_serve` LIMIT 1   [ RunTime:0.000410s ]
SQL: SELECT * FROM `w_serve` WHERE ( 1 ) LIMIT 3,3   [ RunTime:0.000350s ]
SQL: SELECT * FROM `w_serve` GROUP BY s_city ORDER BY s_city desc  [ RunTime:0.000534s ]
SQL: SELECT * FROM `w_serve` GROUP BY s_company ORDER BY s_company desc  [ RunTime:0.000707s ]
INFO: [ view_template ] --START--
INFO: Run LocationTemplate Behavior [ RunTime:0.001866s ]
INFO: [ view_template ] --END-- [ RunTime:0.001970s ]
INFO: [ view_parse ] --START--
INFO: Run ParseTemplate Behavior [ RunTime:0.018663s ]
INFO: [ view_parse ] --END-- [ RunTime:0.018761s ]
INFO: [ view_filter ] --START--
INFO: Run ContentReplace Behavior [ RunTime:0.001741s ]
INFO: Run TokenBuild Behavior [ RunTime:0.001512s ]
INFO: Run WriteHtmlCache Behavior [ RunTime:0.000862s ]
INFO: Run ShowRuntime Behavior [ RunTime:0.001087s ]
INFO: [ view_filter ] --END-- [ RunTime:0.005460s ]
INFO: [ view_end ] --START--
INFO: Run ShowPageTrace Behavior [ RunTime:0.001216s ]
INFO: [ view_end ] --END-- [ RunTime:0.001274s ]

[ 2015-10-23T09:26:56+08:00 ] 127.0.0.1 /jiuye/index.php/Serve/jiuye/p/1
INFO: [ route_check ] --START--
INFO: Run CheckRoute Behavior [ RunTime:0.002707s ]
INFO: [ route_check ] --END-- [ RunTime:0.002853s ]
INFO: [ app_begin ] --START--
INFO: Run ReadHtmlCache Behavior [ RunTime:0.001686s ]
INFO: [ app_begin ] --END-- [ RunTime:0.001888s ]
SQL: SHOW COLUMNS FROM `w_serve` [ RunTime:0.001707s ]
NOTIC: [8] Undefined index:  sname D:\xampp\htdocs\Jiuye\Work\Lib\Action\ServeAction.class.php 第 19 行.
NOTIC: [8] Undefined index:  city D:\xampp\htdocs\Jiuye\Work\Lib\Action\ServeAction.class.php 第 23 行.
NOTIC: [8] Undefined index:  company D:\xampp\htdocs\Jiuye\Work\Lib\Action\ServeAction.class.php 第 27 行.
NOTIC: [8] Undefined variable: where D:\xampp\htdocs\Jiuye\Work\Lib\Action\ServeAction.class.php 第 34 行.
SQL: SHOW COLUMNS FROM `w_serve` [ RunTime:0.002837s ]
SQL: SELECT COUNT(*) AS tp_count FROM `w_serve` LIMIT 1   [ RunTime:0.000571s ]
SQL: SELECT * FROM `w_serve` WHERE ( 1 ) LIMIT 0,3   [ RunTime:0.000355s ]
SQL: SELECT * FROM `w_serve` GROUP BY s_city ORDER BY s_city desc  [ RunTime:0.000539s ]
SQL: SELECT * FROM `w_serve` GROUP BY s_company ORDER BY s_company desc  [ RunTime:0.000693s ]
INFO: [ view_template ] --START--
INFO: Run LocationTemplate Behavior [ RunTime:0.002062s ]
INFO: [ view_template ] --END-- [ RunTime:0.002146s ]
INFO: [ view_parse ] --START--
INFO: Run ParseTemplate Behavior [ RunTime:0.017223s ]
INFO: [ view_parse ] --END-- [ RunTime:0.017313s ]
INFO: [ view_filter ] --START--
INFO: Run ContentReplace Behavior [ RunTime:0.001078s ]
INFO: Run TokenBuild Behavior [ RunTime:0.001042s ]
INFO: Run WriteHtmlCache Behavior [ RunTime:0.001135s ]
INFO: Run ShowRuntime Behavior [ RunTime:0.002014s ]
INFO: [ view_filter ] --END-- [ RunTime:0.005531s ]
INFO: [ view_end ] --START--
INFO: Run ShowPageTrace Behavior [ RunTime:0.002366s ]
INFO: [ view_end ] --END-- [ RunTime:0.002440s ]

[ 2015-10-23T09:26:57+08:00 ] 127.0.0.1 /jiuye/index.php/Serve/jiuye/p/2
INFO: [ route_check ] --START--
INFO: Run CheckRoute Behavior [ RunTime:0.002790s ]
INFO: [ route_check ] --END-- [ RunTime:0.002963s ]
INFO: [ app_begin ] --START--
INFO: Run ReadHtmlCache Behavior [ RunTime:0.001369s ]
INFO: [ app_begin ] --END-- [ RunTime:0.001482s ]
SQL: SHOW COLUMNS FROM `w_serve` [ RunTime:0.002266s ]
NOTIC: [8] Undefined index:  sname D:\xampp\htdocs\Jiuye\Work\Lib\Action\ServeAction.class.php 第 19 行.
NOTIC: [8] Undefined index:  city D:\xampp\htdocs\Jiuye\Work\Lib\Action\ServeAction.class.php 第 23 行.
NOTIC: [8] Undefined index:  company D:\xampp\htdocs\Jiuye\Work\Lib\Action\ServeAction.class.php 第 27 行.
NOTIC: [8] Undefined variable: where D:\xampp\htdocs\Jiuye\Work\Lib\Action\ServeAction.class.php 第 34 行.
SQL: SHOW COLUMNS FROM `w_serve` [ RunTime:0.001789s ]
SQL: SELECT COUNT(*) AS tp_count FROM `w_serve` LIMIT 1   [ RunTime:0.000525s ]
SQL: SELECT * FROM `w_serve` WHERE ( 1 ) LIMIT 3,3   [ RunTime:0.000366s ]
SQL: SELECT * FROM `w_serve` GROUP BY s_city ORDER BY s_city desc  [ RunTime:0.000484s ]
SQL: SELECT * FROM `w_serve` GROUP BY s_company ORDER BY s_company desc  [ RunTime:0.000722s ]
INFO: [ view_template ] --START--
INFO: Run LocationTemplate Behavior [ RunTime:0.001844s ]
INFO: [ view_template ] --END-- [ RunTime:0.001933s ]
INFO: [ view_parse ] --START--
INFO: Run ParseTemplate Behavior [ RunTime:0.016491s ]
INFO: [ view_parse ] --END-- [ RunTime:0.016580s ]
INFO: [ view_filter ] --START--
INFO: Run ContentReplace Behavior [ RunTime:0.001097s ]
INFO: Run TokenBuild Behavior [ RunTime:0.001045s ]
INFO: Run WriteHtmlCache Behavior [ RunTime:0.000931s ]
INFO: Run ShowRuntime Behavior [ RunTime:0.001122s ]
INFO: [ view_filter ] --END-- [ RunTime:0.004376s ]
INFO: [ view_end ] --START--
INFO: Run ShowPageTrace Behavior [ RunTime:0.001907s ]
INFO: [ view_end ] --END-- [ RunTime:0.002067s ]

[ 2015-10-23T15:35:51+08:00 ] 127.0.0.1 /jiuye/index.php/Index/login
INFO: [ route_check ] --START--
INFO: Run CheckRoute Behavior [ RunTime:0.004447s ]
INFO: [ route_check ] --END-- [ RunTime:0.004773s ]
INFO: [ app_begin ] --START--
INFO: Run ReadHtmlCache Behavior [ RunTime:0.002928s ]
INFO: [ app_begin ] --END-- [ RunTime:0.003219s ]
INFO: [ view_template ] --START--
INFO: Run LocationTemplate Behavior [ RunTime:0.003893s ]
INFO: [ view_template ] --END-- [ RunTime:0.004137s ]
INFO: [ view_parse ] --START--
INFO: Run ParseTemplate Behavior [ RunTime:0.039548s ]
INFO: [ view_parse ] --END-- [ RunTime:0.039830s ]
INFO: [ view_filter ] --START--
INFO: Run ContentReplace Behavior [ RunTime:0.002074s ]
INFO: Run TokenBuild Behavior [ RunTime:0.002057s ]
INFO: Run WriteHtmlCache Behavior [ RunTime:0.001730s ]
INFO: Run ShowRuntime Behavior [ RunTime:0.002309s ]
INFO: [ view_filter ] --END-- [ RunTime:0.008733s ]
INFO: [ view_end ] --START--
INFO: Run ShowPageTrace Behavior [ RunTime:0.002895s ]
INFO: [ view_end ] --END-- [ RunTime:0.003082s ]

[ 2015-10-23T15:36:00+08:00 ] 127.0.0.1 /jiuye/index.php/Index/login
INFO: [ route_check ] --START--
INFO: Run CheckRoute Behavior [ RunTime:0.005320s ]
INFO: [ route_check ] --END-- [ RunTime:0.005671s ]
INFO: [ app_begin ] --START--
INFO: Run ReadHtmlCache Behavior [ RunTime:0.002819s ]
INFO: [ app_begin ] --END-- [ RunTime:0.003080s ]
SQL: SHOW COLUMNS FROM `w_manage` [ RunTime:0.003772s ]
SQL: SELECT * FROM `w_manage` WHERE ( m_name='g18953827837' && m_pwd=123 )  [ RunTime:0.001003s ]
INFO: [ view_template ] --START--
INFO: Run LocationTemplate Behavior [ RunTime:0.002678s ]
INFO: [ view_template ] --END-- [ RunTime:0.002916s ]
INFO: [ view_parse ] --START--
INFO: Run ParseTemplate Behavior [ RunTime:0.026772s ]
INFO: [ view_parse ] --END-- [ RunTime:0.026982s ]
INFO: [ view_filter ] --START--
INFO: Run ContentReplace Behavior [ RunTime:0.001370s ]
INFO: Run TokenBuild Behavior [ RunTime:0.001330s ]
INFO: Run WriteHtmlCache Behavior [ RunTime:0.001168s ]
INFO: Run ShowRuntime Behavior [ RunTime:0.001566s ]
INFO: [ view_filter ] --END-- [ RunTime:0.005788s ]
INFO: [ view_end ] --START--
INFO: Run ShowPageTrace Behavior [ RunTime:0.002053s ]
INFO: [ view_end ] --END-- [ RunTime:0.002208s ]

[ 2015-10-23T15:36:02+08:00 ] 127.0.0.1 /jiuye/index.php/Index/shouye
INFO: [ route_check ] --START--
INFO: Run CheckRoute Behavior [ RunTime:0.003090s ]
INFO: [ route_check ] --END-- [ RunTime:0.003405s ]
INFO: [ app_begin ] --START--
INFO: Run ReadHtmlCache Behavior [ RunTime:0.001668s ]
INFO: [ app_begin ] --END-- [ RunTime:0.001918s ]
INFO: [ view_template ] --START--
INFO: Run LocationTemplate Behavior [ RunTime:0.002644s ]
INFO: [ view_template ] --END-- [ RunTime:0.002942s ]
INFO: [ view_parse ] --START--
INFO: Run ParseTemplate Behavior [ RunTime:0.128316s ]
INFO: [ view_parse ] --END-- [ RunTime:0.128627s ]
INFO: [ view_filter ] --START--
INFO: Run ContentReplace Behavior [ RunTime:0.001036s ]
INFO: Run TokenBuild Behavior [ RunTime:0.001027s ]
INFO: Run WriteHtmlCache Behavior [ RunTime:0.000645s ]
INFO: Run ShowRuntime Behavior [ RunTime:0.001446s ]
INFO: [ view_filter ] --END-- [ RunTime:0.004714s ]
INFO: [ view_end ] --START--
INFO: Run ShowPageTrace Behavior [ RunTime:0.001964s ]
INFO: [ view_end ] --END-- [ RunTime:0.002143s ]

[ 2015-10-23T15:36:02+08:00 ] 127.0.0.1 /jiuye/index.php/Index/top.html
INFO: [ route_check ] --START--
INFO: Run CheckRoute Behavior [ RunTime:0.002255s ]
INFO: [ route_check ] --END-- [ RunTime:0.002510s ]
INFO: [ app_begin ] --START--
INFO: Run ReadHtmlCache Behavior [ RunTime:0.001599s ]
INFO: [ app_begin ] --END-- [ RunTime:0.001839s ]
INFO: [ view_template ] --START--
INFO: Run LocationTemplate Behavior [ RunTime:0.002414s ]
INFO: [ view_template ] --END-- [ RunTime:0.002754s ]
INFO: [ view_parse ] --START--
INFO: Run ParseTemplate Behavior [ RunTime:0.042036s ]
INFO: [ view_parse ] --END-- [ RunTime:0.042531s ]
INFO: [ view_filter ] --START--
INFO: Run ContentReplace Behavior [ RunTime:0.000909s ]
INFO: Run TokenBuild Behavior [ RunTime:0.000657s ]
INFO: Run WriteHtmlCache Behavior [ RunTime:0.000480s ]
INFO: Run ShowRuntime Behavior [ RunTime:0.000851s ]
INFO: [ view_filter ] --END-- [ RunTime:0.003309s ]
INFO: [ view_end ] --START--
INFO: Run ShowPageTrace Behavior [ RunTime:0.001188s ]
INFO: [ view_end ] --END-- [ RunTime:0.001320s ]

[ 2015-10-23T15:36:02+08:00 ] 127.0.0.1 /jiuye/index.php/Index/left.html
INFO: [ route_check ] --START--
INFO: Run CheckRoute Behavior [ RunTime:0.005157s ]
INFO: [ route_check ] --END-- [ RunTime:0.005414s ]
INFO: [ app_begin ] --START--
INFO: Run ReadHtmlCache Behavior [ RunTime:0.003098s ]
INFO: [ app_begin ] --END-- [ RunTime:0.003460s ]
INFO: [ view_template ] --START--
INFO: Run LocationTemplate Behavior [ RunTime:0.006536s ]
INFO: [ view_template ] --END-- [ RunTime:0.006837s ]
INFO: [ view_parse ] --START--
INFO: Run ParseTemplate Behavior [ RunTime:0.082769s ]
INFO: [ view_parse ] --END-- [ RunTime:0.082993s ]
INFO: [ view_filter ] --START--
INFO: Run ContentReplace Behavior [ RunTime:0.001710s ]
INFO: Run TokenBuild Behavior [ RunTime:0.003038s ]
INFO: Run WriteHtmlCache Behavior [ RunTime:0.001966s ]
INFO: Run ShowRuntime Behavior [ RunTime:0.002657s ]
INFO: [ view_filter ] --END-- [ RunTime:0.010103s ]
INFO: [ view_end ] --START--
INFO: Run ShowPageTrace Behavior [ RunTime:0.002915s ]
INFO: [ view_end ] --END-- [ RunTime:0.003134s ]

[ 2015-10-23T15:36:02+08:00 ] 127.0.0.1 /jiuye/index.php/Index/index.html
INFO: [ route_check ] --START--
INFO: Run CheckRoute Behavior [ RunTime:0.002686s ]
INFO: [ route_check ] --END-- [ RunTime:0.002978s ]
INFO: [ app_begin ] --START--
INFO: Run ReadHtmlCache Behavior [ RunTime:0.002282s ]
INFO: [ app_begin ] --END-- [ RunTime:0.002561s ]
INFO: [ view_template ] --START--
INFO: Run LocationTemplate Behavior [ RunTime:0.002804s ]
INFO: [ view_template ] --END-- [ RunTime:0.003066s ]
INFO: [ view_parse ] --START--
INFO: Run ParseTemplate Behavior [ RunTime:0.045598s ]
INFO: [ view_parse ] --END-- [ RunTime:0.045876s ]
INFO: [ view_filter ] --START--
INFO: Run ContentReplace Behavior [ RunTime:0.001280s ]
INFO: Run TokenBuild Behavior [ RunTime:0.001091s ]
INFO: Run WriteHtmlCache Behavior [ RunTime:0.000713s ]
INFO: Run ShowRuntime Behavior [ RunTime:0.001421s ]
INFO: [ view_filter ] --END-- [ RunTime:0.005152s ]
INFO: [ view_end ] --START--
INFO: Run ShowPageTrace Behavior [ RunTime:0.003001s ]
INFO: [ view_end ] --END-- [ RunTime:0.003254s ]

[ 2015-10-23T15:36:09+08:00 ] 127.0.0.1 /jiuye/index.php/Invite/zhaopin
INFO: [ route_check ] --START--
INFO: Run CheckRoute Behavior [ RunTime:0.001641s ]
INFO: [ route_check ] --END-- [ RunTime:0.001806s ]
INFO: [ app_begin ] --START--
INFO: Run ReadHtmlCache Behavior [ RunTime:0.001063s ]
INFO: [ app_begin ] --END-- [ RunTime:0.001228s ]
SQL: SHOW COLUMNS FROM `w_invite` [ RunTime:0.003803s ]
NOTIC: [8] Undefined index:  iname D:\xampp\htdocs\Jiuye\Work\Lib\Action\InviteAction.class.php 第 11 行.
NOTIC: [8] Undefined index:  rname D:\xampp\htdocs\Jiuye\Work\Lib\Action\InviteAction.class.php 第 15 行.
NOTIC: [8] Undefined index:  num D:\xampp\htdocs\Jiuye\Work\Lib\Action\InviteAction.class.php 第 19 行.
NOTIC: [8] Undefined variable: where D:\xampp\htdocs\Jiuye\Work\Lib\Action\InviteAction.class.php 第 26 行.
SQL: SHOW COLUMNS FROM `w_invite` [ RunTime:0.003813s ]
SQL: SELECT COUNT(*) AS tp_count FROM `w_invite` LIMIT 1   [ RunTime:0.001070s ]
SQL: SELECT * FROM `w_invite` WHERE ( 1 ) LIMIT 0,3   [ RunTime:0.000834s ]
SQL: SELECT * FROM `w_invite` ORDER BY i_name desc  [ RunTime:0.000855s ]
SQL: SELECT * FROM `w_invite` GROUP BY i_reward  [ RunTime:0.000984s ]
SQL: SELECT * FROM `w_invite` GROUP BY i_num  [ RunTime:0.000956s ]
INFO: [ view_template ] --START--
INFO: Run LocationTemplate Behavior [ RunTime:0.002013s ]
INFO: [ view_template ] --END-- [ RunTime:0.002176s ]
INFO: [ view_parse ] --START--
INFO: Run ParseTemplate Behavior [ RunTime:0.053286s ]
INFO: [ view_parse ] --END-- [ RunTime:0.053459s ]
INFO: [ view_filter ] --START--
INFO: Run ContentReplace Behavior [ RunTime:0.000919s ]
INFO: Run TokenBuild Behavior [ RunTime:0.000666s ]
INFO: Run WriteHtmlCache Behavior [ RunTime:0.000460s ]
INFO: Run ShowRuntime Behavior [ RunTime:0.000829s ]
INFO: [ view_filter ] --END-- [ RunTime:0.003221s ]
INFO: [ view_end ] --START--
INFO: Run ShowPageTrace Behavior [ RunTime:0.001190s ]
INFO: [ view_end ] --END-- [ RunTime:0.001309s ]

[ 2015-10-23T15:37:43+08:00 ] 127.0.0.1 /jiuye/index.php/Invite/see/id/1
INFO: [ route_check ] --START--
INFO: Run CheckRoute Behavior [ RunTime:0.003053s ]
INFO: [ route_check ] --END-- [ RunTime:0.003419s ]
INFO: [ app_begin ] --START--
INFO: Run ReadHtmlCache Behavior [ RunTime:0.002047s ]
INFO: [ app_begin ] --END-- [ RunTime:0.002257s ]
NOTIC: [8] Undefined index:  sub D:\xampp\htdocs\Jiuye\Work\Lib\Action\InviteAction.class.php 第 40 行.
SQL: SHOW COLUMNS FROM `w_invite` [ RunTime:0.005329s ]
SQL: SELECT * FROM `w_invite` WHERE ( i_id=1 ) LIMIT 1   [ RunTime:0.001882s ]
INFO: [ view_template ] --START--
INFO: Run LocationTemplate Behavior [ RunTime:0.002555s ]
INFO: [ view_template ] --END-- [ RunTime:0.002720s ]
INFO: [ view_parse ] --START--
INFO: Run ParseTemplate Behavior [ RunTime:0.023087s ]
INFO: [ view_parse ] --END-- [ RunTime:0.023304s ]
INFO: [ view_filter ] --START--
INFO: Run ContentReplace Behavior [ RunTime:0.001382s ]
INFO: Run TokenBuild Behavior [ RunTime:0.001470s ]
INFO: Run WriteHtmlCache Behavior [ RunTime:0.001132s ]
INFO: Run ShowRuntime Behavior [ RunTime:0.001592s ]
INFO: [ view_filter ] --END-- [ RunTime:0.005970s ]
INFO: [ view_end ] --START--
INFO: Run ShowPageTrace Behavior [ RunTime:0.002053s ]
INFO: [ view_end ] --END-- [ RunTime:0.002208s ]

