[ 2015-10-25T18:44:00+08:00 ] 127.0.0.1 /jiuye/index.php/Index/login
INFO: [ route_check ] --START--
INFO: Run CheckRoute Behavior [ RunTime:0.002301s ]
INFO: [ route_check ] --END-- [ RunTime:0.002495s ]
INFO: [ app_begin ] --START--
INFO: Run ReadHtmlCache Behavior [ RunTime:0.001348s ]
INFO: [ app_begin ] --END-- [ RunTime:0.001460s ]
INFO: [ view_template ] --START--
INFO: Run LocationTemplate Behavior [ RunTime:0.026377s ]
INFO: [ view_template ] --END-- [ RunTime:0.026554s ]
INFO: [ view_parse ] --START--
INFO: Run ParseTemplate Behavior [ RunTime:0.022899s ]
INFO: [ view_parse ] --END-- [ RunTime:0.023045s ]
INFO: [ view_filter ] --START--
INFO: Run ContentReplace Behavior [ RunTime:0.000647s ]
INFO: Run TokenBuild Behavior [ RunTime:0.000725s ]
INFO: Run WriteHtmlCache Behavior [ RunTime:0.000554s ]
INFO: Run ShowRuntime Behavior [ RunTime:0.000729s ]
INFO: [ view_filter ] --END-- [ RunTime:0.002832s ]
INFO: [ view_end ] --START--
INFO: Run ShowPageTrace Behavior [ RunTime:0.000865s ]
INFO: [ view_end ] --END-- [ RunTime:0.000920s ]

[ 2015-10-25T18:44:24+08:00 ] 127.0.0.1 /jiuye/index.php/Index/login
INFO: [ route_check ] --START--
INFO: Run CheckRoute Behavior [ RunTime:0.002767s ]
INFO: [ route_check ] --END-- [ RunTime:0.002948s ]
INFO: [ app_begin ] --START--
INFO: Run ReadHtmlCache Behavior [ RunTime:0.001246s ]
INFO: [ app_begin ] --END-- [ RunTime:0.001331s ]
INFO: [ view_template ] --START--
INFO: Run LocationTemplate Behavior [ RunTime:0.001724s ]
INFO: [ view_template ] --END-- [ RunTime:0.001900s ]
INFO: [ view_parse ] --START--
INFO: Run ParseTemplate Behavior [ RunTime:0.013492s ]
INFO: [ view_parse ] --END-- [ RunTime:0.013689s ]
INFO: [ view_filter ] --START--
INFO: Run ContentReplace Behavior [ RunTime:0.000997s ]
INFO: Run TokenBuild Behavior [ RunTime:0.001035s ]
INFO: Run WriteHtmlCache Behavior [ RunTime:0.000938s ]
INFO: Run ShowRuntime Behavior [ RunTime:0.001178s ]
INFO: [ view_filter ] --END-- [ RunTime:0.004348s ]
INFO: [ view_end ] --START--
INFO: Run ShowPageTrace Behavior [ RunTime:0.001322s ]
INFO: [ view_end ] --END-- [ RunTime:0.001392s ]

[ 2015-10-25T18:44:30+08:00 ] 127.0.0.1 /jiuye/index.php/Index/login
INFO: [ route_check ] --START--
INFO: Run CheckRoute Behavior [ RunTime:0.002597s ]
INFO: [ route_check ] --END-- [ RunTime:0.002852s ]
INFO: [ app_begin ] --START--
INFO: Run ReadHtmlCache Behavior [ RunTime:0.001240s ]
INFO: [ app_begin ] --END-- [ RunTime:0.001327s ]
SQL: SHOW COLUMNS FROM `w_manage` [ RunTime:0.002415s ]
SQL: SELECT * FROM `w_manage` WHERE ( m_name='g18953827837' && m_pwd=123 )  [ RunTime:0.001179s ]
INFO: [ view_template ] --START--
INFO: Run LocationTemplate Behavior [ RunTime:0.004285s ]
INFO: [ view_template ] --END-- [ RunTime:0.004497s ]
INFO: [ view_parse ] --START--
INFO: Run ParseTemplate Behavior [ RunTime:0.016650s ]
INFO: [ view_parse ] --END-- [ RunTime:0.016794s ]
INFO: [ view_filter ] --START--
INFO: Run ContentReplace Behavior [ RunTime:0.001024s ]
INFO: Run TokenBuild Behavior [ RunTime:0.001501s ]
INFO: Run WriteHtmlCache Behavior [ RunTime:0.001652s ]
INFO: Run ShowRuntime Behavior [ RunTime:0.001167s ]
INFO: [ view_filter ] --END-- [ RunTime:0.005649s ]
INFO: [ view_end ] --START--
INFO: Run ShowPageTrace Behavior [ RunTime:0.001368s ]
INFO: [ view_end ] --END-- [ RunTime:0.001440s ]

[ 2015-10-25T18:44:31+08:00 ] 127.0.0.1 /jiuye/index.php/Index/shouye
INFO: [ route_check ] --START--
INFO: Run CheckRoute Behavior [ RunTime:0.002007s ]
INFO: [ route_check ] --END-- [ RunTime:0.002203s ]
INFO: [ app_begin ] --START--
INFO: Run ReadHtmlCache Behavior [ RunTime:0.001836s ]
INFO: [ app_begin ] --END-- [ RunTime:0.002045s ]
INFO: [ view_template ] --START--
INFO: Run LocationTemplate Behavior [ RunTime:0.098282s ]
INFO: [ view_template ] --END-- [ RunTime:0.098549s ]
INFO: [ view_parse ] --START--
INFO: Run ParseTemplate Behavior [ RunTime:0.044309s ]
INFO: [ view_parse ] --END-- [ RunTime:0.044659s ]
INFO: [ view_filter ] --START--
INFO: Run ContentReplace Behavior [ RunTime:0.002625s ]
INFO: Run TokenBuild Behavior [ RunTime:0.001930s ]
INFO: Run WriteHtmlCache Behavior [ RunTime:0.001663s ]
INFO: Run ShowRuntime Behavior [ RunTime:0.002177s ]
INFO: [ view_filter ] --END-- [ RunTime:0.008787s ]
INFO: [ view_end ] --START--
INFO: Run ShowPageTrace Behavior [ RunTime:0.002512s ]
INFO: [ view_end ] --END-- [ RunTime:0.002724s ]

[ 2015-10-25T18:44:31+08:00 ] 127.0.0.1 /jiuye/index.php/Index/top.html
INFO: [ route_check ] --START--
INFO: Run CheckRoute Behavior [ RunTime:0.001636s ]
INFO: [ route_check ] --END-- [ RunTime:0.001781s ]
INFO: [ app_begin ] --START--
INFO: Run ReadHtmlCache Behavior [ RunTime:0.001511s ]
INFO: [ app_begin ] --END-- [ RunTime:0.001625s ]
INFO: [ view_template ] --START--
INFO: Run LocationTemplate Behavior [ RunTime:0.004492s ]
INFO: [ view_template ] --END-- [ RunTime:0.004646s ]
INFO: [ view_parse ] --START--
INFO: Run ParseTemplate Behavior [ RunTime:0.113734s ]
INFO: [ view_parse ] --END-- [ RunTime:0.114229s ]
INFO: [ view_filter ] --START--
INFO: Run ContentReplace Behavior [ RunTime:0.003788s ]
INFO: Run TokenBuild Behavior [ RunTime:0.003122s ]
INFO: Run WriteHtmlCache Behavior [ RunTime:0.002813s ]
INFO: Run ShowRuntime Behavior [ RunTime:0.003778s ]
INFO: [ view_filter ] --END-- [ RunTime:0.014163s ]
INFO: [ view_end ] --START--
INFO: Run ShowPageTrace Behavior [ RunTime:0.007431s ]
INFO: [ view_end ] --END-- [ RunTime:0.007760s ]

[ 2015-10-25T18:44:31+08:00 ] 127.0.0.1 /jiuye/index.php/Index/index.html
INFO: [ route_check ] --START--
INFO: Run CheckRoute Behavior [ RunTime:0.002229s ]
INFO: [ route_check ] --END-- [ RunTime:0.002562s ]
INFO: [ app_begin ] --START--
INFO: Run ReadHtmlCache Behavior [ RunTime:0.000794s ]
INFO: [ app_begin ] --END-- [ RunTime:0.001066s ]
INFO: [ view_template ] --START--
INFO: Run LocationTemplate Behavior [ RunTime:0.000900s ]
INFO: [ view_template ] --END-- [ RunTime:0.001085s ]
INFO: [ view_parse ] --START--
INFO: Run ParseTemplate Behavior [ RunTime:0.060552s ]
INFO: [ view_parse ] --END-- [ RunTime:0.060718s ]
INFO: [ view_filter ] --START--
INFO: Run ContentReplace Behavior [ RunTime:0.000412s ]
INFO: Run TokenBuild Behavior [ RunTime:0.000372s ]
INFO: Run WriteHtmlCache Behavior [ RunTime:0.000240s ]
INFO: Run ShowRuntime Behavior [ RunTime:0.000454s ]
INFO: [ view_filter ] --END-- [ RunTime:0.001669s ]
INFO: [ view_end ] --START--
INFO: Run ShowPageTrace Behavior [ RunTime:0.000645s ]
INFO: [ view_end ] --END-- [ RunTime:0.000729s ]

[ 2015-10-25T18:44:32+08:00 ] 127.0.0.1 /jiuye/index.php/Index/left.html
INFO: [ route_check ] --START--
INFO: Run CheckRoute Behavior [ RunTime:0.001663s ]
INFO: [ route_check ] --END-- [ RunTime:0.001768s ]
INFO: [ app_begin ] --START--
INFO: Run ReadHtmlCache Behavior [ RunTime:0.000901s ]
INFO: [ app_begin ] --END-- [ RunTime:0.000980s ]
INFO: [ view_template ] --START--
INFO: Run LocationTemplate Behavior [ RunTime:0.001998s ]
INFO: [ view_template ] --END-- [ RunTime:0.002183s ]
INFO: [ view_parse ] --START--
INFO: Run ParseTemplate Behavior [ RunTime:0.044671s ]
INFO: [ view_parse ] --END-- [ RunTime:0.044802s ]
INFO: [ view_filter ] --START--
INFO: Run ContentReplace Behavior [ RunTime:0.000737s ]
INFO: Run TokenBuild Behavior [ RunTime:0.000705s ]
INFO: Run WriteHtmlCache Behavior [ RunTime:0.000611s ]
INFO: Run ShowRuntime Behavior [ RunTime:0.000807s ]
INFO: [ view_filter ] --END-- [ RunTime:0.003055s ]
INFO: [ view_end ] --START--
INFO: Run ShowPageTrace Behavior [ RunTime:0.001194s ]
INFO: [ view_end ] --END-- [ RunTime:0.001288s ]

[ 2015-10-25T18:44:54+08:00 ] 127.0.0.1 /jiuye/index.php/Donate/juanzeng
INFO: [ route_check ] --START--
INFO: Run CheckRoute Behavior [ RunTime:0.002904s ]
INFO: [ route_check ] --END-- [ RunTime:0.003079s ]
INFO: [ app_begin ] --START--
INFO: Run ReadHtmlCache Behavior [ RunTime:0.001992s ]
INFO: [ app_begin ] --END-- [ RunTime:0.002133s ]
NOTIC: [2] Missing argument 4 for PublicAction::pages(), called in D:\xampp\htdocs\Jiuye\Work\Lib\Action\DonateAction.class.php on line 24 and defined D:\xampp\htdocs\Jiuye\Work\Lib\Action\PublicAction.class.php 第 44 行.
SQL: SHOW COLUMNS FROM `w_donate` [ RunTime:0.002864s ]
SQL: SELECT COUNT(*) AS tp_count FROM `w_donate` LIMIT 1   [ RunTime:0.000565s ]
NOTIC: [8] Undefined variable: where D:\xampp\htdocs\Jiuye\Work\Lib\Action\PublicAction.class.php 第 51 行.
SQL: SELECT * FROM `w_donate` WHERE ( 1 ) LIMIT 0,3   [ RunTime:0.000422s ]
SQL: SHOW COLUMNS FROM `w_typedonate` [ RunTime:0.001793s ]
SQL: SELECT * FROM `w_typedonate` WHERE ( 1=1 AND t_id='1' ) LIMIT 1   [ RunTime:0.000482s ]
SQL: SELECT * FROM `w_typedonate` WHERE ( 1=1 AND t_id='3' ) LIMIT 1   [ RunTime:0.000866s ]
SQL: SELECT * FROM `w_typedonate` WHERE ( 1=1 AND t_id='1' ) LIMIT 1   [ RunTime:0.001587s ]
INFO: [ view_template ] --START--
INFO: Run LocationTemplate Behavior [ RunTime:0.002354s ]
INFO: [ view_template ] --END-- [ RunTime:0.002464s ]
INFO: [ view_parse ] --START--
INFO: Run ParseTemplate Behavior [ RunTime:0.031344s ]
INFO: [ view_parse ] --END-- [ RunTime:0.031663s ]
INFO: [ view_filter ] --START--
INFO: Run ContentReplace Behavior [ RunTime:0.002069s ]
INFO: Run TokenBuild Behavior [ RunTime:0.001459s ]
INFO: Run WriteHtmlCache Behavior [ RunTime:0.000795s ]
INFO: Run ShowRuntime Behavior [ RunTime:0.001075s ]
INFO: [ view_filter ] --END-- [ RunTime:0.005721s ]
INFO: [ view_end ] --START--
INFO: Run ShowPageTrace Behavior [ RunTime:0.001377s ]
INFO: [ view_end ] --END-- [ RunTime:0.001476s ]

[ 2015-10-25T18:44:56+08:00 ] 127.0.0.1 /jiuye/index.php/Donate/update/id/1
INFO: [ route_check ] --START--
INFO: Run CheckRoute Behavior [ RunTime:0.002127s ]
INFO: [ route_check ] --END-- [ RunTime:0.002317s ]
INFO: [ app_begin ] --START--
INFO: Run ReadHtmlCache Behavior [ RunTime:0.001616s ]
INFO: [ app_begin ] --END-- [ RunTime:0.001826s ]
SQL: SHOW COLUMNS FROM `w_donate` [ RunTime:0.001527s ]
SQL: SHOW COLUMNS FROM `w_donate` [ RunTime:0.005244s ]
SQL: SELECT * FROM `w_donate` WHERE ( d_id=1 ) LIMIT 1   [ RunTime:0.000521s ]
SQL: SHOW COLUMNS FROM `w_typedonate` [ RunTime:0.001450s ]
SQL: SELECT * FROM `w_typedonate` WHERE ( 1=1 AND t_id='1' ) LIMIT 1   [ RunTime:0.000637s ]
SQL: SHOW COLUMNS FROM `w_typedonate` [ RunTime:0.001413s ]
SQL: SELECT * FROM `w_typedonate`  [ RunTime:0.000578s ]
INFO: [ view_template ] --START--
INFO: Run LocationTemplate Behavior [ RunTime:0.001892s ]
INFO: [ view_template ] --END-- [ RunTime:0.001993s ]
INFO: [ view_parse ] --START--
INFO: Run ParseTemplate Behavior [ RunTime:0.140412s ]
INFO: [ view_parse ] --END-- [ RunTime:0.141217s ]
INFO: [ view_filter ] --START--
INFO: Run ContentReplace Behavior [ RunTime:0.001725s ]
INFO: Run TokenBuild Behavior [ RunTime:0.001782s ]
INFO: Run WriteHtmlCache Behavior [ RunTime:0.001493s ]
INFO: Run ShowRuntime Behavior [ RunTime:0.001864s ]
INFO: [ view_filter ] --END-- [ RunTime:0.007197s ]
INFO: [ view_end ] --START--
INFO: Run ShowPageTrace Behavior [ RunTime:0.003240s ]
INFO: [ view_end ] --END-- [ RunTime:0.003531s ]

[ 2015-10-25T18:45:02+08:00 ] 127.0.0.1 /jiuye/index.php/Donate/update/id/1
INFO: [ route_check ] --START--
INFO: Run CheckRoute Behavior [ RunTime:0.001958s ]
INFO: [ route_check ] --END-- [ RunTime:0.002097s ]
INFO: [ app_begin ] --START--
INFO: Run ReadHtmlCache Behavior [ RunTime:0.002424s ]
INFO: [ app_begin ] --END-- [ RunTime:0.002538s ]
SQL: SHOW COLUMNS FROM `w_donate` [ RunTime:0.002041s ]
SQL: UPDATE `w_donate` SET `d_name`='李三',`d_money`=120,`t_id`=1,`d_time`='2015-10-08',`d_tel`='13326343311',`d_shifou`=1,`d_remarks`='希望对我所捐助的学生有帮助' WHERE ( d_id=1 ) [ RunTime:0.000688s ]
INFO: [ view_template ] --START--
INFO: Run LocationTemplate Behavior [ RunTime:0.001664s ]
INFO: [ view_template ] --END-- [ RunTime:0.001767s ]
INFO: [ view_parse ] --START--
INFO: Run ParseTemplate Behavior [ RunTime:0.013247s ]
INFO: [ view_parse ] --END-- [ RunTime:0.013398s ]
INFO: [ view_filter ] --START--
INFO: Run ContentReplace Behavior [ RunTime:0.000928s ]
INFO: Run TokenBuild Behavior [ RunTime:0.001124s ]
INFO: Run WriteHtmlCache Behavior [ RunTime:0.000935s ]
INFO: Run ShowRuntime Behavior [ RunTime:0.001066s ]
INFO: [ view_filter ] --END-- [ RunTime:0.004256s ]
INFO: [ view_end ] --START--
INFO: Run ShowPageTrace Behavior [ RunTime:0.001346s ]
INFO: [ view_end ] --END-- [ RunTime:0.001435s ]

[ 2015-10-25T18:45:03+08:00 ] 127.0.0.1 /jiuye/index.php/Donate/juanzeng
INFO: [ route_check ] --START--
INFO: Run CheckRoute Behavior [ RunTime:0.001486s ]
INFO: [ route_check ] --END-- [ RunTime:0.001583s ]
INFO: [ app_begin ] --START--
INFO: Run ReadHtmlCache Behavior [ RunTime:0.001051s ]
INFO: [ app_begin ] --END-- [ RunTime:0.001114s ]
NOTIC: [2] Missing argument 4 for PublicAction::pages(), called in D:\xampp\htdocs\Jiuye\Work\Lib\Action\DonateAction.class.php on line 24 and defined D:\xampp\htdocs\Jiuye\Work\Lib\Action\PublicAction.class.php 第 44 行.
SQL: SHOW COLUMNS FROM `w_donate` [ RunTime:0.001719s ]
SQL: SELECT COUNT(*) AS tp_count FROM `w_donate` LIMIT 1   [ RunTime:0.000243s ]
NOTIC: [8] Undefined variable: where D:\xampp\htdocs\Jiuye\Work\Lib\Action\PublicAction.class.php 第 51 行.
SQL: SELECT * FROM `w_donate` WHERE ( 1 ) LIMIT 0,3   [ RunTime:0.000254s ]
SQL: SHOW COLUMNS FROM `w_typedonate` [ RunTime:0.001619s ]
SQL: SELECT * FROM `w_typedonate` WHERE ( 1=1 AND t_id='1' ) LIMIT 1   [ RunTime:0.000549s ]
SQL: SELECT * FROM `w_typedonate` WHERE ( 1=1 AND t_id='3' ) LIMIT 1   [ RunTime:0.000275s ]
SQL: SELECT * FROM `w_typedonate` WHERE ( 1=1 AND t_id='1' ) LIMIT 1   [ RunTime:0.000267s ]
INFO: [ view_template ] --START--
INFO: Run LocationTemplate Behavior [ RunTime:0.001750s ]
INFO: [ view_template ] --END-- [ RunTime:0.001850s ]
INFO: [ view_parse ] --START--
INFO: Run ParseTemplate Behavior [ RunTime:0.013703s ]
INFO: [ view_parse ] --END-- [ RunTime:0.013799s ]
INFO: [ view_filter ] --START--
INFO: Run ContentReplace Behavior [ RunTime:0.001372s ]
INFO: Run TokenBuild Behavior [ RunTime:0.001255s ]
INFO: Run WriteHtmlCache Behavior [ RunTime:0.001465s ]
INFO: Run ShowRuntime Behavior [ RunTime:0.001103s ]
INFO: [ view_filter ] --END-- [ RunTime:0.005526s ]
INFO: [ view_end ] --START--
INFO: Run ShowPageTrace Behavior [ RunTime:0.001575s ]
INFO: [ view_end ] --END-- [ RunTime:0.001677s ]

[ 2015-10-25T18:45:07+08:00 ] 127.0.0.1 /jiuye/index.php/Donate/update/id/2
INFO: [ route_check ] --START--
INFO: Run CheckRoute Behavior [ RunTime:0.002030s ]
INFO: [ route_check ] --END-- [ RunTime:0.002188s ]
INFO: [ app_begin ] --START--
INFO: Run ReadHtmlCache Behavior [ RunTime:0.001652s ]
INFO: [ app_begin ] --END-- [ RunTime:0.001789s ]
SQL: SHOW COLUMNS FROM `w_donate` [ RunTime:0.001697s ]
SQL: SHOW COLUMNS FROM `w_donate` [ RunTime:0.004307s ]
SQL: SELECT * FROM `w_donate` WHERE ( d_id=2 ) LIMIT 1   [ RunTime:0.002010s ]
SQL: SHOW COLUMNS FROM `w_typedonate` [ RunTime:0.001782s ]
SQL: SELECT * FROM `w_typedonate` WHERE ( 1=1 AND t_id='3' ) LIMIT 1   [ RunTime:0.000402s ]
SQL: SHOW COLUMNS FROM `w_typedonate` [ RunTime:0.001489s ]
SQL: SELECT * FROM `w_typedonate`  [ RunTime:0.000387s ]
INFO: [ view_template ] --START--
INFO: Run LocationTemplate Behavior [ RunTime:0.001556s ]
INFO: [ view_template ] --END-- [ RunTime:0.001630s ]
INFO: [ view_parse ] --START--
INFO: Run ParseTemplate Behavior [ RunTime:0.013149s ]
INFO: [ view_parse ] --END-- [ RunTime:0.013298s ]
INFO: [ view_filter ] --START--
INFO: Run ContentReplace Behavior [ RunTime:0.000917s ]
INFO: Run TokenBuild Behavior [ RunTime:0.000909s ]
INFO: Run WriteHtmlCache Behavior [ RunTime:0.000819s ]
INFO: Run ShowRuntime Behavior [ RunTime:0.001035s ]
INFO: [ view_filter ] --END-- [ RunTime:0.003842s ]
INFO: [ view_end ] --START--
INFO: Run ShowPageTrace Behavior [ RunTime:0.001228s ]
INFO: [ view_end ] --END-- [ RunTime:0.001312s ]

[ 2015-10-25T18:45:10+08:00 ] 127.0.0.1 /jiuye/index.php/Donate/update/id/2
INFO: [ route_check ] --START--
INFO: Run CheckRoute Behavior [ RunTime:0.001996s ]
INFO: [ route_check ] --END-- [ RunTime:0.002151s ]
INFO: [ app_begin ] --START--
INFO: Run ReadHtmlCache Behavior [ RunTime:0.001632s ]
INFO: [ app_begin ] --END-- [ RunTime:0.001771s ]
SQL: SHOW COLUMNS FROM `w_donate` [ RunTime:0.001654s ]
SQL: UPDATE `w_donate` SET `d_name`='李珊珊',`d_money`=300,`t_id`=3,`d_time`='2015-10-12',`d_tel`='13326343312',`d_shifou`=1,`d_remarks`='希望对学校有大大的帮助' WHERE ( d_id=2 ) [ RunTime:0.000413s ]
INFO: [ view_template ] --START--
INFO: Run LocationTemplate Behavior [ RunTime:0.003781s ]
INFO: [ view_template ] --END-- [ RunTime:0.003890s ]
INFO: [ view_parse ] --START--
INFO: Run ParseTemplate Behavior [ RunTime:0.010108s ]
INFO: [ view_parse ] --END-- [ RunTime:0.010190s ]
INFO: [ view_filter ] --START--
INFO: Run ContentReplace Behavior [ RunTime:0.000912s ]
INFO: Run TokenBuild Behavior [ RunTime:0.000981s ]
INFO: Run WriteHtmlCache Behavior [ RunTime:0.000902s ]
INFO: Run ShowRuntime Behavior [ RunTime:0.001061s ]
INFO: [ view_filter ] --END-- [ RunTime:0.004019s ]
INFO: [ view_end ] --START--
INFO: Run ShowPageTrace Behavior [ RunTime:0.001221s ]
INFO: [ view_end ] --END-- [ RunTime:0.001289s ]

[ 2015-10-25T18:45:11+08:00 ] 127.0.0.1 /jiuye/index.php/Donate/juanzeng
INFO: [ route_check ] --START--
INFO: Run CheckRoute Behavior [ RunTime:0.001609s ]
INFO: [ route_check ] --END-- [ RunTime:0.001706s ]
INFO: [ app_begin ] --START--
INFO: Run ReadHtmlCache Behavior [ RunTime:0.001078s ]
INFO: [ app_begin ] --END-- [ RunTime:0.001141s ]
NOTIC: [2] Missing argument 4 for PublicAction::pages(), called in D:\xampp\htdocs\Jiuye\Work\Lib\Action\DonateAction.class.php on line 24 and defined D:\xampp\htdocs\Jiuye\Work\Lib\Action\PublicAction.class.php 第 44 行.
SQL: SHOW COLUMNS FROM `w_donate` [ RunTime:0.001577s ]
SQL: SELECT COUNT(*) AS tp_count FROM `w_donate` LIMIT 1   [ RunTime:0.000295s ]
NOTIC: [8] Undefined variable: where D:\xampp\htdocs\Jiuye\Work\Lib\Action\PublicAction.class.php 第 51 行.
SQL: SELECT * FROM `w_donate` WHERE ( 1 ) LIMIT 0,3   [ RunTime:0.000265s ]
SQL: SHOW COLUMNS FROM `w_typedonate` [ RunTime:0.001450s ]
SQL: SELECT * FROM `w_typedonate` WHERE ( 1=1 AND t_id='1' ) LIMIT 1   [ RunTime:0.000397s ]
SQL: SELECT * FROM `w_typedonate` WHERE ( 1=1 AND t_id='3' ) LIMIT 1   [ RunTime:0.000300s ]
SQL: SELECT * FROM `w_typedonate` WHERE ( 1=1 AND t_id='1' ) LIMIT 1   [ RunTime:0.000272s ]
INFO: [ view_template ] --START--
INFO: Run LocationTemplate Behavior [ RunTime:0.001526s ]
INFO: [ view_template ] --END-- [ RunTime:0.001597s ]
INFO: [ view_parse ] --START--
INFO: Run ParseTemplate Behavior [ RunTime:0.012891s ]
INFO: [ view_parse ] --END-- [ RunTime:0.013003s ]
INFO: [ view_filter ] --START--
INFO: Run ContentReplace Behavior [ RunTime:0.000953s ]
INFO: Run TokenBuild Behavior [ RunTime:0.000950s ]
INFO: Run WriteHtmlCache Behavior [ RunTime:0.000790s ]
INFO: Run ShowRuntime Behavior [ RunTime:0.001103s ]
INFO: [ view_filter ] --END-- [ RunTime:0.003963s ]
INFO: [ view_end ] --START--
INFO: Run ShowPageTrace Behavior [ RunTime:0.001150s ]
INFO: [ view_end ] --END-- [ RunTime:0.001206s ]

[ 2015-10-25T18:45:12+08:00 ] 127.0.0.1 /jiuye/index.php/Donate/juanzeng/p/2
INFO: [ route_check ] --START--
INFO: Run CheckRoute Behavior [ RunTime:0.001531s ]
INFO: [ route_check ] --END-- [ RunTime:0.001646s ]
INFO: [ app_begin ] --START--
INFO: Run ReadHtmlCache Behavior [ RunTime:0.001094s ]
INFO: [ app_begin ] --END-- [ RunTime:0.001194s ]
NOTIC: [2] Missing argument 4 for PublicAction::pages(), called in D:\xampp\htdocs\Jiuye\Work\Lib\Action\DonateAction.class.php on line 24 and defined D:\xampp\htdocs\Jiuye\Work\Lib\Action\PublicAction.class.php 第 44 行.
SQL: SHOW COLUMNS FROM `w_donate` [ RunTime:0.001717s ]
SQL: SELECT COUNT(*) AS tp_count FROM `w_donate` LIMIT 1   [ RunTime:0.000527s ]
NOTIC: [8] Undefined variable: where D:\xampp\htdocs\Jiuye\Work\Lib\Action\PublicAction.class.php 第 51 行.
SQL: SELECT * FROM `w_donate` WHERE ( 1 ) LIMIT 3,3   [ RunTime:0.000426s ]
SQL: SHOW COLUMNS FROM `w_typedonate` [ RunTime:0.001756s ]
SQL: SELECT * FROM `w_typedonate` WHERE ( 1=1 AND t_id='2' ) LIMIT 1   [ RunTime:0.000489s ]
SQL: SELECT * FROM `w_typedonate` WHERE ( 1=1 AND t_id='2' ) LIMIT 1   [ RunTime:0.000396s ]
SQL: SELECT * FROM `w_typedonate` WHERE ( 1=1 AND t_id='2' ) LIMIT 1   [ RunTime:0.000357s ]
INFO: [ view_template ] --START--
INFO: Run LocationTemplate Behavior [ RunTime:0.001476s ]
INFO: [ view_template ] --END-- [ RunTime:0.001553s ]
INFO: [ view_parse ] --START--
INFO: Run ParseTemplate Behavior [ RunTime:0.014924s ]
INFO: [ view_parse ] --END-- [ RunTime:0.015024s ]
INFO: [ view_filter ] --START--
INFO: Run ContentReplace Behavior [ RunTime:0.001045s ]
INFO: Run TokenBuild Behavior [ RunTime:0.001080s ]
INFO: Run WriteHtmlCache Behavior [ RunTime:0.000910s ]
INFO: Run ShowRuntime Behavior [ RunTime:0.001093s ]
INFO: [ view_filter ] --END-- [ RunTime:0.004318s ]
INFO: [ view_end ] --START--
INFO: Run ShowPageTrace Behavior [ RunTime:0.001268s ]
INFO: [ view_end ] --END-- [ RunTime:0.001335s ]

[ 2015-10-25T18:45:15+08:00 ] 127.0.0.1 /jiuye/index.php/Donate/update/id/5
INFO: [ route_check ] --START--
INFO: Run CheckRoute Behavior [ RunTime:0.002688s ]
INFO: [ route_check ] --END-- [ RunTime:0.002881s ]
INFO: [ app_begin ] --START--
INFO: Run ReadHtmlCache Behavior [ RunTime:0.001914s ]
INFO: [ app_begin ] --END-- [ RunTime:0.002163s ]
SQL: SHOW COLUMNS FROM `w_donate` [ RunTime:0.001616s ]
SQL: SHOW COLUMNS FROM `w_donate` [ RunTime:0.002199s ]
SQL: SELECT * FROM `w_donate` WHERE ( d_id=5 ) LIMIT 1   [ RunTime:0.001163s ]
SQL: SHOW COLUMNS FROM `w_typedonate` [ RunTime:0.003152s ]
SQL: SELECT * FROM `w_typedonate` WHERE ( 1=1 AND t_id='2' ) LIMIT 1   [ RunTime:0.000620s ]
SQL: SHOW COLUMNS FROM `w_typedonate` [ RunTime:0.001474s ]
SQL: SELECT * FROM `w_typedonate`  [ RunTime:0.000609s ]
INFO: [ view_template ] --START--
INFO: Run LocationTemplate Behavior [ RunTime:0.001717s ]
INFO: [ view_template ] --END-- [ RunTime:0.001795s ]
INFO: [ view_parse ] --START--
INFO: Run ParseTemplate Behavior [ RunTime:0.014457s ]
INFO: [ view_parse ] --END-- [ RunTime:0.014664s ]
INFO: [ view_filter ] --START--
INFO: Run ContentReplace Behavior [ RunTime:0.001523s ]
INFO: Run TokenBuild Behavior [ RunTime:0.003385s ]
INFO: Run WriteHtmlCache Behavior [ RunTime:0.002297s ]
INFO: Run ShowRuntime Behavior [ RunTime:0.001586s ]
INFO: [ view_filter ] --END-- [ RunTime:0.009402s ]
INFO: [ view_end ] --START--
INFO: Run ShowPageTrace Behavior [ RunTime:0.001602s ]
INFO: [ view_end ] --END-- [ RunTime:0.001682s ]

[ 2015-10-25T18:45:18+08:00 ] 127.0.0.1 /jiuye/index.php/Donate/update/id/5
INFO: [ route_check ] --START--
INFO: Run CheckRoute Behavior [ RunTime:0.001581s ]
INFO: [ route_check ] --END-- [ RunTime:0.001692s ]
INFO: [ app_begin ] --START--
INFO: Run ReadHtmlCache Behavior [ RunTime:0.001282s ]
INFO: [ app_begin ] --END-- [ RunTime:0.001381s ]
SQL: SHOW COLUMNS FROM `w_donate` [ RunTime:0.002011s ]
SQL: UPDATE `w_donate` SET `d_name`='朱晓',`d_money`=1000,`t_id`=2,`d_time`='2014-10-23',`d_tel`='13326343317',`d_shifou`=1,`d_remarks`='好' WHERE ( d_id=5 ) [ RunTime:0.000556s ]
INFO: [ view_template ] --START--
INFO: Run LocationTemplate Behavior [ RunTime:0.002829s ]
INFO: [ view_template ] --END-- [ RunTime:0.003025s ]
INFO: [ view_parse ] --START--
INFO: Run ParseTemplate Behavior [ RunTime:0.010475s ]
INFO: [ view_parse ] --END-- [ RunTime:0.010555s ]
INFO: [ view_filter ] --START--
INFO: Run ContentReplace Behavior [ RunTime:0.000874s ]
INFO: Run TokenBuild Behavior [ RunTime:0.000883s ]
INFO: Run WriteHtmlCache Behavior [ RunTime:0.000950s ]
INFO: Run ShowRuntime Behavior [ RunTime:0.001027s ]
INFO: [ view_filter ] --END-- [ RunTime:0.003904s ]
INFO: [ view_end ] --START--
INFO: Run ShowPageTrace Behavior [ RunTime:0.001108s ]
INFO: [ view_end ] --END-- [ RunTime:0.001163s ]

[ 2015-10-25T18:45:19+08:00 ] 127.0.0.1 /jiuye/index.php/Donate/juanzeng
INFO: [ route_check ] --START--
INFO: Run CheckRoute Behavior [ RunTime:0.001482s ]
INFO: [ route_check ] --END-- [ RunTime:0.001578s ]
INFO: [ app_begin ] --START--
INFO: Run ReadHtmlCache Behavior [ RunTime:0.001068s ]
INFO: [ app_begin ] --END-- [ RunTime:0.001136s ]
NOTIC: [2] Missing argument 4 for PublicAction::pages(), called in D:\xampp\htdocs\Jiuye\Work\Lib\Action\DonateAction.class.php on line 24 and defined D:\xampp\htdocs\Jiuye\Work\Lib\Action\PublicAction.class.php 第 44 行.
SQL: SHOW COLUMNS FROM `w_donate` [ RunTime:0.001713s ]
SQL: SELECT COUNT(*) AS tp_count FROM `w_donate` LIMIT 1   [ RunTime:0.000268s ]
NOTIC: [8] Undefined variable: where D:\xampp\htdocs\Jiuye\Work\Lib\Action\PublicAction.class.php 第 51 行.
SQL: SELECT * FROM `w_donate` WHERE ( 1 ) LIMIT 0,3   [ RunTime:0.000259s ]
SQL: SHOW COLUMNS FROM `w_typedonate` [ RunTime:0.001908s ]
SQL: SELECT * FROM `w_typedonate` WHERE ( 1=1 AND t_id='1' ) LIMIT 1   [ RunTime:0.000947s ]
SQL: SELECT * FROM `w_typedonate` WHERE ( 1=1 AND t_id='3' ) LIMIT 1   [ RunTime:0.000923s ]
SQL: SELECT * FROM `w_typedonate` WHERE ( 1=1 AND t_id='1' ) LIMIT 1   [ RunTime:0.000262s ]
INFO: [ view_template ] --START--
INFO: Run LocationTemplate Behavior [ RunTime:0.001444s ]
INFO: [ view_template ] --END-- [ RunTime:0.001517s ]
INFO: [ view_parse ] --START--
INFO: Run ParseTemplate Behavior [ RunTime:0.012542s ]
INFO: [ view_parse ] --END-- [ RunTime:0.012618s ]
INFO: [ view_filter ] --START--
INFO: Run ContentReplace Behavior [ RunTime:0.000927s ]
INFO: Run TokenBuild Behavior [ RunTime:0.000893s ]
INFO: Run WriteHtmlCache Behavior [ RunTime:0.000792s ]
INFO: Run ShowRuntime Behavior [ RunTime:0.000969s ]
INFO: [ view_filter ] --END-- [ RunTime:0.003744s ]
INFO: [ view_end ] --START--
INFO: Run ShowPageTrace Behavior [ RunTime:0.001216s ]
INFO: [ view_end ] --END-- [ RunTime:0.001275s ]

[ 2015-10-25T18:46:00+08:00 ] 127.0.0.1 /jiuye/index.php/Donate/juanzeng/p/2
INFO: [ route_check ] --START--
INFO: Run CheckRoute Behavior [ RunTime:0.001618s ]
INFO: [ route_check ] --END-- [ RunTime:0.001703s ]
INFO: [ app_begin ] --START--
INFO: Run ReadHtmlCache Behavior [ RunTime:0.001116s ]
INFO: [ app_begin ] --END-- [ RunTime:0.001212s ]
NOTIC: [2] Missing argument 4 for PublicAction::pages(), called in D:\xampp\htdocs\Jiuye\Work\Lib\Action\DonateAction.class.php on line 24 and defined D:\xampp\htdocs\Jiuye\Work\Lib\Action\PublicAction.class.php 第 44 行.
SQL: SHOW COLUMNS FROM `w_donate` [ RunTime:0.002142s ]
SQL: SELECT COUNT(*) AS tp_count FROM `w_donate` LIMIT 1   [ RunTime:0.000344s ]
NOTIC: [8] Undefined variable: where D:\xampp\htdocs\Jiuye\Work\Lib\Action\PublicAction.class.php 第 51 行.
SQL: SELECT * FROM `w_donate` WHERE ( 1 ) LIMIT 3,3   [ RunTime:0.000307s ]
SQL: SHOW COLUMNS FROM `w_typedonate` [ RunTime:0.001620s ]
SQL: SELECT * FROM `w_typedonate` WHERE ( 1=1 AND t_id='2' ) LIMIT 1   [ RunTime:0.000469s ]
SQL: SELECT * FROM `w_typedonate` WHERE ( 1=1 AND t_id='2' ) LIMIT 1   [ RunTime:0.000310s ]
SQL: SELECT * FROM `w_typedonate` WHERE ( 1=1 AND t_id='2' ) LIMIT 1   [ RunTime:0.000280s ]
INFO: [ view_template ] --START--
INFO: Run LocationTemplate Behavior [ RunTime:0.001511s ]
INFO: [ view_template ] --END-- [ RunTime:0.001609s ]
INFO: [ view_parse ] --START--
INFO: Run ParseTemplate Behavior [ RunTime:0.020630s ]
INFO: [ view_parse ] --END-- [ RunTime:0.020763s ]
INFO: [ view_filter ] --START--
INFO: Run ContentReplace Behavior [ RunTime:0.001199s ]
INFO: Run TokenBuild Behavior [ RunTime:0.001081s ]
INFO: Run WriteHtmlCache Behavior [ RunTime:0.000925s ]
INFO: Run ShowRuntime Behavior [ RunTime:0.001742s ]
INFO: [ view_filter ] --END-- [ RunTime:0.005216s ]
INFO: [ view_end ] --START--
INFO: Run ShowPageTrace Behavior [ RunTime:0.002309s ]
INFO: [ view_end ] --END-- [ RunTime:0.002419s ]

[ 2015-10-25T18:46:01+08:00 ] 127.0.0.1 /jiuye/index.php/Donate/update/id/6
INFO: [ route_check ] --START--
INFO: Run CheckRoute Behavior [ RunTime:0.001611s ]
INFO: [ route_check ] --END-- [ RunTime:0.001709s ]
INFO: [ app_begin ] --START--
INFO: Run ReadHtmlCache Behavior [ RunTime:0.001176s ]
INFO: [ app_begin ] --END-- [ RunTime:0.001248s ]
SQL: SHOW COLUMNS FROM `w_donate` [ RunTime:0.002940s ]
SQL: SHOW COLUMNS FROM `w_donate` [ RunTime:0.001564s ]
SQL: SELECT * FROM `w_donate` WHERE ( d_id=6 ) LIMIT 1   [ RunTime:0.000452s ]
SQL: SHOW COLUMNS FROM `w_typedonate` [ RunTime:0.003026s ]
SQL: SELECT * FROM `w_typedonate` WHERE ( 1=1 AND t_id='2' ) LIMIT 1   [ RunTime:0.000459s ]
SQL: SHOW COLUMNS FROM `w_typedonate` [ RunTime:0.001558s ]
SQL: SELECT * FROM `w_typedonate`  [ RunTime:0.000465s ]
INFO: [ view_template ] --START--
INFO: Run LocationTemplate Behavior [ RunTime:0.001661s ]
INFO: [ view_template ] --END-- [ RunTime:0.001732s ]
INFO: [ view_parse ] --START--
INFO: Run ParseTemplate Behavior [ RunTime:0.016280s ]
INFO: [ view_parse ] --END-- [ RunTime:0.016451s ]
INFO: [ view_filter ] --START--
INFO: Run ContentReplace Behavior [ RunTime:0.001043s ]
INFO: Run TokenBuild Behavior [ RunTime:0.001020s ]
INFO: Run WriteHtmlCache Behavior [ RunTime:0.000918s ]
INFO: Run ShowRuntime Behavior [ RunTime:0.001090s ]
INFO: [ view_filter ] --END-- [ RunTime:0.004261s ]
INFO: [ view_end ] --START--
INFO: Run ShowPageTrace Behavior [ RunTime:0.001607s ]
INFO: [ view_end ] --END-- [ RunTime:0.001681s ]

[ 2015-10-25T18:46:22+08:00 ] 127.0.0.1 /jiuye/index.php/Donate/update/id/6
INFO: [ route_check ] --START--
INFO: Run CheckRoute Behavior [ RunTime:0.001367s ]
INFO: [ route_check ] --END-- [ RunTime:0.001451s ]
INFO: [ app_begin ] --START--
INFO: Run ReadHtmlCache Behavior [ RunTime:0.001058s ]
INFO: [ app_begin ] --END-- [ RunTime:0.001156s ]
SQL: SHOW COLUMNS FROM `w_donate` [ RunTime:0.001551s ]
SQL: UPDATE `w_donate` SET `d_name`='逍遥',`d_money`=1200,`t_id`=2,`d_time`='1994-09-12',`d_tel`='13326343317',`d_shifou`=1,`d_remarks`='                	                好好用' WHERE ( d_id=6 ) [ RunTime:0.000296s ]
INFO: [ view_template ] --START--
INFO: Run LocationTemplate Behavior [ RunTime:0.002793s ]
INFO: [ view_template ] --END-- [ RunTime:0.002982s ]
INFO: [ view_parse ] --START--
INFO: Run ParseTemplate Behavior [ RunTime:0.011286s ]
INFO: [ view_parse ] --END-- [ RunTime:0.011392s ]
INFO: [ view_filter ] --START--
INFO: Run ContentReplace Behavior [ RunTime:0.001112s ]
INFO: Run TokenBuild Behavior [ RunTime:0.001957s ]
INFO: Run WriteHtmlCache Behavior [ RunTime:0.001871s ]
INFO: Run ShowRuntime Behavior [ RunTime:0.001148s ]
INFO: [ view_filter ] --END-- [ RunTime:0.006458s ]
INFO: [ view_end ] --START--
INFO: Run ShowPageTrace Behavior [ RunTime:0.001253s ]
INFO: [ view_end ] --END-- [ RunTime:0.001314s ]

[ 2015-10-25T18:46:23+08:00 ] 127.0.0.1 /jiuye/index.php/Donate/juanzeng
INFO: [ route_check ] --START--
INFO: Run CheckRoute Behavior [ RunTime:0.004772s ]
INFO: [ route_check ] --END-- [ RunTime:0.004950s ]
INFO: [ app_begin ] --START--
INFO: Run ReadHtmlCache Behavior [ RunTime:0.002211s ]
INFO: [ app_begin ] --END-- [ RunTime:0.002350s ]
NOTIC: [2] Missing argument 4 for PublicAction::pages(), called in D:\xampp\htdocs\Jiuye\Work\Lib\Action\DonateAction.class.php on line 24 and defined D:\xampp\htdocs\Jiuye\Work\Lib\Action\PublicAction.class.php 第 44 行.
SQL: SHOW COLUMNS FROM `w_donate` [ RunTime:0.001767s ]
SQL: SELECT COUNT(*) AS tp_count FROM `w_donate` LIMIT 1   [ RunTime:0.000678s ]
NOTIC: [8] Undefined variable: where D:\xampp\htdocs\Jiuye\Work\Lib\Action\PublicAction.class.php 第 51 行.
SQL: SELECT * FROM `w_donate` WHERE ( 1 ) LIMIT 0,3   [ RunTime:0.000402s ]
SQL: SHOW COLUMNS FROM `w_typedonate` [ RunTime:0.001508s ]
SQL: SELECT * FROM `w_typedonate` WHERE ( 1=1 AND t_id='1' ) LIMIT 1   [ RunTime:0.000356s ]
SQL: SELECT * FROM `w_typedonate` WHERE ( 1=1 AND t_id='3' ) LIMIT 1   [ RunTime:0.000388s ]
SQL: SELECT * FROM `w_typedonate` WHERE ( 1=1 AND t_id='1' ) LIMIT 1   [ RunTime:0.000347s ]
INFO: [ view_template ] --START--
INFO: Run LocationTemplate Behavior [ RunTime:0.001335s ]
INFO: [ view_template ] --END-- [ RunTime:0.001398s ]
INFO: [ view_parse ] --START--
INFO: Run ParseTemplate Behavior [ RunTime:0.013012s ]
INFO: [ view_parse ] --END-- [ RunTime:0.013090s ]
INFO: [ view_filter ] --START--
INFO: Run ContentReplace Behavior [ RunTime:0.000924s ]
INFO: Run TokenBuild Behavior [ RunTime:0.000892s ]
INFO: Run WriteHtmlCache Behavior [ RunTime:0.000790s ]
INFO: Run ShowRuntime Behavior [ RunTime:0.001195s ]
INFO: [ view_filter ] --END-- [ RunTime:0.003982s ]
INFO: [ view_end ] --START--
INFO: Run ShowPageTrace Behavior [ RunTime:0.001300s ]
INFO: [ view_end ] --END-- [ RunTime:0.001360s ]

[ 2015-10-25T18:46:24+08:00 ] 127.0.0.1 /jiuye/index.php/Donate/juanzeng/p/2
INFO: [ route_check ] --START--
INFO: Run CheckRoute Behavior [ RunTime:0.001602s ]
INFO: [ route_check ] --END-- [ RunTime:0.001700s ]
INFO: [ app_begin ] --START--
INFO: Run ReadHtmlCache Behavior [ RunTime:0.001292s ]
INFO: [ app_begin ] --END-- [ RunTime:0.001382s ]
NOTIC: [2] Missing argument 4 for PublicAction::pages(), called in D:\xampp\htdocs\Jiuye\Work\Lib\Action\DonateAction.class.php on line 24 and defined D:\xampp\htdocs\Jiuye\Work\Lib\Action\PublicAction.class.php 第 44 行.
SQL: SHOW COLUMNS FROM `w_donate` [ RunTime:0.002811s ]
SQL: SELECT COUNT(*) AS tp_count FROM `w_donate` LIMIT 1   [ RunTime:0.000400s ]
NOTIC: [8] Undefined variable: where D:\xampp\htdocs\Jiuye\Work\Lib\Action\PublicAction.class.php 第 51 行.
SQL: SELECT * FROM `w_donate` WHERE ( 1 ) LIMIT 3,3   [ RunTime:0.000397s ]
SQL: SHOW COLUMNS FROM `w_typedonate` [ RunTime:0.003104s ]
SQL: SELECT * FROM `w_typedonate` WHERE ( 1=1 AND t_id='2' ) LIMIT 1   [ RunTime:0.001659s ]
SQL: SELECT * FROM `w_typedonate` WHERE ( 1=1 AND t_id='2' ) LIMIT 1   [ RunTime:0.000322s ]
SQL: SELECT * FROM `w_typedonate` WHERE ( 1=1 AND t_id='2' ) LIMIT 1   [ RunTime:0.000432s ]
INFO: [ view_template ] --START--
INFO: Run LocationTemplate Behavior [ RunTime:0.001594s ]
INFO: [ view_template ] --END-- [ RunTime:0.001706s ]
INFO: [ view_parse ] --START--
INFO: Run ParseTemplate Behavior [ RunTime:0.014450s ]
INFO: [ view_parse ] --END-- [ RunTime:0.014621s ]
INFO: [ view_filter ] --START--
INFO: Run ContentReplace Behavior [ RunTime:0.000914s ]
INFO: Run TokenBuild Behavior [ RunTime:0.000940s ]
INFO: Run WriteHtmlCache Behavior [ RunTime:0.000790s ]
INFO: Run ShowRuntime Behavior [ RunTime:0.000964s ]
INFO: [ view_filter ] --END-- [ RunTime:0.003772s ]
INFO: [ view_end ] --START--
INFO: Run ShowPageTrace Behavior [ RunTime:0.001144s ]
INFO: [ view_end ] --END-- [ RunTime:0.001201s ]

[ 2015-10-25T18:46:27+08:00 ] 127.0.0.1 /jiuye/index.php/Donate/juanzeng/p/1
INFO: [ route_check ] --START--
INFO: Run CheckRoute Behavior [ RunTime:0.001528s ]
INFO: [ route_check ] --END-- [ RunTime:0.001624s ]
INFO: [ app_begin ] --START--
INFO: Run ReadHtmlCache Behavior [ RunTime:0.001171s ]
INFO: [ app_begin ] --END-- [ RunTime:0.001244s ]
NOTIC: [2] Missing argument 4 for PublicAction::pages(), called in D:\xampp\htdocs\Jiuye\Work\Lib\Action\DonateAction.class.php on line 24 and defined D:\xampp\htdocs\Jiuye\Work\Lib\Action\PublicAction.class.php 第 44 行.
SQL: SHOW COLUMNS FROM `w_donate` [ RunTime:0.002072s ]
SQL: SELECT COUNT(*) AS tp_count FROM `w_donate` LIMIT 1   [ RunTime:0.000342s ]
NOTIC: [8] Undefined variable: where D:\xampp\htdocs\Jiuye\Work\Lib\Action\PublicAction.class.php 第 51 行.
SQL: SELECT * FROM `w_donate` WHERE ( 1 ) LIMIT 0,3   [ RunTime:0.000254s ]
SQL: SHOW COLUMNS FROM `w_typedonate` [ RunTime:0.001441s ]
SQL: SELECT * FROM `w_typedonate` WHERE ( 1=1 AND t_id='1' ) LIMIT 1   [ RunTime:0.000524s ]
SQL: SELECT * FROM `w_typedonate` WHERE ( 1=1 AND t_id='3' ) LIMIT 1   [ RunTime:0.000261s ]
SQL: SELECT * FROM `w_typedonate` WHERE ( 1=1 AND t_id='1' ) LIMIT 1   [ RunTime:0.000235s ]
INFO: [ view_template ] --START--
INFO: Run LocationTemplate Behavior [ RunTime:0.001381s ]
INFO: [ view_template ] --END-- [ RunTime:0.001447s ]
INFO: [ view_parse ] --START--
INFO: Run ParseTemplate Behavior [ RunTime:0.012761s ]
INFO: [ view_parse ] --END-- [ RunTime:0.012845s ]
INFO: [ view_filter ] --START--
INFO: Run ContentReplace Behavior [ RunTime:0.000910s ]
INFO: Run TokenBuild Behavior [ RunTime:0.000929s ]
INFO: Run WriteHtmlCache Behavior [ RunTime:0.000788s ]
INFO: Run ShowRuntime Behavior [ RunTime:0.000961s ]
INFO: [ view_filter ] --END-- [ RunTime:0.003748s ]
INFO: [ view_end ] --START--
INFO: Run ShowPageTrace Behavior [ RunTime:0.001174s ]
INFO: [ view_end ] --END-- [ RunTime:0.001264s ]

[ 2015-10-25T18:46:28+08:00 ] 127.0.0.1 /jiuye/index.php/Donate/juanzeng/p/2
INFO: [ route_check ] --START--
INFO: Run CheckRoute Behavior [ RunTime:0.001432s ]
INFO: [ route_check ] --END-- [ RunTime:0.001508s ]
INFO: [ app_begin ] --START--
INFO: Run ReadHtmlCache Behavior [ RunTime:0.001490s ]
INFO: [ app_begin ] --END-- [ RunTime:0.001578s ]
NOTIC: [2] Missing argument 4 for PublicAction::pages(), called in D:\xampp\htdocs\Jiuye\Work\Lib\Action\DonateAction.class.php on line 24 and defined D:\xampp\htdocs\Jiuye\Work\Lib\Action\PublicAction.class.php 第 44 行.
SQL: SHOW COLUMNS FROM `w_donate` [ RunTime:0.001859s ]
SQL: SELECT COUNT(*) AS tp_count FROM `w_donate` LIMIT 1   [ RunTime:0.000367s ]
NOTIC: [8] Undefined variable: where D:\xampp\htdocs\Jiuye\Work\Lib\Action\PublicAction.class.php 第 51 行.
SQL: SELECT * FROM `w_donate` WHERE ( 1 ) LIMIT 3,3   [ RunTime:0.000314s ]
SQL: SHOW COLUMNS FROM `w_typedonate` [ RunTime:0.001759s ]
SQL: SELECT * FROM `w_typedonate` WHERE ( 1=1 AND t_id='2' ) LIMIT 1   [ RunTime:0.000538s ]
SQL: SELECT * FROM `w_typedonate` WHERE ( 1=1 AND t_id='2' ) LIMIT 1   [ RunTime:0.000417s ]
SQL: SELECT * FROM `w_typedonate` WHERE ( 1=1 AND t_id='2' ) LIMIT 1   [ RunTime:0.000386s ]
INFO: [ view_template ] --START--
INFO: Run LocationTemplate Behavior [ RunTime:0.003761s ]
INFO: [ view_template ] --END-- [ RunTime:0.003855s ]
INFO: [ view_parse ] --START--
INFO: Run ParseTemplate Behavior [ RunTime:0.016368s ]
INFO: [ view_parse ] --END-- [ RunTime:0.016493s ]
INFO: [ view_filter ] --START--
INFO: Run ContentReplace Behavior [ RunTime:0.001192s ]
INFO: Run TokenBuild Behavior [ RunTime:0.000950s ]
INFO: Run WriteHtmlCache Behavior [ RunTime:0.000789s ]
INFO: Run ShowRuntime Behavior [ RunTime:0.001005s ]
INFO: [ view_filter ] --END-- [ RunTime:0.004109s ]
INFO: [ view_end ] --START--
INFO: Run ShowPageTrace Behavior [ RunTime:0.001112s ]
INFO: [ view_end ] --END-- [ RunTime:0.001170s ]

[ 2015-10-25T18:46:32+08:00 ] 127.0.0.1 /jiuye/index.php/Donate/update/id/8
INFO: [ route_check ] --START--
INFO: Run CheckRoute Behavior [ RunTime:0.001536s ]
INFO: [ route_check ] --END-- [ RunTime:0.001636s ]
INFO: [ app_begin ] --START--
INFO: Run ReadHtmlCache Behavior [ RunTime:0.001182s ]
INFO: [ app_begin ] --END-- [ RunTime:0.001269s ]
SQL: SHOW COLUMNS FROM `w_donate` [ RunTime:0.001648s ]
SQL: SHOW COLUMNS FROM `w_donate` [ RunTime:0.001738s ]
SQL: SELECT * FROM `w_donate` WHERE ( d_id=8 ) LIMIT 1   [ RunTime:0.000466s ]
SQL: SHOW COLUMNS FROM `w_typedonate` [ RunTime:0.001513s ]
SQL: SELECT * FROM `w_typedonate` WHERE ( 1=1 AND t_id='2' ) LIMIT 1   [ RunTime:0.000486s ]
SQL: SHOW COLUMNS FROM `w_typedonate` [ RunTime:0.001619s ]
SQL: SELECT * FROM `w_typedonate`  [ RunTime:0.000492s ]
INFO: [ view_template ] --START--
INFO: Run LocationTemplate Behavior [ RunTime:0.003035s ]
INFO: [ view_template ] --END-- [ RunTime:0.003120s ]
INFO: [ view_parse ] --START--
INFO: Run ParseTemplate Behavior [ RunTime:0.016918s ]
INFO: [ view_parse ] --END-- [ RunTime:0.017143s ]
INFO: [ view_filter ] --START--
INFO: Run ContentReplace Behavior [ RunTime:0.001150s ]
INFO: Run TokenBuild Behavior [ RunTime:0.001135s ]
INFO: Run WriteHtmlCache Behavior [ RunTime:0.000992s ]
INFO: Run ShowRuntime Behavior [ RunTime:0.001132s ]
INFO: [ view_filter ] --END-- [ RunTime:0.004652s ]
INFO: [ view_end ] --START--
INFO: Run ShowPageTrace Behavior [ RunTime:0.001335s ]
INFO: [ view_end ] --END-- [ RunTime:0.001407s ]

[ 2015-10-25T18:46:50+08:00 ] 127.0.0.1 /jiuye/index.php/Donate/update/id/8
INFO: [ route_check ] --START--
INFO: Run CheckRoute Behavior [ RunTime:0.001719s ]
INFO: [ route_check ] --END-- [ RunTime:0.001844s ]
INFO: [ app_begin ] --START--
INFO: Run ReadHtmlCache Behavior [ RunTime:0.001396s ]
INFO: [ app_begin ] --END-- [ RunTime:0.001498s ]
SQL: SHOW COLUMNS FROM `w_donate` [ RunTime:0.001645s ]
SQL: UPDATE `w_donate` SET `d_name`='魏茂磊',`d_money`=1000,`t_id`=2,`d_time`='1992-09-01',`d_tel`='13326343310',`d_shifou`=1,`d_remarks`='好好啊哈哈哦啊                ' WHERE ( d_id=8 ) [ RunTime:0.000388s ]
INFO: [ view_template ] --START--
INFO: Run LocationTemplate Behavior [ RunTime:0.001457s ]
INFO: [ view_template ] --END-- [ RunTime:0.001530s ]
INFO: [ view_parse ] --START--
INFO: Run ParseTemplate Behavior [ RunTime:0.011985s ]
INFO: [ view_parse ] --END-- [ RunTime:0.012076s ]
INFO: [ view_filter ] --START--
INFO: Run ContentReplace Behavior [ RunTime:0.000930s ]
INFO: Run TokenBuild Behavior [ RunTime:0.000892s ]
INFO: Run WriteHtmlCache Behavior [ RunTime:0.000791s ]
INFO: Run ShowRuntime Behavior [ RunTime:0.000999s ]
INFO: [ view_filter ] --END-- [ RunTime:0.003777s ]
INFO: [ view_end ] --START--
INFO: Run ShowPageTrace Behavior [ RunTime:0.001146s ]
INFO: [ view_end ] --END-- [ RunTime:0.001203s ]

[ 2015-10-25T18:46:51+08:00 ] 127.0.0.1 /jiuye/index.php/Donate/juanzeng
INFO: [ route_check ] --START--
INFO: Run CheckRoute Behavior [ RunTime:0.001334s ]
INFO: [ route_check ] --END-- [ RunTime:0.001419s ]
INFO: [ app_begin ] --START--
INFO: Run ReadHtmlCache Behavior [ RunTime:0.001044s ]
INFO: [ app_begin ] --END-- [ RunTime:0.001107s ]
NOTIC: [2] Missing argument 4 for PublicAction::pages(), called in D:\xampp\htdocs\Jiuye\Work\Lib\Action\DonateAction.class.php on line 24 and defined D:\xampp\htdocs\Jiuye\Work\Lib\Action\PublicAction.class.php 第 44 行.
SQL: SHOW COLUMNS FROM `w_donate` [ RunTime:0.003261s ]
SQL: SELECT COUNT(*) AS tp_count FROM `w_donate` LIMIT 1   [ RunTime:0.000425s ]
NOTIC: [8] Undefined variable: where D:\xampp\htdocs\Jiuye\Work\Lib\Action\PublicAction.class.php 第 51 行.
SQL: SELECT * FROM `w_donate` WHERE ( 1 ) LIMIT 0,3   [ RunTime:0.000443s ]
SQL: SHOW COLUMNS FROM `w_typedonate` [ RunTime:0.001686s ]
SQL: SELECT * FROM `w_typedonate` WHERE ( 1=1 AND t_id='1' ) LIMIT 1   [ RunTime:0.000371s ]
SQL: SELECT * FROM `w_typedonate` WHERE ( 1=1 AND t_id='3' ) LIMIT 1   [ RunTime:0.000372s ]
SQL: SELECT * FROM `w_typedonate` WHERE ( 1=1 AND t_id='1' ) LIMIT 1   [ RunTime:0.000333s ]
INFO: [ view_template ] --START--
INFO: Run LocationTemplate Behavior [ RunTime:0.001387s ]
INFO: [ view_template ] --END-- [ RunTime:0.001456s ]
INFO: [ view_parse ] --START--
INFO: Run ParseTemplate Behavior [ RunTime:0.012176s ]
INFO: [ view_parse ] --END-- [ RunTime:0.012283s ]
INFO: [ view_filter ] --START--
INFO: Run ContentReplace Behavior [ RunTime:0.001103s ]
INFO: Run TokenBuild Behavior [ RunTime:0.000895s ]
INFO: Run WriteHtmlCache Behavior [ RunTime:0.000793s ]
INFO: Run ShowRuntime Behavior [ RunTime:0.000967s ]
INFO: [ view_filter ] --END-- [ RunTime:0.003927s ]
INFO: [ view_end ] --START--
INFO: Run ShowPageTrace Behavior [ RunTime:0.001147s ]
INFO: [ view_end ] --END-- [ RunTime:0.001240s ]

[ 2015-10-25T20:10:22+08:00 ] 127.0.0.1 /jiuye/index.php/Advise/jianyi
INFO: [ route_check ] --START--
INFO: Run CheckRoute Behavior [ RunTime:0.000949s ]
INFO: [ route_check ] --END-- [ RunTime:0.001064s ]
INFO: [ app_begin ] --START--
INFO: Run ReadHtmlCache Behavior [ RunTime:0.000777s ]
INFO: [ app_begin ] --END-- [ RunTime:0.000901s ]
INFO: [ view_template ] --START--
INFO: Run LocationTemplate Behavior [ RunTime:0.000778s ]
INFO: [ view_template ] --END-- [ RunTime:0.000893s ]
INFO: [ view_parse ] --START--
INFO: Run ParseTemplate Behavior [ RunTime:0.008125s ]
INFO: [ view_parse ] --END-- [ RunTime:0.008223s ]
INFO: [ view_filter ] --START--
INFO: Run ContentReplace Behavior [ RunTime:0.000374s ]
INFO: Run TokenBuild Behavior [ RunTime:0.000373s ]
INFO: Run WriteHtmlCache Behavior [ RunTime:0.000217s ]
INFO: Run ShowRuntime Behavior [ RunTime:0.000459s ]
INFO: [ view_filter ] --END-- [ RunTime:0.001682s ]
INFO: [ view_end ] --START--
INFO: Run ShowPageTrace Behavior [ RunTime:0.000727s ]
INFO: [ view_end ] --END-- [ RunTime:0.000815s ]
NOTIC: [2] Missing argument 4 for PublicAction::page(), called in D:\xampp\htdocs\Jiuye\Work\Lib\Action\AdviseAction.class.php on line 11 and defined D:\xampp\htdocs\Jiuye\Work\Lib\Action\PublicAction.class.php 第 13 行.
SQL: SHOW COLUMNS FROM `w_advise` [ RunTime:0.001849s ]
SQL: SELECT COUNT(*) AS tp_count FROM `w_advise` LIMIT 1   [ RunTime:0.000322s ]
NOTIC: [8] Undefined variable: where D:\xampp\htdocs\Jiuye\Work\Lib\Action\PublicAction.class.php 第 20 行.
SQL: SELECT * FROM `w_advise` WHERE ( 1 ) LIMIT 0,3   [ RunTime:0.000424s ]
INFO: [ view_template ] --START--
INFO: Run LocationTemplate Behavior [ RunTime:0.001012s ]
INFO: [ view_template ] --END-- [ RunTime:-0.027840s ]
INFO: [ view_parse ] --START--
INFO: Run ParseTemplate Behavior [ RunTime:0.019024s ]
INFO: [ view_parse ] --END-- [ RunTime:-0.020717s ]
INFO: [ view_filter ] --START--
INFO: Run ContentReplace Behavior [ RunTime:0.000080s ]
INFO: Run TokenBuild Behavior [ RunTime:0.000042s ]
INFO: Run WriteHtmlCache Behavior [ RunTime:0.000013s ]
INFO: Run ShowRuntime Behavior [ RunTime:0.000068s ]
INFO: [ view_filter ] --END-- [ RunTime:-0.038183s ]
INFO: [ view_end ] --START--
INFO: Run ShowPageTrace Behavior [ RunTime:0.000033s ]
INFO: [ view_end ] --END-- [ RunTime:-0.037714s ]

[ 2015-10-25T20:10:23+08:00 ] 127.0.0.1 /jiuye/index.php/Index/login
INFO: [ route_check ] --START--
INFO: Run CheckRoute Behavior [ RunTime:0.000911s ]
INFO: [ route_check ] --END-- [ RunTime:0.001002s ]
INFO: [ app_begin ] --START--
INFO: Run ReadHtmlCache Behavior [ RunTime:0.000471s ]
INFO: [ app_begin ] --END-- [ RunTime:0.000570s ]
INFO: [ view_template ] --START--
INFO: Run LocationTemplate Behavior [ RunTime:0.000846s ]
INFO: [ view_template ] --END-- [ RunTime:0.000956s ]
INFO: [ view_parse ] --START--
INFO: Run ParseTemplate Behavior [ RunTime:0.007906s ]
INFO: [ view_parse ] --END-- [ RunTime:0.008006s ]
INFO: [ view_filter ] --START--
INFO: Run ContentReplace Behavior [ RunTime:0.000290s ]
INFO: Run TokenBuild Behavior [ RunTime:0.000323s ]
INFO: Run WriteHtmlCache Behavior [ RunTime:0.000201s ]
INFO: Run ShowRuntime Behavior [ RunTime:0.000411s ]
INFO: [ view_filter ] --END-- [ RunTime:0.001378s ]
INFO: [ view_end ] --START--
INFO: Run ShowPageTrace Behavior [ RunTime:0.000538s ]
INFO: [ view_end ] --END-- [ RunTime:0.000592s ]

[ 2015-10-25T20:10:34+08:00 ] 127.0.0.1 /jiuye/index.php/Advise/jianyi
INFO: [ route_check ] --START--
INFO: Run CheckRoute Behavior [ RunTime:0.001241s ]
INFO: [ route_check ] --END-- [ RunTime:0.001482s ]
INFO: [ app_begin ] --START--
INFO: Run ReadHtmlCache Behavior [ RunTime:0.001094s ]
INFO: [ app_begin ] --END-- [ RunTime:0.001451s ]
INFO: [ view_template ] --START--
INFO: Run LocationTemplate Behavior [ RunTime:0.001683s ]
INFO: [ view_template ] --END-- [ RunTime:0.002103s ]
INFO: [ view_parse ] --START--
INFO: Run ParseTemplate Behavior [ RunTime:0.009636s ]
INFO: [ view_parse ] --END-- [ RunTime:0.009916s ]
INFO: [ view_filter ] --START--
INFO: Run ContentReplace Behavior [ RunTime:0.000477s ]
INFO: Run TokenBuild Behavior [ RunTime:0.000616s ]
INFO: Run WriteHtmlCache Behavior [ RunTime:0.000525s ]
INFO: Run ShowRuntime Behavior [ RunTime:0.000921s ]
INFO: [ view_filter ] --END-- [ RunTime:0.002912s ]
INFO: [ view_end ] --START--
INFO: Run ShowPageTrace Behavior [ RunTime:0.000711s ]
INFO: [ view_end ] --END-- [ RunTime:0.000796s ]
NOTIC: [2] Missing argument 4 for PublicAction::page(), called in D:\xampp\htdocs\Jiuye\Work\Lib\Action\AdviseAction.class.php on line 11 and defined D:\xampp\htdocs\Jiuye\Work\Lib\Action\PublicAction.class.php 第 13 行.
SQL: SHOW COLUMNS FROM `w_advise` [ RunTime:0.001984s ]
SQL: SELECT COUNT(*) AS tp_count FROM `w_advise` LIMIT 1   [ RunTime:0.000667s ]
NOTIC: [8] Undefined variable: where D:\xampp\htdocs\Jiuye\Work\Lib\Action\PublicAction.class.php 第 20 行.
SQL: SELECT * FROM `w_advise` WHERE ( 1 ) LIMIT 0,3   [ RunTime:0.000636s ]
INFO: [ view_template ] --START--
INFO: Run LocationTemplate Behavior [ RunTime:0.000634s ]
INFO: [ view_template ] --END-- [ RunTime:-0.036404s ]
INFO: [ view_parse ] --START--
INFO: Run ParseTemplate Behavior [ RunTime:0.004619s ]
INFO: [ view_parse ] --END-- [ RunTime:-0.026959s ]
INFO: [ view_filter ] --START--
INFO: Run ContentReplace Behavior [ RunTime:0.000074s ]
INFO: Run TokenBuild Behavior [ RunTime:0.000038s ]
INFO: Run WriteHtmlCache Behavior [ RunTime:0.000012s ]
INFO: Run ShowRuntime Behavior [ RunTime:0.000057s ]
INFO: [ view_filter ] --END-- [ RunTime:-0.028782s ]
INFO: [ view_end ] --START--
INFO: Run ShowPageTrace Behavior [ RunTime:0.000032s ]
INFO: [ view_end ] --END-- [ RunTime:-0.028287s ]

[ 2015-10-25T20:10:34+08:00 ] 127.0.0.1 /jiuye/index.php/User/geren
INFO: [ route_check ] --START--
INFO: Run CheckRoute Behavior [ RunTime:0.000965s ]
INFO: [ route_check ] --END-- [ RunTime:0.001082s ]
INFO: [ app_begin ] --START--
INFO: Run ReadHtmlCache Behavior [ RunTime:0.000576s ]
INFO: [ app_begin ] --END-- [ RunTime:0.000656s ]
INFO: [ view_template ] --START--
INFO: Run LocationTemplate Behavior [ RunTime:0.002584s ]
INFO: [ view_template ] --END-- [ RunTime:0.002901s ]
INFO: [ view_parse ] --START--
INFO: Run ParseTemplate Behavior [ RunTime:0.030826s ]
INFO: [ view_parse ] --END-- [ RunTime:0.031156s ]
INFO: [ view_filter ] --START--
INFO: Run ContentReplace Behavior [ RunTime:0.001142s ]
INFO: Run TokenBuild Behavior [ RunTime:0.001047s ]
INFO: Run WriteHtmlCache Behavior [ RunTime:0.000723s ]
INFO: Run ShowRuntime Behavior [ RunTime:0.001391s ]
INFO: [ view_filter ] --END-- [ RunTime:0.004914s ]
INFO: [ view_end ] --START--
INFO: Run ShowPageTrace Behavior [ RunTime:0.001899s ]
INFO: [ view_end ] --END-- [ RunTime:0.002081s ]
SQL: SHOW COLUMNS FROM `w_user` [ RunTime:0.004608s ]
NOTIC: [8] Undefined index:  uname D:\xampp\htdocs\Jiuye\Work\Lib\Action\UserAction.class.php 第 16 行.
NOTIC: [8] Undefined variable: where D:\xampp\htdocs\Jiuye\Work\Lib\Action\UserAction.class.php 第 23 行.
SQL: SHOW COLUMNS FROM `w_user` [ RunTime:0.002762s ]
SQL: SELECT COUNT(*) AS tp_count FROM `w_user` LIMIT 1   [ RunTime:0.000780s ]
SQL: SELECT * FROM `w_user` WHERE ( 1 ) LIMIT 0,3   [ RunTime:0.000774s ]
INFO: [ view_template ] --START--
INFO: Run LocationTemplate Behavior [ RunTime:0.001511s ]
INFO: [ view_template ] --END-- [ RunTime:-0.086911s ]
INFO: [ view_parse ] --START--
INFO: Run ParseTemplate Behavior [ RunTime:0.008027s ]
INFO: [ view_parse ] --END-- [ RunTime:-0.057336s ]
INFO: [ view_filter ] --START--
INFO: Run ContentReplace Behavior [ RunTime:0.000139s ]
INFO: Run TokenBuild Behavior [ RunTime:0.000040s ]
INFO: Run WriteHtmlCache Behavior [ RunTime:0.000012s ]
INFO: Run ShowRuntime Behavior [ RunTime:0.000059s ]
INFO: [ view_filter ] --END-- [ RunTime:-0.060463s ]
INFO: [ view_end ] --START--
INFO: Run ShowPageTrace Behavior [ RunTime:0.000032s ]
INFO: [ view_end ] --END-- [ RunTime:-0.058654s ]

[ 2015-10-25T20:10:35+08:00 ] 127.0.0.1 /jiuye/index.php/Index/login
INFO: [ route_check ] --START--
INFO: Run CheckRoute Behavior [ RunTime:0.001380s ]
INFO: [ route_check ] --END-- [ RunTime:0.001652s ]
INFO: [ app_begin ] --START--
INFO: Run ReadHtmlCache Behavior [ RunTime:0.000645s ]
INFO: [ app_begin ] --END-- [ RunTime:0.000742s ]
INFO: [ view_template ] --START--
INFO: Run LocationTemplate Behavior [ RunTime:0.000460s ]
INFO: [ view_template ] --END-- [ RunTime:0.000559s ]
INFO: [ view_parse ] --START--
INFO: Run ParseTemplate Behavior [ RunTime:0.013165s ]
INFO: [ view_parse ] --END-- [ RunTime:0.013399s ]
INFO: [ view_filter ] --START--
INFO: Run ContentReplace Behavior [ RunTime:0.000417s ]
INFO: Run TokenBuild Behavior [ RunTime:0.000372s ]
INFO: Run WriteHtmlCache Behavior [ RunTime:0.000240s ]
INFO: Run ShowRuntime Behavior [ RunTime:0.000448s ]
INFO: [ view_filter ] --END-- [ RunTime:0.001749s ]
INFO: [ view_end ] --START--
INFO: Run ShowPageTrace Behavior [ RunTime:0.000650s ]
INFO: [ view_end ] --END-- [ RunTime:0.000716s ]

[ 2015-10-25T20:10:35+08:00 ] 127.0.0.1 /jiuye/index.php/Enterprise/qiye
INFO: [ route_check ] --START--
INFO: Run CheckRoute Behavior [ RunTime:0.002317s ]
INFO: [ route_check ] --END-- [ RunTime:0.002448s ]
INFO: [ app_begin ] --START--
INFO: Run ReadHtmlCache Behavior [ RunTime:0.000828s ]
INFO: [ app_begin ] --END-- [ RunTime:0.000919s ]
INFO: [ view_template ] --START--
INFO: Run LocationTemplate Behavior [ RunTime:0.001077s ]
INFO: [ view_template ] --END-- [ RunTime:0.001152s ]
INFO: [ view_parse ] --START--
INFO: Run ParseTemplate Behavior [ RunTime:0.010020s ]
INFO: [ view_parse ] --END-- [ RunTime:0.010099s ]
INFO: [ view_filter ] --START--
INFO: Run ContentReplace Behavior [ RunTime:0.000916s ]
INFO: Run TokenBuild Behavior [ RunTime:0.000638s ]
INFO: Run WriteHtmlCache Behavior [ RunTime:0.000535s ]
INFO: Run ShowRuntime Behavior [ RunTime:0.000686s ]
INFO: [ view_filter ] --END-- [ RunTime:0.002941s ]
INFO: [ view_end ] --START--
INFO: Run ShowPageTrace Behavior [ RunTime:0.000856s ]
INFO: [ view_end ] --END-- [ RunTime:0.000911s ]
NOTIC: [2] Missing argument 4 for PublicAction::page(), called in D:\xampp\htdocs\Jiuye\Work\Lib\Action\EnterpriseAction.class.php on line 19 and defined D:\xampp\htdocs\Jiuye\Work\Lib\Action\PublicAction.class.php 第 13 行.
SQL: SHOW COLUMNS FROM `w_enterprise` [ RunTime:0.001692s ]
SQL: SELECT COUNT(*) AS tp_count FROM `w_enterprise` LIMIT 1   [ RunTime:0.000397s ]
NOTIC: [8] Undefined variable: where D:\xampp\htdocs\Jiuye\Work\Lib\Action\PublicAction.class.php 第 20 行.
SQL: SELECT * FROM `w_enterprise` WHERE ( 1 ) LIMIT 0,3   [ RunTime:0.000410s ]
INFO: [ view_template ] --START--
INFO: Run LocationTemplate Behavior [ RunTime:0.028511s ]
INFO: [ view_template ] --END-- [ RunTime:-0.031338s ]
INFO: [ view_parse ] --START--
INFO: Run ParseTemplate Behavior [ RunTime:0.005904s ]
INFO: [ view_parse ] --END-- [ RunTime:-0.049858s ]
INFO: [ view_filter ] --START--
INFO: Run ContentReplace Behavior [ RunTime:0.000085s ]
INFO: Run TokenBuild Behavior [ RunTime:0.000039s ]
INFO: Run WriteHtmlCache Behavior [ RunTime:0.000012s ]
INFO: Run ShowRuntime Behavior [ RunTime:0.000059s ]
INFO: [ view_filter ] --END-- [ RunTime:-0.052907s ]
INFO: [ view_end ] --START--
INFO: Run ShowPageTrace Behavior [ RunTime:0.000034s ]
INFO: [ view_end ] --END-- [ RunTime:-0.052308s ]

[ 2015-10-25T20:10:36+08:00 ] 127.0.0.1 /jiuye/index.php/Student/xuesheng
INFO: [ route_check ] --START--
INFO: Run CheckRoute Behavior [ RunTime:0.001001s ]
INFO: [ route_check ] --END-- [ RunTime:0.001119s ]
INFO: [ app_begin ] --START--
INFO: Run ReadHtmlCache Behavior [ RunTime:0.000593s ]
INFO: [ app_begin ] --END-- [ RunTime:0.000682s ]
INFO: [ view_template ] --START--
INFO: Run LocationTemplate Behavior [ RunTime:0.000437s ]
INFO: [ view_template ] --END-- [ RunTime:0.000550s ]
INFO: [ view_parse ] --START--
INFO: Run ParseTemplate Behavior [ RunTime:0.008947s ]
INFO: [ view_parse ] --END-- [ RunTime:0.009042s ]
INFO: [ view_filter ] --START--
INFO: Run ContentReplace Behavior [ RunTime:0.000870s ]
INFO: Run TokenBuild Behavior [ RunTime:0.000350s ]
INFO: Run WriteHtmlCache Behavior [ RunTime:0.000242s ]
INFO: Run ShowRuntime Behavior [ RunTime:0.000423s ]
INFO: [ view_filter ] --END-- [ RunTime:0.002086s ]
INFO: [ view_end ] --START--
INFO: Run ShowPageTrace Behavior [ RunTime:0.000642s ]
INFO: [ view_end ] --END-- [ RunTime:0.000711s ]
NOTIC: [2] Missing argument 4 for PublicAction::pages(), called in D:\xampp\htdocs\Jiuye\Work\Lib\Action\StudentAction.class.php on line 26 and defined D:\xampp\htdocs\Jiuye\Work\Lib\Action\PublicAction.class.php 第 44 行.
SQL: SHOW COLUMNS FROM `w_student` [ RunTime:0.002392s ]
SQL: SELECT COUNT(*) AS tp_count FROM `w_student` LIMIT 1   [ RunTime:0.000546s ]
NOTIC: [8] Undefined variable: where D:\xampp\htdocs\Jiuye\Work\Lib\Action\PublicAction.class.php 第 51 行.
SQL: SELECT * FROM `w_student` WHERE ( 1 ) LIMIT 0,3   [ RunTime:0.000628s ]
SQL: SHOW COLUMNS FROM `w_class` [ RunTime:0.003662s ]
SQL: SELECT * FROM `w_class` WHERE ( 1=1 AND c_id='5' ) LIMIT 1   [ RunTime:0.000791s ]
SQL: SELECT * FROM `w_class` WHERE ( 1=1 AND c_id='2' ) LIMIT 1   [ RunTime:0.000657s ]
SQL: SELECT * FROM `w_class` WHERE ( 1=1 AND c_id='2' ) LIMIT 1   [ RunTime:0.000614s ]
SQL: SHOW COLUMNS FROM `w_grade` [ RunTime:0.001969s ]
SQL: SELECT * FROM `w_grade`  [ RunTime:0.000888s ]
INFO: [ view_template ] --START--
INFO: Run LocationTemplate Behavior [ RunTime:0.005997s ]
INFO: [ view_template ] --END-- [ RunTime:-0.060452s ]
INFO: [ view_parse ] --START--
INFO: Run ParseTemplate Behavior [ RunTime:0.018254s ]
INFO: [ view_parse ] --END-- [ RunTime:-0.057568s ]
INFO: [ view_filter ] --START--
INFO: Run ContentReplace Behavior [ RunTime:0.000088s ]
INFO: Run TokenBuild Behavior [ RunTime:0.000039s ]
INFO: Run WriteHtmlCache Behavior [ RunTime:0.000012s ]
INFO: Run ShowRuntime Behavior [ RunTime:0.000059s ]
INFO: [ view_filter ] --END-- [ RunTime:-0.073847s ]
INFO: [ view_end ] --START--
INFO: Run ShowPageTrace Behavior [ RunTime:0.000032s ]
INFO: [ view_end ] --END-- [ RunTime:-0.073434s ]

[ 2015-10-25T20:10:36+08:00 ] 127.0.0.1 /jiuye/index.php/Member/huiyuan
INFO: [ route_check ] --START--
INFO: Run CheckRoute Behavior [ RunTime:0.001643s ]
INFO: [ route_check ] --END-- [ RunTime:0.001756s ]
INFO: [ app_begin ] --START--
INFO: Run ReadHtmlCache Behavior [ RunTime:0.001386s ]
INFO: [ app_begin ] --END-- [ RunTime:0.001537s ]
INFO: [ view_template ] --START--
INFO: Run LocationTemplate Behavior [ RunTime:0.001388s ]
INFO: [ view_template ] --END-- [ RunTime:0.001535s ]
INFO: [ view_parse ] --START--
INFO: Run ParseTemplate Behavior [ RunTime:0.014012s ]
INFO: [ view_parse ] --END-- [ RunTime:0.014144s ]
INFO: [ view_filter ] --START--
INFO: Run ContentReplace Behavior [ RunTime:0.001040s ]
INFO: Run TokenBuild Behavior [ RunTime:0.001105s ]
INFO: Run WriteHtmlCache Behavior [ RunTime:0.000900s ]
INFO: Run ShowRuntime Behavior [ RunTime:0.001123s ]
INFO: [ view_filter ] --END-- [ RunTime:0.004384s ]
INFO: [ view_end ] --START--
INFO: Run ShowPageTrace Behavior [ RunTime:0.001369s ]
INFO: [ view_end ] --END-- [ RunTime:0.001443s ]
NOTIC: [8] Undefined index:  mname D:\xampp\htdocs\Jiuye\Work\Lib\Action\MemberAction.class.php 第 11 行.
NOTIC: [8] Undefined variable: where D:\xampp\htdocs\Jiuye\Work\Lib\Action\MemberAction.class.php 第 16 行.
SQL: SHOW COLUMNS FROM `w_member` [ RunTime:0.002354s ]
SQL: SELECT COUNT(*) AS tp_count FROM `w_member` LIMIT 1   [ RunTime:0.000591s ]
SQL: SELECT * FROM `w_member` WHERE ( 1 ) LIMIT 0,3   [ RunTime:0.000679s ]
SQL: SHOW COLUMNS FROM `w_membertype` [ RunTime:0.001708s ]
SQL: SELECT * FROM `w_membertype` WHERE ( 1=1 AND mt_id='5' ) LIMIT 1   [ RunTime:0.000692s ]
SQL: SELECT * FROM `w_membertype` WHERE ( 1=1 AND mt_id='1' ) LIMIT 1   [ RunTime:0.000595s ]
SQL: SELECT * FROM `w_membertype` WHERE ( 1=1 AND mt_id='5' ) LIMIT 1   [ RunTime:0.000606s ]
INFO: [ view_template ] --START--
INFO: Run LocationTemplate Behavior [ RunTime:0.016670s ]
INFO: [ view_template ] --END-- [ RunTime:-0.054279s ]
INFO: [ view_parse ] --START--
INFO: Run ParseTemplate Behavior [ RunTime:0.026699s ]
INFO: [ view_parse ] --END-- [ RunTime:-0.056942s ]
INFO: [ view_filter ] --START--
INFO: Run ContentReplace Behavior [ RunTime:0.000085s ]
INFO: Run TokenBuild Behavior [ RunTime:0.000040s ]
INFO: Run WriteHtmlCache Behavior [ RunTime:0.000013s ]
INFO: Run ShowRuntime Behavior [ RunTime:0.000059s ]
INFO: [ view_filter ] --END-- [ RunTime:-0.079413s ]
INFO: [ view_end ] --START--
INFO: Run ShowPageTrace Behavior [ RunTime:0.000033s ]
INFO: [ view_end ] --END-- [ RunTime:-0.078315s ]

[ 2015-10-25T20:10:37+08:00 ] 127.0.0.1 /jiuye/index.php/Index/index.html
INFO: [ route_check ] --START--
INFO: Run CheckRoute Behavior [ RunTime:0.001573s ]
INFO: [ route_check ] --END-- [ RunTime:0.001689s ]
INFO: [ app_begin ] --START--
INFO: Run ReadHtmlCache Behavior [ RunTime:0.001281s ]
INFO: [ app_begin ] --END-- [ RunTime:0.001383s ]
INFO: [ view_template ] --START--
INFO: Run LocationTemplate Behavior [ RunTime:0.003284s ]
INFO: [ view_template ] --END-- [ RunTime:0.003427s ]
INFO: [ view_parse ] --START--
INFO: Run ParseTemplate Behavior [ RunTime:0.016185s ]
INFO: [ view_parse ] --END-- [ RunTime:0.016273s ]
INFO: [ view_filter ] --START--
INFO: Run ContentReplace Behavior [ RunTime:0.000914s ]
INFO: Run TokenBuild Behavior [ RunTime:0.000893s ]
INFO: Run WriteHtmlCache Behavior [ RunTime:0.000852s ]
INFO: Run ShowRuntime Behavior [ RunTime:0.001129s ]
INFO: [ view_filter ] --END-- [ RunTime:0.003970s ]
INFO: [ view_end ] --START--
INFO: Run ShowPageTrace Behavior [ RunTime:0.002617s ]
INFO: [ view_end ] --END-- [ RunTime:0.002825s ]

[ 2015-10-25T20:10:37+08:00 ] 127.0.0.1 /jiuye/index.php/Grade/nianji
INFO: [ route_check ] --START--
INFO: Run CheckRoute Behavior [ RunTime:0.001749s ]
INFO: [ route_check ] --END-- [ RunTime:0.001860s ]
INFO: [ app_begin ] --START--
INFO: Run ReadHtmlCache Behavior [ RunTime:0.001261s ]
INFO: [ app_begin ] --END-- [ RunTime:0.001349s ]
INFO: [ view_template ] --START--
INFO: Run LocationTemplate Behavior [ RunTime:0.001330s ]
INFO: [ view_template ] --END-- [ RunTime:0.001445s ]
INFO: [ view_parse ] --START--
INFO: Run ParseTemplate Behavior [ RunTime:0.013797s ]
INFO: [ view_parse ] --END-- [ RunTime:0.013904s ]
INFO: [ view_filter ] --START--
INFO: Run ContentReplace Behavior [ RunTime:0.000999s ]
INFO: Run TokenBuild Behavior [ RunTime:0.000933s ]
INFO: Run WriteHtmlCache Behavior [ RunTime:0.000790s ]
INFO: Run ShowRuntime Behavior [ RunTime:0.000984s ]
INFO: [ view_filter ] --END-- [ RunTime:0.003887s ]
INFO: [ view_end ] --START--
INFO: Run ShowPageTrace Behavior [ RunTime:0.001180s ]
INFO: [ view_end ] --END-- [ RunTime:0.001274s ]
NOTIC: [2] Missing argument 4 for PublicAction::page(), called in D:\xampp\htdocs\Jiuye\Work\Lib\Action\GradeAction.class.php on line 11 and defined D:\xampp\htdocs\Jiuye\Work\Lib\Action\PublicAction.class.php 第 13 行.
SQL: SHOW COLUMNS FROM `w_grade` [ RunTime:0.002062s ]
SQL: SELECT COUNT(*) AS tp_count FROM `w_grade` LIMIT 1   [ RunTime:0.000380s ]
NOTIC: [8] Undefined variable: where D:\xampp\htdocs\Jiuye\Work\Lib\Action\PublicAction.class.php 第 20 行.
SQL: SELECT * FROM `w_grade` WHERE ( 1 ) LIMIT 0,3   [ RunTime:0.000372s ]
INFO: [ view_template ] --START--
INFO: Run LocationTemplate Behavior [ RunTime:0.000949s ]
INFO: [ view_template ] --END-- [ RunTime:-0.042589s ]
INFO: [ view_parse ] --START--
INFO: Run ParseTemplate Behavior [ RunTime:0.019062s ]
INFO: [ view_parse ] --END-- [ RunTime:-0.029725s ]
INFO: [ view_filter ] --START--
INFO: Run ContentReplace Behavior [ RunTime:0.000108s ]
INFO: Run TokenBuild Behavior [ RunTime:0.000045s ]
INFO: Run WriteHtmlCache Behavior [ RunTime:0.000014s ]
INFO: Run ShowRuntime Behavior [ RunTime:0.000067s ]
INFO: [ view_filter ] --END-- [ RunTime:-0.044995s ]
INFO: [ view_end ] --START--
INFO: Run ShowPageTrace Behavior [ RunTime:0.000035s ]
INFO: [ view_end ] --END-- [ RunTime:-0.044100s ]

[ 2015-10-25T20:10:38+08:00 ] 127.0.0.1 /jiuye/index.php/Class/banji
INFO: [ route_check ] --START--
INFO: Run CheckRoute Behavior [ RunTime:0.001666s ]
INFO: [ route_check ] --END-- [ RunTime:0.001785s ]
INFO: [ app_begin ] --START--
INFO: Run ReadHtmlCache Behavior [ RunTime:0.001458s ]
INFO: [ app_begin ] --END-- [ RunTime:0.001561s ]
NOTIC: [2] Missing argument 4 for PublicAction::page(), called in D:\xampp\htdocs\Jiuye\Work\Lib\Action\ClassAction.class.php on line 10 and defined D:\xampp\htdocs\Jiuye\Work\Lib\Action\PublicAction.class.php 第 13 行.
SQL: SHOW COLUMNS FROM `w_class` [ RunTime:0.001769s ]
SQL: SELECT COUNT(*) AS tp_count FROM `w_class` LIMIT 1   [ RunTime:0.000523s ]
NOTIC: [8] Undefined variable: where D:\xampp\htdocs\Jiuye\Work\Lib\Action\PublicAction.class.php 第 20 行.
SQL: SELECT * FROM `w_class` WHERE ( 1 ) LIMIT 0,3   [ RunTime:0.000540s ]
INFO: [ view_template ] --START--
INFO: Run LocationTemplate Behavior [ RunTime:0.002243s ]
INFO: [ view_template ] --END-- [ RunTime:0.002424s ]
INFO: [ view_parse ] --START--
INFO: Run ParseTemplate Behavior [ RunTime:0.012911s ]
INFO: [ view_parse ] --END-- [ RunTime:0.013070s ]
INFO: [ view_filter ] --START--
INFO: Run ContentReplace Behavior [ RunTime:0.000994s ]
INFO: Run TokenBuild Behavior [ RunTime:0.001457s ]
INFO: Run WriteHtmlCache Behavior [ RunTime:0.001965s ]
INFO: Run ShowRuntime Behavior [ RunTime:0.001150s ]
INFO: [ view_filter ] --END-- [ RunTime:0.005818s ]
INFO: [ view_end ] --START--
INFO: Run ShowPageTrace Behavior [ RunTime:0.001447s ]
INFO: [ view_end ] --END-- [ RunTime:0.001747s ]

[ 2015-10-25T20:10:39+08:00 ] 127.0.0.1 /jiuye/index.php/Index/login
INFO: [ route_check ] --START--
INFO: Run CheckRoute Behavior [ RunTime:0.004083s ]
INFO: [ route_check ] --END-- [ RunTime:0.004306s ]
INFO: [ app_begin ] --START--
INFO: Run ReadHtmlCache Behavior [ RunTime:0.001245s ]
INFO: [ app_begin ] --END-- [ RunTime:0.001328s ]
INFO: [ view_template ] --START--
INFO: Run LocationTemplate Behavior [ RunTime:0.001624s ]
INFO: [ view_template ] --END-- [ RunTime:0.001717s ]
INFO: [ view_parse ] --START--
INFO: Run ParseTemplate Behavior [ RunTime:0.013872s ]
INFO: [ view_parse ] --END-- [ RunTime:0.013966s ]
INFO: [ view_filter ] --START--
INFO: Run ContentReplace Behavior [ RunTime:0.001017s ]
INFO: Run TokenBuild Behavior [ RunTime:0.001128s ]
INFO: Run WriteHtmlCache Behavior [ RunTime:0.000935s ]
INFO: Run ShowRuntime Behavior [ RunTime:0.001157s ]
INFO: [ view_filter ] --END-- [ RunTime:0.004449s ]
INFO: [ view_end ] --START--
INFO: Run ShowPageTrace Behavior [ RunTime:0.002673s ]
INFO: [ view_end ] --END-- [ RunTime:0.002798s ]

[ 2015-10-25T20:10:40+08:00 ] 127.0.0.1 /jiuye/index.php/Advise/jianyi
INFO: [ route_check ] --START--
INFO: Run CheckRoute Behavior [ RunTime:0.001612s ]
INFO: [ route_check ] --END-- [ RunTime:0.001712s ]
INFO: [ app_begin ] --START--
INFO: Run ReadHtmlCache Behavior [ RunTime:0.001366s ]
INFO: [ app_begin ] --END-- [ RunTime:0.001475s ]
INFO: [ view_template ] --START--
INFO: Run LocationTemplate Behavior [ RunTime:0.001820s ]
INFO: [ view_template ] --END-- [ RunTime:0.002009s ]
INFO: [ view_parse ] --START--
INFO: Run ParseTemplate Behavior [ RunTime:0.017870s ]
INFO: [ view_parse ] --END-- [ RunTime:0.018094s ]
INFO: [ view_filter ] --START--
INFO: Run ContentReplace Behavior [ RunTime:0.002808s ]
INFO: Run TokenBuild Behavior [ RunTime:0.001133s ]
INFO: Run WriteHtmlCache Behavior [ RunTime:0.001217s ]
INFO: Run ShowRuntime Behavior [ RunTime:0.002329s ]
INFO: [ view_filter ] --END-- [ RunTime:0.008039s ]
INFO: [ view_end ] --START--
INFO: Run ShowPageTrace Behavior [ RunTime:0.001626s ]
INFO: [ view_end ] --END-- [ RunTime:0.001727s ]
NOTIC: [2] Missing argument 4 for PublicAction::page(), called in D:\xampp\htdocs\Jiuye\Work\Lib\Action\AdviseAction.class.php on line 11 and defined D:\xampp\htdocs\Jiuye\Work\Lib\Action\PublicAction.class.php 第 13 行.
SQL: SHOW COLUMNS FROM `w_advise` [ RunTime:0.001902s ]
SQL: SELECT COUNT(*) AS tp_count FROM `w_advise` LIMIT 1   [ RunTime:0.000394s ]
NOTIC: [8] Undefined variable: where D:\xampp\htdocs\Jiuye\Work\Lib\Action\PublicAction.class.php 第 20 行.
SQL: SELECT * FROM `w_advise` WHERE ( 1 ) LIMIT 0,3   [ RunTime:0.000397s ]
INFO: [ view_template ] --START--
INFO: Run LocationTemplate Behavior [ RunTime:0.000584s ]
INFO: [ view_template ] --END-- [ RunTime:-0.053729s ]
INFO: [ view_parse ] --START--
INFO: Run ParseTemplate Behavior [ RunTime:0.006356s ]
INFO: [ view_parse ] --END-- [ RunTime:-0.036244s ]
INFO: [ view_filter ] --START--
INFO: Run ContentReplace Behavior [ RunTime:0.000117s ]
INFO: Run TokenBuild Behavior [ RunTime:0.000067s ]
INFO: Run WriteHtmlCache Behavior [ RunTime:0.000021s ]
INFO: Run ShowRuntime Behavior [ RunTime:0.000094s ]
INFO: [ view_filter ] --END-- [ RunTime:-0.034686s ]
INFO: [ view_end ] --START--
INFO: Run ShowPageTrace Behavior [ RunTime:0.000054s ]
INFO: [ view_end ] --END-- [ RunTime:-0.033488s ]

[ 2015-10-25T20:10:42+08:00 ] 127.0.0.1 /jiuye/index.php/Index/login
INFO: [ route_check ] --START--
INFO: Run CheckRoute Behavior [ RunTime:0.002613s ]
INFO: [ route_check ] --END-- [ RunTime:0.002848s ]
INFO: [ app_begin ] --START--
INFO: Run ReadHtmlCache Behavior [ RunTime:0.001583s ]
INFO: [ app_begin ] --END-- [ RunTime:0.001697s ]
INFO: [ view_template ] --START--
INFO: Run LocationTemplate Behavior [ RunTime:0.002328s ]
INFO: [ view_template ] --END-- [ RunTime:0.002544s ]
INFO: [ view_parse ] --START--
INFO: Run ParseTemplate Behavior [ RunTime:0.015846s ]
INFO: [ view_parse ] --END-- [ RunTime:0.016287s ]
INFO: [ view_filter ] --START--
INFO: Run ContentReplace Behavior [ RunTime:0.001504s ]
INFO: Run TokenBuild Behavior [ RunTime:0.001042s ]
INFO: Run WriteHtmlCache Behavior [ RunTime:0.000909s ]
INFO: Run ShowRuntime Behavior [ RunTime:0.001119s ]
INFO: [ view_filter ] --END-- [ RunTime:0.004877s ]
INFO: [ view_end ] --START--
INFO: Run ShowPageTrace Behavior [ RunTime:0.001309s ]
INFO: [ view_end ] --END-- [ RunTime:0.001378s ]

[ 2015-10-25T20:10:42+08:00 ] 127.0.0.1 /jiuye/index.php/Donate/juanzeng
INFO: [ route_check ] --START--
INFO: Run CheckRoute Behavior [ RunTime:0.001666s ]
INFO: [ route_check ] --END-- [ RunTime:0.001787s ]
INFO: [ app_begin ] --START--
INFO: Run ReadHtmlCache Behavior [ RunTime:0.001258s ]
INFO: [ app_begin ] --END-- [ RunTime:0.001358s ]
INFO: [ view_template ] --START--
INFO: Run LocationTemplate Behavior [ RunTime:0.001835s ]
INFO: [ view_template ] --END-- [ RunTime:0.002017s ]
INFO: [ view_parse ] --START--
INFO: Run ParseTemplate Behavior [ RunTime:0.020414s ]
INFO: [ view_parse ] --END-- [ RunTime:0.020607s ]
INFO: [ view_filter ] --START--
INFO: Run ContentReplace Behavior [ RunTime:0.003151s ]
INFO: Run TokenBuild Behavior [ RunTime:0.001819s ]
INFO: Run WriteHtmlCache Behavior [ RunTime:0.001681s ]
INFO: Run ShowRuntime Behavior [ RunTime:0.001505s ]
INFO: [ view_filter ] --END-- [ RunTime:0.008584s ]
INFO: [ view_end ] --START--
INFO: Run ShowPageTrace Behavior [ RunTime:0.001695s ]
INFO: [ view_end ] --END-- [ RunTime:0.001817s ]
NOTIC: [2] Missing argument 4 for PublicAction::pages(), called in D:\xampp\htdocs\Jiuye\Work\Lib\Action\DonateAction.class.php on line 24 and defined D:\xampp\htdocs\Jiuye\Work\Lib\Action\PublicAction.class.php 第 44 行.
SQL: SHOW COLUMNS FROM `w_donate` [ RunTime:0.002234s ]
SQL: SELECT COUNT(*) AS tp_count FROM `w_donate` LIMIT 1   [ RunTime:0.000605s ]
NOTIC: [8] Undefined variable: where D:\xampp\htdocs\Jiuye\Work\Lib\Action\PublicAction.class.php 第 51 行.
SQL: SELECT * FROM `w_donate` WHERE ( 1 ) LIMIT 0,3   [ RunTime:0.000572s ]
SQL: SHOW COLUMNS FROM `w_typedonate` [ RunTime:0.001710s ]
SQL: SELECT * FROM `w_typedonate` WHERE ( 1=1 AND t_id='1' ) LIMIT 1   [ RunTime:0.000439s ]
SQL: SELECT * FROM `w_typedonate` WHERE ( 1=1 AND t_id='3' ) LIMIT 1   [ RunTime:0.000508s ]
SQL: SELECT * FROM `w_typedonate` WHERE ( 1=1 AND t_id='1' ) LIMIT 1   [ RunTime:0.000505s ]
INFO: [ view_template ] --START--
INFO: Run LocationTemplate Behavior [ RunTime:0.000599s ]
INFO: [ view_template ] --END-- [ RunTime:-0.069496s ]
INFO: [ view_parse ] --START--
INFO: Run ParseTemplate Behavior [ RunTime:0.005117s ]
INFO: [ view_parse ] --END-- [ RunTime:-0.049547s ]
INFO: [ view_filter ] --START--
INFO: Run ContentReplace Behavior [ RunTime:0.000094s ]
INFO: Run TokenBuild Behavior [ RunTime:0.000047s ]
INFO: Run WriteHtmlCache Behavior [ RunTime:0.000014s ]
INFO: Run ShowRuntime Behavior [ RunTime:0.000067s ]
INFO: [ view_filter ] --END-- [ RunTime:-0.046125s ]
INFO: [ view_end ] --START--
INFO: Run ShowPageTrace Behavior [ RunTime:0.000037s ]
INFO: [ view_end ] --END-- [ RunTime:-0.044645s ]

[ 2015-10-25T20:10:43+08:00 ] 127.0.0.1 /jiuye/index.php/Index/login
INFO: [ route_check ] --START--
INFO: Run CheckRoute Behavior [ RunTime:0.001615s ]
INFO: [ route_check ] --END-- [ RunTime:0.001727s ]
INFO: [ app_begin ] --START--
INFO: Run ReadHtmlCache Behavior [ RunTime:0.001384s ]
INFO: [ app_begin ] --END-- [ RunTime:0.001477s ]
INFO: [ view_template ] --START--
INFO: Run LocationTemplate Behavior [ RunTime:0.001684s ]
INFO: [ view_template ] --END-- [ RunTime:0.001868s ]
INFO: [ view_parse ] --START--
INFO: Run ParseTemplate Behavior [ RunTime:0.012101s ]
INFO: [ view_parse ] --END-- [ RunTime:0.012597s ]
INFO: [ view_filter ] --START--
INFO: Run ContentReplace Behavior [ RunTime:0.002507s ]
INFO: Run TokenBuild Behavior [ RunTime:0.001174s ]
INFO: Run WriteHtmlCache Behavior [ RunTime:0.000873s ]
INFO: Run ShowRuntime Behavior [ RunTime:0.001126s ]
INFO: [ view_filter ] --END-- [ RunTime:0.006087s ]
INFO: [ view_end ] --START--
INFO: Run ShowPageTrace Behavior [ RunTime:0.001367s ]
INFO: [ view_end ] --END-- [ RunTime:0.001447s ]

[ 2015-10-25T20:10:43+08:00 ] 127.0.0.1 /jiuye/index.php/Invite/zhaopin
INFO: [ route_check ] --START--
INFO: Run CheckRoute Behavior [ RunTime:0.001338s ]
INFO: [ route_check ] --END-- [ RunTime:0.001421s ]
INFO: [ app_begin ] --START--
INFO: Run ReadHtmlCache Behavior [ RunTime:0.001054s ]
INFO: [ app_begin ] --END-- [ RunTime:0.001119s ]
INFO: [ view_template ] --START--
INFO: Run LocationTemplate Behavior [ RunTime:0.003088s ]
INFO: [ view_template ] --END-- [ RunTime:0.003311s ]
INFO: [ view_parse ] --START--
INFO: Run ParseTemplate Behavior [ RunTime:0.032892s ]
INFO: [ view_parse ] --END-- [ RunTime:0.033128s ]
INFO: [ view_filter ] --START--
INFO: Run ContentReplace Behavior [ RunTime:0.002382s ]
INFO: Run TokenBuild Behavior [ RunTime:0.001853s ]
INFO: Run WriteHtmlCache Behavior [ RunTime:0.001640s ]
INFO: Run ShowRuntime Behavior [ RunTime:0.001983s ]
INFO: [ view_filter ] --END-- [ RunTime:0.008223s ]
INFO: [ view_end ] --START--
INFO: Run ShowPageTrace Behavior [ RunTime:0.002297s ]
INFO: [ view_end ] --END-- [ RunTime:0.002412s ]
SQL: SHOW COLUMNS FROM `w_invite` [ RunTime:0.003223s ]
NOTIC: [8] Undefined index:  iname D:\xampp\htdocs\Jiuye\Work\Lib\Action\InviteAction.class.php 第 11 行.
NOTIC: [8] Undefined index:  rname D:\xampp\htdocs\Jiuye\Work\Lib\Action\InviteAction.class.php 第 15 行.
NOTIC: [8] Undefined index:  num D:\xampp\htdocs\Jiuye\Work\Lib\Action\InviteAction.class.php 第 19 行.
NOTIC: [8] Undefined variable: where D:\xampp\htdocs\Jiuye\Work\Lib\Action\InviteAction.class.php 第 26 行.
SQL: SHOW COLUMNS FROM `w_invite` [ RunTime:0.002881s ]
SQL: SELECT COUNT(*) AS tp_count FROM `w_invite` LIMIT 1   [ RunTime:0.000843s ]
SQL: SELECT * FROM `w_invite` WHERE ( 1 ) LIMIT 0,3   [ RunTime:0.000720s ]
SQL: SELECT * FROM `w_invite` ORDER BY i_name desc  [ RunTime:0.000736s ]
SQL: SELECT * FROM `w_invite` GROUP BY i_reward  [ RunTime:0.000908s ]
SQL: SELECT * FROM `w_invite` GROUP BY i_num  [ RunTime:0.000860s ]
INFO: [ view_template ] --START--
INFO: Run LocationTemplate Behavior [ RunTime:0.025771s ]
INFO: [ view_template ] --END-- [ RunTime:-0.087636s ]
INFO: [ view_parse ] --START--
INFO: Run ParseTemplate Behavior [ RunTime:0.035860s ]
INFO: [ view_parse ] --END-- [ RunTime:-0.080412s ]
INFO: [ view_filter ] --START--
INFO: Run ContentReplace Behavior [ RunTime:0.000354s ]
INFO: Run TokenBuild Behavior [ RunTime:0.000133s ]
INFO: Run WriteHtmlCache Behavior [ RunTime:0.000040s ]
INFO: Run ShowRuntime Behavior [ RunTime:0.000197s ]
INFO: [ view_filter ] --END-- [ RunTime:-0.108276s ]
INFO: [ view_end ] --START--
INFO: Run ShowPageTrace Behavior [ RunTime:0.000107s ]
INFO: [ view_end ] --END-- [ RunTime:-0.107093s ]

[ 2015-10-25T20:10:44+08:00 ] 127.0.0.1 /jiuye/index.php/Index/login
INFO: [ route_check ] --START--
INFO: Run CheckRoute Behavior [ RunTime:0.002369s ]
INFO: [ route_check ] --END-- [ RunTime:0.002508s ]
INFO: [ app_begin ] --START--
INFO: Run ReadHtmlCache Behavior [ RunTime:0.001831s ]
INFO: [ app_begin ] --END-- [ RunTime:0.001944s ]
INFO: [ view_template ] --START--
INFO: Run LocationTemplate Behavior [ RunTime:0.002257s ]
INFO: [ view_template ] --END-- [ RunTime:0.002367s ]
INFO: [ view_parse ] --START--
INFO: Run ParseTemplate Behavior [ RunTime:0.013867s ]
INFO: [ view_parse ] --END-- [ RunTime:0.013998s ]
INFO: [ view_filter ] --START--
INFO: Run ContentReplace Behavior [ RunTime:0.000898s ]
INFO: Run TokenBuild Behavior [ RunTime:0.000934s ]
INFO: Run WriteHtmlCache Behavior [ RunTime:0.000838s ]
INFO: Run ShowRuntime Behavior [ RunTime:0.000971s ]
INFO: [ view_filter ] --END-- [ RunTime:0.003809s ]
INFO: [ view_end ] --START--
INFO: Run ShowPageTrace Behavior [ RunTime:0.001119s ]
INFO: [ view_end ] --END-- [ RunTime:0.001173s ]

[ 2015-10-25T20:11:02+08:00 ] 127.0.0.1 /jiuye/index.php/Grade/nianji
INFO: [ route_check ] --START--
INFO: Run CheckRoute Behavior [ RunTime:0.002685s ]
INFO: [ route_check ] --END-- [ RunTime:0.002853s ]
INFO: [ app_begin ] --START--
INFO: Run ReadHtmlCache Behavior [ RunTime:0.001948s ]
INFO: [ app_begin ] --END-- [ RunTime:0.002115s ]
INFO: [ view_template ] --START--
INFO: Run LocationTemplate Behavior [ RunTime:0.002270s ]
INFO: [ view_template ] --END-- [ RunTime:0.002533s ]
INFO: [ view_parse ] --START--
INFO: Run ParseTemplate Behavior [ RunTime:0.015835s ]
INFO: [ view_parse ] --END-- [ RunTime:0.016034s ]
INFO: [ view_filter ] --START--
INFO: Run ContentReplace Behavior [ RunTime:0.001351s ]
INFO: Run TokenBuild Behavior [ RunTime:0.002076s ]
INFO: Run WriteHtmlCache Behavior [ RunTime:0.000824s ]
INFO: Run ShowRuntime Behavior [ RunTime:0.001060s ]
INFO: [ view_filter ] --END-- [ RunTime:0.005809s ]
INFO: [ view_end ] --START--
INFO: Run ShowPageTrace Behavior [ RunTime:0.001330s ]
INFO: [ view_end ] --END-- [ RunTime:0.001421s ]
NOTIC: [2] Missing argument 4 for PublicAction::page(), called in D:\xampp\htdocs\Jiuye\Work\Lib\Action\GradeAction.class.php on line 11 and defined D:\xampp\htdocs\Jiuye\Work\Lib\Action\PublicAction.class.php 第 13 行.
SQL: SHOW COLUMNS FROM `w_grade` [ RunTime:0.002246s ]
SQL: SELECT COUNT(*) AS tp_count FROM `w_grade` LIMIT 1   [ RunTime:0.000530s ]
NOTIC: [8] Undefined variable: where D:\xampp\htdocs\Jiuye\Work\Lib\Action\PublicAction.class.php 第 20 行.
SQL: SELECT * FROM `w_grade` WHERE ( 1 ) LIMIT 0,3   [ RunTime:0.000567s ]
INFO: [ view_template ] --START--
INFO: Run LocationTemplate Behavior [ RunTime:0.000588s ]
INFO: [ view_template ] --END-- [ RunTime:-0.044005s ]
INFO: [ view_parse ] --START--
INFO: Run ParseTemplate Behavior [ RunTime:0.005070s ]
INFO: [ view_parse ] --END-- [ RunTime:-0.028525s ]
INFO: [ view_filter ] --START--
INFO: Run ContentReplace Behavior [ RunTime:0.000146s ]
INFO: Run TokenBuild Behavior [ RunTime:0.000040s ]
INFO: Run WriteHtmlCache Behavior [ RunTime:0.000013s ]
INFO: Run ShowRuntime Behavior [ RunTime:0.000059s ]
INFO: [ view_filter ] --END-- [ RunTime:-0.027920s ]
INFO: [ view_end ] --START--
INFO: Run ShowPageTrace Behavior [ RunTime:0.000032s ]
INFO: [ view_end ] --END-- [ RunTime:-0.026913s ]

[ 2015-10-25T20:11:03+08:00 ] 127.0.0.1 /jiuye/index.php/Index/login
INFO: [ route_check ] --START--
INFO: Run CheckRoute Behavior [ RunTime:0.002662s ]
INFO: [ route_check ] --END-- [ RunTime:0.002830s ]
INFO: [ app_begin ] --START--
INFO: Run ReadHtmlCache Behavior [ RunTime:0.002011s ]
INFO: [ app_begin ] --END-- [ RunTime:0.002143s ]
INFO: [ view_template ] --START--
INFO: Run LocationTemplate Behavior [ RunTime:0.003133s ]
INFO: [ view_template ] --END-- [ RunTime:0.003433s ]
INFO: [ view_parse ] --START--
INFO: Run ParseTemplate Behavior [ RunTime:0.014882s ]
INFO: [ view_parse ] --END-- [ RunTime:0.015070s ]
INFO: [ view_filter ] --START--
INFO: Run ContentReplace Behavior [ RunTime:0.000993s ]
INFO: Run TokenBuild Behavior [ RunTime:0.001021s ]
INFO: Run WriteHtmlCache Behavior [ RunTime:0.000827s ]
INFO: Run ShowRuntime Behavior [ RunTime:0.001040s ]
INFO: [ view_filter ] --END-- [ RunTime:0.004049s ]
INFO: [ view_end ] --START--
INFO: Run ShowPageTrace Behavior [ RunTime:0.001388s ]
INFO: [ view_end ] --END-- [ RunTime:0.001444s ]

[ 2015-10-25T20:11:04+08:00 ] 127.0.0.1 /jiuye/index.php/Student/xuesheng
INFO: [ route_check ] --START--
INFO: Run CheckRoute Behavior [ RunTime:0.001586s ]
INFO: [ route_check ] --END-- [ RunTime:0.001680s ]
INFO: [ app_begin ] --START--
INFO: Run ReadHtmlCache Behavior [ RunTime:0.001199s ]
INFO: [ app_begin ] --END-- [ RunTime:0.001285s ]
INFO: [ view_template ] --START--
INFO: Run LocationTemplate Behavior [ RunTime:0.001764s ]
INFO: [ view_template ] --END-- [ RunTime:0.001889s ]
INFO: [ view_parse ] --START--
INFO: Run ParseTemplate Behavior [ RunTime:0.017285s ]
INFO: [ view_parse ] --END-- [ RunTime:0.017523s ]
INFO: [ view_filter ] --START--
INFO: Run ContentReplace Behavior [ RunTime:0.002154s ]
INFO: Run TokenBuild Behavior [ RunTime:0.001580s ]
INFO: Run WriteHtmlCache Behavior [ RunTime:0.001107s ]
INFO: Run ShowRuntime Behavior [ RunTime:0.001970s ]
INFO: [ view_filter ] --END-- [ RunTime:0.007421s ]
INFO: [ view_end ] --START--
INFO: Run ShowPageTrace Behavior [ RunTime:0.001959s ]
INFO: [ view_end ] --END-- [ RunTime:0.002067s ]
NOTIC: [2] Missing argument 4 for PublicAction::pages(), called in D:\xampp\htdocs\Jiuye\Work\Lib\Action\StudentAction.class.php on line 26 and defined D:\xampp\htdocs\Jiuye\Work\Lib\Action\PublicAction.class.php 第 44 行.
SQL: SHOW COLUMNS FROM `w_student` [ RunTime:0.003740s ]
SQL: SELECT COUNT(*) AS tp_count FROM `w_student` LIMIT 1   [ RunTime:0.001637s ]
NOTIC: [8] Undefined variable: where D:\xampp\htdocs\Jiuye\Work\Lib\Action\PublicAction.class.php 第 51 行.
SQL: SELECT * FROM `w_student` WHERE ( 1 ) LIMIT 0,3   [ RunTime:0.000425s ]
SQL: SHOW COLUMNS FROM `w_class` [ RunTime:0.001673s ]
SQL: SELECT * FROM `w_class` WHERE ( 1=1 AND c_id='5' ) LIMIT 1   [ RunTime:0.000605s ]
SQL: SELECT * FROM `w_class` WHERE ( 1=1 AND c_id='2' ) LIMIT 1   [ RunTime:0.000402s ]
SQL: SELECT * FROM `w_class` WHERE ( 1=1 AND c_id='2' ) LIMIT 1   [ RunTime:0.000391s ]
SQL: SHOW COLUMNS FROM `w_grade` [ RunTime:0.001677s ]
SQL: SELECT * FROM `w_grade`  [ RunTime:0.000500s ]
INFO: [ view_template ] --START--
INFO: Run LocationTemplate Behavior [ RunTime:0.000964s ]
INFO: [ view_template ] --END-- [ RunTime:-0.065659s ]
INFO: [ view_parse ] --START--
INFO: Run ParseTemplate Behavior [ RunTime:0.010206s ]
INFO: [ view_parse ] --END-- [ RunTime:-0.049251s ]
INFO: [ view_filter ] --START--
INFO: Run ContentReplace Behavior [ RunTime:0.000337s ]
INFO: Run TokenBuild Behavior [ RunTime:0.000221s ]
INFO: Run WriteHtmlCache Behavior [ RunTime:0.000124s ]
INFO: Run ShowRuntime Behavior [ RunTime:0.000251s ]
INFO: [ view_filter ] --END-- [ RunTime:-0.052357s ]
INFO: [ view_end ] --START--
INFO: Run ShowPageTrace Behavior [ RunTime:0.000065s ]
INFO: [ view_end ] --END-- [ RunTime:-0.052080s ]

[ 2015-10-25T20:11:05+08:00 ] 127.0.0.1 /jiuye/index.php/Index/login
INFO: [ route_check ] --START--
INFO: Run CheckRoute Behavior [ RunTime:0.007401s ]
INFO: [ route_check ] --END-- [ RunTime:0.008092s ]
INFO: [ app_begin ] --START--
INFO: Run ReadHtmlCache Behavior [ RunTime:0.003801s ]
INFO: [ app_begin ] --END-- [ RunTime:0.004136s ]
INFO: [ view_template ] --START--
INFO: Run LocationTemplate Behavior [ RunTime:0.003184s ]
INFO: [ view_template ] --END-- [ RunTime:0.003330s ]
INFO: [ view_parse ] --START--
INFO: Run ParseTemplate Behavior [ RunTime:0.011534s ]
INFO: [ view_parse ] --END-- [ RunTime:0.011659s ]
INFO: [ view_filter ] --START--
INFO: Run ContentReplace Behavior [ RunTime:0.001018s ]
INFO: Run TokenBuild Behavior [ RunTime:0.001032s ]
INFO: Run WriteHtmlCache Behavior [ RunTime:0.000839s ]
INFO: Run ShowRuntime Behavior [ RunTime:0.001114s ]
INFO: [ view_filter ] --END-- [ RunTime:0.004211s ]
INFO: [ view_end ] --START--
INFO: Run ShowPageTrace Behavior [ RunTime:0.001301s ]
INFO: [ view_end ] --END-- [ RunTime:0.001391s ]

[ 2015-10-25T20:11:36+08:00 ] 127.0.0.1 /jiuye/index.php/Index/login
INFO: [ route_check ] --START--
INFO: Run CheckRoute Behavior [ RunTime:0.003482s ]
INFO: [ route_check ] --END-- [ RunTime:0.003628s ]
INFO: [ app_begin ] --START--
INFO: Run ReadHtmlCache Behavior [ RunTime:0.001205s ]
INFO: [ app_begin ] --END-- [ RunTime:0.001348s ]
INFO: [ view_template ] --START--
INFO: Run LocationTemplate Behavior [ RunTime:0.001440s ]
INFO: [ view_template ] --END-- [ RunTime:0.001560s ]
INFO: [ view_parse ] --START--
INFO: Run ParseTemplate Behavior [ RunTime:0.011368s ]
INFO: [ view_parse ] --END-- [ RunTime:0.011522s ]
INFO: [ view_filter ] --START--
INFO: Run ContentReplace Behavior [ RunTime:0.000934s ]
INFO: Run TokenBuild Behavior [ RunTime:0.000979s ]
INFO: Run WriteHtmlCache Behavior [ RunTime:0.000861s ]
INFO: Run ShowRuntime Behavior [ RunTime:0.001150s ]
INFO: [ view_filter ] --END-- [ RunTime:0.004128s ]
INFO: [ view_end ] --START--
INFO: Run ShowPageTrace Behavior [ RunTime:0.001329s ]
INFO: [ view_end ] --END-- [ RunTime:0.001419s ]

[ 2015-10-25T20:11:45+08:00 ] 127.0.0.1 /jiuye/index.php/Index/login
INFO: [ route_check ] --START--
INFO: Run CheckRoute Behavior [ RunTime:0.004292s ]
INFO: [ route_check ] --END-- [ RunTime:0.004714s ]
INFO: [ app_begin ] --START--
INFO: Run ReadHtmlCache Behavior [ RunTime:0.003494s ]
INFO: [ app_begin ] --END-- [ RunTime:0.003685s ]
SQL: SHOW COLUMNS FROM `w_manage` [ RunTime:0.002113s ]
SQL: SELECT * FROM `w_manage` WHERE ( m_name='g18953827837' && m_pwd=123 )  [ RunTime:0.000451s ]
INFO: [ view_template ] --START--
INFO: Run LocationTemplate Behavior [ RunTime:0.001783s ]
INFO: [ view_template ] --END-- [ RunTime:0.002110s ]
INFO: [ view_parse ] --START--
INFO: Run ParseTemplate Behavior [ RunTime:0.013905s ]
INFO: [ view_parse ] --END-- [ RunTime:0.014049s ]
INFO: [ view_filter ] --START--
INFO: Run ContentReplace Behavior [ RunTime:0.001038s ]
INFO: Run TokenBuild Behavior [ RunTime:0.002083s ]
INFO: Run WriteHtmlCache Behavior [ RunTime:0.001450s ]
INFO: Run ShowRuntime Behavior [ RunTime:0.001184s ]
INFO: [ view_filter ] --END-- [ RunTime:0.006041s ]
INFO: [ view_end ] --START--
INFO: Run ShowPageTrace Behavior [ RunTime:0.001407s ]
INFO: [ view_end ] --END-- [ RunTime:0.001504s ]

[ 2015-10-25T20:11:46+08:00 ] 127.0.0.1 /jiuye/index.php/Index/shouye
INFO: [ route_check ] --START--
INFO: Run CheckRoute Behavior [ RunTime:0.003119s ]
INFO: [ route_check ] --END-- [ RunTime:0.003284s ]
INFO: [ app_begin ] --START--
INFO: Run ReadHtmlCache Behavior [ RunTime:0.002009s ]
INFO: [ app_begin ] --END-- [ RunTime:0.002165s ]
INFO: [ view_template ] --START--
INFO: Run LocationTemplate Behavior [ RunTime:0.001878s ]
INFO: [ view_template ] --END-- [ RunTime:0.001988s ]
INFO: [ view_parse ] --START--
INFO: Run ParseTemplate Behavior [ RunTime:0.011068s ]
INFO: [ view_parse ] --END-- [ RunTime:0.011166s ]
INFO: [ view_filter ] --START--
INFO: Run ContentReplace Behavior [ RunTime:0.001007s ]
INFO: Run TokenBuild Behavior [ RunTime:0.001018s ]
INFO: Run WriteHtmlCache Behavior [ RunTime:0.000896s ]
INFO: Run ShowRuntime Behavior [ RunTime:0.001209s ]
INFO: [ view_filter ] --END-- [ RunTime:0.004348s ]
INFO: [ view_end ] --START--
INFO: Run ShowPageTrace Behavior [ RunTime:0.001376s ]
INFO: [ view_end ] --END-- [ RunTime:0.001445s ]

[ 2015-10-25T20:11:46+08:00 ] 127.0.0.1 /jiuye/index.php/Index/top.html
INFO: [ route_check ] --START--
INFO: Run CheckRoute Behavior [ RunTime:0.002726s ]
INFO: [ route_check ] --END-- [ RunTime:0.002882s ]
INFO: [ app_begin ] --START--
INFO: Run ReadHtmlCache Behavior [ RunTime:0.002151s ]
INFO: [ app_begin ] --END-- [ RunTime:0.002284s ]
INFO: [ view_template ] --START--
INFO: Run LocationTemplate Behavior [ RunTime:0.002928s ]
INFO: [ view_template ] --END-- [ RunTime:0.003052s ]
INFO: [ view_parse ] --START--
INFO: Run ParseTemplate Behavior [ RunTime:0.011769s ]
INFO: [ view_parse ] --END-- [ RunTime:0.011875s ]
INFO: [ view_filter ] --START--
INFO: Run ContentReplace Behavior [ RunTime:0.000911s ]
INFO: Run TokenBuild Behavior [ RunTime:0.000902s ]
INFO: Run WriteHtmlCache Behavior [ RunTime:0.000847s ]
INFO: Run ShowRuntime Behavior [ RunTime:0.000980s ]
INFO: [ view_filter ] --END-- [ RunTime:0.003807s ]
INFO: [ view_end ] --START--
INFO: Run ShowPageTrace Behavior [ RunTime:0.001258s ]
INFO: [ view_end ] --END-- [ RunTime:0.001325s ]

[ 2015-10-25T20:11:47+08:00 ] 127.0.0.1 /jiuye/index.php/Index/index.html
INFO: [ route_check ] --START--
INFO: Run CheckRoute Behavior [ RunTime:0.002169s ]
INFO: [ route_check ] --END-- [ RunTime:0.002307s ]
INFO: [ app_begin ] --START--
INFO: Run ReadHtmlCache Behavior [ RunTime:0.001535s ]
INFO: [ app_begin ] --END-- [ RunTime:0.001655s ]
INFO: [ view_template ] --START--
INFO: Run LocationTemplate Behavior [ RunTime:0.001866s ]
INFO: [ view_template ] --END-- [ RunTime:0.002055s ]
INFO: [ view_parse ] --START--
INFO: Run ParseTemplate Behavior [ RunTime:0.014889s ]
INFO: [ view_parse ] --END-- [ RunTime:0.015048s ]
INFO: [ view_filter ] --START--
INFO: Run ContentReplace Behavior [ RunTime:0.001220s ]
INFO: Run TokenBuild Behavior [ RunTime:0.001146s ]
INFO: Run WriteHtmlCache Behavior [ RunTime:0.001018s ]
INFO: Run ShowRuntime Behavior [ RunTime:0.001300s ]
INFO: [ view_filter ] --END-- [ RunTime:0.004999s ]
INFO: [ view_end ] --START--
INFO: Run ShowPageTrace Behavior [ RunTime:0.001534s ]
INFO: [ view_end ] --END-- [ RunTime:0.001641s ]

[ 2015-10-25T20:11:47+08:00 ] 127.0.0.1 /jiuye/index.php/Index/left.html
INFO: [ route_check ] --START--
INFO: Run CheckRoute Behavior [ RunTime:0.002723s ]
INFO: [ route_check ] --END-- [ RunTime:0.002872s ]
INFO: [ app_begin ] --START--
INFO: Run ReadHtmlCache Behavior [ RunTime:0.002251s ]
INFO: [ app_begin ] --END-- [ RunTime:0.002364s ]
INFO: [ view_template ] --START--
INFO: Run LocationTemplate Behavior [ RunTime:0.001557s ]
INFO: [ view_template ] --END-- [ RunTime:0.001650s ]
INFO: [ view_parse ] --START--
INFO: Run ParseTemplate Behavior [ RunTime:0.015511s ]
INFO: [ view_parse ] --END-- [ RunTime:0.015816s ]
INFO: [ view_filter ] --START--
INFO: Run ContentReplace Behavior [ RunTime:0.003709s ]
INFO: Run TokenBuild Behavior [ RunTime:0.001407s ]
INFO: Run WriteHtmlCache Behavior [ RunTime:0.002282s ]
INFO: Run ShowRuntime Behavior [ RunTime:0.001397s ]
INFO: [ view_filter ] --END-- [ RunTime:0.009189s ]
INFO: [ view_end ] --START--
INFO: Run ShowPageTrace Behavior [ RunTime:0.002428s ]
INFO: [ view_end ] --END-- [ RunTime:0.002723s ]

[ 2015-10-25T20:11:48+08:00 ] 127.0.0.1 /jiuye/index.php/Student/xuesheng
INFO: [ route_check ] --START--
INFO: Run CheckRoute Behavior [ RunTime:0.002227s ]
INFO: [ route_check ] --END-- [ RunTime:0.002541s ]
INFO: [ app_begin ] --START--
INFO: Run ReadHtmlCache Behavior [ RunTime:0.001300s ]
INFO: [ app_begin ] --END-- [ RunTime:0.001410s ]
NOTIC: [2] Missing argument 4 for PublicAction::pages(), called in D:\xampp\htdocs\Jiuye\Work\Lib\Action\StudentAction.class.php on line 26 and defined D:\xampp\htdocs\Jiuye\Work\Lib\Action\PublicAction.class.php 第 44 行.
SQL: SHOW COLUMNS FROM `w_student` [ RunTime:0.001915s ]
SQL: SELECT COUNT(*) AS tp_count FROM `w_student` LIMIT 1   [ RunTime:0.000440s ]
NOTIC: [8] Undefined variable: where D:\xampp\htdocs\Jiuye\Work\Lib\Action\PublicAction.class.php 第 51 行.
SQL: SELECT * FROM `w_student` WHERE ( 1 ) LIMIT 0,3   [ RunTime:0.000430s ]
SQL: SHOW COLUMNS FROM `w_class` [ RunTime:0.002347s ]
SQL: SELECT * FROM `w_class` WHERE ( 1=1 AND c_id='5' ) LIMIT 1   [ RunTime:0.000742s ]
SQL: SELECT * FROM `w_class` WHERE ( 1=1 AND c_id='2' ) LIMIT 1   [ RunTime:0.000499s ]
SQL: SELECT * FROM `w_class` WHERE ( 1=1 AND c_id='2' ) LIMIT 1   [ RunTime:0.000466s ]
SQL: SHOW COLUMNS FROM `w_grade` [ RunTime:0.003609s ]
SQL: SELECT * FROM `w_grade`  [ RunTime:0.000481s ]
INFO: [ view_template ] --START--
INFO: Run LocationTemplate Behavior [ RunTime:0.001658s ]
INFO: [ view_template ] --END-- [ RunTime:0.001779s ]
INFO: [ view_parse ] --START--
INFO: Run ParseTemplate Behavior [ RunTime:0.020213s ]
INFO: [ view_parse ] --END-- [ RunTime:0.020401s ]
INFO: [ view_filter ] --START--
INFO: Run ContentReplace Behavior [ RunTime:0.002404s ]
INFO: Run TokenBuild Behavior [ RunTime:0.001069s ]
INFO: Run WriteHtmlCache Behavior [ RunTime:0.000991s ]
INFO: Run ShowRuntime Behavior [ RunTime:0.001925s ]
INFO: [ view_filter ] --END-- [ RunTime:0.006780s ]
INFO: [ view_end ] --START--
INFO: Run ShowPageTrace Behavior [ RunTime:0.002728s ]
INFO: [ view_end ] --END-- [ RunTime:0.002868s ]

[ 2015-10-25T20:11:50+08:00 ] 127.0.0.1 /jiuye/index.php/Invite/zhaopin
INFO: [ route_check ] --START--
INFO: Run CheckRoute Behavior [ RunTime:0.001706s ]
INFO: [ route_check ] --END-- [ RunTime:0.001835s ]
INFO: [ app_begin ] --START--
INFO: Run ReadHtmlCache Behavior [ RunTime:0.001293s ]
INFO: [ app_begin ] --END-- [ RunTime:0.001421s ]
SQL: SHOW COLUMNS FROM `w_invite` [ RunTime:0.003777s ]
NOTIC: [8] Undefined index:  iname D:\xampp\htdocs\Jiuye\Work\Lib\Action\InviteAction.class.php 第 11 行.
NOTIC: [8] Undefined index:  rname D:\xampp\htdocs\Jiuye\Work\Lib\Action\InviteAction.class.php 第 15 行.
NOTIC: [8] Undefined index:  num D:\xampp\htdocs\Jiuye\Work\Lib\Action\InviteAction.class.php 第 19 行.
NOTIC: [8] Undefined variable: where D:\xampp\htdocs\Jiuye\Work\Lib\Action\InviteAction.class.php 第 26 行.
SQL: SHOW COLUMNS FROM `w_invite` [ RunTime:0.002092s ]
SQL: SELECT COUNT(*) AS tp_count FROM `w_invite` LIMIT 1   [ RunTime:0.000546s ]
SQL: SELECT * FROM `w_invite` WHERE ( 1 ) LIMIT 0,3   [ RunTime:0.000541s ]
SQL: SELECT * FROM `w_invite` ORDER BY i_name desc  [ RunTime:0.000489s ]
SQL: SELECT * FROM `w_invite` GROUP BY i_reward  [ RunTime:0.000628s ]
SQL: SELECT * FROM `w_invite` GROUP BY i_num  [ RunTime:0.000361s ]
INFO: [ view_template ] --START--
INFO: Run LocationTemplate Behavior [ RunTime:0.001665s ]
INFO: [ view_template ] --END-- [ RunTime:0.001747s ]
INFO: [ view_parse ] --START--
INFO: Run ParseTemplate Behavior [ RunTime:0.016473s ]
INFO: [ view_parse ] --END-- [ RunTime:0.016551s ]
INFO: [ view_filter ] --START--
INFO: Run ContentReplace Behavior [ RunTime:0.001046s ]
INFO: Run TokenBuild Behavior [ RunTime:0.000948s ]
INFO: Run WriteHtmlCache Behavior [ RunTime:0.000801s ]
INFO: Run ShowRuntime Behavior [ RunTime:0.001024s ]
INFO: [ view_filter ] --END-- [ RunTime:0.004006s ]
INFO: [ view_end ] --START--
INFO: Run ShowPageTrace Behavior [ RunTime:0.001987s ]
INFO: [ view_end ] --END-- [ RunTime:0.002123s ]

[ 2015-10-25T20:11:51+08:00 ] 127.0.0.1 /jiuye/index.php/Donate/juanzeng
INFO: [ route_check ] --START--
INFO: Run CheckRoute Behavior [ RunTime:0.001612s ]
INFO: [ route_check ] --END-- [ RunTime:0.001717s ]
INFO: [ app_begin ] --START--
INFO: Run ReadHtmlCache Behavior [ RunTime:0.001177s ]
INFO: [ app_begin ] --END-- [ RunTime:0.001253s ]
NOTIC: [2] Missing argument 4 for PublicAction::pages(), called in D:\xampp\htdocs\Jiuye\Work\Lib\Action\DonateAction.class.php on line 24 and defined D:\xampp\htdocs\Jiuye\Work\Lib\Action\PublicAction.class.php 第 44 行.
SQL: SHOW COLUMNS FROM `w_donate` [ RunTime:0.002336s ]
SQL: SELECT COUNT(*) AS tp_count FROM `w_donate` LIMIT 1   [ RunTime:0.000448s ]
NOTIC: [8] Undefined variable: where D:\xampp\htdocs\Jiuye\Work\Lib\Action\PublicAction.class.php 第 51 行.
SQL: SELECT * FROM `w_donate` WHERE ( 1 ) LIMIT 0,3   [ RunTime:0.001026s ]
SQL: SHOW COLUMNS FROM `w_typedonate` [ RunTime:0.001748s ]
SQL: SELECT * FROM `w_typedonate` WHERE ( 1=1 AND t_id='1' ) LIMIT 1   [ RunTime:0.000395s ]
SQL: SELECT * FROM `w_typedonate` WHERE ( 1=1 AND t_id='3' ) LIMIT 1   [ RunTime:0.000298s ]
SQL: SELECT * FROM `w_typedonate` WHERE ( 1=1 AND t_id='1' ) LIMIT 1   [ RunTime:0.000308s ]
INFO: [ view_template ] --START--
INFO: Run LocationTemplate Behavior [ RunTime:0.002508s ]
INFO: [ view_template ] --END-- [ RunTime:0.002616s ]
INFO: [ view_parse ] --START--
INFO: Run ParseTemplate Behavior [ RunTime:0.018586s ]
INFO: [ view_parse ] --END-- [ RunTime:0.019059s ]
INFO: [ view_filter ] --START--
INFO: Run ContentReplace Behavior [ RunTime:0.001211s ]
INFO: Run TokenBuild Behavior [ RunTime:0.001091s ]
INFO: Run WriteHtmlCache Behavior [ RunTime:0.001766s ]
INFO: Run ShowRuntime Behavior [ RunTime:0.001660s ]
INFO: [ view_filter ] --END-- [ RunTime:0.006149s ]
INFO: [ view_end ] --START--
INFO: Run ShowPageTrace Behavior [ RunTime:0.001592s ]
INFO: [ view_end ] --END-- [ RunTime:0.001677s ]

[ 2015-10-25T20:11:51+08:00 ] 127.0.0.1 /jiuye/index.php/Advise/jianyi
INFO: [ route_check ] --START--
INFO: Run CheckRoute Behavior [ RunTime:0.001647s ]
INFO: [ route_check ] --END-- [ RunTime:0.001757s ]
INFO: [ app_begin ] --START--
INFO: Run ReadHtmlCache Behavior [ RunTime:0.001554s ]
INFO: [ app_begin ] --END-- [ RunTime:0.001753s ]
NOTIC: [2] Missing argument 4 for PublicAction::page(), called in D:\xampp\htdocs\Jiuye\Work\Lib\Action\AdviseAction.class.php on line 11 and defined D:\xampp\htdocs\Jiuye\Work\Lib\Action\PublicAction.class.php 第 13 行.
SQL: SHOW COLUMNS FROM `w_advise` [ RunTime:0.001564s ]
SQL: SELECT COUNT(*) AS tp_count FROM `w_advise` LIMIT 1   [ RunTime:0.000407s ]
NOTIC: [8] Undefined variable: where D:\xampp\htdocs\Jiuye\Work\Lib\Action\PublicAction.class.php 第 20 行.
SQL: SELECT * FROM `w_advise` WHERE ( 1 ) LIMIT 0,3   [ RunTime:0.000427s ]
INFO: [ view_template ] --START--
INFO: Run LocationTemplate Behavior [ RunTime:0.004881s ]
INFO: [ view_template ] --END-- [ RunTime:0.004977s ]
INFO: [ view_parse ] --START--
INFO: Run ParseTemplate Behavior [ RunTime:0.017255s ]
INFO: [ view_parse ] --END-- [ RunTime:0.017375s ]
INFO: [ view_filter ] --START--
INFO: Run ContentReplace Behavior [ RunTime:0.001120s ]
INFO: Run TokenBuild Behavior [ RunTime:0.000958s ]
INFO: Run WriteHtmlCache Behavior [ RunTime:0.000810s ]
INFO: Run ShowRuntime Behavior [ RunTime:0.000975s ]
INFO: [ view_filter ] --END-- [ RunTime:0.004077s ]
INFO: [ view_end ] --START--
INFO: Run ShowPageTrace Behavior [ RunTime:0.001285s ]
INFO: [ view_end ] --END-- [ RunTime:0.001349s ]

