[ 2015-11-02T11:29:34+08:00 ] 127.0.0.1 /jiuye/index.php/Index/login
INFO: [ route_check ] --START--
INFO: Run CheckRoute Behavior [ RunTime:0.002836s ]
INFO: [ route_check ] --END-- [ RunTime:0.003044s ]
INFO: [ app_begin ] --START--
INFO: Run ReadHtmlCache Behavior [ RunTime:0.002220s ]
INFO: [ app_begin ] --END-- [ RunTime:0.002350s ]
INFO: [ view_template ] --START--
INFO: Run LocationTemplate Behavior [ RunTime:0.027315s ]
INFO: [ view_template ] --END-- [ RunTime:0.027548s ]
INFO: [ view_parse ] --START--
INFO: Run ParseTemplate Behavior [ RunTime:0.038605s ]
INFO: [ view_parse ] --END-- [ RunTime:0.038773s ]
INFO: [ view_filter ] --START--
INFO: Run ContentReplace Behavior [ RunTime:0.000926s ]
INFO: Run TokenBuild Behavior [ RunTime:0.000937s ]
INFO: Run WriteHtmlCache Behavior [ RunTime:0.000797s ]
INFO: Run ShowRuntime Behavior [ RunTime:0.001601s ]
INFO: [ view_filter ] --END-- [ RunTime:0.004461s ]
INFO: [ view_end ] --START--
INFO: Run ShowPageTrace Behavior [ RunTime:0.001381s ]
INFO: [ view_end ] --END-- [ RunTime:0.001470s ]

[ 2015-11-02T11:29:46+08:00 ] 127.0.0.1 /jiuye/index.php/Index/login
INFO: [ route_check ] --START--
INFO: Run CheckRoute Behavior [ RunTime:0.002080s ]
INFO: [ route_check ] --END-- [ RunTime:0.002461s ]
INFO: [ app_begin ] --START--
INFO: Run ReadHtmlCache Behavior [ RunTime:0.001708s ]
INFO: [ app_begin ] --END-- [ RunTime:0.001982s ]
SQL: SHOW COLUMNS FROM `w_manage` [ RunTime:0.004630s ]
SQL: SELECT * FROM `w_manage` WHERE ( m_name='g18953827837' && m_pwd=123 )  [ RunTime:0.000461s ]
INFO: [ view_template ] --START--
INFO: Run LocationTemplate Behavior [ RunTime:0.001346s ]
INFO: [ view_template ] --END-- [ RunTime:0.001420s ]
INFO: [ view_parse ] --START--
INFO: Run ParseTemplate Behavior [ RunTime:0.063937s ]
INFO: [ view_parse ] --END-- [ RunTime:0.064078s ]
INFO: [ view_filter ] --START--
INFO: Run ContentReplace Behavior [ RunTime:0.000760s ]
INFO: Run TokenBuild Behavior [ RunTime:0.000668s ]
INFO: Run WriteHtmlCache Behavior [ RunTime:0.000568s ]
INFO: Run ShowRuntime Behavior [ RunTime:0.000960s ]
INFO: [ view_filter ] --END-- [ RunTime:0.003144s ]
INFO: [ view_end ] --START--
INFO: Run ShowPageTrace Behavior [ RunTime:0.002567s ]
INFO: [ view_end ] --END-- [ RunTime:0.002709s ]

[ 2015-11-02T11:29:47+08:00 ] 127.0.0.1 /jiuye/index.php/Index/shouye
INFO: [ route_check ] --START--
INFO: Run CheckRoute Behavior [ RunTime:0.001920s ]
INFO: [ route_check ] --END-- [ RunTime:0.002115s ]
INFO: [ app_begin ] --START--
INFO: Run ReadHtmlCache Behavior [ RunTime:0.001039s ]
INFO: [ app_begin ] --END-- [ RunTime:0.001228s ]
INFO: [ view_template ] --START--
INFO: Run LocationTemplate Behavior [ RunTime:0.099840s ]
INFO: [ view_template ] --END-- [ RunTime:0.100133s ]
INFO: [ view_parse ] --START--
INFO: Run ParseTemplate Behavior [ RunTime:0.038244s ]
INFO: [ view_parse ] --END-- [ RunTime:0.038419s ]
INFO: [ view_filter ] --START--
INFO: Run ContentReplace Behavior [ RunTime:0.000511s ]
INFO: Run TokenBuild Behavior [ RunTime:0.000596s ]
INFO: Run WriteHtmlCache Behavior [ RunTime:0.000357s ]
INFO: Run ShowRuntime Behavior [ RunTime:0.000795s ]
INFO: [ view_filter ] --END-- [ RunTime:0.002559s ]
INFO: [ view_end ] --START--
INFO: Run ShowPageTrace Behavior [ RunTime:0.001082s ]
INFO: [ view_end ] --END-- [ RunTime:0.001191s ]

[ 2015-11-02T11:29:48+08:00 ] 127.0.0.1 /jiuye/index.php/Index/top.html
INFO: [ route_check ] --START--
INFO: Run CheckRoute Behavior [ RunTime:0.001039s ]
INFO: [ route_check ] --END-- [ RunTime:0.001154s ]
INFO: [ app_begin ] --START--
INFO: Run ReadHtmlCache Behavior [ RunTime:0.000588s ]
INFO: [ app_begin ] --END-- [ RunTime:0.000672s ]
INFO: [ view_template ] --START--
INFO: Run LocationTemplate Behavior [ RunTime:0.000624s ]
INFO: [ view_template ] --END-- [ RunTime:0.000713s ]
INFO: [ view_parse ] --START--
INFO: Run ParseTemplate Behavior [ RunTime:0.047063s ]
INFO: [ view_parse ] --END-- [ RunTime:0.047352s ]
INFO: [ view_filter ] --START--
INFO: Run ContentReplace Behavior [ RunTime:0.001092s ]
INFO: Run TokenBuild Behavior [ RunTime:0.000407s ]
INFO: Run WriteHtmlCache Behavior [ RunTime:0.000258s ]
INFO: Run ShowRuntime Behavior [ RunTime:0.000443s ]
INFO: [ view_filter ] --END-- [ RunTime:0.002426s ]
INFO: [ view_end ] --START--
INFO: Run ShowPageTrace Behavior [ RunTime:0.000614s ]
INFO: [ view_end ] --END-- [ RunTime:0.000681s ]

[ 2015-11-02T11:29:48+08:00 ] 127.0.0.1 /jiuye/index.php/Index/left.html
INFO: [ route_check ] --START--
INFO: Run CheckRoute Behavior [ RunTime:0.001394s ]
INFO: [ route_check ] --END-- [ RunTime:0.001504s ]
INFO: [ app_begin ] --START--
INFO: Run ReadHtmlCache Behavior [ RunTime:0.001351s ]
INFO: [ app_begin ] --END-- [ RunTime:0.001454s ]
INFO: [ view_template ] --START--
INFO: Run LocationTemplate Behavior [ RunTime:0.001632s ]
INFO: [ view_template ] --END-- [ RunTime:0.001731s ]
INFO: [ view_parse ] --START--
INFO: Run ParseTemplate Behavior [ RunTime:0.060691s ]
INFO: [ view_parse ] --END-- [ RunTime:0.060801s ]
INFO: [ view_filter ] --START--
INFO: Run ContentReplace Behavior [ RunTime:0.001168s ]
INFO: Run TokenBuild Behavior [ RunTime:0.001117s ]
INFO: Run WriteHtmlCache Behavior [ RunTime:0.001135s ]
INFO: Run ShowRuntime Behavior [ RunTime:0.002274s ]
INFO: [ view_filter ] --END-- [ RunTime:0.006207s ]
INFO: [ view_end ] --START--
INFO: Run ShowPageTrace Behavior [ RunTime:0.001686s ]
INFO: [ view_end ] --END-- [ RunTime:0.001927s ]

[ 2015-11-02T11:29:48+08:00 ] 127.0.0.1 /jiuye/index.php/Index/index.html
INFO: [ route_check ] --START--
INFO: Run CheckRoute Behavior [ RunTime:0.001993s ]
INFO: [ route_check ] --END-- [ RunTime:0.002288s ]
INFO: [ app_begin ] --START--
INFO: Run ReadHtmlCache Behavior [ RunTime:0.002010s ]
INFO: [ app_begin ] --END-- [ RunTime:0.002251s ]
INFO: [ view_template ] --START--
INFO: Run LocationTemplate Behavior [ RunTime:0.001430s ]
INFO: [ view_template ] --END-- [ RunTime:0.001538s ]
INFO: [ view_parse ] --START--
INFO: Run ParseTemplate Behavior [ RunTime:0.054279s ]
INFO: [ view_parse ] --END-- [ RunTime:0.054386s ]
INFO: [ view_filter ] --START--
INFO: Run ContentReplace Behavior [ RunTime:0.001803s ]
INFO: Run TokenBuild Behavior [ RunTime:0.002379s ]
INFO: Run WriteHtmlCache Behavior [ RunTime:0.003580s ]
INFO: Run ShowRuntime Behavior [ RunTime:0.001024s ]
INFO: [ view_filter ] --END-- [ RunTime:0.009294s ]
INFO: [ view_end ] --START--
INFO: Run ShowPageTrace Behavior [ RunTime:0.002000s ]
INFO: [ view_end ] --END-- [ RunTime:0.002219s ]

[ 2015-11-02T11:29:52+08:00 ] 127.0.0.1 /jiuye/index.php/Student/xuesheng
INFO: [ route_check ] --START--
INFO: Run CheckRoute Behavior [ RunTime:0.001817s ]
INFO: [ route_check ] --END-- [ RunTime:0.002050s ]
INFO: [ app_begin ] --START--
INFO: Run ReadHtmlCache Behavior [ RunTime:0.002255s ]
INFO: [ app_begin ] --END-- [ RunTime:0.002482s ]
NOTIC: [2] Missing argument 4 for PublicAction::pages(), called in D:\xampp\htdocs\Jiuye\Work\Lib\Action\StudentAction.class.php on line 26 and defined D:\xampp\htdocs\Jiuye\Work\Lib\Action\PublicAction.class.php 第 44 行.
SQL: SHOW COLUMNS FROM `w_student` [ RunTime:0.001926s ]
SQL: SELECT COUNT(*) AS tp_count FROM `w_student` LIMIT 1   [ RunTime:0.000370s ]
NOTIC: [8] Undefined variable: where D:\xampp\htdocs\Jiuye\Work\Lib\Action\PublicAction.class.php 第 51 行.
SQL: SELECT * FROM `w_student` WHERE ( 1 ) LIMIT 0,3   [ RunTime:0.000331s ]
SQL: SHOW COLUMNS FROM `w_class` [ RunTime:0.001777s ]
SQL: SELECT * FROM `w_class` WHERE ( 1=1 AND c_id='5' ) LIMIT 1   [ RunTime:0.000681s ]
SQL: SELECT * FROM `w_class` WHERE ( 1=1 AND c_id='2' ) LIMIT 1   [ RunTime:0.000375s ]
SQL: SELECT * FROM `w_class` WHERE ( 1=1 AND c_id='2' ) LIMIT 1   [ RunTime:0.000978s ]
SQL: SHOW COLUMNS FROM `w_grade` [ RunTime:0.002787s ]
SQL: SELECT * FROM `w_grade`  [ RunTime:0.000546s ]
INFO: [ view_template ] --START--
INFO: Run LocationTemplate Behavior [ RunTime:0.011828s ]
INFO: [ view_template ] --END-- [ RunTime:0.011945s ]
INFO: [ view_parse ] --START--
INFO: Run ParseTemplate Behavior [ RunTime:0.036781s ]
INFO: [ view_parse ] --END-- [ RunTime:0.036864s ]
INFO: [ view_filter ] --START--
INFO: Run ContentReplace Behavior [ RunTime:0.001073s ]
INFO: Run TokenBuild Behavior [ RunTime:0.000733s ]
INFO: Run WriteHtmlCache Behavior [ RunTime:0.000566s ]
INFO: Run ShowRuntime Behavior [ RunTime:0.000746s ]
INFO: [ view_filter ] --END-- [ RunTime:0.003302s ]
INFO: [ view_end ] --START--
INFO: Run ShowPageTrace Behavior [ RunTime:0.000964s ]
INFO: [ view_end ] --END-- [ RunTime:0.001020s ]

[ 2015-11-02T11:29:56+08:00 ] 127.0.0.1 /jiuye/index.php/Student/clas?grade=15%E7%BA%A7
INFO: [ route_check ] --START--
INFO: Run CheckRoute Behavior [ RunTime:0.001603s ]
INFO: [ route_check ] --END-- [ RunTime:0.001876s ]
INFO: [ app_begin ] --START--
INFO: Run ReadHtmlCache Behavior [ RunTime:0.000928s ]
INFO: [ app_begin ] --END-- [ RunTime:0.001009s ]
SQL: SHOW COLUMNS FROM `w_class` [ RunTime:0.001349s ]
SQL: SELECT * FROM `w_class` WHERE ( g_name='15级' )  [ RunTime:0.000245s ]

[ 2015-11-02T11:31:33+08:00 ] 127.0.0.1 /jiuye/index.php/Index/shouye
INFO: [ route_check ] --START--
INFO: Run CheckRoute Behavior [ RunTime:0.001055s ]
INFO: [ route_check ] --END-- [ RunTime:0.001179s ]
INFO: [ app_begin ] --START--
INFO: Run ReadHtmlCache Behavior [ RunTime:0.000529s ]
INFO: [ app_begin ] --END-- [ RunTime:0.000588s ]
INFO: [ view_template ] --START--
INFO: Run LocationTemplate Behavior [ RunTime:0.000795s ]
INFO: [ view_template ] --END-- [ RunTime:0.000856s ]
INFO: [ view_parse ] --START--
INFO: Run ParseTemplate Behavior [ RunTime:0.012366s ]
INFO: [ view_parse ] --END-- [ RunTime:0.012499s ]
INFO: [ view_filter ] --START--
INFO: Run ContentReplace Behavior [ RunTime:0.000888s ]
INFO: Run TokenBuild Behavior [ RunTime:0.000344s ]
INFO: Run WriteHtmlCache Behavior [ RunTime:0.000205s ]
INFO: Run ShowRuntime Behavior [ RunTime:0.000382s ]
INFO: [ view_filter ] --END-- [ RunTime:0.001978s ]
INFO: [ view_end ] --START--
INFO: Run ShowPageTrace Behavior [ RunTime:0.000693s ]
INFO: [ view_end ] --END-- [ RunTime:0.000783s ]

[ 2015-11-02T11:31:33+08:00 ] 127.0.0.1 /jiuye/index.php/Index/top.html
INFO: [ route_check ] --START--
INFO: Run CheckRoute Behavior [ RunTime:0.001311s ]
INFO: [ route_check ] --END-- [ RunTime:0.001450s ]
INFO: [ app_begin ] --START--
INFO: Run ReadHtmlCache Behavior [ RunTime:0.000784s ]
INFO: [ app_begin ] --END-- [ RunTime:0.000904s ]
INFO: [ view_template ] --START--
INFO: Run LocationTemplate Behavior [ RunTime:0.000804s ]
INFO: [ view_template ] --END-- [ RunTime:0.000913s ]
INFO: [ view_parse ] --START--
INFO: Run ParseTemplate Behavior [ RunTime:0.010693s ]
INFO: [ view_parse ] --END-- [ RunTime:0.010801s ]
INFO: [ view_filter ] --START--
INFO: Run ContentReplace Behavior [ RunTime:0.000860s ]
INFO: Run TokenBuild Behavior [ RunTime:0.000336s ]
INFO: Run WriteHtmlCache Behavior [ RunTime:0.000225s ]
INFO: Run ShowRuntime Behavior [ RunTime:0.000425s ]
INFO: [ view_filter ] --END-- [ RunTime:0.002022s ]
INFO: [ view_end ] --START--
INFO: Run ShowPageTrace Behavior [ RunTime:0.000597s ]
INFO: [ view_end ] --END-- [ RunTime:0.000663s ]

[ 2015-11-02T11:31:33+08:00 ] 127.0.0.1 /jiuye/index.php/Index/left.html
INFO: [ route_check ] --START--
INFO: Run CheckRoute Behavior [ RunTime:0.001142s ]
INFO: [ route_check ] --END-- [ RunTime:0.001243s ]
INFO: [ app_begin ] --START--
INFO: Run ReadHtmlCache Behavior [ RunTime:0.002150s ]
INFO: [ app_begin ] --END-- [ RunTime:0.002370s ]
INFO: [ view_template ] --START--
INFO: Run LocationTemplate Behavior [ RunTime:0.002377s ]
INFO: [ view_template ] --END-- [ RunTime:0.002505s ]
INFO: [ view_parse ] --START--
INFO: Run ParseTemplate Behavior [ RunTime:0.015220s ]
INFO: [ view_parse ] --END-- [ RunTime:0.015324s ]
INFO: [ view_filter ] --START--
INFO: Run ContentReplace Behavior [ RunTime:0.001141s ]
INFO: Run TokenBuild Behavior [ RunTime:0.002570s ]
INFO: Run WriteHtmlCache Behavior [ RunTime:0.001531s ]
INFO: Run ShowRuntime Behavior [ RunTime:0.001789s ]
INFO: [ view_filter ] --END-- [ RunTime:0.007406s ]
INFO: [ view_end ] --START--
INFO: Run ShowPageTrace Behavior [ RunTime:0.002144s ]
INFO: [ view_end ] --END-- [ RunTime:0.002251s ]

[ 2015-11-02T11:31:34+08:00 ] 127.0.0.1 /jiuye/index.php/Index/index.html
INFO: [ route_check ] --START--
INFO: Run CheckRoute Behavior [ RunTime:0.001891s ]
INFO: [ route_check ] --END-- [ RunTime:0.002113s ]
INFO: [ app_begin ] --START--
INFO: Run ReadHtmlCache Behavior [ RunTime:0.000675s ]
INFO: [ app_begin ] --END-- [ RunTime:0.000854s ]
INFO: [ view_template ] --START--
INFO: Run LocationTemplate Behavior [ RunTime:0.000914s ]
INFO: [ view_template ] --END-- [ RunTime:0.001025s ]
INFO: [ view_parse ] --START--
INFO: Run ParseTemplate Behavior [ RunTime:0.014720s ]
INFO: [ view_parse ] --END-- [ RunTime:0.014849s ]
INFO: [ view_filter ] --START--
INFO: Run ContentReplace Behavior [ RunTime:0.000470s ]
INFO: Run TokenBuild Behavior [ RunTime:0.000405s ]
INFO: Run WriteHtmlCache Behavior [ RunTime:0.000277s ]
INFO: Run ShowRuntime Behavior [ RunTime:0.000714s ]
INFO: [ view_filter ] --END-- [ RunTime:0.002159s ]
INFO: [ view_end ] --START--
INFO: Run ShowPageTrace Behavior [ RunTime:0.000954s ]
INFO: [ view_end ] --END-- [ RunTime:0.001086s ]

[ 2015-11-02T11:31:35+08:00 ] 127.0.0.1 /jiuye/index.php/Student/xuesheng
INFO: [ route_check ] --START--
INFO: Run CheckRoute Behavior [ RunTime:0.001336s ]
INFO: [ route_check ] --END-- [ RunTime:0.001458s ]
INFO: [ app_begin ] --START--
INFO: Run ReadHtmlCache Behavior [ RunTime:0.001274s ]
INFO: [ app_begin ] --END-- [ RunTime:0.001361s ]
NOTIC: [2] Missing argument 4 for PublicAction::pages(), called in D:\xampp\htdocs\Jiuye\Work\Lib\Action\StudentAction.class.php on line 26 and defined D:\xampp\htdocs\Jiuye\Work\Lib\Action\PublicAction.class.php 第 44 行.
SQL: SHOW COLUMNS FROM `w_student` [ RunTime:0.001831s ]
SQL: SELECT COUNT(*) AS tp_count FROM `w_student` LIMIT 1   [ RunTime:0.000216s ]
NOTIC: [8] Undefined variable: where D:\xampp\htdocs\Jiuye\Work\Lib\Action\PublicAction.class.php 第 51 行.
SQL: SELECT * FROM `w_student` WHERE ( 1 ) LIMIT 0,3   [ RunTime:0.000294s ]
SQL: SHOW COLUMNS FROM `w_class` [ RunTime:0.001696s ]
SQL: SELECT * FROM `w_class` WHERE ( 1=1 AND c_id='5' ) LIMIT 1   [ RunTime:0.000316s ]
SQL: SELECT * FROM `w_class` WHERE ( 1=1 AND c_id='2' ) LIMIT 1   [ RunTime:0.000224s ]
SQL: SELECT * FROM `w_class` WHERE ( 1=1 AND c_id='2' ) LIMIT 1   [ RunTime:0.000210s ]
SQL: SHOW COLUMNS FROM `w_grade` [ RunTime:0.001818s ]
SQL: SELECT * FROM `w_grade`  [ RunTime:0.000320s ]
INFO: [ view_template ] --START--
INFO: Run LocationTemplate Behavior [ RunTime:0.001753s ]
INFO: [ view_template ] --END-- [ RunTime:0.001834s ]
INFO: [ view_parse ] --START--
INFO: Run ParseTemplate Behavior [ RunTime:0.018009s ]
INFO: [ view_parse ] --END-- [ RunTime:0.018160s ]
INFO: [ view_filter ] --START--
INFO: Run ContentReplace Behavior [ RunTime:0.001752s ]
INFO: Run TokenBuild Behavior [ RunTime:0.001074s ]
INFO: Run WriteHtmlCache Behavior [ RunTime:0.001089s ]
INFO: Run ShowRuntime Behavior [ RunTime:0.001207s ]
INFO: [ view_filter ] --END-- [ RunTime:0.005377s ]
INFO: [ view_end ] --START--
INFO: Run ShowPageTrace Behavior [ RunTime:0.001555s ]
INFO: [ view_end ] --END-- [ RunTime:0.001695s ]

[ 2015-11-02T11:31:37+08:00 ] 127.0.0.1 /jiuye/index.php/Student/ajax?grade=15%E7%BA%A7
INFO: [ route_check ] --START--
INFO: Run CheckRoute Behavior [ RunTime:0.001408s ]
INFO: [ route_check ] --END-- [ RunTime:0.001529s ]
INFO: [ app_begin ] --START--
INFO: Run ReadHtmlCache Behavior [ RunTime:0.002216s ]
INFO: [ app_begin ] --END-- [ RunTime:0.002546s ]
SQL: SHOW COLUMNS FROM `w_class` [ RunTime:0.001565s ]
SQL: SELECT * FROM `w_class` WHERE ( g_name='15级' )  [ RunTime:0.000369s ]

[ 2015-11-02T11:31:46+08:00 ] 127.0.0.1 /jiuye/index.php/Student/ajax?grade=14%E7%BA%A7
INFO: [ route_check ] --START--
INFO: Run CheckRoute Behavior [ RunTime:0.000944s ]
INFO: [ route_check ] --END-- [ RunTime:0.001020s ]
INFO: [ app_begin ] --START--
INFO: Run ReadHtmlCache Behavior [ RunTime:0.001098s ]
INFO: [ app_begin ] --END-- [ RunTime:0.001158s ]
SQL: SHOW COLUMNS FROM `w_class` [ RunTime:0.001415s ]
SQL: SELECT * FROM `w_class` WHERE ( g_name='14级' )  [ RunTime:0.000408s ]

[ 2015-11-02T11:31:50+08:00 ] 127.0.0.1 /jiuye/index.php/Student/ajax?grade=15%E7%BA%A7
INFO: [ route_check ] --START--
INFO: Run CheckRoute Behavior [ RunTime:0.001588s ]
INFO: [ route_check ] --END-- [ RunTime:0.001779s ]
INFO: [ app_begin ] --START--
INFO: Run ReadHtmlCache Behavior [ RunTime:0.001060s ]
INFO: [ app_begin ] --END-- [ RunTime:0.001120s ]
SQL: SHOW COLUMNS FROM `w_class` [ RunTime:0.002708s ]
SQL: SELECT * FROM `w_class` WHERE ( g_name='15级' )  [ RunTime:0.000218s ]

[ 2015-11-02T11:31:52+08:00 ] 127.0.0.1 /jiuye/index.php/Student/ajax?grade=14%E7%BA%A7
INFO: [ route_check ] --START--
INFO: Run CheckRoute Behavior [ RunTime:0.000903s ]
INFO: [ route_check ] --END-- [ RunTime:0.000978s ]
INFO: [ app_begin ] --START--
INFO: Run ReadHtmlCache Behavior [ RunTime:0.001057s ]
INFO: [ app_begin ] --END-- [ RunTime:0.001128s ]
SQL: SHOW COLUMNS FROM `w_class` [ RunTime:0.001529s ]
SQL: SELECT * FROM `w_class` WHERE ( g_name='14级' )  [ RunTime:0.000355s ]

