[ 2016-02-26T10:46:27+08:00 ] 127.0.0.1 /jiuye/hou.php/Index/login
INFO: [ route_check ] --START--
INFO: Run CheckRoute Behavior [ RunTime:0.001959s ]
INFO: [ route_check ] --END-- [ RunTime:0.002073s ]
INFO: [ app_begin ] --START--
INFO: Run ReadHtmlCache Behavior [ RunTime:0.001541s ]
INFO: [ app_begin ] --END-- [ RunTime:0.001627s ]
INFO: [ view_template ] --START--
INFO: Run LocationTemplate Behavior [ RunTime:0.018411s ]
INFO: [ view_template ] --END-- [ RunTime:0.018530s ]
INFO: [ view_parse ] --START--
INFO: Run ParseTemplate Behavior [ RunTime:0.129915s ]
INFO: [ view_parse ] --END-- [ RunTime:0.130056s ]
INFO: [ view_filter ] --START--
INFO: Run ContentReplace Behavior [ RunTime:0.012590s ]
INFO: Run TokenBuild Behavior [ RunTime:0.002728s ]
INFO: Run WriteHtmlCache Behavior [ RunTime:0.001687s ]
INFO: Run ShowRuntime Behavior [ RunTime:0.003937s ]
INFO: [ view_filter ] --END-- [ RunTime:0.021384s ]
INFO: [ view_end ] --START--
INFO: Run ShowPageTrace Behavior [ RunTime:0.003044s ]
INFO: [ view_end ] --END-- [ RunTime:0.003185s ]

[ 2016-02-26T10:46:37+08:00 ] 127.0.0.1 /jiuye/hou.php/Index/login
INFO: [ route_check ] --START--
INFO: Run CheckRoute Behavior [ RunTime:0.001717s ]
INFO: [ route_check ] --END-- [ RunTime:0.001826s ]
INFO: [ app_begin ] --START--
INFO: Run ReadHtmlCache Behavior [ RunTime:0.001340s ]
INFO: [ app_begin ] --END-- [ RunTime:0.001424s ]
SQL: SHOW COLUMNS FROM `w_manage` [ RunTime:0.024970s ]
SQL: SELECT * FROM `w_manage` WHERE ( m_name='g18953827837' && m_pwd=123 )  [ RunTime:0.000875s ]
INFO: [ view_template ] --START--
INFO: Run LocationTemplate Behavior [ RunTime:0.002810s ]
INFO: [ view_template ] --END-- [ RunTime:0.002965s ]
INFO: [ view_parse ] --START--
INFO: Run ParseTemplate Behavior [ RunTime:0.033376s ]
INFO: [ view_parse ] --END-- [ RunTime:0.033521s ]
INFO: [ view_filter ] --START--
INFO: Run ContentReplace Behavior [ RunTime:0.001061s ]
INFO: Run TokenBuild Behavior [ RunTime:0.001016s ]
INFO: Run WriteHtmlCache Behavior [ RunTime:0.000923s ]
INFO: Run ShowRuntime Behavior [ RunTime:0.001091s ]
INFO: [ view_filter ] --END-- [ RunTime:0.004254s ]
INFO: [ view_end ] --START--
INFO: Run ShowPageTrace Behavior [ RunTime:0.001230s ]
INFO: [ view_end ] --END-- [ RunTime:0.001283s ]

[ 2016-02-26T10:46:38+08:00 ] 127.0.0.1 /jiuye/hou.php/Index/shouye
INFO: [ route_check ] --START--
INFO: Run CheckRoute Behavior [ RunTime:0.001418s ]
INFO: [ route_check ] --END-- [ RunTime:0.001518s ]
INFO: [ app_begin ] --START--
INFO: Run ReadHtmlCache Behavior [ RunTime:0.001167s ]
INFO: [ app_begin ] --END-- [ RunTime:0.001233s ]
INFO: [ view_template ] --START--
INFO: Run LocationTemplate Behavior [ RunTime:0.002373s ]
INFO: [ view_template ] --END-- [ RunTime:0.002788s ]
INFO: [ view_parse ] --START--
INFO: Run ParseTemplate Behavior [ RunTime:0.011119s ]
INFO: [ view_parse ] --END-- [ RunTime:0.011296s ]
INFO: [ view_filter ] --START--
INFO: Run ContentReplace Behavior [ RunTime:0.001002s ]
INFO: Run TokenBuild Behavior [ RunTime:0.001033s ]
INFO: Run WriteHtmlCache Behavior [ RunTime:0.000982s ]
INFO: Run ShowRuntime Behavior [ RunTime:0.002242s ]
INFO: [ view_filter ] --END-- [ RunTime:0.005446s ]
INFO: [ view_end ] --START--
INFO: Run ShowPageTrace Behavior [ RunTime:0.001257s ]
INFO: [ view_end ] --END-- [ RunTime:0.001313s ]

[ 2016-02-26T10:46:38+08:00 ] 127.0.0.1 /jiuye/hou.php/Index/top
INFO: [ route_check ] --START--
INFO: Run CheckRoute Behavior [ RunTime:0.002309s ]
INFO: [ route_check ] --END-- [ RunTime:0.002462s ]
INFO: [ app_begin ] --START--
INFO: Run ReadHtmlCache Behavior [ RunTime:0.001407s ]
INFO: [ app_begin ] --END-- [ RunTime:0.001487s ]
SQL: SHOW COLUMNS FROM `w_manage` [ RunTime:0.003112s ]
SQL: SELECT `m_jb` FROM `w_manage` WHERE ( m_name = 'g18953827837' ) LIMIT 1   [ RunTime:0.001499s ]
INFO: [ view_template ] --START--
INFO: Run LocationTemplate Behavior [ RunTime:0.002159s ]
INFO: [ view_template ] --END-- [ RunTime:0.002296s ]
INFO: [ view_parse ] --START--
INFO: Run ParseTemplate Behavior [ RunTime:0.011931s ]
INFO: [ view_parse ] --END-- [ RunTime:0.012022s ]
INFO: [ view_filter ] --START--
INFO: Run ContentReplace Behavior [ RunTime:0.001425s ]
INFO: Run TokenBuild Behavior [ RunTime:0.001187s ]
INFO: Run WriteHtmlCache Behavior [ RunTime:0.001612s ]
INFO: Run ShowRuntime Behavior [ RunTime:0.001205s ]
INFO: [ view_filter ] --END-- [ RunTime:0.005668s ]
INFO: [ view_end ] --START--
INFO: Run ShowPageTrace Behavior [ RunTime:0.001303s ]
INFO: [ view_end ] --END-- [ RunTime:0.001360s ]

[ 2016-02-26T10:46:39+08:00 ] 127.0.0.1 /jiuye/hou.php/Class/banji
INFO: [ route_check ] --START--
INFO: Run CheckRoute Behavior [ RunTime:0.002564s ]
INFO: [ route_check ] --END-- [ RunTime:0.002690s ]
INFO: [ app_begin ] --START--
INFO: Run ReadHtmlCache Behavior [ RunTime:0.002393s ]
INFO: [ app_begin ] --END-- [ RunTime:0.002518s ]
NOTIC: [2] Missing argument 4 for PublicAction::page(), called in D:\xampp\htdocs\jiuye\Work\Lib\Action\ClassAction.class.php on line 10 and defined D:\xampp\htdocs\jiuye\Work\Lib\Action\PublicAction.class.php 第 13 行.
SQL: SHOW COLUMNS FROM `w_class` [ RunTime:0.049024s ]
SQL: SELECT COUNT(*) AS tp_count FROM `w_class` LIMIT 1   [ RunTime:0.000387s ]
NOTIC: [8] Undefined variable: where D:\xampp\htdocs\jiuye\Work\Lib\Action\PublicAction.class.php 第 20 行.
SQL: SELECT * FROM `w_class` WHERE ( 1 ) LIMIT 0,3   [ RunTime:0.000357s ]
INFO: [ view_template ] --START--
INFO: Run LocationTemplate Behavior [ RunTime:0.003373s ]
INFO: [ view_template ] --END-- [ RunTime:0.003523s ]
INFO: [ view_parse ] --START--
INFO: Run ParseTemplate Behavior [ RunTime:0.057982s ]
INFO: [ view_parse ] --END-- [ RunTime:0.058128s ]
INFO: [ view_filter ] --START--
INFO: Run ContentReplace Behavior [ RunTime:0.001366s ]
INFO: Run TokenBuild Behavior [ RunTime:0.001383s ]
INFO: Run WriteHtmlCache Behavior [ RunTime:0.000464s ]
INFO: Run ShowRuntime Behavior [ RunTime:0.001214s ]
INFO: [ view_filter ] --END-- [ RunTime:0.004660s ]
INFO: [ view_end ] --START--
INFO: Run ShowPageTrace Behavior [ RunTime:0.001399s ]
INFO: [ view_end ] --END-- [ RunTime:0.001473s ]

[ 2016-02-26T10:46:39+08:00 ] 127.0.0.1 /jiuye/hou.php/Index/left.html
INFO: [ route_check ] --START--
INFO: Run CheckRoute Behavior [ RunTime:0.099722s ]
INFO: [ route_check ] --END-- [ RunTime:0.099836s ]
INFO: [ app_begin ] --START--
INFO: Run ReadHtmlCache Behavior [ RunTime:0.000944s ]
INFO: [ app_begin ] --END-- [ RunTime:0.001017s ]
INFO: [ view_template ] --START--
INFO: Run LocationTemplate Behavior [ RunTime:0.001292s ]
INFO: [ view_template ] --END-- [ RunTime:0.001599s ]
INFO: [ view_parse ] --START--
INFO: Run ParseTemplate Behavior [ RunTime:0.051194s ]
INFO: [ view_parse ] --END-- [ RunTime:0.051544s ]
INFO: [ view_filter ] --START--
INFO: Run ContentReplace Behavior [ RunTime:0.001281s ]
INFO: Run TokenBuild Behavior [ RunTime:0.001228s ]
INFO: Run WriteHtmlCache Behavior [ RunTime:0.001052s ]
INFO: Run ShowRuntime Behavior [ RunTime:0.003426s ]
INFO: [ view_filter ] --END-- [ RunTime:0.008038s ]
INFO: [ view_end ] --START--
INFO: Run ShowPageTrace Behavior [ RunTime:0.002866s ]
INFO: [ view_end ] --END-- [ RunTime:0.003017s ]

[ 2016-02-26T10:46:41+08:00 ] 127.0.0.1 /jiuye/hou.php/Index/ysession
INFO: [ route_check ] --START--
INFO: Run CheckRoute Behavior [ RunTime:0.001876s ]
INFO: [ route_check ] --END-- [ RunTime:0.002006s ]
INFO: [ app_begin ] --START--
INFO: Run ReadHtmlCache Behavior [ RunTime:0.002063s ]
INFO: [ app_begin ] --END-- [ RunTime:0.002190s ]

[ 2016-02-26T10:46:41+08:00 ] 127.0.0.1 /jiuye/hou.php/Class/banji
INFO: [ route_check ] --START--
INFO: Run CheckRoute Behavior [ RunTime:0.001448s ]
INFO: [ route_check ] --END-- [ RunTime:0.001544s ]
INFO: [ app_begin ] --START--
INFO: Run ReadHtmlCache Behavior [ RunTime:0.001428s ]
INFO: [ app_begin ] --END-- [ RunTime:0.001514s ]
NOTIC: [2] Missing argument 4 for PublicAction::page(), called in D:\xampp\htdocs\jiuye\Work\Lib\Action\ClassAction.class.php on line 10 and defined D:\xampp\htdocs\jiuye\Work\Lib\Action\PublicAction.class.php 第 13 行.
SQL: SHOW COLUMNS FROM `w_class` [ RunTime:0.003067s ]
SQL: SELECT COUNT(*) AS tp_count FROM `w_class` LIMIT 1   [ RunTime:0.000556s ]
NOTIC: [8] Undefined variable: where D:\xampp\htdocs\jiuye\Work\Lib\Action\PublicAction.class.php 第 20 行.
SQL: SELECT * FROM `w_class` WHERE ( 1 ) LIMIT 0,3   [ RunTime:0.000468s ]
INFO: [ view_template ] --START--
INFO: Run LocationTemplate Behavior [ RunTime:0.001889s ]
INFO: [ view_template ] --END-- [ RunTime:0.001977s ]
INFO: [ view_parse ] --START--
INFO: Run ParseTemplate Behavior [ RunTime:0.022503s ]
INFO: [ view_parse ] --END-- [ RunTime:0.022590s ]
INFO: [ view_filter ] --START--
INFO: Run ContentReplace Behavior [ RunTime:0.002012s ]
INFO: Run TokenBuild Behavior [ RunTime:0.001080s ]
INFO: Run WriteHtmlCache Behavior [ RunTime:0.000939s ]
INFO: Run ShowRuntime Behavior [ RunTime:0.001101s ]
INFO: [ view_filter ] --END-- [ RunTime:0.005353s ]
INFO: [ view_end ] --START--
INFO: Run ShowPageTrace Behavior [ RunTime:0.001226s ]
INFO: [ view_end ] --END-- [ RunTime:0.001284s ]

[ 2016-02-26T10:46:43+08:00 ] 127.0.0.1 /jiuye/hou.php/Index/ysession
INFO: [ route_check ] --START--
INFO: Run CheckRoute Behavior [ RunTime:0.000894s ]
INFO: [ route_check ] --END-- [ RunTime:0.001001s ]
INFO: [ app_begin ] --START--
INFO: Run ReadHtmlCache Behavior [ RunTime:0.002086s ]
INFO: [ app_begin ] --END-- [ RunTime:0.002205s ]

[ 2016-02-26T10:46:43+08:00 ] 127.0.0.1 /jiuye/hou.php/Grade/nianji
INFO: [ route_check ] --START--
INFO: Run CheckRoute Behavior [ RunTime:0.001378s ]
INFO: [ route_check ] --END-- [ RunTime:0.001479s ]
INFO: [ app_begin ] --START--
INFO: Run ReadHtmlCache Behavior [ RunTime:0.002484s ]
INFO: [ app_begin ] --END-- [ RunTime:0.002823s ]
NOTIC: [2] Missing argument 4 for PublicAction::page(), called in D:\xampp\htdocs\jiuye\Work\Lib\Action\GradeAction.class.php on line 10 and defined D:\xampp\htdocs\jiuye\Work\Lib\Action\PublicAction.class.php 第 13 行.
SQL: SHOW COLUMNS FROM `w_grade` [ RunTime:0.030240s ]
SQL: SELECT COUNT(*) AS tp_count FROM `w_grade` LIMIT 1   [ RunTime:0.000465s ]
NOTIC: [8] Undefined variable: where D:\xampp\htdocs\jiuye\Work\Lib\Action\PublicAction.class.php 第 20 行.
SQL: SELECT * FROM `w_grade` WHERE ( 1 ) LIMIT 0,3   [ RunTime:0.002131s ]
INFO: [ view_template ] --START--
INFO: Run LocationTemplate Behavior [ RunTime:0.001430s ]
INFO: [ view_template ] --END-- [ RunTime:0.001513s ]
INFO: [ view_parse ] --START--
INFO: Run ParseTemplate Behavior [ RunTime:0.023976s ]
INFO: [ view_parse ] --END-- [ RunTime:0.024064s ]
INFO: [ view_filter ] --START--
INFO: Run ContentReplace Behavior [ RunTime:0.000725s ]
INFO: Run TokenBuild Behavior [ RunTime:0.000684s ]
INFO: Run WriteHtmlCache Behavior [ RunTime:0.000579s ]
INFO: Run ShowRuntime Behavior [ RunTime:0.000750s ]
INFO: [ view_filter ] --END-- [ RunTime:0.002901s ]
INFO: [ view_end ] --START--
INFO: Run ShowPageTrace Behavior [ RunTime:0.000888s ]
INFO: [ view_end ] --END-- [ RunTime:0.000944s ]

[ 2016-02-26T10:46:46+08:00 ] 127.0.0.1 /jiuye/hou.php/Member/huiyuan
INFO: [ route_check ] --START--
INFO: Run CheckRoute Behavior [ RunTime:0.001282s ]
INFO: [ route_check ] --END-- [ RunTime:0.001440s ]
INFO: [ app_begin ] --START--
INFO: Run ReadHtmlCache Behavior [ RunTime:0.000787s ]
INFO: [ app_begin ] --END-- [ RunTime:0.000910s ]
NOTIC: [8] Undefined index:  mname D:\xampp\htdocs\jiuye\Work\Lib\Action\MemberAction.class.php 第 11 行.
NOTIC: [8] Undefined variable: where D:\xampp\htdocs\jiuye\Work\Lib\Action\MemberAction.class.php 第 16 行.
SQL: SHOW COLUMNS FROM `w_member` [ RunTime:0.012745s ]
SQL: SELECT COUNT(*) AS tp_count FROM `w_member` LIMIT 1   [ RunTime:0.000965s ]
SQL: SELECT * FROM `w_member` WHERE ( 1 ) LIMIT 0,3   [ RunTime:0.000953s ]
SQL: SHOW COLUMNS FROM `w_membertype` [ RunTime:0.012777s ]
SQL: SELECT * FROM `w_membertype` WHERE ( 1=1 AND mt_id='1' ) LIMIT 1   [ RunTime:0.000753s ]
SQL: SELECT * FROM `w_membertype` WHERE ( 1=1 AND mt_id='5' ) LIMIT 1   [ RunTime:0.000555s ]
SQL: SELECT * FROM `w_membertype` WHERE ( 1=1 AND mt_id='5' ) LIMIT 1   [ RunTime:0.000444s ]
INFO: [ view_template ] --START--
INFO: Run LocationTemplate Behavior [ RunTime:0.000893s ]
INFO: [ view_template ] --END-- [ RunTime:0.000960s ]
INFO: [ view_parse ] --START--
INFO: Run ParseTemplate Behavior [ RunTime:0.018512s ]
INFO: [ view_parse ] --END-- [ RunTime:0.018594s ]
INFO: [ view_filter ] --START--
INFO: Run ContentReplace Behavior [ RunTime:0.000328s ]
INFO: Run TokenBuild Behavior [ RunTime:0.000304s ]
INFO: Run WriteHtmlCache Behavior [ RunTime:0.000204s ]
INFO: Run ShowRuntime Behavior [ RunTime:0.000381s ]
INFO: [ view_filter ] --END-- [ RunTime:0.001372s ]
INFO: [ view_end ] --START--
INFO: Run ShowPageTrace Behavior [ RunTime:0.000556s ]
INFO: [ view_end ] --END-- [ RunTime:0.000627s ]

[ 2016-02-26T10:46:46+08:00 ] 127.0.0.1 /jiuye/hou.php/Index/ysession
INFO: [ route_check ] --START--
INFO: Run CheckRoute Behavior [ RunTime:0.000853s ]
INFO: [ route_check ] --END-- [ RunTime:0.000941s ]
INFO: [ app_begin ] --START--
INFO: Run ReadHtmlCache Behavior [ RunTime:0.001282s ]
INFO: [ app_begin ] --END-- [ RunTime:0.001346s ]

[ 2016-02-26T10:46:48+08:00 ] 127.0.0.1 /jiuye/hou.php/Membertype/membertype
INFO: [ route_check ] --START--
INFO: Run CheckRoute Behavior [ RunTime:0.000899s ]
INFO: [ route_check ] --END-- [ RunTime:0.001018s ]
INFO: [ app_begin ] --START--
INFO: Run ReadHtmlCache Behavior [ RunTime:0.000538s ]
INFO: [ app_begin ] --END-- [ RunTime:0.000655s ]
NOTIC: [2] Missing argument 4 for PublicAction::page(), called in D:\xampp\htdocs\jiuye\Work\Lib\Action\MembertypeAction.class.php on line 18 and defined D:\xampp\htdocs\jiuye\Work\Lib\Action\PublicAction.class.php 第 13 行.
SQL: SHOW COLUMNS FROM `w_membertype` [ RunTime:0.002650s ]
SQL: SELECT COUNT(*) AS tp_count FROM `w_membertype` LIMIT 1   [ RunTime:0.000736s ]
NOTIC: [8] Undefined variable: where D:\xampp\htdocs\jiuye\Work\Lib\Action\PublicAction.class.php 第 20 行.
SQL: SELECT * FROM `w_membertype` WHERE ( 1 ) LIMIT 0,3   [ RunTime:0.000487s ]
INFO: [ view_template ] --START--
INFO: Run LocationTemplate Behavior [ RunTime:0.018995s ]
INFO: [ view_template ] --END-- [ RunTime:0.019140s ]
INFO: [ view_parse ] --START--
INFO: Run ParseTemplate Behavior [ RunTime:0.023601s ]
INFO: [ view_parse ] --END-- [ RunTime:0.023704s ]
INFO: [ view_filter ] --START--
INFO: Run ContentReplace Behavior [ RunTime:0.000342s ]
INFO: Run TokenBuild Behavior [ RunTime:0.000328s ]
INFO: Run WriteHtmlCache Behavior [ RunTime:0.000203s ]
INFO: Run ShowRuntime Behavior [ RunTime:0.000380s ]
INFO: [ view_filter ] --END-- [ RunTime:0.001409s ]
INFO: [ view_end ] --START--
INFO: Run ShowPageTrace Behavior [ RunTime:0.000530s ]
INFO: [ view_end ] --END-- [ RunTime:0.000584s ]

[ 2016-02-26T10:46:48+08:00 ] 127.0.0.1 /jiuye/hou.php/Index/ysession
INFO: [ route_check ] --START--
INFO: Run CheckRoute Behavior [ RunTime:0.000799s ]
INFO: [ route_check ] --END-- [ RunTime:0.000876s ]
INFO: [ app_begin ] --START--
INFO: Run ReadHtmlCache Behavior [ RunTime:0.001197s ]
INFO: [ app_begin ] --END-- [ RunTime:0.001256s ]

[ 2016-02-26T10:46:50+08:00 ] 127.0.0.1 /jiuye/hou.php/Index/ysession
INFO: [ route_check ] --START--
INFO: Run CheckRoute Behavior [ RunTime:0.001645s ]
INFO: [ route_check ] --END-- [ RunTime:0.001821s ]
INFO: [ app_begin ] --START--
INFO: Run ReadHtmlCache Behavior [ RunTime:0.002314s ]
INFO: [ app_begin ] --END-- [ RunTime:0.002490s ]

[ 2016-02-26T10:46:50+08:00 ] 127.0.0.1 /jiuye/hou.php/Member/huiyuan
INFO: [ route_check ] --START--
INFO: Run CheckRoute Behavior [ RunTime:0.001337s ]
INFO: [ route_check ] --END-- [ RunTime:0.001505s ]
INFO: [ app_begin ] --START--
INFO: Run ReadHtmlCache Behavior [ RunTime:0.000839s ]
INFO: [ app_begin ] --END-- [ RunTime:0.000969s ]
NOTIC: [8] Undefined index:  mname D:\xampp\htdocs\jiuye\Work\Lib\Action\MemberAction.class.php 第 11 行.
NOTIC: [8] Undefined variable: where D:\xampp\htdocs\jiuye\Work\Lib\Action\MemberAction.class.php 第 16 行.
SQL: SHOW COLUMNS FROM `w_member` [ RunTime:0.003752s ]
SQL: SELECT COUNT(*) AS tp_count FROM `w_member` LIMIT 1   [ RunTime:0.001107s ]
SQL: SELECT * FROM `w_member` WHERE ( 1 ) LIMIT 0,3   [ RunTime:0.000924s ]
SQL: SHOW COLUMNS FROM `w_membertype` [ RunTime:0.002603s ]
SQL: SELECT * FROM `w_membertype` WHERE ( 1=1 AND mt_id='1' ) LIMIT 1   [ RunTime:0.000822s ]
SQL: SELECT * FROM `w_membertype` WHERE ( 1=1 AND mt_id='5' ) LIMIT 1   [ RunTime:0.000728s ]
SQL: SELECT * FROM `w_membertype` WHERE ( 1=1 AND mt_id='5' ) LIMIT 1   [ RunTime:0.000928s ]
INFO: [ view_template ] --START--
INFO: Run LocationTemplate Behavior [ RunTime:0.000419s ]
INFO: [ view_template ] --END-- [ RunTime:0.000488s ]
INFO: [ view_parse ] --START--
INFO: Run ParseTemplate Behavior [ RunTime:0.010157s ]
INFO: [ view_parse ] --END-- [ RunTime:0.010239s ]
INFO: [ view_filter ] --START--
INFO: Run ContentReplace Behavior [ RunTime:0.000325s ]
INFO: Run TokenBuild Behavior [ RunTime:0.000303s ]
INFO: Run WriteHtmlCache Behavior [ RunTime:0.000201s ]
INFO: Run ShowRuntime Behavior [ RunTime:0.000381s ]
INFO: [ view_filter ] --END-- [ RunTime:0.001362s ]
INFO: [ view_end ] --START--
INFO: Run ShowPageTrace Behavior [ RunTime:0.000503s ]
INFO: [ view_end ] --END-- [ RunTime:0.000557s ]

[ 2016-02-26T10:46:52+08:00 ] 127.0.0.1 /jiuye/hou.php/Donate/juanzeng
INFO: [ route_check ] --START--
INFO: Run CheckRoute Behavior [ RunTime:0.001272s ]
INFO: [ route_check ] --END-- [ RunTime:0.001428s ]
INFO: [ app_begin ] --START--
INFO: Run ReadHtmlCache Behavior [ RunTime:0.000789s ]
INFO: [ app_begin ] --END-- [ RunTime:0.000898s ]
NOTIC: [2] Missing argument 4 for PublicAction::pages(), called in D:\xampp\htdocs\jiuye\Work\Lib\Action\DonateAction.class.php on line 28 and defined D:\xampp\htdocs\jiuye\Work\Lib\Action\PublicAction.class.php 第 44 行.
SQL: SHOW COLUMNS FROM `w_donate` [ RunTime:0.019151s ]
SQL: SELECT COUNT(*) AS tp_count FROM `w_donate` LIMIT 1   [ RunTime:0.000622s ]
NOTIC: [8] Undefined variable: where D:\xampp\htdocs\jiuye\Work\Lib\Action\PublicAction.class.php 第 51 行.
SQL: SELECT * FROM `w_donate` WHERE ( 1 ) LIMIT 0,3   [ RunTime:0.000480s ]
SQL: SHOW COLUMNS FROM `w_typedonate` [ RunTime:0.012648s ]
SQL: SELECT * FROM `w_typedonate` WHERE ( 1=1 AND t_id='1' ) LIMIT 1   [ RunTime:0.000805s ]
SQL: SELECT * FROM `w_typedonate` WHERE ( 1=1 AND t_id='3' ) LIMIT 1   [ RunTime:0.000490s ]
SQL: SELECT * FROM `w_typedonate` WHERE ( 1=1 AND t_id='1' ) LIMIT 1   [ RunTime:0.000775s ]
INFO: [ view_template ] --START--
INFO: Run LocationTemplate Behavior [ RunTime:0.000873s ]
INFO: [ view_template ] --END-- [ RunTime:0.000939s ]
INFO: [ view_parse ] --START--
INFO: Run ParseTemplate Behavior [ RunTime:0.009980s ]
INFO: [ view_parse ] --END-- [ RunTime:0.010096s ]
INFO: [ view_filter ] --START--
INFO: Run ContentReplace Behavior [ RunTime:0.000476s ]
INFO: Run TokenBuild Behavior [ RunTime:0.000334s ]
INFO: Run WriteHtmlCache Behavior [ RunTime:0.000211s ]
INFO: Run ShowRuntime Behavior [ RunTime:0.000392s ]
INFO: [ view_filter ] --END-- [ RunTime:0.001586s ]
INFO: [ view_end ] --START--
INFO: Run ShowPageTrace Behavior [ RunTime:0.000566s ]
INFO: [ view_end ] --END-- [ RunTime:0.000622s ]

[ 2016-02-26T10:46:52+08:00 ] 127.0.0.1 /jiuye/hou.php/Index/ysession
INFO: [ route_check ] --START--
INFO: Run CheckRoute Behavior [ RunTime:0.001345s ]
INFO: [ route_check ] --END-- [ RunTime:0.001527s ]
INFO: [ app_begin ] --START--
INFO: Run ReadHtmlCache Behavior [ RunTime:0.001529s ]
INFO: [ app_begin ] --END-- [ RunTime:0.001649s ]

[ 2016-02-26T10:46:54+08:00 ] 127.0.0.1 /jiuye/hou.php/Invite/zhaopin
INFO: [ route_check ] --START--
INFO: Run CheckRoute Behavior [ RunTime:0.001330s ]
INFO: [ route_check ] --END-- [ RunTime:0.001491s ]
INFO: [ app_begin ] --START--
INFO: Run ReadHtmlCache Behavior [ RunTime:0.000691s ]
INFO: [ app_begin ] --END-- [ RunTime:0.000785s ]
SQL: SHOW COLUMNS FROM `w_invite` [ RunTime:0.016765s ]
NOTIC: [8] Undefined index:  iname D:\xampp\htdocs\jiuye\Work\Lib\Action\InviteAction.class.php 第 11 行.
NOTIC: [8] Undefined index:  rname D:\xampp\htdocs\jiuye\Work\Lib\Action\InviteAction.class.php 第 15 行.
NOTIC: [8] Undefined index:  num D:\xampp\htdocs\jiuye\Work\Lib\Action\InviteAction.class.php 第 19 行.
NOTIC: [8] Undefined variable: where D:\xampp\htdocs\jiuye\Work\Lib\Action\InviteAction.class.php 第 26 行.
SQL: SHOW COLUMNS FROM `w_invite` [ RunTime:0.002650s ]
SQL: SELECT COUNT(*) AS tp_count FROM `w_invite` LIMIT 1   [ RunTime:0.001820s ]
SQL: SELECT * FROM `w_invite` WHERE ( 1 ) LIMIT 0,3   [ RunTime:0.013566s ]
SQL: SELECT * FROM `w_invite` ORDER BY i_name desc  [ RunTime:0.001624s ]
SQL: SELECT * FROM `w_invite` GROUP BY i_reward  [ RunTime:0.001413s ]
SQL: SELECT * FROM `w_invite` GROUP BY i_num  [ RunTime:0.000954s ]
INFO: [ view_template ] --START--
INFO: Run LocationTemplate Behavior [ RunTime:0.001055s ]
INFO: [ view_template ] --END-- [ RunTime:0.001161s ]
INFO: [ view_parse ] --START--
INFO: Run ParseTemplate Behavior [ RunTime:0.019651s ]
INFO: [ view_parse ] --END-- [ RunTime:0.019736s ]
INFO: [ view_filter ] --START--
INFO: Run ContentReplace Behavior [ RunTime:0.000413s ]
INFO: Run TokenBuild Behavior [ RunTime:0.000306s ]
INFO: Run WriteHtmlCache Behavior [ RunTime:0.000202s ]
INFO: Run ShowRuntime Behavior [ RunTime:0.000375s ]
INFO: [ view_filter ] --END-- [ RunTime:0.001450s ]
INFO: [ view_end ] --START--
INFO: Run ShowPageTrace Behavior [ RunTime:0.000508s ]
INFO: [ view_end ] --END-- [ RunTime:0.000561s ]

[ 2016-02-26T10:46:54+08:00 ] 127.0.0.1 /jiuye/hou.php/Index/ysession
INFO: [ route_check ] --START--
INFO: Run CheckRoute Behavior [ RunTime:0.000849s ]
INFO: [ route_check ] --END-- [ RunTime:0.000936s ]
INFO: [ app_begin ] --START--
INFO: Run ReadHtmlCache Behavior [ RunTime:0.003563s ]
INFO: [ app_begin ] --END-- [ RunTime:0.003697s ]

[ 2016-02-26T10:46:56+08:00 ] 127.0.0.1 /jiuye/hou.php/Applyjob/qiuzhi
INFO: [ route_check ] --START--
INFO: Run CheckRoute Behavior [ RunTime:0.001205s ]
INFO: [ route_check ] --END-- [ RunTime:0.001346s ]
INFO: [ app_begin ] --START--
INFO: Run ReadHtmlCache Behavior [ RunTime:0.000750s ]
INFO: [ app_begin ] --END-- [ RunTime:0.000850s ]
SQL: SHOW COLUMNS FROM `w_applyjob` [ RunTime:0.017939s ]
NOTIC: [8] Undefined index:  name D:\xampp\htdocs\jiuye\Work\Lib\Action\ApplyjobAction.class.php 第 19 行.
NOTIC: [8] Undefined index:  work D:\xampp\htdocs\jiuye\Work\Lib\Action\ApplyjobAction.class.php 第 23 行.
NOTIC: [8] Undefined variable: where D:\xampp\htdocs\jiuye\Work\Lib\Action\ApplyjobAction.class.php 第 30 行.
SQL: SHOW COLUMNS FROM `w_applyjob` [ RunTime:0.002620s ]
SQL: SELECT COUNT(*) AS tp_count FROM `w_applyjob` LIMIT 1   [ RunTime:0.000373s ]
SQL: SELECT * FROM `w_applyjob` WHERE ( 1 ) LIMIT 0,3   [ RunTime:0.015731s ]
SQL: SELECT * FROM `w_applyjob` GROUP BY aj_post  [ RunTime:0.000640s ]
INFO: [ view_template ] --START--
INFO: Run LocationTemplate Behavior [ RunTime:0.001445s ]
INFO: [ view_template ] --END-- [ RunTime:0.001572s ]
INFO: [ view_parse ] --START--
INFO: Run ParseTemplate Behavior [ RunTime:0.017600s ]
INFO: [ view_parse ] --END-- [ RunTime:0.017707s ]
INFO: [ view_filter ] --START--
INFO: Run ContentReplace Behavior [ RunTime:0.000394s ]
INFO: Run TokenBuild Behavior [ RunTime:0.000346s ]
INFO: Run WriteHtmlCache Behavior [ RunTime:0.000233s ]
INFO: Run ShowRuntime Behavior [ RunTime:0.000428s ]
INFO: [ view_filter ] --END-- [ RunTime:0.001575s ]
INFO: [ view_end ] --START--
INFO: Run ShowPageTrace Behavior [ RunTime:0.000681s ]
INFO: [ view_end ] --END-- [ RunTime:0.000746s ]

[ 2016-02-26T10:46:56+08:00 ] 127.0.0.1 /jiuye/hou.php/Index/ysession
INFO: [ route_check ] --START--
INFO: Run CheckRoute Behavior [ RunTime:0.000865s ]
INFO: [ route_check ] --END-- [ RunTime:0.000959s ]
INFO: [ app_begin ] --START--
INFO: Run ReadHtmlCache Behavior [ RunTime:0.002116s ]
INFO: [ app_begin ] --END-- [ RunTime:0.002232s ]

[ 2016-02-26T10:46:58+08:00 ] 127.0.0.1 /jiuye/hou.php/Serve/jiuye
INFO: [ route_check ] --START--
INFO: Run CheckRoute Behavior [ RunTime:0.000840s ]
INFO: [ route_check ] --END-- [ RunTime:0.000932s ]
INFO: [ app_begin ] --START--
INFO: Run ReadHtmlCache Behavior [ RunTime:0.000527s ]
INFO: [ app_begin ] --END-- [ RunTime:0.000594s ]
SQL: SHOW COLUMNS FROM `w_serve` [ RunTime:0.110899s ]
NOTIC: [8] Undefined index:  sname D:\xampp\htdocs\jiuye\Work\Lib\Action\ServeAction.class.php 第 19 行.
NOTIC: [8] Undefined index:  city D:\xampp\htdocs\jiuye\Work\Lib\Action\ServeAction.class.php 第 23 行.
NOTIC: [8] Undefined index:  company D:\xampp\htdocs\jiuye\Work\Lib\Action\ServeAction.class.php 第 27 行.
NOTIC: [8] Undefined variable: where D:\xampp\htdocs\jiuye\Work\Lib\Action\ServeAction.class.php 第 34 行.
SQL: SHOW COLUMNS FROM `w_serve` [ RunTime:0.041900s ]
SQL: SELECT COUNT(*) AS tp_count FROM `w_serve` LIMIT 1   [ RunTime:0.000347s ]
SQL: SELECT * FROM `w_serve` WHERE ( 1 ) LIMIT 0,3   [ RunTime:0.066277s ]
SQL: SELECT * FROM `w_serve` GROUP BY s_city ORDER BY s_city desc  [ RunTime:0.001497s ]
SQL: SELECT * FROM `w_serve` GROUP BY s_company ORDER BY s_company desc  [ RunTime:0.002117s ]
INFO: [ view_template ] --START--
INFO: Run LocationTemplate Behavior [ RunTime:0.007496s ]
INFO: [ view_template ] --END-- [ RunTime:0.007803s ]
INFO: [ view_parse ] --START--
INFO: Run ParseTemplate Behavior [ RunTime:0.078763s ]
INFO: [ view_parse ] --END-- [ RunTime:0.078984s ]
INFO: [ view_filter ] --START--
INFO: Run ContentReplace Behavior [ RunTime:0.000554s ]
INFO: Run TokenBuild Behavior [ RunTime:0.000506s ]
INFO: Run WriteHtmlCache Behavior [ RunTime:0.000428s ]
INFO: Run ShowRuntime Behavior [ RunTime:0.000660s ]
INFO: [ view_filter ] --END-- [ RunTime:0.002411s ]
INFO: [ view_end ] --START--
INFO: Run ShowPageTrace Behavior [ RunTime:0.001060s ]
INFO: [ view_end ] --END-- [ RunTime:0.001167s ]

[ 2016-02-26T10:46:58+08:00 ] 127.0.0.1 /jiuye/hou.php/Index/ysession
INFO: [ route_check ] --START--
INFO: Run CheckRoute Behavior [ RunTime:0.001170s ]
INFO: [ route_check ] --END-- [ RunTime:0.001289s ]
INFO: [ app_begin ] --START--
INFO: Run ReadHtmlCache Behavior [ RunTime:0.002095s ]
INFO: [ app_begin ] --END-- [ RunTime:0.002225s ]

[ 2016-02-26T10:47:00+08:00 ] 127.0.0.1 /jiuye/hou.php/User/geren
INFO: [ route_check ] --START--
INFO: Run CheckRoute Behavior [ RunTime:0.002642s ]
INFO: [ route_check ] --END-- [ RunTime:0.002888s ]
INFO: [ app_begin ] --START--
INFO: Run ReadHtmlCache Behavior [ RunTime:0.001247s ]
INFO: [ app_begin ] --END-- [ RunTime:0.001372s ]
SQL: SHOW COLUMNS FROM `w_user` [ RunTime:0.015329s ]
NOTIC: [8] Undefined index:  uname D:\xampp\htdocs\jiuye\Work\Lib\Action\UserAction.class.php 第 16 行.
NOTIC: [8] Undefined variable: where D:\xampp\htdocs\jiuye\Work\Lib\Action\UserAction.class.php 第 23 行.
SQL: SHOW COLUMNS FROM `w_user` [ RunTime:0.002536s ]
SQL: SELECT COUNT(*) AS tp_count FROM `w_user` LIMIT 1   [ RunTime:0.000641s ]
SQL: SELECT * FROM `w_user` WHERE ( 1 ) LIMIT 0,3   [ RunTime:0.000419s ]
INFO: [ view_template ] --START--
INFO: Run LocationTemplate Behavior [ RunTime:0.001064s ]
INFO: [ view_template ] --END-- [ RunTime:0.001177s ]
INFO: [ view_parse ] --START--
INFO: Run ParseTemplate Behavior [ RunTime:0.027051s ]
INFO: [ view_parse ] --END-- [ RunTime:0.027153s ]
INFO: [ view_filter ] --START--
INFO: Run ContentReplace Behavior [ RunTime:0.000353s ]
INFO: Run TokenBuild Behavior [ RunTime:0.000307s ]
INFO: Run WriteHtmlCache Behavior [ RunTime:0.000204s ]
INFO: Run ShowRuntime Behavior [ RunTime:0.000383s ]
INFO: [ view_filter ] --END-- [ RunTime:0.001405s ]
INFO: [ view_end ] --START--
INFO: Run ShowPageTrace Behavior [ RunTime:0.000511s ]
INFO: [ view_end ] --END-- [ RunTime:0.000564s ]

[ 2016-02-26T10:47:00+08:00 ] 127.0.0.1 /jiuye/hou.php/Index/ysession
INFO: [ route_check ] --START--
INFO: Run CheckRoute Behavior [ RunTime:0.000768s ]
INFO: [ route_check ] --END-- [ RunTime:0.000846s ]
INFO: [ app_begin ] --START--
INFO: Run ReadHtmlCache Behavior [ RunTime:0.001155s ]
INFO: [ app_begin ] --END-- [ RunTime:0.001215s ]

[ 2016-02-26T10:47:02+08:00 ] 127.0.0.1 /jiuye/hou.php/Enterprise/qiye
INFO: [ route_check ] --START--
INFO: Run CheckRoute Behavior [ RunTime:0.001364s ]
INFO: [ route_check ] --END-- [ RunTime:0.001496s ]
INFO: [ app_begin ] --START--
INFO: Run ReadHtmlCache Behavior [ RunTime:0.000812s ]
INFO: [ app_begin ] --END-- [ RunTime:0.000924s ]
NOTIC: [2] Missing argument 4 for PublicAction::page(), called in D:\xampp\htdocs\jiuye\Work\Lib\Action\EnterpriseAction.class.php on line 23 and defined D:\xampp\htdocs\jiuye\Work\Lib\Action\PublicAction.class.php 第 13 行.
SQL: SHOW COLUMNS FROM `w_enterprise` [ RunTime:0.018855s ]
SQL: SELECT COUNT(*) AS tp_count FROM `w_enterprise` LIMIT 1   [ RunTime:0.000692s ]
NOTIC: [8] Undefined variable: where D:\xampp\htdocs\jiuye\Work\Lib\Action\PublicAction.class.php 第 20 行.
SQL: SELECT * FROM `w_enterprise` WHERE ( 1 ) LIMIT 0,3   [ RunTime:0.011712s ]
INFO: [ view_template ] --START--
INFO: Run LocationTemplate Behavior [ RunTime:0.002188s ]
INFO: [ view_template ] --END-- [ RunTime:0.002294s ]
INFO: [ view_parse ] --START--
INFO: Run ParseTemplate Behavior [ RunTime:0.010376s ]
INFO: [ view_parse ] --END-- [ RunTime:0.010468s ]
INFO: [ view_filter ] --START--
INFO: Run ContentReplace Behavior [ RunTime:0.000340s ]
INFO: Run TokenBuild Behavior [ RunTime:0.000305s ]
INFO: Run WriteHtmlCache Behavior [ RunTime:0.000204s ]
INFO: Run ShowRuntime Behavior [ RunTime:0.000379s ]
INFO: [ view_filter ] --END-- [ RunTime:0.001381s ]
INFO: [ view_end ] --START--
INFO: Run ShowPageTrace Behavior [ RunTime:0.000581s ]
INFO: [ view_end ] --END-- [ RunTime:0.000633s ]

[ 2016-02-26T10:47:03+08:00 ] 127.0.0.1 /jiuye/hou.php/Index/ysession
INFO: [ route_check ] --START--
INFO: Run CheckRoute Behavior [ RunTime:0.001250s ]
INFO: [ route_check ] --END-- [ RunTime:0.001383s ]
INFO: [ app_begin ] --START--
INFO: Run ReadHtmlCache Behavior [ RunTime:0.002193s ]
INFO: [ app_begin ] --END-- [ RunTime:0.002309s ]

[ 2016-02-26T10:47:09+08:00 ] 127.0.0.1 /jiuye/hou.php/Enterprise/add
INFO: [ route_check ] --START--
INFO: Run CheckRoute Behavior [ RunTime:0.001295s ]
INFO: [ route_check ] --END-- [ RunTime:0.001381s ]
INFO: [ app_begin ] --START--
INFO: Run ReadHtmlCache Behavior [ RunTime:0.001214s ]
INFO: [ app_begin ] --END-- [ RunTime:0.001292s ]
INFO: [ view_template ] --START--
INFO: Run LocationTemplate Behavior [ RunTime:0.001471s ]
INFO: [ view_template ] --END-- [ RunTime:0.001551s ]
INFO: [ view_parse ] --START--
INFO: Run ParseTemplate Behavior [ RunTime:0.127675s ]
INFO: [ view_parse ] --END-- [ RunTime:0.127762s ]
INFO: [ view_filter ] --START--
INFO: Run ContentReplace Behavior [ RunTime:0.001077s ]
INFO: Run TokenBuild Behavior [ RunTime:0.002057s ]
INFO: Run WriteHtmlCache Behavior [ RunTime:0.001132s ]
INFO: Run ShowRuntime Behavior [ RunTime:0.001117s ]
INFO: [ view_filter ] --END-- [ RunTime:0.005613s ]
INFO: [ view_end ] --START--
INFO: Run ShowPageTrace Behavior [ RunTime:0.001242s ]
INFO: [ view_end ] --END-- [ RunTime:0.001298s ]

[ 2016-02-26T10:47:17+08:00 ] 127.0.0.1 /jiuye/hou.php/Enterprise/qiye
INFO: [ route_check ] --START--
INFO: Run CheckRoute Behavior [ RunTime:0.000856s ]
INFO: [ route_check ] --END-- [ RunTime:0.000944s ]
INFO: [ app_begin ] --START--
INFO: Run ReadHtmlCache Behavior [ RunTime:0.000535s ]
INFO: [ app_begin ] --END-- [ RunTime:0.000602s ]
NOTIC: [2] Missing argument 4 for PublicAction::page(), called in D:\xampp\htdocs\jiuye\Work\Lib\Action\EnterpriseAction.class.php on line 23 and defined D:\xampp\htdocs\jiuye\Work\Lib\Action\PublicAction.class.php 第 13 行.
SQL: SHOW COLUMNS FROM `w_enterprise` [ RunTime:0.002825s ]
SQL: SELECT COUNT(*) AS tp_count FROM `w_enterprise` LIMIT 1   [ RunTime:0.000766s ]
NOTIC: [8] Undefined variable: where D:\xampp\htdocs\jiuye\Work\Lib\Action\PublicAction.class.php 第 20 行.
SQL: SELECT * FROM `w_enterprise` WHERE ( 1 ) LIMIT 0,3   [ RunTime:0.000390s ]
INFO: [ view_template ] --START--
INFO: Run LocationTemplate Behavior [ RunTime:0.001018s ]
INFO: [ view_template ] --END-- [ RunTime:0.001088s ]
INFO: [ view_parse ] --START--
INFO: Run ParseTemplate Behavior [ RunTime:0.009521s ]
INFO: [ view_parse ] --END-- [ RunTime:0.009607s ]
INFO: [ view_filter ] --START--
INFO: Run ContentReplace Behavior [ RunTime:0.000338s ]
INFO: Run TokenBuild Behavior [ RunTime:0.000305s ]
INFO: Run WriteHtmlCache Behavior [ RunTime:0.000205s ]
INFO: Run ShowRuntime Behavior [ RunTime:0.000391s ]
INFO: [ view_filter ] --END-- [ RunTime:0.001393s ]
INFO: [ view_end ] --START--
INFO: Run ShowPageTrace Behavior [ RunTime:0.000600s ]
INFO: [ view_end ] --END-- [ RunTime:0.000653s ]

[ 2016-02-26T10:47:17+08:00 ] 127.0.0.1 /jiuye/hou.php/Index/ysession
INFO: [ route_check ] --START--
INFO: Run CheckRoute Behavior [ RunTime:0.001570s ]
INFO: [ route_check ] --END-- [ RunTime:0.001673s ]
INFO: [ app_begin ] --START--
INFO: Run ReadHtmlCache Behavior [ RunTime:0.001326s ]
INFO: [ app_begin ] --END-- [ RunTime:0.001396s ]

[ 2016-02-26T10:47:19+08:00 ] 127.0.0.1 /jiuye/hou.php/Enterprise/qiye/p/2
INFO: [ route_check ] --START--
INFO: Run CheckRoute Behavior [ RunTime:0.000742s ]
INFO: [ route_check ] --END-- [ RunTime:0.000826s ]
INFO: [ app_begin ] --START--
INFO: Run ReadHtmlCache Behavior [ RunTime:0.000461s ]
INFO: [ app_begin ] --END-- [ RunTime:0.000520s ]
NOTIC: [2] Missing argument 4 for PublicAction::page(), called in D:\xampp\htdocs\jiuye\Work\Lib\Action\EnterpriseAction.class.php on line 23 and defined D:\xampp\htdocs\jiuye\Work\Lib\Action\PublicAction.class.php 第 13 行.
SQL: SHOW COLUMNS FROM `w_enterprise` [ RunTime:0.003183s ]
SQL: SELECT COUNT(*) AS tp_count FROM `w_enterprise` LIMIT 1   [ RunTime:0.001254s ]
NOTIC: [8] Undefined variable: where D:\xampp\htdocs\jiuye\Work\Lib\Action\PublicAction.class.php 第 20 行.
SQL: SELECT * FROM `w_enterprise` WHERE ( 1 ) LIMIT 3,3   [ RunTime:0.001204s ]
INFO: [ view_template ] --START--
INFO: Run LocationTemplate Behavior [ RunTime:0.001203s ]
INFO: [ view_template ] --END-- [ RunTime:0.001295s ]
INFO: [ view_parse ] --START--
INFO: Run ParseTemplate Behavior [ RunTime:0.011098s ]
INFO: [ view_parse ] --END-- [ RunTime:0.011207s ]
INFO: [ view_filter ] --START--
INFO: Run ContentReplace Behavior [ RunTime:0.000618s ]
INFO: Run TokenBuild Behavior [ RunTime:0.000426s ]
INFO: Run WriteHtmlCache Behavior [ RunTime:0.000257s ]
INFO: Run ShowRuntime Behavior [ RunTime:0.000390s ]
INFO: [ view_filter ] --END-- [ RunTime:0.001906s ]
INFO: [ view_end ] --START--
INFO: Run ShowPageTrace Behavior [ RunTime:0.000601s ]
INFO: [ view_end ] --END-- [ RunTime:0.000656s ]

[ 2016-02-26T10:47:21+08:00 ] 127.0.0.1 /jiuye/hou.php/Enterprise/qiye/p/1
INFO: [ route_check ] --START--
INFO: Run CheckRoute Behavior [ RunTime:0.000845s ]
INFO: [ route_check ] --END-- [ RunTime:0.000935s ]
INFO: [ app_begin ] --START--
INFO: Run ReadHtmlCache Behavior [ RunTime:0.000471s ]
INFO: [ app_begin ] --END-- [ RunTime:0.000531s ]
NOTIC: [2] Missing argument 4 for PublicAction::page(), called in D:\xampp\htdocs\jiuye\Work\Lib\Action\EnterpriseAction.class.php on line 23 and defined D:\xampp\htdocs\jiuye\Work\Lib\Action\PublicAction.class.php 第 13 行.
SQL: SHOW COLUMNS FROM `w_enterprise` [ RunTime:0.002866s ]
SQL: SELECT COUNT(*) AS tp_count FROM `w_enterprise` LIMIT 1   [ RunTime:0.001386s ]
NOTIC: [8] Undefined variable: where D:\xampp\htdocs\jiuye\Work\Lib\Action\PublicAction.class.php 第 20 行.
SQL: SELECT * FROM `w_enterprise` WHERE ( 1 ) LIMIT 0,3   [ RunTime:0.001272s ]
INFO: [ view_template ] --START--
INFO: Run LocationTemplate Behavior [ RunTime:0.001327s ]
INFO: [ view_template ] --END-- [ RunTime:0.001414s ]
INFO: [ view_parse ] --START--
INFO: Run ParseTemplate Behavior [ RunTime:0.009877s ]
INFO: [ view_parse ] --END-- [ RunTime:0.009961s ]
INFO: [ view_filter ] --START--
INFO: Run ContentReplace Behavior [ RunTime:0.000335s ]
INFO: Run TokenBuild Behavior [ RunTime:0.000306s ]
INFO: Run WriteHtmlCache Behavior [ RunTime:0.000282s ]
INFO: Run ShowRuntime Behavior [ RunTime:0.000458s ]
INFO: [ view_filter ] --END-- [ RunTime:0.001577s ]
INFO: [ view_end ] --START--
INFO: Run ShowPageTrace Behavior [ RunTime:0.000943s ]
INFO: [ view_end ] --END-- [ RunTime:0.001032s ]

[ 2016-02-26T10:47:22+08:00 ] 127.0.0.1 /jiuye/hou.php/Enterprise/qiye/p/2
INFO: [ route_check ] --START--
INFO: Run CheckRoute Behavior [ RunTime:0.000755s ]
INFO: [ route_check ] --END-- [ RunTime:0.000840s ]
INFO: [ app_begin ] --START--
INFO: Run ReadHtmlCache Behavior [ RunTime:0.000465s ]
INFO: [ app_begin ] --END-- [ RunTime:0.000524s ]
NOTIC: [2] Missing argument 4 for PublicAction::page(), called in D:\xampp\htdocs\jiuye\Work\Lib\Action\EnterpriseAction.class.php on line 23 and defined D:\xampp\htdocs\jiuye\Work\Lib\Action\PublicAction.class.php 第 13 行.
SQL: SHOW COLUMNS FROM `w_enterprise` [ RunTime:0.023032s ]
SQL: SELECT COUNT(*) AS tp_count FROM `w_enterprise` LIMIT 1   [ RunTime:0.000471s ]
NOTIC: [8] Undefined variable: where D:\xampp\htdocs\jiuye\Work\Lib\Action\PublicAction.class.php 第 20 行.
SQL: SELECT * FROM `w_enterprise` WHERE ( 1 ) LIMIT 3,3   [ RunTime:0.000497s ]
INFO: [ view_template ] --START--
INFO: Run LocationTemplate Behavior [ RunTime:0.001377s ]
INFO: [ view_template ] --END-- [ RunTime:0.001485s ]
INFO: [ view_parse ] --START--
INFO: Run ParseTemplate Behavior [ RunTime:0.010246s ]
INFO: [ view_parse ] --END-- [ RunTime:0.010382s ]
INFO: [ view_filter ] --START--
INFO: Run ContentReplace Behavior [ RunTime:0.000349s ]
INFO: Run TokenBuild Behavior [ RunTime:0.000308s ]
INFO: Run WriteHtmlCache Behavior [ RunTime:0.000234s ]
INFO: Run ShowRuntime Behavior [ RunTime:0.000441s ]
INFO: [ view_filter ] --END-- [ RunTime:0.001494s ]
INFO: [ view_end ] --START--
INFO: Run ShowPageTrace Behavior [ RunTime:0.000627s ]
INFO: [ view_end ] --END-- [ RunTime:0.000683s ]

[ 2016-02-26T10:47:23+08:00 ] 127.0.0.1 /jiuye/hou.php/Enterprise/qiye/p/1
INFO: [ route_check ] --START--
INFO: Run CheckRoute Behavior [ RunTime:0.000935s ]
INFO: [ route_check ] --END-- [ RunTime:0.001032s ]
INFO: [ app_begin ] --START--
INFO: Run ReadHtmlCache Behavior [ RunTime:0.000871s ]
INFO: [ app_begin ] --END-- [ RunTime:0.000992s ]
NOTIC: [2] Missing argument 4 for PublicAction::page(), called in D:\xampp\htdocs\jiuye\Work\Lib\Action\EnterpriseAction.class.php on line 23 and defined D:\xampp\htdocs\jiuye\Work\Lib\Action\PublicAction.class.php 第 13 行.
SQL: SHOW COLUMNS FROM `w_enterprise` [ RunTime:0.003229s ]
SQL: SELECT COUNT(*) AS tp_count FROM `w_enterprise` LIMIT 1   [ RunTime:0.001080s ]
NOTIC: [8] Undefined variable: where D:\xampp\htdocs\jiuye\Work\Lib\Action\PublicAction.class.php 第 20 行.
SQL: SELECT * FROM `w_enterprise` WHERE ( 1 ) LIMIT 0,3   [ RunTime:0.001158s ]
INFO: [ view_template ] --START--
INFO: Run LocationTemplate Behavior [ RunTime:0.001333s ]
INFO: [ view_template ] --END-- [ RunTime:0.001446s ]
INFO: [ view_parse ] --START--
INFO: Run ParseTemplate Behavior [ RunTime:0.010934s ]
INFO: [ view_parse ] --END-- [ RunTime:0.011043s ]
INFO: [ view_filter ] --START--
INFO: Run ContentReplace Behavior [ RunTime:0.000618s ]
INFO: Run TokenBuild Behavior [ RunTime:0.000668s ]
INFO: Run WriteHtmlCache Behavior [ RunTime:0.000345s ]
INFO: Run ShowRuntime Behavior [ RunTime:0.000467s ]
INFO: [ view_filter ] --END-- [ RunTime:0.002402s ]
INFO: [ view_end ] --START--
INFO: Run ShowPageTrace Behavior [ RunTime:0.000706s ]
INFO: [ view_end ] --END-- [ RunTime:0.000770s ]

[ 2016-02-26T10:47:24+08:00 ] 127.0.0.1 /jiuye/hou.php/Enterprise/qiye/p/2
INFO: [ route_check ] --START--
INFO: Run CheckRoute Behavior [ RunTime:0.000814s ]
INFO: [ route_check ] --END-- [ RunTime:0.000892s ]
INFO: [ app_begin ] --START--
INFO: Run ReadHtmlCache Behavior [ RunTime:0.000463s ]
INFO: [ app_begin ] --END-- [ RunTime:0.000522s ]
NOTIC: [2] Missing argument 4 for PublicAction::page(), called in D:\xampp\htdocs\jiuye\Work\Lib\Action\EnterpriseAction.class.php on line 23 and defined D:\xampp\htdocs\jiuye\Work\Lib\Action\PublicAction.class.php 第 13 行.
SQL: SHOW COLUMNS FROM `w_enterprise` [ RunTime:0.003207s ]
SQL: SELECT COUNT(*) AS tp_count FROM `w_enterprise` LIMIT 1   [ RunTime:0.000533s ]
NOTIC: [8] Undefined variable: where D:\xampp\htdocs\jiuye\Work\Lib\Action\PublicAction.class.php 第 20 行.
SQL: SELECT * FROM `w_enterprise` WHERE ( 1 ) LIMIT 3,3   [ RunTime:0.000363s ]
INFO: [ view_template ] --START--
INFO: Run LocationTemplate Behavior [ RunTime:0.000944s ]
INFO: [ view_template ] --END-- [ RunTime:0.001008s ]
INFO: [ view_parse ] --START--
INFO: Run ParseTemplate Behavior [ RunTime:0.009311s ]
INFO: [ view_parse ] --END-- [ RunTime:0.009386s ]
INFO: [ view_filter ] --START--
INFO: Run ContentReplace Behavior [ RunTime:0.000326s ]
INFO: Run TokenBuild Behavior [ RunTime:0.000304s ]
INFO: Run WriteHtmlCache Behavior [ RunTime:0.000204s ]
INFO: Run ShowRuntime Behavior [ RunTime:0.000488s ]
INFO: [ view_filter ] --END-- [ RunTime:0.001590s ]
INFO: [ view_end ] --START--
INFO: Run ShowPageTrace Behavior [ RunTime:0.001966s ]
INFO: [ view_end ] --END-- [ RunTime:0.002066s ]

[ 2016-02-26T10:47:25+08:00 ] 127.0.0.1 /jiuye/hou.php/Enterprise/qiye/p/1
INFO: [ route_check ] --START--
INFO: Run CheckRoute Behavior [ RunTime:0.000804s ]
INFO: [ route_check ] --END-- [ RunTime:0.000894s ]
INFO: [ app_begin ] --START--
INFO: Run ReadHtmlCache Behavior [ RunTime:0.000489s ]
INFO: [ app_begin ] --END-- [ RunTime:0.000550s ]
NOTIC: [2] Missing argument 4 for PublicAction::page(), called in D:\xampp\htdocs\jiuye\Work\Lib\Action\EnterpriseAction.class.php on line 23 and defined D:\xampp\htdocs\jiuye\Work\Lib\Action\PublicAction.class.php 第 13 行.
SQL: SHOW COLUMNS FROM `w_enterprise` [ RunTime:0.002945s ]
SQL: SELECT COUNT(*) AS tp_count FROM `w_enterprise` LIMIT 1   [ RunTime:0.000903s ]
NOTIC: [8] Undefined variable: where D:\xampp\htdocs\jiuye\Work\Lib\Action\PublicAction.class.php 第 20 行.
SQL: SELECT * FROM `w_enterprise` WHERE ( 1 ) LIMIT 0,3   [ RunTime:0.001008s ]
INFO: [ view_template ] --START--
INFO: Run LocationTemplate Behavior [ RunTime:0.001385s ]
INFO: [ view_template ] --END-- [ RunTime:0.001502s ]
INFO: [ view_parse ] --START--
INFO: Run ParseTemplate Behavior [ RunTime:0.010529s ]
INFO: [ view_parse ] --END-- [ RunTime:0.010616s ]
INFO: [ view_filter ] --START--
INFO: Run ContentReplace Behavior [ RunTime:0.000330s ]
INFO: Run TokenBuild Behavior [ RunTime:0.000405s ]
INFO: Run WriteHtmlCache Behavior [ RunTime:0.000462s ]
INFO: Run ShowRuntime Behavior [ RunTime:0.000555s ]
INFO: [ view_filter ] --END-- [ RunTime:0.001963s ]
INFO: [ view_end ] --START--
INFO: Run ShowPageTrace Behavior [ RunTime:0.000601s ]
INFO: [ view_end ] --END-- [ RunTime:0.000655s ]

