[ 2016-01-06T16:22:20+08:00 ] 127.0.0.1 /jiuye/hou.php/Index/login
INFO: [ route_check ] --START--
INFO: Run CheckRoute Behavior [ RunTime:0.005573s ]
INFO: [ route_check ] --END-- [ RunTime:0.005776s ]
INFO: [ app_begin ] --START--
INFO: Run ReadHtmlCache Behavior [ RunTime:0.001117s ]
INFO: [ app_begin ] --END-- [ RunTime:0.001264s ]
INFO: [ view_template ] --START--
INFO: Run LocationTemplate Behavior [ RunTime:0.001838s ]
INFO: [ view_template ] --END-- [ RunTime:0.002095s ]
INFO: [ view_parse ] --START--
INFO: Run ParseTemplate Behavior [ RunTime:0.033546s ]
INFO: [ view_parse ] --END-- [ RunTime:0.033797s ]
INFO: [ view_filter ] --START--
INFO: Run ContentReplace Behavior [ RunTime:0.001071s ]
INFO: Run TokenBuild Behavior [ RunTime:0.001531s ]
INFO: Run WriteHtmlCache Behavior [ RunTime:0.000699s ]
INFO: Run ShowRuntime Behavior [ RunTime:0.000900s ]
INFO: [ view_filter ] --END-- [ RunTime:0.004747s ]
INFO: [ view_end ] --START--
INFO: Run ShowPageTrace Behavior [ RunTime:0.001206s ]
INFO: [ view_end ] --END-- [ RunTime:0.001330s ]

[ 2016-01-06T16:22:30+08:00 ] 127.0.0.1 /jiuye/hou.php/Index/login
INFO: [ route_check ] --START--
INFO: Run CheckRoute Behavior [ RunTime:0.003458s ]
INFO: [ route_check ] --END-- [ RunTime:0.003709s ]
INFO: [ app_begin ] --START--
INFO: Run ReadHtmlCache Behavior [ RunTime:0.001460s ]
INFO: [ app_begin ] --END-- [ RunTime:0.001688s ]
SQL: SHOW COLUMNS FROM `w_manage` [ RunTime:0.051465s ]
SQL: SELECT * FROM `w_manage` WHERE ( m_name='g18953827837' && m_pwd=123 )  [ RunTime:0.002677s ]
INFO: [ view_template ] --START--
INFO: Run LocationTemplate Behavior [ RunTime:0.004942s ]
INFO: [ view_template ] --END-- [ RunTime:0.005256s ]
INFO: [ view_parse ] --START--
INFO: Run ParseTemplate Behavior [ RunTime:0.020624s ]
INFO: [ view_parse ] --END-- [ RunTime:0.020882s ]
INFO: [ view_filter ] --START--
INFO: Run ContentReplace Behavior [ RunTime:0.000755s ]
INFO: Run TokenBuild Behavior [ RunTime:0.001281s ]
INFO: Run WriteHtmlCache Behavior [ RunTime:0.000961s ]
INFO: Run ShowRuntime Behavior [ RunTime:0.005832s ]
INFO: [ view_filter ] --END-- [ RunTime:0.010006s ]
INFO: [ view_end ] --START--
INFO: Run ShowPageTrace Behavior [ RunTime:0.003316s ]
INFO: [ view_end ] --END-- [ RunTime:0.003608s ]

[ 2016-01-06T16:22:31+08:00 ] 127.0.0.1 /jiuye/hou.php/Index/shouye
INFO: [ route_check ] --START--
INFO: Run CheckRoute Behavior [ RunTime:0.002334s ]
INFO: [ route_check ] --END-- [ RunTime:0.002522s ]
INFO: [ app_begin ] --START--
INFO: Run ReadHtmlCache Behavior [ RunTime:0.001271s ]
INFO: [ app_begin ] --END-- [ RunTime:0.001416s ]
INFO: [ view_template ] --START--
INFO: Run LocationTemplate Behavior [ RunTime:0.001553s ]
INFO: [ view_template ] --END-- [ RunTime:0.001696s ]
INFO: [ view_parse ] --START--
INFO: Run ParseTemplate Behavior [ RunTime:0.124790s ]
INFO: [ view_parse ] --END-- [ RunTime:0.124965s ]
INFO: [ view_filter ] --START--
INFO: Run ContentReplace Behavior [ RunTime:0.000665s ]
INFO: Run TokenBuild Behavior [ RunTime:0.000690s ]
INFO: Run WriteHtmlCache Behavior [ RunTime:0.000454s ]
INFO: Run ShowRuntime Behavior [ RunTime:0.000855s ]
INFO: [ view_filter ] --END-- [ RunTime:0.002996s ]
INFO: [ view_end ] --START--
INFO: Run ShowPageTrace Behavior [ RunTime:0.001174s ]
INFO: [ view_end ] --END-- [ RunTime:0.001293s ]

[ 2016-01-06T16:22:31+08:00 ] 127.0.0.1 /jiuye/hou.php/Index/top
INFO: [ route_check ] --START--
INFO: Run CheckRoute Behavior [ RunTime:0.002536s ]
INFO: [ route_check ] --END-- [ RunTime:0.003093s ]
INFO: [ app_begin ] --START--
INFO: Run ReadHtmlCache Behavior [ RunTime:0.001681s ]
INFO: [ app_begin ] --END-- [ RunTime:0.001926s ]
SQL: SHOW COLUMNS FROM `w_manage` [ RunTime:0.006350s ]
SQL: SELECT `m_jb` FROM `w_manage` WHERE ( m_name = 'g18953827837' ) LIMIT 1   [ RunTime:0.001844s ]
INFO: [ view_template ] --START--
INFO: Run LocationTemplate Behavior [ RunTime:0.004328s ]
INFO: [ view_template ] --END-- [ RunTime:0.004716s ]
INFO: [ view_parse ] --START--
INFO: Run ParseTemplate Behavior [ RunTime:0.023194s ]
INFO: [ view_parse ] --END-- [ RunTime:0.023403s ]
INFO: [ view_filter ] --START--
INFO: Run ContentReplace Behavior [ RunTime:0.000697s ]
INFO: Run TokenBuild Behavior [ RunTime:0.000700s ]
INFO: Run WriteHtmlCache Behavior [ RunTime:0.002566s ]
INFO: Run ShowRuntime Behavior [ RunTime:0.002100s ]
INFO: [ view_filter ] --END-- [ RunTime:0.006701s ]
INFO: [ view_end ] --START--
INFO: Run ShowPageTrace Behavior [ RunTime:0.001727s ]
INFO: [ view_end ] --END-- [ RunTime:0.001930s ]

[ 2016-01-06T16:22:31+08:00 ] 127.0.0.1 /jiuye/hou.php/Class/banji
INFO: [ route_check ] --START--
INFO: Run CheckRoute Behavior [ RunTime:0.002333s ]
INFO: [ route_check ] --END-- [ RunTime:0.002601s ]
INFO: [ app_begin ] --START--
INFO: Run ReadHtmlCache Behavior [ RunTime:0.001080s ]
INFO: [ app_begin ] --END-- [ RunTime:0.001217s ]
NOTIC: [2] Missing argument 4 for PublicAction::page(), called in D:\xampp\htdocs\jiuye\Work\Lib\Action\ClassAction.class.php on line 10 and defined D:\xampp\htdocs\jiuye\Work\Lib\Action\PublicAction.class.php 第 13 行.
SQL: SHOW COLUMNS FROM `w_class` [ RunTime:0.070684s ]
SQL: SELECT COUNT(*) AS tp_count FROM `w_class` LIMIT 1   [ RunTime:0.086275s ]
NOTIC: [8] Undefined variable: where D:\xampp\htdocs\jiuye\Work\Lib\Action\PublicAction.class.php 第 20 行.
SQL: SELECT * FROM `w_class` WHERE ( 1 ) LIMIT 0,3   [ RunTime:0.001285s ]
INFO: [ view_template ] --START--
INFO: Run LocationTemplate Behavior [ RunTime:0.001835s ]
INFO: [ view_template ] --END-- [ RunTime:0.002015s ]
INFO: [ view_parse ] --START--
INFO: Run ParseTemplate Behavior [ RunTime:0.077075s ]
INFO: [ view_parse ] --END-- [ RunTime:0.077252s ]
INFO: [ view_filter ] --START--
INFO: Run ContentReplace Behavior [ RunTime:0.000823s ]
INFO: Run TokenBuild Behavior [ RunTime:0.000705s ]
INFO: Run WriteHtmlCache Behavior [ RunTime:0.000539s ]
INFO: Run ShowRuntime Behavior [ RunTime:0.001552s ]
INFO: [ view_filter ] --END-- [ RunTime:0.004088s ]
INFO: [ view_end ] --START--
INFO: Run ShowPageTrace Behavior [ RunTime:0.003677s ]
INFO: [ view_end ] --END-- [ RunTime:0.004123s ]

[ 2016-01-06T16:22:32+08:00 ] 127.0.0.1 /jiuye/hou.php/Index/left.html
INFO: [ route_check ] --START--
INFO: Run CheckRoute Behavior [ RunTime:0.004705s ]
INFO: [ route_check ] --END-- [ RunTime:0.005860s ]
INFO: [ app_begin ] --START--
INFO: Run ReadHtmlCache Behavior [ RunTime:0.003417s ]
INFO: [ app_begin ] --END-- [ RunTime:0.003807s ]
INFO: [ view_template ] --START--
INFO: Run LocationTemplate Behavior [ RunTime:0.005518s ]
INFO: [ view_template ] --END-- [ RunTime:0.005828s ]
INFO: [ view_parse ] --START--
INFO: Run ParseTemplate Behavior [ RunTime:0.138351s ]
INFO: [ view_parse ] --END-- [ RunTime:0.138605s ]
INFO: [ view_filter ] --START--
INFO: Run ContentReplace Behavior [ RunTime:0.002637s ]
INFO: Run TokenBuild Behavior [ RunTime:0.005386s ]
INFO: Run WriteHtmlCache Behavior [ RunTime:0.001613s ]
INFO: Run ShowRuntime Behavior [ RunTime:0.002396s ]
INFO: [ view_filter ] --END-- [ RunTime:0.012605s ]
INFO: [ view_end ] --START--
INFO: Run ShowPageTrace Behavior [ RunTime:0.002476s ]
INFO: [ view_end ] --END-- [ RunTime:0.002629s ]

[ 2016-01-06T16:22:34+08:00 ] 127.0.0.1 /jiuye/hou.php/Index/ysession
INFO: [ route_check ] --START--
INFO: Run CheckRoute Behavior [ RunTime:0.005296s ]
INFO: [ route_check ] --END-- [ RunTime:0.005606s ]
INFO: [ app_begin ] --START--
INFO: Run ReadHtmlCache Behavior [ RunTime:0.001663s ]
INFO: [ app_begin ] --END-- [ RunTime:0.001882s ]

[ 2016-01-06T16:22:34+08:00 ] 127.0.0.1 /jiuye/hou.php/Member/huiyuan
INFO: [ route_check ] --START--
INFO: Run CheckRoute Behavior [ RunTime:0.003222s ]
INFO: [ route_check ] --END-- [ RunTime:0.003465s ]
INFO: [ app_begin ] --START--
INFO: Run ReadHtmlCache Behavior [ RunTime:0.002749s ]
INFO: [ app_begin ] --END-- [ RunTime:0.004642s ]
NOTIC: [8] Undefined index:  mname D:\xampp\htdocs\jiuye\Work\Lib\Action\MemberAction.class.php 第 11 行.
NOTIC: [8] Undefined variable: where D:\xampp\htdocs\jiuye\Work\Lib\Action\MemberAction.class.php 第 16 行.
SQL: SHOW COLUMNS FROM `w_member` [ RunTime:0.005307s ]
SQL: SELECT COUNT(*) AS tp_count FROM `w_member` LIMIT 1   [ RunTime:0.001109s ]
SQL: SELECT * FROM `w_member` WHERE ( 1 ) LIMIT 0,3   [ RunTime:0.001272s ]
SQL: SHOW COLUMNS FROM `w_membertype` [ RunTime:0.050514s ]
SQL: SELECT * FROM `w_membertype` WHERE ( 1=1 AND mt_id='1' ) LIMIT 1   [ RunTime:0.001803s ]
SQL: SELECT * FROM `w_membertype` WHERE ( 1=1 AND mt_id='5' ) LIMIT 1   [ RunTime:0.001098s ]
SQL: SELECT * FROM `w_membertype` WHERE ( 1=1 AND mt_id='5' ) LIMIT 1   [ RunTime:0.001034s ]
INFO: [ view_template ] --START--
INFO: Run LocationTemplate Behavior [ RunTime:0.002850s ]
INFO: [ view_template ] --END-- [ RunTime:0.003080s ]
INFO: [ view_parse ] --START--
INFO: Run ParseTemplate Behavior [ RunTime:0.080009s ]
INFO: [ view_parse ] --END-- [ RunTime:0.080356s ]
INFO: [ view_filter ] --START--
INFO: Run ContentReplace Behavior [ RunTime:0.002844s ]
INFO: Run TokenBuild Behavior [ RunTime:0.002965s ]
INFO: Run WriteHtmlCache Behavior [ RunTime:0.004099s ]
INFO: Run ShowRuntime Behavior [ RunTime:0.007386s ]
INFO: [ view_filter ] --END-- [ RunTime:0.018048s ]
INFO: [ view_end ] --START--
INFO: Run ShowPageTrace Behavior [ RunTime:0.003377s ]
INFO: [ view_end ] --END-- [ RunTime:0.003607s ]

[ 2016-01-06T16:22:34+08:00 ] 127.0.0.1 /jiuye/hou.php/Index/ysession
INFO: [ route_check ] --START--
INFO: Run CheckRoute Behavior [ RunTime:0.001857s ]
INFO: [ route_check ] --END-- [ RunTime:0.002076s ]
INFO: [ app_begin ] --START--
INFO: Run ReadHtmlCache Behavior [ RunTime:0.001281s ]
INFO: [ app_begin ] --END-- [ RunTime:0.001899s ]

[ 2016-01-06T16:22:34+08:00 ] 127.0.0.1 /jiuye/hou.php/Membertype/membertype
INFO: [ route_check ] --START--
INFO: Run CheckRoute Behavior [ RunTime:0.002745s ]
INFO: [ route_check ] --END-- [ RunTime:0.002941s ]
INFO: [ app_begin ] --START--
INFO: Run ReadHtmlCache Behavior [ RunTime:0.004410s ]
INFO: [ app_begin ] --END-- [ RunTime:0.004605s ]
NOTIC: [2] Missing argument 4 for PublicAction::page(), called in D:\xampp\htdocs\jiuye\Work\Lib\Action\MembertypeAction.class.php on line 18 and defined D:\xampp\htdocs\jiuye\Work\Lib\Action\PublicAction.class.php 第 13 行.
SQL: SHOW COLUMNS FROM `w_membertype` [ RunTime:0.006709s ]
SQL: SELECT COUNT(*) AS tp_count FROM `w_membertype` LIMIT 1   [ RunTime:0.002699s ]
NOTIC: [8] Undefined variable: where D:\xampp\htdocs\jiuye\Work\Lib\Action\PublicAction.class.php 第 20 行.
SQL: SELECT * FROM `w_membertype` WHERE ( 1 ) LIMIT 0,3   [ RunTime:0.000948s ]
INFO: [ view_template ] --START--
INFO: Run LocationTemplate Behavior [ RunTime:0.002552s ]
INFO: [ view_template ] --END-- [ RunTime:0.002702s ]
INFO: [ view_parse ] --START--
INFO: Run ParseTemplate Behavior [ RunTime:0.054953s ]
INFO: [ view_parse ] --END-- [ RunTime:0.055128s ]
INFO: [ view_filter ] --START--
INFO: Run ContentReplace Behavior [ RunTime:0.001558s ]
INFO: Run TokenBuild Behavior [ RunTime:0.001419s ]
INFO: Run WriteHtmlCache Behavior [ RunTime:0.001197s ]
INFO: Run ShowRuntime Behavior [ RunTime:0.001614s ]
INFO: [ view_filter ] --END-- [ RunTime:0.006159s ]
INFO: [ view_end ] --START--
INFO: Run ShowPageTrace Behavior [ RunTime:0.001926s ]
INFO: [ view_end ] --END-- [ RunTime:0.002048s ]

[ 2016-01-06T16:22:34+08:00 ] 127.0.0.1 /jiuye/hou.php/Index/ysession
INFO: [ route_check ] --START--
INFO: Run CheckRoute Behavior [ RunTime:0.002552s ]
INFO: [ route_check ] --END-- [ RunTime:0.002852s ]
INFO: [ app_begin ] --START--
INFO: Run ReadHtmlCache Behavior [ RunTime:0.001597s ]
INFO: [ app_begin ] --END-- [ RunTime:0.001792s ]

[ 2016-01-06T16:22:35+08:00 ] 127.0.0.1 /jiuye/hou.php/Student/xuesheng
INFO: [ route_check ] --START--
INFO: Run CheckRoute Behavior [ RunTime:0.002579s ]
INFO: [ route_check ] --END-- [ RunTime:0.002852s ]
INFO: [ app_begin ] --START--
INFO: Run ReadHtmlCache Behavior [ RunTime:0.001136s ]
INFO: [ app_begin ] --END-- [ RunTime:0.001278s ]
NOTIC: [2] Missing argument 4 for PublicAction::pages(), called in D:\xampp\htdocs\jiuye\Work\Lib\Action\StudentAction.class.php on line 26 and defined D:\xampp\htdocs\jiuye\Work\Lib\Action\PublicAction.class.php 第 44 行.
SQL: SHOW COLUMNS FROM `w_student` [ RunTime:0.061736s ]
SQL: SELECT COUNT(*) AS tp_count FROM `w_student` LIMIT 1   [ RunTime:0.001423s ]
NOTIC: [8] Undefined variable: where D:\xampp\htdocs\jiuye\Work\Lib\Action\PublicAction.class.php 第 51 行.
SQL: SELECT * FROM `w_student` WHERE ( 1 ) LIMIT 0,3   [ RunTime:0.001618s ]
SQL: SHOW COLUMNS FROM `w_class` [ RunTime:0.008391s ]
SQL: SELECT * FROM `w_class` WHERE ( 1=1 AND c_id='5' ) LIMIT 1   [ RunTime:0.001594s ]
SQL: SELECT * FROM `w_class` WHERE ( 1=1 AND c_id='2' ) LIMIT 1   [ RunTime:0.002427s ]
SQL: SELECT * FROM `w_class` WHERE ( 1=1 AND c_id='2' ) LIMIT 1   [ RunTime:0.001884s ]
SQL: SHOW COLUMNS FROM `w_grade` [ RunTime:0.067427s ]
SQL: SELECT * FROM `w_grade`  [ RunTime:0.002448s ]
INFO: [ view_template ] --START--
INFO: Run LocationTemplate Behavior [ RunTime:0.002661s ]
INFO: [ view_template ] --END-- [ RunTime:0.002888s ]
INFO: [ view_parse ] --START--
INFO: Run ParseTemplate Behavior [ RunTime:0.041802s ]
INFO: [ view_parse ] --END-- [ RunTime:0.042112s ]
INFO: [ view_filter ] --START--
INFO: Run ContentReplace Behavior [ RunTime:0.001202s ]
INFO: Run TokenBuild Behavior [ RunTime:0.001382s ]
INFO: Run WriteHtmlCache Behavior [ RunTime:0.000824s ]
INFO: Run ShowRuntime Behavior [ RunTime:0.001346s ]
INFO: [ view_filter ] --END-- [ RunTime:0.005734s ]
INFO: [ view_end ] --START--
INFO: Run ShowPageTrace Behavior [ RunTime:0.001491s ]
INFO: [ view_end ] --END-- [ RunTime:0.001666s ]

[ 2016-01-06T16:22:35+08:00 ] 127.0.0.1 /jiuye/hou.php/Index/ysession
INFO: [ route_check ] --START--
INFO: Run CheckRoute Behavior [ RunTime:0.004599s ]
INFO: [ route_check ] --END-- [ RunTime:0.004862s ]
INFO: [ app_begin ] --START--
INFO: Run ReadHtmlCache Behavior [ RunTime:0.001567s ]
INFO: [ app_begin ] --END-- [ RunTime:0.001866s ]

[ 2016-01-06T16:22:35+08:00 ] 127.0.0.1 /jiuye/hou.php/Enterprise/qiye
INFO: [ route_check ] --START--
INFO: Run CheckRoute Behavior [ RunTime:0.002200s ]
INFO: [ route_check ] --END-- [ RunTime:0.002567s ]
INFO: [ app_begin ] --START--
INFO: Run ReadHtmlCache Behavior [ RunTime:0.001180s ]
INFO: [ app_begin ] --END-- [ RunTime:0.001349s ]
NOTIC: [2] Missing argument 4 for PublicAction::page(), called in D:\xampp\htdocs\jiuye\Work\Lib\Action\EnterpriseAction.class.php on line 23 and defined D:\xampp\htdocs\jiuye\Work\Lib\Action\PublicAction.class.php 第 13 行.
SQL: SHOW COLUMNS FROM `w_enterprise` [ RunTime:0.054811s ]
SQL: SELECT COUNT(*) AS tp_count FROM `w_enterprise` LIMIT 1   [ RunTime:0.001375s ]
NOTIC: [8] Undefined variable: where D:\xampp\htdocs\jiuye\Work\Lib\Action\PublicAction.class.php 第 20 行.
SQL: SELECT * FROM `w_enterprise` WHERE ( 1 ) LIMIT 0,3   [ RunTime:0.007745s ]
INFO: [ view_template ] --START--
INFO: Run LocationTemplate Behavior [ RunTime:0.003997s ]
INFO: [ view_template ] --END-- [ RunTime:0.004254s ]
INFO: [ view_parse ] --START--
INFO: Run ParseTemplate Behavior [ RunTime:0.044818s ]
INFO: [ view_parse ] --END-- [ RunTime:0.045117s ]
INFO: [ view_filter ] --START--
INFO: Run ContentReplace Behavior [ RunTime:0.001448s ]
INFO: Run TokenBuild Behavior [ RunTime:0.002427s ]
INFO: Run WriteHtmlCache Behavior [ RunTime:0.000498s ]
INFO: Run ShowRuntime Behavior [ RunTime:0.005344s ]
INFO: [ view_filter ] --END-- [ RunTime:0.010474s ]
INFO: [ view_end ] --START--
INFO: Run ShowPageTrace Behavior [ RunTime:0.001971s ]
INFO: [ view_end ] --END-- [ RunTime:0.002177s ]

[ 2016-01-06T16:22:35+08:00 ] 127.0.0.1 /jiuye/hou.php/Index/ysession
INFO: [ route_check ] --START--
INFO: Run CheckRoute Behavior [ RunTime:0.002754s ]
INFO: [ route_check ] --END-- [ RunTime:0.003037s ]
INFO: [ app_begin ] --START--
INFO: Run ReadHtmlCache Behavior [ RunTime:0.003388s ]
INFO: [ app_begin ] --END-- [ RunTime:0.003985s ]

[ 2016-01-06T16:22:35+08:00 ] 127.0.0.1 /jiuye/hou.php/User/geren
INFO: [ route_check ] --START--
INFO: Run CheckRoute Behavior [ RunTime:0.002918s ]
INFO: [ route_check ] --END-- [ RunTime:0.003160s ]
INFO: [ app_begin ] --START--
INFO: Run ReadHtmlCache Behavior [ RunTime:0.003141s ]
INFO: [ app_begin ] --END-- [ RunTime:0.003365s ]
SQL: SHOW COLUMNS FROM `w_user` [ RunTime:0.004354s ]
NOTIC: [8] Undefined index:  uname D:\xampp\htdocs\jiuye\Work\Lib\Action\UserAction.class.php 第 16 行.
NOTIC: [8] Undefined variable: where D:\xampp\htdocs\jiuye\Work\Lib\Action\UserAction.class.php 第 23 行.
SQL: SHOW COLUMNS FROM `w_user` [ RunTime:0.004757s ]
SQL: SELECT COUNT(*) AS tp_count FROM `w_user` LIMIT 1   [ RunTime:0.000737s ]
SQL: SELECT * FROM `w_user` WHERE ( 1 ) LIMIT 0,3   [ RunTime:0.000697s ]
INFO: [ view_template ] --START--
INFO: Run LocationTemplate Behavior [ RunTime:0.003471s ]
INFO: [ view_template ] --END-- [ RunTime:0.003687s ]
INFO: [ view_parse ] --START--
INFO: Run ParseTemplate Behavior [ RunTime:0.053973s ]
INFO: [ view_parse ] --END-- [ RunTime:0.054255s ]
INFO: [ view_filter ] --START--
INFO: Run ContentReplace Behavior [ RunTime:0.002587s ]
INFO: Run TokenBuild Behavior [ RunTime:0.002508s ]
INFO: Run WriteHtmlCache Behavior [ RunTime:0.002604s ]
INFO: Run ShowRuntime Behavior [ RunTime:0.003296s ]
INFO: [ view_filter ] --END-- [ RunTime:0.013379s ]
INFO: [ view_end ] --START--
INFO: Run ShowPageTrace Behavior [ RunTime:0.003545s ]
INFO: [ view_end ] --END-- [ RunTime:0.003799s ]

[ 2016-01-06T16:22:35+08:00 ] 127.0.0.1 /jiuye/hou.php/Index/ysession
INFO: [ route_check ] --START--
INFO: Run CheckRoute Behavior [ RunTime:0.002620s ]
INFO: [ route_check ] --END-- [ RunTime:0.002978s ]
INFO: [ app_begin ] --START--
INFO: Run ReadHtmlCache Behavior [ RunTime:0.001588s ]
INFO: [ app_begin ] --END-- [ RunTime:0.001809s ]

[ 2016-01-06T16:22:35+08:00 ] 127.0.0.1 /jiuye/hou.php/Membertype/membertype
INFO: [ route_check ] --START--
INFO: Run CheckRoute Behavior [ RunTime:0.002929s ]
INFO: [ route_check ] --END-- [ RunTime:0.003215s ]
INFO: [ app_begin ] --START--
INFO: Run ReadHtmlCache Behavior [ RunTime:0.001987s ]
INFO: [ app_begin ] --END-- [ RunTime:0.002269s ]
NOTIC: [2] Missing argument 4 for PublicAction::page(), called in D:\xampp\htdocs\jiuye\Work\Lib\Action\MembertypeAction.class.php on line 18 and defined D:\xampp\htdocs\jiuye\Work\Lib\Action\PublicAction.class.php 第 13 行.
SQL: SHOW COLUMNS FROM `w_membertype` [ RunTime:0.006860s ]
SQL: SELECT COUNT(*) AS tp_count FROM `w_membertype` LIMIT 1   [ RunTime:0.001066s ]
NOTIC: [8] Undefined variable: where D:\xampp\htdocs\jiuye\Work\Lib\Action\PublicAction.class.php 第 20 行.
SQL: SELECT * FROM `w_membertype` WHERE ( 1 ) LIMIT 0,3   [ RunTime:0.000659s ]
INFO: [ view_template ] --START--
INFO: Run LocationTemplate Behavior [ RunTime:0.000787s ]
INFO: [ view_template ] --END-- [ RunTime:0.000951s ]
INFO: [ view_parse ] --START--
INFO: Run ParseTemplate Behavior [ RunTime:0.022732s ]
INFO: [ view_parse ] --END-- [ RunTime:0.022905s ]
INFO: [ view_filter ] --START--
INFO: Run ContentReplace Behavior [ RunTime:0.000748s ]
INFO: Run TokenBuild Behavior [ RunTime:0.000682s ]
INFO: Run WriteHtmlCache Behavior [ RunTime:0.000447s ]
INFO: Run ShowRuntime Behavior [ RunTime:0.000846s ]
INFO: [ view_filter ] --END-- [ RunTime:0.003062s ]
INFO: [ view_end ] --START--
INFO: Run ShowPageTrace Behavior [ RunTime:0.001137s ]
INFO: [ view_end ] --END-- [ RunTime:0.001256s ]

[ 2016-01-06T16:22:36+08:00 ] 127.0.0.1 /jiuye/hou.php/Index/ysession
INFO: [ route_check ] --START--
INFO: Run CheckRoute Behavior [ RunTime:0.002464s ]
INFO: [ route_check ] --END-- [ RunTime:0.002737s ]
INFO: [ app_begin ] --START--
INFO: Run ReadHtmlCache Behavior [ RunTime:0.001504s ]
INFO: [ app_begin ] --END-- [ RunTime:0.001725s ]

[ 2016-01-06T16:22:36+08:00 ] 127.0.0.1 /jiuye/hou.php/Membertype/membertype
INFO: [ route_check ] --START--
INFO: Run CheckRoute Behavior [ RunTime:0.002650s ]
INFO: [ route_check ] --END-- [ RunTime:0.002835s ]
INFO: [ app_begin ] --START--
INFO: Run ReadHtmlCache Behavior [ RunTime:0.004066s ]
INFO: [ app_begin ] --END-- [ RunTime:0.004276s ]
NOTIC: [2] Missing argument 4 for PublicAction::page(), called in D:\xampp\htdocs\jiuye\Work\Lib\Action\MembertypeAction.class.php on line 18 and defined D:\xampp\htdocs\jiuye\Work\Lib\Action\PublicAction.class.php 第 13 行.
SQL: SHOW COLUMNS FROM `w_membertype` [ RunTime:0.006805s ]
SQL: SELECT COUNT(*) AS tp_count FROM `w_membertype` LIMIT 1   [ RunTime:0.000499s ]
NOTIC: [8] Undefined variable: where D:\xampp\htdocs\jiuye\Work\Lib\Action\PublicAction.class.php 第 20 行.
SQL: SELECT * FROM `w_membertype` WHERE ( 1 ) LIMIT 0,3   [ RunTime:0.000515s ]
INFO: [ view_template ] --START--
INFO: Run LocationTemplate Behavior [ RunTime:0.005965s ]
INFO: [ view_template ] --END-- [ RunTime:0.006258s ]
INFO: [ view_parse ] --START--
INFO: Run ParseTemplate Behavior [ RunTime:0.053732s ]
INFO: [ view_parse ] --END-- [ RunTime:0.053999s ]
INFO: [ view_filter ] --START--
INFO: Run ContentReplace Behavior [ RunTime:0.003215s ]
INFO: Run TokenBuild Behavior [ RunTime:0.002174s ]
INFO: Run WriteHtmlCache Behavior [ RunTime:0.001221s ]
INFO: Run ShowRuntime Behavior [ RunTime:0.002018s ]
INFO: [ view_filter ] --END-- [ RunTime:0.009241s ]
INFO: [ view_end ] --START--
INFO: Run ShowPageTrace Behavior [ RunTime:0.004677s ]
INFO: [ view_end ] --END-- [ RunTime:0.004996s ]

[ 2016-01-06T16:22:36+08:00 ] 127.0.0.1 /jiuye/hou.php/Membertype/membertype
INFO: [ route_check ] --START--
INFO: Run CheckRoute Behavior [ RunTime:0.003713s ]
INFO: [ route_check ] --END-- [ RunTime:0.003999s ]
INFO: [ app_begin ] --START--
INFO: Run ReadHtmlCache Behavior [ RunTime:0.001648s ]
INFO: [ app_begin ] --END-- [ RunTime:0.001869s ]
NOTIC: [2] Missing argument 4 for PublicAction::page(), called in D:\xampp\htdocs\jiuye\Work\Lib\Action\MembertypeAction.class.php on line 18 and defined D:\xampp\htdocs\jiuye\Work\Lib\Action\PublicAction.class.php 第 13 行.
SQL: SHOW COLUMNS FROM `w_membertype` [ RunTime:0.004440s ]
SQL: SELECT COUNT(*) AS tp_count FROM `w_membertype` LIMIT 1   [ RunTime:0.000882s ]
NOTIC: [8] Undefined variable: where D:\xampp\htdocs\jiuye\Work\Lib\Action\PublicAction.class.php 第 20 行.
SQL: SELECT * FROM `w_membertype` WHERE ( 1 ) LIMIT 0,3   [ RunTime:0.001290s ]
INFO: [ view_template ] --START--
INFO: Run LocationTemplate Behavior [ RunTime:0.002745s ]
INFO: [ view_template ] --END-- [ RunTime:0.002982s ]
INFO: [ view_parse ] --START--
INFO: Run ParseTemplate Behavior [ RunTime:0.029483s ]
INFO: [ view_parse ] --END-- [ RunTime:0.029720s ]
INFO: [ view_filter ] --START--
INFO: Run ContentReplace Behavior [ RunTime:0.000852s ]
INFO: Run TokenBuild Behavior [ RunTime:0.000739s ]
INFO: Run WriteHtmlCache Behavior [ RunTime:0.000457s ]
INFO: Run ShowRuntime Behavior [ RunTime:0.001043s ]
INFO: [ view_filter ] --END-- [ RunTime:0.003518s ]
INFO: [ view_end ] --START--
INFO: Run ShowPageTrace Behavior [ RunTime:0.001245s ]
INFO: [ view_end ] --END-- [ RunTime:0.001370s ]

[ 2016-01-06T16:22:36+08:00 ] 127.0.0.1 /jiuye/hou.php/Index/ysession
INFO: [ route_check ] --START--
INFO: Run CheckRoute Behavior [ RunTime:0.018603s ]
INFO: [ route_check ] --END-- [ RunTime:0.021008s ]
INFO: [ app_begin ] --START--
INFO: Run ReadHtmlCache Behavior [ RunTime:0.001720s ]
INFO: [ app_begin ] --END-- [ RunTime:0.001957s ]

