[ 2016-01-01T08:49:06+08:00 ] 127.0.0.1 /jiuye/hou.php/Index/login
INFO: [ route_check ] --START--
INFO: Run CheckRoute Behavior [ RunTime:0.030916s ]
INFO: [ route_check ] --END-- [ RunTime:0.031080s ]
INFO: [ app_begin ] --START--
INFO: Run ReadHtmlCache Behavior [ RunTime:0.001033s ]
INFO: [ app_begin ] --END-- [ RunTime:0.001109s ]
INFO: [ view_template ] --START--
INFO: Run LocationTemplate Behavior [ RunTime:0.022238s ]
INFO: [ view_template ] --END-- [ RunTime:0.022370s ]
INFO: [ view_parse ] --START--
INFO: Run ParseTemplate Behavior [ RunTime:0.034220s ]
INFO: [ view_parse ] --END-- [ RunTime:0.034372s ]
INFO: [ view_filter ] --START--
INFO: Run ContentReplace Behavior [ RunTime:0.001149s ]
INFO: Run TokenBuild Behavior [ RunTime:0.000836s ]
INFO: Run WriteHtmlCache Behavior [ RunTime:0.000589s ]
INFO: Run ShowRuntime Behavior [ RunTime:0.000807s ]
INFO: [ view_filter ] --END-- [ RunTime:0.003579s ]
INFO: [ view_end ] --START--
INFO: Run ShowPageTrace Behavior [ RunTime:0.000924s ]
INFO: [ view_end ] --END-- [ RunTime:0.000979s ]

[ 2016-01-01T08:49:15+08:00 ] 127.0.0.1 /jiuye/hou.php/Index/login
INFO: [ route_check ] --START--
INFO: Run CheckRoute Behavior [ RunTime:0.001318s ]
INFO: [ route_check ] --END-- [ RunTime:0.001421s ]
INFO: [ app_begin ] --START--
INFO: Run ReadHtmlCache Behavior [ RunTime:0.000962s ]
INFO: [ app_begin ] --END-- [ RunTime:0.001066s ]
SQL: SHOW COLUMNS FROM `w_manage` [ RunTime:0.146816s ]
SQL: SELECT * FROM `w_manage` WHERE ( m_name='g18953827837' && m_pwd=123 )  [ RunTime:0.001838s ]
INFO: [ view_template ] --START--
INFO: Run LocationTemplate Behavior [ RunTime:0.005681s ]
INFO: [ view_template ] --END-- [ RunTime:0.005982s ]
INFO: [ view_parse ] --START--
INFO: Run ParseTemplate Behavior [ RunTime:0.094254s ]
INFO: [ view_parse ] --END-- [ RunTime:0.094570s ]
INFO: [ view_filter ] --START--
INFO: Run ContentReplace Behavior [ RunTime:0.003615s ]
INFO: Run TokenBuild Behavior [ RunTime:0.004264s ]
INFO: Run WriteHtmlCache Behavior [ RunTime:0.004906s ]
INFO: Run ShowRuntime Behavior [ RunTime:0.008276s ]
INFO: [ view_filter ] --END-- [ RunTime:0.022260s ]
INFO: [ view_end ] --START--
INFO: Run ShowPageTrace Behavior [ RunTime:0.005962s ]
INFO: [ view_end ] --END-- [ RunTime:0.006340s ]

[ 2016-01-01T08:49:16+08:00 ] 127.0.0.1 /jiuye/hou.php/Index/shouye
INFO: [ route_check ] --START--
INFO: Run CheckRoute Behavior [ RunTime:0.004145s ]
INFO: [ route_check ] --END-- [ RunTime:0.004568s ]
INFO: [ app_begin ] --START--
INFO: Run ReadHtmlCache Behavior [ RunTime:0.002094s ]
INFO: [ app_begin ] --END-- [ RunTime:0.002396s ]
INFO: [ view_template ] --START--
INFO: Run LocationTemplate Behavior [ RunTime:0.002284s ]
INFO: [ view_template ] --END-- [ RunTime:0.002521s ]
INFO: [ view_parse ] --START--
INFO: Run ParseTemplate Behavior [ RunTime:0.128787s ]
INFO: [ view_parse ] --END-- [ RunTime:0.129041s ]
INFO: [ view_filter ] --START--
INFO: Run ContentReplace Behavior [ RunTime:0.001012s ]
INFO: Run TokenBuild Behavior [ RunTime:0.001023s ]
INFO: Run WriteHtmlCache Behavior [ RunTime:0.000705s ]
INFO: Run ShowRuntime Behavior [ RunTime:0.001343s ]
INFO: [ view_filter ] --END-- [ RunTime:0.004600s ]
INFO: [ view_end ] --START--
INFO: Run ShowPageTrace Behavior [ RunTime:0.001974s ]
INFO: [ view_end ] --END-- [ RunTime:0.002196s ]

[ 2016-01-01T08:49:16+08:00 ] 127.0.0.1 /jiuye/hou.php/Index/top
INFO: [ route_check ] --START--
INFO: Run CheckRoute Behavior [ RunTime:0.001271s ]
INFO: [ route_check ] --END-- [ RunTime:0.001413s ]
INFO: [ app_begin ] --START--
INFO: Run ReadHtmlCache Behavior [ RunTime:0.000724s ]
INFO: [ app_begin ] --END-- [ RunTime:0.000822s ]
SQL: SHOW COLUMNS FROM `w_manage` [ RunTime:0.004156s ]
SQL: SELECT `m_jb` FROM `w_manage` WHERE ( m_name = 'g18953827837' ) LIMIT 1   [ RunTime:0.000567s ]
INFO: [ view_template ] --START--
INFO: Run LocationTemplate Behavior [ RunTime:0.001406s ]
INFO: [ view_template ] --END-- [ RunTime:0.001545s ]
INFO: [ view_parse ] --START--
INFO: Run ParseTemplate Behavior [ RunTime:0.012187s ]
INFO: [ view_parse ] --END-- [ RunTime:0.012313s ]
INFO: [ view_filter ] --START--
INFO: Run ContentReplace Behavior [ RunTime:0.000384s ]
INFO: Run TokenBuild Behavior [ RunTime:0.000346s ]
INFO: Run WriteHtmlCache Behavior [ RunTime:0.000232s ]
INFO: Run ShowRuntime Behavior [ RunTime:0.000445s ]
INFO: [ view_filter ] --END-- [ RunTime:0.001581s ]
INFO: [ view_end ] --START--
INFO: Run ShowPageTrace Behavior [ RunTime:0.000588s ]
INFO: [ view_end ] --END-- [ RunTime:0.000654s ]

[ 2016-01-01T08:49:16+08:00 ] 127.0.0.1 /jiuye/hou.php/Index/left.html
INFO: [ route_check ] --START--
INFO: Run CheckRoute Behavior [ RunTime:0.001289s ]
INFO: [ route_check ] --END-- [ RunTime:0.001440s ]
INFO: [ app_begin ] --START--
INFO: Run ReadHtmlCache Behavior [ RunTime:0.000763s ]
INFO: [ app_begin ] --END-- [ RunTime:0.000868s ]
INFO: [ view_template ] --START--
INFO: Run LocationTemplate Behavior [ RunTime:0.001026s ]
INFO: [ view_template ] --END-- [ RunTime:0.001154s ]
INFO: [ view_parse ] --START--
INFO: Run ParseTemplate Behavior [ RunTime:0.022050s ]
INFO: [ view_parse ] --END-- [ RunTime:0.022218s ]
INFO: [ view_filter ] --START--
INFO: Run ContentReplace Behavior [ RunTime:0.000901s ]
INFO: Run TokenBuild Behavior [ RunTime:0.001391s ]
INFO: Run WriteHtmlCache Behavior [ RunTime:0.000344s ]
INFO: Run ShowRuntime Behavior [ RunTime:0.000812s ]
INFO: [ view_filter ] --END-- [ RunTime:0.003959s ]
INFO: [ view_end ] --START--
INFO: Run ShowPageTrace Behavior [ RunTime:0.000785s ]
INFO: [ view_end ] --END-- [ RunTime:0.000873s ]

[ 2016-01-01T08:49:16+08:00 ] 127.0.0.1 /jiuye/hou.php/Class/banji
INFO: [ route_check ] --START--
INFO: Run CheckRoute Behavior [ RunTime:0.001984s ]
INFO: [ route_check ] --END-- [ RunTime:0.002140s ]
INFO: [ app_begin ] --START--
INFO: Run ReadHtmlCache Behavior [ RunTime:0.000801s ]
INFO: [ app_begin ] --END-- [ RunTime:0.000919s ]
NOTIC: [2] Missing argument 4 for PublicAction::page(), called in D:\xampp\htdocs\jiuye\Work\Lib\Action\ClassAction.class.php on line 10 and defined D:\xampp\htdocs\jiuye\Work\Lib\Action\PublicAction.class.php 第 13 行.
SQL: SHOW COLUMNS FROM `w_class` [ RunTime:0.070157s ]
SQL: SELECT COUNT(*) AS tp_count FROM `w_class` LIMIT 1   [ RunTime:0.000952s ]
NOTIC: [8] Undefined variable: where D:\xampp\htdocs\jiuye\Work\Lib\Action\PublicAction.class.php 第 20 行.
SQL: SELECT * FROM `w_class` WHERE ( 1 ) LIMIT 0,3   [ RunTime:0.001042s ]
INFO: [ view_template ] --START--
INFO: Run LocationTemplate Behavior [ RunTime:0.003506s ]
INFO: [ view_template ] --END-- [ RunTime:0.003644s ]
INFO: [ view_parse ] --START--
INFO: Run ParseTemplate Behavior [ RunTime:0.040727s ]
INFO: [ view_parse ] --END-- [ RunTime:0.040928s ]
INFO: [ view_filter ] --START--
INFO: Run ContentReplace Behavior [ RunTime:0.000996s ]
INFO: Run TokenBuild Behavior [ RunTime:0.000913s ]
INFO: Run WriteHtmlCache Behavior [ RunTime:0.000598s ]
INFO: Run ShowRuntime Behavior [ RunTime:0.001152s ]
INFO: [ view_filter ] --END-- [ RunTime:0.004132s ]
INFO: [ view_end ] --START--
INFO: Run ShowPageTrace Behavior [ RunTime:0.001562s ]
INFO: [ view_end ] --END-- [ RunTime:0.001746s ]

[ 2016-01-01T08:49:18+08:00 ] 127.0.0.1 /jiuye/hou.php/Index/login
INFO: [ route_check ] --START--
INFO: Run CheckRoute Behavior [ RunTime:0.000786s ]
INFO: [ route_check ] --END-- [ RunTime:0.000873s ]
INFO: [ app_begin ] --START--
INFO: Run ReadHtmlCache Behavior [ RunTime:0.000496s ]
INFO: [ app_begin ] --END-- [ RunTime:0.000556s ]
INFO: [ view_template ] --START--
INFO: Run LocationTemplate Behavior [ RunTime:0.000788s ]
INFO: [ view_template ] --END-- [ RunTime:0.000876s ]
INFO: [ view_parse ] --START--
INFO: Run ParseTemplate Behavior [ RunTime:0.011901s ]
INFO: [ view_parse ] --END-- [ RunTime:0.012002s ]
INFO: [ view_filter ] --START--
INFO: Run ContentReplace Behavior [ RunTime:0.000413s ]
INFO: Run TokenBuild Behavior [ RunTime:0.000343s ]
INFO: Run WriteHtmlCache Behavior [ RunTime:0.000210s ]
INFO: Run ShowRuntime Behavior [ RunTime:0.000418s ]
INFO: [ view_filter ] --END-- [ RunTime:0.001548s ]
INFO: [ view_end ] --START--
INFO: Run ShowPageTrace Behavior [ RunTime:0.000545s ]
INFO: [ view_end ] --END-- [ RunTime:0.000623s ]

