[ 2015-12-17T08:48:22+08:00 ] 127.0.0.1 /Jiuyework/
INFO: [ app_begin ] --START--
INFO: Run ReadHtmlCache Behavior [ RunTime:0.001787s ]
INFO: [ app_begin ] --END-- [ RunTime:0.002026s ]
SQL: SHOW COLUMNS FROM `w_user` [ RunTime:0.029590s ]
SQL: SELECT `u_nicheng` FROM `w_user` WHERE ( u_name='' ) LIMIT 1   [ RunTime:0.000819s ]
SQL: SHOW COLUMNS FROM `w_member` [ RunTime:0.032359s ]
SQL: SELECT `m_shifou` FROM `w_member` WHERE ( m_name='' ) LIMIT 1   [ RunTime:0.001534s ]
NOTIC: [8] Undefined variable: id D:\xampp\htdocs\Jiuyework\Index\Lib\Action\IndexAction.class.php 第 38 行.
SQL: SHOW COLUMNS FROM `w_invite` [ RunTime:0.044072s ]
SQL: SELECT * FROM `w_invite`  [ RunTime:0.009539s ]
SQL: SHOW COLUMNS FROM `w_applyjob` [ RunTime:0.033977s ]
SQL: SELECT * FROM `w_applyjob`  [ RunTime:0.008112s ]
INFO: [ view_template ] --START--
INFO: Run LocationTemplate Behavior [ RunTime:0.005752s ]
INFO: [ view_template ] --END-- [ RunTime:0.006055s ]
INFO: [ view_parse ] --START--
INFO: Run ParseTemplate Behavior [ RunTime:0.126298s ]
INFO: [ view_parse ] --END-- [ RunTime:0.126544s ]
INFO: [ view_filter ] --START--
INFO: Run ContentReplace Behavior [ RunTime:0.003539s ]
INFO: Run TokenBuild Behavior [ RunTime:0.002308s ]
INFO: Run WriteHtmlCache Behavior [ RunTime:0.003718s ]
INFO: Run ShowRuntime Behavior [ RunTime:0.004646s ]
INFO: [ view_filter ] --END-- [ RunTime:0.014888s ]
INFO: [ view_end ] --START--
INFO: Run ShowPageTrace Behavior [ RunTime:0.003369s ]
INFO: [ view_end ] --END-- [ RunTime:0.003609s ]

[ 2015-12-17T08:48:26+08:00 ] 127.0.0.1 /Jiuyework/index.php/Job/job
INFO: [ route_check ] --START--
INFO: Run CheckRoute Behavior [ RunTime:0.003042s ]
INFO: [ route_check ] --END-- [ RunTime:0.003295s ]
INFO: [ app_begin ] --START--
INFO: Run ReadHtmlCache Behavior [ RunTime:0.002812s ]
INFO: [ app_begin ] --END-- [ RunTime:0.003081s ]
NOTIC: [8] Undefined index:  name D:\xampp\htdocs\Jiuyework\Index\Lib\Action\JobAction.class.php 第 16 行.
NOTIC: [8] Undefined variable: where D:\xampp\htdocs\Jiuyework\Index\Lib\Action\JobAction.class.php 第 24 行.
SQL: SHOW COLUMNS FROM `w_invite` [ RunTime:0.002787s ]
SQL: SELECT COUNT(*) AS tp_count FROM `w_invite` LIMIT 1   [ RunTime:0.000762s ]
SQL: SELECT * FROM `w_invite` WHERE ( 1 ) LIMIT 0,6   [ RunTime:0.000508s ]
INFO: [ view_template ] --START--
INFO: Run LocationTemplate Behavior [ RunTime:0.001308s ]
INFO: [ view_template ] --END-- [ RunTime:0.001414s ]
INFO: [ view_parse ] --START--
NOTIC: [8] Undefined variable: id D:\xampp\htdocs\Jiuyework\Index\Runtime\Cache\0af2512f3ba0ac40b1a05fa506bab800.php 第 86 行.
INFO: Run ParseTemplate Behavior [ RunTime:0.023497s ]
INFO: [ view_parse ] --END-- [ RunTime:0.023608s ]
INFO: [ view_filter ] --START--
INFO: Run ContentReplace Behavior [ RunTime:0.000810s ]
INFO: Run TokenBuild Behavior [ RunTime:0.000819s ]
INFO: Run WriteHtmlCache Behavior [ RunTime:0.000583s ]
INFO: Run ShowRuntime Behavior [ RunTime:0.000768s ]
INFO: [ view_filter ] --END-- [ RunTime:0.003174s ]
INFO: [ view_end ] --START--
INFO: Run ShowPageTrace Behavior [ RunTime:0.000983s ]
INFO: [ view_end ] --END-- [ RunTime:0.001037s ]

[ 2015-12-17T08:48:40+08:00 ] 127.0.0.1 /Jiuyework/index.php/Pinren/pin
INFO: [ route_check ] --START--
INFO: Run CheckRoute Behavior [ RunTime:0.005262s ]
INFO: [ route_check ] --END-- [ RunTime:0.005463s ]
INFO: [ app_begin ] --START--
INFO: Run ReadHtmlCache Behavior [ RunTime:0.001457s ]
INFO: [ app_begin ] --END-- [ RunTime:0.001616s ]
NOTIC: [8] Undefined index:  post D:\xampp\htdocs\Jiuyework\Index\Lib\Action\PinrenAction.class.php 第 16 行.
NOTIC: [8] Undefined index:  money D:\xampp\htdocs\Jiuyework\Index\Lib\Action\PinrenAction.class.php 第 22 行.
NOTIC: [8] Undefined variable: where D:\xampp\htdocs\Jiuyework\Index\Lib\Action\PinrenAction.class.php 第 30 行.
SQL: SHOW COLUMNS FROM `w_applyjob` [ RunTime:0.001993s ]
SQL: SELECT COUNT(*) AS tp_count FROM `w_applyjob` LIMIT 1   [ RunTime:0.000511s ]
SQL: SELECT * FROM `w_applyjob` WHERE ( 1 ) LIMIT 0,6   [ RunTime:0.000328s ]
SQL: SHOW COLUMNS FROM `w_applyjob` [ RunTime:0.002492s ]
SQL: SELECT * FROM `w_applyjob` GROUP BY aj_post ORDER BY aj_post desc  [ RunTime:0.001149s ]
SQL: SELECT * FROM `w_applyjob` GROUP BY aj_money ORDER BY aj_money desc  [ RunTime:0.000592s ]
INFO: [ view_template ] --START--
INFO: Run LocationTemplate Behavior [ RunTime:0.001424s ]
INFO: [ view_template ] --END-- [ RunTime:0.001529s ]
INFO: [ view_parse ] --START--
NOTIC: [8] Undefined variable: id D:\xampp\htdocs\Jiuyework\Index\Runtime\Cache\f1f690e007cbedf286c0c58061171ae8.php 第 90 行.
INFO: Run ParseTemplate Behavior [ RunTime:0.045795s ]
INFO: [ view_parse ] --END-- [ RunTime:0.045925s ]
INFO: [ view_filter ] --START--
INFO: Run ContentReplace Behavior [ RunTime:0.001515s ]
INFO: Run TokenBuild Behavior [ RunTime:0.001333s ]
INFO: Run WriteHtmlCache Behavior [ RunTime:0.001041s ]
INFO: Run ShowRuntime Behavior [ RunTime:0.000941s ]
INFO: [ view_filter ] --END-- [ RunTime:0.005224s ]
INFO: [ view_end ] --START--
INFO: Run ShowPageTrace Behavior [ RunTime:0.000980s ]
INFO: [ view_end ] --END-- [ RunTime:0.001121s ]

[ 2015-12-17T08:48:45+08:00 ] 127.0.0.1 /Jiuyework/index.php/User/user
INFO: [ route_check ] --START--
INFO: Run CheckRoute Behavior [ RunTime:0.001697s ]
INFO: [ route_check ] --END-- [ RunTime:0.001915s ]
INFO: [ app_begin ] --START--
INFO: Run ReadHtmlCache Behavior [ RunTime:0.000885s ]
INFO: [ app_begin ] --END-- [ RunTime:0.001019s ]
INFO: [ view_template ] --START--
INFO: Run LocationTemplate Behavior [ RunTime:0.001100s ]
INFO: [ view_template ] --END-- [ RunTime:0.001267s ]
INFO: [ view_parse ] --START--
INFO: Run ParseTemplate Behavior [ RunTime:0.023821s ]
INFO: [ view_parse ] --END-- [ RunTime:0.023933s ]
INFO: [ view_filter ] --START--
INFO: Run ContentReplace Behavior [ RunTime:0.000356s ]
INFO: Run TokenBuild Behavior [ RunTime:0.000349s ]
INFO: Run WriteHtmlCache Behavior [ RunTime:0.000227s ]
INFO: Run ShowRuntime Behavior [ RunTime:0.000433s ]
INFO: [ view_filter ] --END-- [ RunTime:0.001542s ]
INFO: [ view_end ] --START--
INFO: Run ShowPageTrace Behavior [ RunTime:0.000613s ]
INFO: [ view_end ] --END-- [ RunTime:0.000694s ]

[ 2015-12-17T08:48:46+08:00 ] 127.0.0.1 /Jiuyework/index.php/Index/index
INFO: [ route_check ] --START--
INFO: Run CheckRoute Behavior [ RunTime:0.002562s ]
INFO: [ route_check ] --END-- [ RunTime:0.002809s ]
INFO: [ app_begin ] --START--
INFO: Run ReadHtmlCache Behavior [ RunTime:0.003159s ]
INFO: [ app_begin ] --END-- [ RunTime:0.003721s ]
SQL: SHOW COLUMNS FROM `w_user` [ RunTime:0.005274s ]
SQL: SELECT `u_nicheng` FROM `w_user` WHERE ( u_name='' ) LIMIT 1   [ RunTime:0.001347s ]
SQL: SHOW COLUMNS FROM `w_member` [ RunTime:0.004713s ]
SQL: SELECT `m_shifou` FROM `w_member` WHERE ( m_name='' ) LIMIT 1   [ RunTime:0.001127s ]
NOTIC: [8] Undefined variable: id D:\xampp\htdocs\Jiuyework\Index\Lib\Action\IndexAction.class.php 第 38 行.
SQL: SHOW COLUMNS FROM `w_invite` [ RunTime:0.005536s ]
SQL: SELECT * FROM `w_invite`  [ RunTime:0.002057s ]
SQL: SHOW COLUMNS FROM `w_applyjob` [ RunTime:0.004552s ]
SQL: SELECT * FROM `w_applyjob`  [ RunTime:0.001149s ]
INFO: [ view_template ] --START--
INFO: Run LocationTemplate Behavior [ RunTime:0.003085s ]
INFO: [ view_template ] --END-- [ RunTime:0.003382s ]
INFO: [ view_parse ] --START--
INFO: Run ParseTemplate Behavior [ RunTime:0.078902s ]
INFO: [ view_parse ] --END-- [ RunTime:0.079174s ]
INFO: [ view_filter ] --START--
INFO: Run ContentReplace Behavior [ RunTime:0.002305s ]
INFO: Run TokenBuild Behavior [ RunTime:0.001099s ]
INFO: Run WriteHtmlCache Behavior [ RunTime:0.000697s ]
INFO: Run ShowRuntime Behavior [ RunTime:0.002207s ]
INFO: [ view_filter ] --END-- [ RunTime:0.006940s ]
INFO: [ view_end ] --START--
INFO: Run ShowPageTrace Behavior [ RunTime:0.001818s ]
INFO: [ view_end ] --END-- [ RunTime:0.002040s ]

[ 2015-12-17T08:48:46+08:00 ] ERR: (ThinkException) 非法操作:templates
[ 2015-12-17T08:48:58+08:00 ] 127.0.0.1 /Jiuyework/index.php/Index/login
INFO: [ route_check ] --START--
INFO: Run CheckRoute Behavior [ RunTime:0.000823s ]
INFO: [ route_check ] --END-- [ RunTime:0.000941s ]
INFO: [ app_begin ] --START--
INFO: Run ReadHtmlCache Behavior [ RunTime:0.000462s ]
INFO: [ app_begin ] --END-- [ RunTime:0.000520s ]
SQL: SHOW COLUMNS FROM `w_user` [ RunTime:0.001656s ]
SQL: SELECT * FROM `w_user` WHERE ( u_name='s13326343311' and u_pwd=12345678 ) LIMIT 1   [ RunTime:0.000485s ]
INFO: [ view_template ] --START--
INFO: Run LocationTemplate Behavior [ RunTime:0.000480s ]
INFO: [ view_template ] --END-- [ RunTime:0.000577s ]
INFO: [ view_parse ] --START--
INFO: Run ParseTemplate Behavior [ RunTime:0.009359s ]
INFO: [ view_parse ] --END-- [ RunTime:0.009453s ]
INFO: [ view_filter ] --START--
INFO: Run ContentReplace Behavior [ RunTime:0.000352s ]
INFO: Run TokenBuild Behavior [ RunTime:0.000361s ]
INFO: Run WriteHtmlCache Behavior [ RunTime:0.000219s ]
INFO: Run ShowRuntime Behavior [ RunTime:0.000430s ]
INFO: [ view_filter ] --END-- [ RunTime:0.001547s ]
INFO: [ view_end ] --START--
INFO: Run ShowPageTrace Behavior [ RunTime:0.000634s ]
INFO: [ view_end ] --END-- [ RunTime:0.000701s ]

[ 2015-12-17T08:48:59+08:00 ] 127.0.0.1 /Jiuyework/index.php/User/user
INFO: [ route_check ] --START--
INFO: Run CheckRoute Behavior [ RunTime:0.003469s ]
INFO: [ route_check ] --END-- [ RunTime:0.003846s ]
INFO: [ app_begin ] --START--
INFO: Run ReadHtmlCache Behavior [ RunTime:0.001779s ]
INFO: [ app_begin ] --END-- [ RunTime:0.002046s ]
INFO: [ view_template ] --START--
INFO: Run LocationTemplate Behavior [ RunTime:0.001116s ]
INFO: [ view_template ] --END-- [ RunTime:0.001409s ]
INFO: [ view_parse ] --START--
INFO: Run ParseTemplate Behavior [ RunTime:0.026192s ]
INFO: [ view_parse ] --END-- [ RunTime:0.026507s ]
INFO: [ view_filter ] --START--
INFO: Run ContentReplace Behavior [ RunTime:0.001051s ]
INFO: Run TokenBuild Behavior [ RunTime:0.001134s ]
INFO: Run WriteHtmlCache Behavior [ RunTime:0.000744s ]
INFO: Run ShowRuntime Behavior [ RunTime:0.001354s ]
INFO: [ view_filter ] --END-- [ RunTime:0.004869s ]
INFO: [ view_end ] --START--
INFO: Run ShowPageTrace Behavior [ RunTime:0.001958s ]
INFO: [ view_end ] --END-- [ RunTime:0.002179s ]

[ 2015-12-17T08:49:00+08:00 ] 127.0.0.1 /Jiuyework/index.php/Index/index
INFO: [ route_check ] --START--
INFO: Run CheckRoute Behavior [ RunTime:0.002851s ]
INFO: [ route_check ] --END-- [ RunTime:0.003146s ]
INFO: [ app_begin ] --START--
INFO: Run ReadHtmlCache Behavior [ RunTime:0.001181s ]
INFO: [ app_begin ] --END-- [ RunTime:0.001360s ]
SQL: SHOW COLUMNS FROM `w_user` [ RunTime:0.003116s ]
SQL: SELECT `u_nicheng` FROM `w_user` WHERE ( u_name='' ) LIMIT 1   [ RunTime:0.000821s ]
SQL: SHOW COLUMNS FROM `w_member` [ RunTime:0.002833s ]
SQL: SELECT `m_shifou` FROM `w_member` WHERE ( m_name='' ) LIMIT 1   [ RunTime:0.000900s ]
NOTIC: [8] Undefined variable: id D:\xampp\htdocs\Jiuyework\Index\Lib\Action\IndexAction.class.php 第 38 行.
SQL: SHOW COLUMNS FROM `w_invite` [ RunTime:0.003188s ]
SQL: SELECT * FROM `w_invite`  [ RunTime:0.002408s ]
SQL: SHOW COLUMNS FROM `w_applyjob` [ RunTime:0.002870s ]
SQL: SELECT * FROM `w_applyjob`  [ RunTime:0.000898s ]
INFO: [ view_template ] --START--
INFO: Run LocationTemplate Behavior [ RunTime:0.000780s ]
INFO: [ view_template ] --END-- [ RunTime:0.000919s ]
INFO: [ view_parse ] --START--
INFO: Run ParseTemplate Behavior [ RunTime:0.052394s ]
INFO: [ view_parse ] --END-- [ RunTime:0.052579s ]
INFO: [ view_filter ] --START--
INFO: Run ContentReplace Behavior [ RunTime:0.001662s ]
INFO: Run TokenBuild Behavior [ RunTime:0.000877s ]
INFO: Run WriteHtmlCache Behavior [ RunTime:0.000472s ]
INFO: Run ShowRuntime Behavior [ RunTime:0.000979s ]
INFO: [ view_filter ] --END-- [ RunTime:0.004387s ]
INFO: [ view_end ] --START--
INFO: Run ShowPageTrace Behavior [ RunTime:0.001162s ]
INFO: [ view_end ] --END-- [ RunTime:0.001283s ]

[ 2015-12-17T08:49:00+08:00 ] ERR: (ThinkException) 非法操作:templates
[ 2015-12-17T08:49:17+08:00 ] 127.0.0.1 /Jiuyework/index.php/Index/login
INFO: [ route_check ] --START--
INFO: Run CheckRoute Behavior [ RunTime:0.002072s ]
INFO: [ route_check ] --END-- [ RunTime:0.002264s ]
INFO: [ app_begin ] --START--
INFO: Run ReadHtmlCache Behavior [ RunTime:0.001485s ]
INFO: [ app_begin ] --END-- [ RunTime:0.001593s ]
SQL: SHOW COLUMNS FROM `w_user` [ RunTime:0.003658s ]
SQL: SELECT * FROM `w_user` WHERE ( u_name='s13326343311' and u_pwd=22222222 ) LIMIT 1   [ RunTime:0.000889s ]
INFO: [ view_template ] --START--
INFO: Run LocationTemplate Behavior [ RunTime:0.001191s ]
INFO: [ view_template ] --END-- [ RunTime:0.001275s ]
INFO: [ view_parse ] --START--
INFO: Run ParseTemplate Behavior [ RunTime:0.016729s ]
INFO: [ view_parse ] --END-- [ RunTime:0.016863s ]
INFO: [ view_filter ] --START--
INFO: Run ContentReplace Behavior [ RunTime:0.000704s ]
INFO: Run TokenBuild Behavior [ RunTime:0.000870s ]
INFO: Run WriteHtmlCache Behavior [ RunTime:0.000618s ]
INFO: Run ShowRuntime Behavior [ RunTime:0.000759s ]
INFO: [ view_filter ] --END-- [ RunTime:0.003163s ]
INFO: [ view_end ] --START--
INFO: Run ShowPageTrace Behavior [ RunTime:0.000849s ]
INFO: [ view_end ] --END-- [ RunTime:0.000903s ]

[ 2015-12-17T08:49:18+08:00 ] 127.0.0.1 /Jiuyework/index.php/User/user
INFO: [ route_check ] --START--
INFO: Run CheckRoute Behavior [ RunTime:0.002042s ]
INFO: [ route_check ] --END-- [ RunTime:0.002215s ]
INFO: [ app_begin ] --START--
INFO: Run ReadHtmlCache Behavior [ RunTime:0.001191s ]
INFO: [ app_begin ] --END-- [ RunTime:0.001384s ]
INFO: [ view_template ] --START--
INFO: Run LocationTemplate Behavior [ RunTime:0.000775s ]
INFO: [ view_template ] --END-- [ RunTime:0.000942s ]
INFO: [ view_parse ] --START--
INFO: Run ParseTemplate Behavior [ RunTime:0.018623s ]
INFO: [ view_parse ] --END-- [ RunTime:0.018858s ]
INFO: [ view_filter ] --START--
INFO: Run ContentReplace Behavior [ RunTime:0.000744s ]
INFO: Run TokenBuild Behavior [ RunTime:0.000734s ]
INFO: Run WriteHtmlCache Behavior [ RunTime:0.000511s ]
INFO: Run ShowRuntime Behavior [ RunTime:0.000895s ]
INFO: [ view_filter ] --END-- [ RunTime:0.003254s ]
INFO: [ view_end ] --START--
INFO: Run ShowPageTrace Behavior [ RunTime:0.001318s ]
INFO: [ view_end ] --END-- [ RunTime:0.001434s ]

[ 2015-12-17T08:49:19+08:00 ] 127.0.0.1 /Jiuyework/index.php/Oneman/geren
INFO: [ route_check ] --START--
INFO: Run CheckRoute Behavior [ RunTime:0.001764s ]
INFO: [ route_check ] --END-- [ RunTime:0.001965s ]
INFO: [ app_begin ] --START--
INFO: Run ReadHtmlCache Behavior [ RunTime:0.001000s ]
INFO: [ app_begin ] --END-- [ RunTime:0.001152s ]
SQL: SHOW COLUMNS FROM `w_user` [ RunTime:0.005019s ]
SQL: SELECT * FROM `w_user` WHERE ( u_name='s13326343311' ) LIMIT 1   [ RunTime:0.001037s ]
SQL: SHOW COLUMNS FROM `w_member` [ RunTime:0.004102s ]
SQL: SELECT `m_shifou` FROM `w_member` WHERE ( m_name='s13326343311' ) LIMIT 1   [ RunTime:0.000897s ]
INFO: [ view_template ] --START--
INFO: Run LocationTemplate Behavior [ RunTime:0.017029s ]
INFO: [ view_template ] --END-- [ RunTime:0.017265s ]
INFO: [ view_parse ] --START--
NOTIC: [8] Undefined index:  e_tel D:\xampp\htdocs\Jiuyework\Index\Runtime\Cache\4a7cec757a25636aba2a80b33d0733b0.php 第 111 行.
NOTIC: [8] Undefined index:  e_add D:\xampp\htdocs\Jiuyework\Index\Runtime\Cache\4a7cec757a25636aba2a80b33d0733b0.php 第 117 行.
INFO: Run ParseTemplate Behavior [ RunTime:0.057285s ]
INFO: [ view_parse ] --END-- [ RunTime:0.057495s ]
INFO: [ view_filter ] --START--
INFO: Run ContentReplace Behavior [ RunTime:0.001384s ]
INFO: Run TokenBuild Behavior [ RunTime:0.001032s ]
INFO: Run WriteHtmlCache Behavior [ RunTime:0.000676s ]
INFO: Run ShowRuntime Behavior [ RunTime:0.001338s ]
INFO: [ view_filter ] --END-- [ RunTime:0.004980s ]
INFO: [ view_end ] --START--
INFO: Run ShowPageTrace Behavior [ RunTime:0.002098s ]
INFO: [ view_end ] --END-- [ RunTime:0.002279s ]

[ 2015-12-17T08:49:32+08:00 ] 127.0.0.1 /Jiuyework/index.php/Oneman/qiuzhi
INFO: [ route_check ] --START--
INFO: Run CheckRoute Behavior [ RunTime:0.006539s ]
INFO: [ route_check ] --END-- [ RunTime:0.007290s ]
INFO: [ app_begin ] --START--
INFO: Run ReadHtmlCache Behavior [ RunTime:0.001842s ]
INFO: [ app_begin ] --END-- [ RunTime:0.002340s ]
SQL: SHOW COLUMNS FROM `w_applyjob` [ RunTime:0.003218s ]
NOTIC: [8] Undefined index:  sub D:\xampp\htdocs\Jiuyework\Index\Lib\Action\OnemanAction.class.php 第 117 行.
INFO: [ view_template ] --START--
INFO: Run LocationTemplate Behavior [ RunTime:0.002316s ]
INFO: [ view_template ] --END-- [ RunTime:0.002508s ]
INFO: [ view_parse ] --START--
INFO: Run ParseTemplate Behavior [ RunTime:0.042056s ]
INFO: [ view_parse ] --END-- [ RunTime:0.042291s ]
INFO: [ view_filter ] --START--
INFO: Run ContentReplace Behavior [ RunTime:0.000815s ]
INFO: Run TokenBuild Behavior [ RunTime:0.000699s ]
INFO: Run WriteHtmlCache Behavior [ RunTime:0.000435s ]
INFO: Run ShowRuntime Behavior [ RunTime:0.000973s ]
INFO: [ view_filter ] --END-- [ RunTime:0.003320s ]
INFO: [ view_end ] --START--
INFO: Run ShowPageTrace Behavior [ RunTime:0.001244s ]
INFO: [ view_end ] --END-- [ RunTime:0.001410s ]

[ 2015-12-17T08:49:35+08:00 ] 127.0.0.1 /Jiuyework/index.php/Index/index/id/1
INFO: [ route_check ] --START--
INFO: Run CheckRoute Behavior [ RunTime:0.000938s ]
INFO: [ route_check ] --END-- [ RunTime:0.001054s ]
INFO: [ app_begin ] --START--
INFO: Run ReadHtmlCache Behavior [ RunTime:0.000667s ]
INFO: [ app_begin ] --END-- [ RunTime:0.000746s ]
SQL: SHOW COLUMNS FROM `w_user` [ RunTime:0.001830s ]
SQL: SELECT `u_nicheng` FROM `w_user` WHERE ( u_name='s13326343311' ) LIMIT 1   [ RunTime:0.000590s ]
SQL: SHOW COLUMNS FROM `w_member` [ RunTime:0.001842s ]
SQL: SELECT `m_shifou` FROM `w_member` WHERE ( m_name='s13326343311' ) LIMIT 1   [ RunTime:0.000378s ]
SQL: SHOW COLUMNS FROM `w_invite` [ RunTime:0.001519s ]
SQL: SELECT * FROM `w_invite`  [ RunTime:0.000497s ]
SQL: SHOW COLUMNS FROM `w_applyjob` [ RunTime:0.002290s ]
SQL: SELECT * FROM `w_applyjob`  [ RunTime:0.000434s ]
INFO: [ view_template ] --START--
INFO: Run LocationTemplate Behavior [ RunTime:0.000849s ]
INFO: [ view_template ] --END-- [ RunTime:0.000997s ]
INFO: [ view_parse ] --START--
INFO: Run ParseTemplate Behavior [ RunTime:0.027237s ]
INFO: [ view_parse ] --END-- [ RunTime:0.027364s ]
INFO: [ view_filter ] --START--
INFO: Run ContentReplace Behavior [ RunTime:0.000663s ]
INFO: Run TokenBuild Behavior [ RunTime:0.000362s ]
INFO: Run WriteHtmlCache Behavior [ RunTime:0.000200s ]
INFO: Run ShowRuntime Behavior [ RunTime:0.000476s ]
INFO: [ view_filter ] --END-- [ RunTime:0.001864s ]
INFO: [ view_end ] --START--
INFO: Run ShowPageTrace Behavior [ RunTime:0.000620s ]
INFO: [ view_end ] --END-- [ RunTime:0.000697s ]

[ 2015-12-17T08:49:35+08:00 ] 127.0.0.1 /Jiuyework/index.php/Index/index/id/templates/default/js/index.js
INFO: [ route_check ] --START--
INFO: Run CheckRoute Behavior [ RunTime:0.001133s ]
INFO: [ route_check ] --END-- [ RunTime:0.001290s ]
INFO: [ app_begin ] --START--
INFO: Run ReadHtmlCache Behavior [ RunTime:0.000606s ]
INFO: [ app_begin ] --END-- [ RunTime:0.000695s ]
SQL: SHOW COLUMNS FROM `w_user` [ RunTime:0.001747s ]
SQL: SELECT `u_nicheng` FROM `w_user` WHERE ( u_name='s13326343311' ) LIMIT 1   [ RunTime:0.000471s ]
SQL: SHOW COLUMNS FROM `w_member` [ RunTime:0.002394s ]
SQL: SELECT `m_shifou` FROM `w_member` WHERE ( m_name='s13326343311' ) LIMIT 1   [ RunTime:0.000700s ]
SQL: SHOW COLUMNS FROM `w_invite` [ RunTime:0.002325s ]
SQL: SELECT * FROM `w_invite`  [ RunTime:0.000595s ]
SQL: SHOW COLUMNS FROM `w_applyjob` [ RunTime:0.003551s ]
SQL: SELECT * FROM `w_applyjob`  [ RunTime:0.000771s ]
INFO: [ view_template ] --START--
INFO: Run LocationTemplate Behavior [ RunTime:0.000714s ]
INFO: [ view_template ] --END-- [ RunTime:0.000844s ]
INFO: [ view_parse ] --START--
INFO: Run ParseTemplate Behavior [ RunTime:0.035704s ]
INFO: [ view_parse ] --END-- [ RunTime:0.035809s ]
INFO: [ view_filter ] --START--
INFO: Run ContentReplace Behavior [ RunTime:0.000611s ]
INFO: Run TokenBuild Behavior [ RunTime:0.000407s ]
INFO: Run WriteHtmlCache Behavior [ RunTime:0.000236s ]
INFO: Run ShowRuntime Behavior [ RunTime:0.000524s ]
INFO: [ view_filter ] --END-- [ RunTime:0.002114s ]
INFO: [ view_end ] --START--
INFO: Run ShowPageTrace Behavior [ RunTime:0.000681s ]
INFO: [ view_end ] --END-- [ RunTime:0.000747s ]

[ 2015-12-17T08:49:38+08:00 ] 127.0.0.1 /Jiuyework/index.php/Job/job
INFO: [ route_check ] --START--
INFO: Run CheckRoute Behavior [ RunTime:0.001598s ]
INFO: [ route_check ] --END-- [ RunTime:0.001804s ]
INFO: [ app_begin ] --START--
INFO: Run ReadHtmlCache Behavior [ RunTime:0.000685s ]
INFO: [ app_begin ] --END-- [ RunTime:0.000790s ]
NOTIC: [8] Undefined index:  name D:\xampp\htdocs\Jiuyework\Index\Lib\Action\JobAction.class.php 第 16 行.
NOTIC: [8] Undefined variable: where D:\xampp\htdocs\Jiuyework\Index\Lib\Action\JobAction.class.php 第 24 行.
SQL: SHOW COLUMNS FROM `w_invite` [ RunTime:0.002104s ]
SQL: SELECT COUNT(*) AS tp_count FROM `w_invite` LIMIT 1   [ RunTime:0.000565s ]
SQL: SELECT * FROM `w_invite` WHERE ( 1 ) LIMIT 0,6   [ RunTime:0.000484s ]
INFO: [ view_template ] --START--
INFO: Run LocationTemplate Behavior [ RunTime:0.001997s ]
INFO: [ view_template ] --END-- [ RunTime:0.002542s ]
INFO: [ view_parse ] --START--
NOTIC: [8] Undefined variable: id D:\xampp\htdocs\Jiuyework\Index\Runtime\Cache\0af2512f3ba0ac40b1a05fa506bab800.php 第 86 行.
INFO: Run ParseTemplate Behavior [ RunTime:0.020872s ]
INFO: [ view_parse ] --END-- [ RunTime:0.021071s ]
INFO: [ view_filter ] --START--
INFO: Run ContentReplace Behavior [ RunTime:0.000849s ]
INFO: Run TokenBuild Behavior [ RunTime:0.000565s ]
INFO: Run WriteHtmlCache Behavior [ RunTime:0.000290s ]
INFO: Run ShowRuntime Behavior [ RunTime:0.000507s ]
INFO: [ view_filter ] --END-- [ RunTime:0.002467s ]
INFO: [ view_end ] --START--
INFO: Run ShowPageTrace Behavior [ RunTime:0.000752s ]
INFO: [ view_end ] --END-- [ RunTime:0.000860s ]

[ 2015-12-17T08:49:42+08:00 ] 127.0.0.1 /Jiuyework/index.php/Job/job/p/2
INFO: [ route_check ] --START--
INFO: Run CheckRoute Behavior [ RunTime:0.000961s ]
INFO: [ route_check ] --END-- [ RunTime:0.001071s ]
INFO: [ app_begin ] --START--
INFO: Run ReadHtmlCache Behavior [ RunTime:0.000633s ]
INFO: [ app_begin ] --END-- [ RunTime:0.000709s ]
NOTIC: [8] Undefined index:  name D:\xampp\htdocs\Jiuyework\Index\Lib\Action\JobAction.class.php 第 16 行.
NOTIC: [8] Undefined variable: where D:\xampp\htdocs\Jiuyework\Index\Lib\Action\JobAction.class.php 第 24 行.
SQL: SHOW COLUMNS FROM `w_invite` [ RunTime:0.001716s ]
SQL: SELECT COUNT(*) AS tp_count FROM `w_invite` LIMIT 1   [ RunTime:0.000274s ]
SQL: SELECT * FROM `w_invite` WHERE ( 1 ) LIMIT 6,6   [ RunTime:0.000304s ]
INFO: [ view_template ] --START--
INFO: Run LocationTemplate Behavior [ RunTime:0.000542s ]
INFO: [ view_template ] --END-- [ RunTime:0.000623s ]
INFO: [ view_parse ] --START--
NOTIC: [8] Undefined variable: id D:\xampp\htdocs\Jiuyework\Index\Runtime\Cache\0af2512f3ba0ac40b1a05fa506bab800.php 第 86 行.
INFO: Run ParseTemplate Behavior [ RunTime:0.012010s ]
INFO: [ view_parse ] --END-- [ RunTime:0.012081s ]
INFO: [ view_filter ] --START--
INFO: Run ContentReplace Behavior [ RunTime:0.000384s ]
INFO: Run TokenBuild Behavior [ RunTime:0.000299s ]
INFO: Run WriteHtmlCache Behavior [ RunTime:0.000194s ]
INFO: Run ShowRuntime Behavior [ RunTime:0.000372s ]
INFO: [ view_filter ] --END-- [ RunTime:0.001401s ]
INFO: [ view_end ] --START--
INFO: Run ShowPageTrace Behavior [ RunTime:0.000492s ]
INFO: [ view_end ] --END-- [ RunTime:0.000544s ]

[ 2015-12-17T08:49:46+08:00 ] 127.0.0.1 /Jiuyework/index.php/Job/job/p/1
INFO: [ route_check ] --START--
INFO: Run CheckRoute Behavior [ RunTime:0.000924s ]
INFO: [ route_check ] --END-- [ RunTime:0.001034s ]
INFO: [ app_begin ] --START--
INFO: Run ReadHtmlCache Behavior [ RunTime:0.000588s ]
INFO: [ app_begin ] --END-- [ RunTime:0.000673s ]
NOTIC: [8] Undefined index:  name D:\xampp\htdocs\Jiuyework\Index\Lib\Action\JobAction.class.php 第 16 行.
NOTIC: [8] Undefined variable: where D:\xampp\htdocs\Jiuyework\Index\Lib\Action\JobAction.class.php 第 24 行.
SQL: SHOW COLUMNS FROM `w_invite` [ RunTime:0.002133s ]
SQL: SELECT COUNT(*) AS tp_count FROM `w_invite` LIMIT 1   [ RunTime:0.000237s ]
SQL: SELECT * FROM `w_invite` WHERE ( 1 ) LIMIT 0,6   [ RunTime:0.000239s ]
INFO: [ view_template ] --START--
INFO: Run LocationTemplate Behavior [ RunTime:0.000495s ]
INFO: [ view_template ] --END-- [ RunTime:0.000586s ]
INFO: [ view_parse ] --START--
NOTIC: [8] Undefined variable: id D:\xampp\htdocs\Jiuyework\Index\Runtime\Cache\0af2512f3ba0ac40b1a05fa506bab800.php 第 86 行.
INFO: Run ParseTemplate Behavior [ RunTime:0.012384s ]
INFO: [ view_parse ] --END-- [ RunTime:0.012487s ]
INFO: [ view_filter ] --START--
INFO: Run ContentReplace Behavior [ RunTime:0.000644s ]
INFO: Run TokenBuild Behavior [ RunTime:0.000382s ]
INFO: Run WriteHtmlCache Behavior [ RunTime:0.000234s ]
INFO: Run ShowRuntime Behavior [ RunTime:0.000435s ]
INFO: [ view_filter ] --END-- [ RunTime:0.001915s ]
INFO: [ view_end ] --START--
INFO: Run ShowPageTrace Behavior [ RunTime:0.000942s ]
INFO: [ view_end ] --END-- [ RunTime:0.001002s ]

[ 2015-12-17T08:49:50+08:00 ] 127.0.0.1 /Jiuyework/index.php/User/user
INFO: [ route_check ] --START--
INFO: Run CheckRoute Behavior [ RunTime:0.000974s ]
INFO: [ route_check ] --END-- [ RunTime:0.001081s ]
INFO: [ app_begin ] --START--
INFO: Run ReadHtmlCache Behavior [ RunTime:0.000582s ]
INFO: [ app_begin ] --END-- [ RunTime:0.000665s ]
INFO: [ view_template ] --START--
INFO: Run LocationTemplate Behavior [ RunTime:0.001448s ]
INFO: [ view_template ] --END-- [ RunTime:0.001803s ]
INFO: [ view_parse ] --START--
INFO: Run ParseTemplate Behavior [ RunTime:0.010528s ]
INFO: [ view_parse ] --END-- [ RunTime:0.010672s ]
INFO: [ view_filter ] --START--
INFO: Run ContentReplace Behavior [ RunTime:0.000407s ]
INFO: Run TokenBuild Behavior [ RunTime:0.000492s ]
INFO: Run WriteHtmlCache Behavior [ RunTime:0.000278s ]
INFO: Run ShowRuntime Behavior [ RunTime:0.000617s ]
INFO: [ view_filter ] --END-- [ RunTime:0.002021s ]
INFO: [ view_end ] --START--
INFO: Run ShowPageTrace Behavior [ RunTime:0.001262s ]
INFO: [ view_end ] --END-- [ RunTime:0.001486s ]

[ 2015-12-17T08:49:51+08:00 ] 127.0.0.1 /Jiuyework/index.php/Oneman/geren
INFO: [ route_check ] --START--
INFO: Run CheckRoute Behavior [ RunTime:0.001927s ]
INFO: [ route_check ] --END-- [ RunTime:0.002147s ]
INFO: [ app_begin ] --START--
INFO: Run ReadHtmlCache Behavior [ RunTime:0.001106s ]
INFO: [ app_begin ] --END-- [ RunTime:0.001338s ]
SQL: SHOW COLUMNS FROM `w_user` [ RunTime:0.003278s ]
SQL: SELECT * FROM `w_user` WHERE ( u_name='s13326343311' ) LIMIT 1   [ RunTime:0.000893s ]
SQL: SHOW COLUMNS FROM `w_member` [ RunTime:0.002542s ]
SQL: SELECT `m_shifou` FROM `w_member` WHERE ( m_name='s13326343311' ) LIMIT 1   [ RunTime:0.000671s ]
INFO: [ view_template ] --START--
INFO: Run LocationTemplate Behavior [ RunTime:0.001859s ]
INFO: [ view_template ] --END-- [ RunTime:0.002003s ]
INFO: [ view_parse ] --START--
NOTIC: [8] Undefined index:  e_tel D:\xampp\htdocs\Jiuyework\Index\Runtime\Cache\4a7cec757a25636aba2a80b33d0733b0.php 第 111 行.
NOTIC: [8] Undefined index:  e_add D:\xampp\htdocs\Jiuyework\Index\Runtime\Cache\4a7cec757a25636aba2a80b33d0733b0.php 第 117 行.
INFO: Run ParseTemplate Behavior [ RunTime:0.023381s ]
INFO: [ view_parse ] --END-- [ RunTime:0.023527s ]
INFO: [ view_filter ] --START--
INFO: Run ContentReplace Behavior [ RunTime:0.000915s ]
INFO: Run TokenBuild Behavior [ RunTime:0.000641s ]
INFO: Run WriteHtmlCache Behavior [ RunTime:0.000406s ]
INFO: Run ShowRuntime Behavior [ RunTime:0.000830s ]
INFO: [ view_filter ] --END-- [ RunTime:0.003133s ]
INFO: [ view_end ] --START--
INFO: Run ShowPageTrace Behavior [ RunTime:0.001645s ]
INFO: [ view_end ] --END-- [ RunTime:0.002174s ]

[ 2015-12-17T08:49:58+08:00 ] 127.0.0.1 /Jiuyework/index.php/Oneman/huiyuan
INFO: [ route_check ] --START--
INFO: Run CheckRoute Behavior [ RunTime:0.001550s ]
INFO: [ route_check ] --END-- [ RunTime:0.001710s ]
INFO: [ app_begin ] --START--
INFO: Run ReadHtmlCache Behavior [ RunTime:0.000913s ]
INFO: [ app_begin ] --END-- [ RunTime:0.000977s ]
SQL: SHOW COLUMNS FROM `w_member` [ RunTime:0.001716s ]
NOTIC: [8] Undefined index:  sub D:\xampp\htdocs\Jiuyework\Index\Lib\Action\OnemanAction.class.php 第 165 行.
SQL: SHOW COLUMNS FROM `w_membertype` [ RunTime:0.126008s ]
SQL: SELECT * FROM `w_membertype`  [ RunTime:0.000978s ]
INFO: [ view_template ] --START--
INFO: Run LocationTemplate Behavior [ RunTime:0.003450s ]
INFO: [ view_template ] --END-- [ RunTime:0.003661s ]
INFO: [ view_parse ] --START--
INFO: Run ParseTemplate Behavior [ RunTime:0.072486s ]
INFO: [ view_parse ] --END-- [ RunTime:0.072797s ]
INFO: [ view_filter ] --START--
INFO: Run ContentReplace Behavior [ RunTime:0.003831s ]
INFO: Run TokenBuild Behavior [ RunTime:0.002357s ]
INFO: Run WriteHtmlCache Behavior [ RunTime:0.003584s ]
INFO: Run ShowRuntime Behavior [ RunTime:0.002746s ]
INFO: [ view_filter ] --END-- [ RunTime:0.013204s ]
INFO: [ view_end ] --START--
INFO: Run ShowPageTrace Behavior [ RunTime:0.004135s ]
INFO: [ view_end ] --END-- [ RunTime:0.004421s ]

[ 2015-12-17T08:56:20+08:00 ] 127.0.0.1 /Jiuyework/index.php/Oneman/huiyuan
INFO: [ route_check ] --START--
INFO: Run CheckRoute Behavior [ RunTime:0.001436s ]
INFO: [ route_check ] --END-- [ RunTime:0.001587s ]
INFO: [ app_begin ] --START--
INFO: Run ReadHtmlCache Behavior [ RunTime:0.001215s ]
INFO: [ app_begin ] --END-- [ RunTime:0.001344s ]
SQL: SHOW COLUMNS FROM `w_member` [ RunTime:0.001574s ]
NOTIC: [8] Undefined index:  sub D:\xampp\htdocs\Jiuyework\Index\Lib\Action\OnemanAction.class.php 第 165 行.
SQL: SHOW COLUMNS FROM `w_membertype` [ RunTime:0.001431s ]
SQL: SELECT * FROM `w_membertype`  [ RunTime:0.000381s ]
INFO: [ view_template ] --START--
INFO: Run LocationTemplate Behavior [ RunTime:0.001957s ]
INFO: [ view_template ] --END-- [ RunTime:0.002062s ]
INFO: [ view_parse ] --START--
INFO: Run ParseTemplate Behavior [ RunTime:0.015552s ]
INFO: [ view_parse ] --END-- [ RunTime:0.015706s ]
INFO: [ view_filter ] --START--
INFO: Run ContentReplace Behavior [ RunTime:0.001164s ]
INFO: Run TokenBuild Behavior [ RunTime:0.001013s ]
INFO: Run WriteHtmlCache Behavior [ RunTime:0.000811s ]
INFO: Run ShowRuntime Behavior [ RunTime:0.000601s ]
INFO: [ view_filter ] --END-- [ RunTime:0.003805s ]
INFO: [ view_end ] --START--
INFO: Run ShowPageTrace Behavior [ RunTime:0.001231s ]
INFO: [ view_end ] --END-- [ RunTime:0.001321s ]

[ 2015-12-17T09:02:55+08:00 ] 127.0.0.1 /Jiuyework/index.php/Oneman/jine?id=5
INFO: [ route_check ] --START--
INFO: Run CheckRoute Behavior [ RunTime:0.001352s ]
INFO: [ route_check ] --END-- [ RunTime:0.001465s ]
INFO: [ app_begin ] --START--
INFO: Run ReadHtmlCache Behavior [ RunTime:0.000889s ]
INFO: [ app_begin ] --END-- [ RunTime:0.000956s ]
SQL: SHOW COLUMNS FROM `w_membertype` [ RunTime:0.001661s ]
SQL: SELECT `mt_money` FROM `w_membertype` WHERE ( mt_id=5 ) LIMIT 1   [ RunTime:0.000327s ]

[ 2015-12-17T09:03:19+08:00 ] 127.0.0.1 /Jiuyework/index.php/Oneman/huiyuan
INFO: [ route_check ] --START--
INFO: Run CheckRoute Behavior [ RunTime:0.000867s ]
INFO: [ route_check ] --END-- [ RunTime:0.000949s ]
INFO: [ app_begin ] --START--
INFO: Run ReadHtmlCache Behavior [ RunTime:0.000508s ]
INFO: [ app_begin ] --END-- [ RunTime:0.000567s ]
SQL: SHOW COLUMNS FROM `w_member` [ RunTime:0.001666s ]
SQL: INSERT INTO `w_member` (`m_tel`,`m_remarks`,`m_name`) VALUES ('13326343315','                	\r\n                学生','s13326343311') [ RunTime:0.000387s ]
INFO: [ view_template ] --START--
INFO: Run LocationTemplate Behavior [ RunTime:0.001054s ]
INFO: [ view_template ] --END-- [ RunTime:0.001116s ]
INFO: [ view_parse ] --START--
INFO: Run ParseTemplate Behavior [ RunTime:0.009834s ]
INFO: [ view_parse ] --END-- [ RunTime:0.009912s ]
INFO: [ view_filter ] --START--
INFO: Run ContentReplace Behavior [ RunTime:0.000669s ]
INFO: Run TokenBuild Behavior [ RunTime:0.000626s ]
INFO: Run WriteHtmlCache Behavior [ RunTime:0.000523s ]
INFO: Run ShowRuntime Behavior [ RunTime:0.000691s ]
INFO: [ view_filter ] --END-- [ RunTime:0.002668s ]
INFO: [ view_end ] --START--
INFO: Run ShowPageTrace Behavior [ RunTime:0.000948s ]
INFO: [ view_end ] --END-- [ RunTime:0.001004s ]

[ 2015-12-17T09:03:21+08:00 ] 127.0.0.1 /Jiuyework/index.php/Oneman/geren
INFO: [ route_check ] --START--
INFO: Run CheckRoute Behavior [ RunTime:0.003884s ]
INFO: [ route_check ] --END-- [ RunTime:0.004287s ]
INFO: [ app_begin ] --START--
INFO: Run ReadHtmlCache Behavior [ RunTime:0.003261s ]
INFO: [ app_begin ] --END-- [ RunTime:0.003600s ]
SQL: SHOW COLUMNS FROM `w_user` [ RunTime:0.003838s ]
SQL: SELECT * FROM `w_user` WHERE ( u_name='s13326343311' ) LIMIT 1   [ RunTime:0.003342s ]
SQL: SHOW COLUMNS FROM `w_member` [ RunTime:0.003091s ]
SQL: SELECT `m_shifou` FROM `w_member` WHERE ( m_name='s13326343311' ) LIMIT 1   [ RunTime:0.000800s ]
INFO: [ view_template ] --START--
INFO: Run LocationTemplate Behavior [ RunTime:0.001427s ]
INFO: [ view_template ] --END-- [ RunTime:0.001549s ]
INFO: [ view_parse ] --START--
NOTIC: [8] Undefined index:  e_tel D:\xampp\htdocs\Jiuyework\Index\Runtime\Cache\4a7cec757a25636aba2a80b33d0733b0.php 第 111 行.
NOTIC: [8] Undefined index:  e_add D:\xampp\htdocs\Jiuyework\Index\Runtime\Cache\4a7cec757a25636aba2a80b33d0733b0.php 第 117 行.
INFO: Run ParseTemplate Behavior [ RunTime:0.022443s ]
INFO: [ view_parse ] --END-- [ RunTime:0.022654s ]
INFO: [ view_filter ] --START--
INFO: Run ContentReplace Behavior [ RunTime:0.000813s ]
INFO: Run TokenBuild Behavior [ RunTime:0.000726s ]
INFO: Run WriteHtmlCache Behavior [ RunTime:0.000420s ]
INFO: Run ShowRuntime Behavior [ RunTime:0.000799s ]
INFO: [ view_filter ] --END-- [ RunTime:0.003093s ]
INFO: [ view_end ] --START--
INFO: Run ShowPageTrace Behavior [ RunTime:0.001182s ]
INFO: [ view_end ] --END-- [ RunTime:0.001291s ]

[ 2015-12-17T09:05:38+08:00 ] 127.0.0.1 /Jiuyework/index.php/Oneman/huiyuan
INFO: [ route_check ] --START--
INFO: Run CheckRoute Behavior [ RunTime:0.001318s ]
INFO: [ route_check ] --END-- [ RunTime:0.001429s ]
INFO: [ app_begin ] --START--
INFO: Run ReadHtmlCache Behavior [ RunTime:0.000925s ]
INFO: [ app_begin ] --END-- [ RunTime:0.001010s ]
SQL: SHOW COLUMNS FROM `w_member` [ RunTime:0.003856s ]
NOTIC: [8] Undefined index:  sub D:\xampp\htdocs\Jiuyework\Index\Lib\Action\OnemanAction.class.php 第 165 行.
SQL: SHOW COLUMNS FROM `w_membertype` [ RunTime:0.002413s ]
SQL: SELECT * FROM `w_membertype`  [ RunTime:0.000496s ]
INFO: [ view_template ] --START--
INFO: Run LocationTemplate Behavior [ RunTime:0.001317s ]
INFO: [ view_template ] --END-- [ RunTime:0.001421s ]
INFO: [ view_parse ] --START--
INFO: Run ParseTemplate Behavior [ RunTime:0.014613s ]
INFO: [ view_parse ] --END-- [ RunTime:0.014773s ]
INFO: [ view_filter ] --START--
INFO: Run ContentReplace Behavior [ RunTime:0.000962s ]
INFO: Run TokenBuild Behavior [ RunTime:0.000975s ]
INFO: Run WriteHtmlCache Behavior [ RunTime:0.000746s ]
INFO: Run ShowRuntime Behavior [ RunTime:0.000765s ]
INFO: [ view_filter ] --END-- [ RunTime:0.003717s ]
INFO: [ view_end ] --START--
INFO: Run ShowPageTrace Behavior [ RunTime:0.000956s ]
INFO: [ view_end ] --END-- [ RunTime:0.001047s ]

[ 2015-12-17T09:05:55+08:00 ] 127.0.0.1 /Jiuyework/index.php/Index/index/id/1
INFO: [ route_check ] --START--
INFO: Run CheckRoute Behavior [ RunTime:0.000914s ]
INFO: [ route_check ] --END-- [ RunTime:0.001019s ]
INFO: [ app_begin ] --START--
INFO: Run ReadHtmlCache Behavior [ RunTime:0.001162s ]
INFO: [ app_begin ] --END-- [ RunTime:0.001408s ]
SQL: SHOW COLUMNS FROM `w_user` [ RunTime:0.002294s ]
SQL: SELECT `u_nicheng` FROM `w_user` WHERE ( u_name='s13326343311' ) LIMIT 1   [ RunTime:0.000586s ]
SQL: SHOW COLUMNS FROM `w_member` [ RunTime:0.001555s ]
SQL: SELECT `m_shifou` FROM `w_member` WHERE ( m_name='s13326343311' ) LIMIT 1   [ RunTime:0.000363s ]
SQL: SHOW COLUMNS FROM `w_invite` [ RunTime:0.001498s ]
SQL: SELECT * FROM `w_invite`  [ RunTime:0.000512s ]
SQL: SHOW COLUMNS FROM `w_applyjob` [ RunTime:0.001770s ]
SQL: SELECT * FROM `w_applyjob`  [ RunTime:0.000370s ]
INFO: [ view_template ] --START--
INFO: Run LocationTemplate Behavior [ RunTime:0.000883s ]
INFO: [ view_template ] --END-- [ RunTime:0.000947s ]
INFO: [ view_parse ] --START--
INFO: Run ParseTemplate Behavior [ RunTime:0.026571s ]
INFO: [ view_parse ] --END-- [ RunTime:0.026664s ]
INFO: [ view_filter ] --START--
INFO: Run ContentReplace Behavior [ RunTime:0.000752s ]
INFO: Run TokenBuild Behavior [ RunTime:0.000449s ]
INFO: Run WriteHtmlCache Behavior [ RunTime:0.000213s ]
INFO: Run ShowRuntime Behavior [ RunTime:0.000516s ]
INFO: [ view_filter ] --END-- [ RunTime:0.002124s ]
INFO: [ view_end ] --START--
INFO: Run ShowPageTrace Behavior [ RunTime:0.000585s ]
INFO: [ view_end ] --END-- [ RunTime:0.000643s ]

[ 2015-12-17T09:05:56+08:00 ] 127.0.0.1 /Jiuyework/index.php/Index/index/id/templates/default/js/index.js
INFO: [ route_check ] --START--
INFO: Run CheckRoute Behavior [ RunTime:0.000879s ]
INFO: [ route_check ] --END-- [ RunTime:0.000981s ]
INFO: [ app_begin ] --START--
INFO: Run ReadHtmlCache Behavior [ RunTime:0.000788s ]
INFO: [ app_begin ] --END-- [ RunTime:0.000896s ]
SQL: SHOW COLUMNS FROM `w_user` [ RunTime:0.002023s ]
SQL: SELECT `u_nicheng` FROM `w_user` WHERE ( u_name='s13326343311' ) LIMIT 1   [ RunTime:0.000646s ]
SQL: SHOW COLUMNS FROM `w_member` [ RunTime:0.001937s ]
SQL: SELECT `m_shifou` FROM `w_member` WHERE ( m_name='s13326343311' ) LIMIT 1   [ RunTime:0.000904s ]
SQL: SHOW COLUMNS FROM `w_invite` [ RunTime:0.002058s ]
SQL: SELECT * FROM `w_invite`  [ RunTime:0.000940s ]
SQL: SHOW COLUMNS FROM `w_applyjob` [ RunTime:0.004036s ]
SQL: SELECT * FROM `w_applyjob`  [ RunTime:0.000855s ]
INFO: [ view_template ] --START--
INFO: Run LocationTemplate Behavior [ RunTime:0.001035s ]
INFO: [ view_template ] --END-- [ RunTime:0.001131s ]
INFO: [ view_parse ] --START--
INFO: Run ParseTemplate Behavior [ RunTime:0.033837s ]
INFO: [ view_parse ] --END-- [ RunTime:0.033937s ]
INFO: [ view_filter ] --START--
INFO: Run ContentReplace Behavior [ RunTime:0.000827s ]
INFO: Run TokenBuild Behavior [ RunTime:0.000366s ]
INFO: Run WriteHtmlCache Behavior [ RunTime:0.000223s ]
INFO: Run ShowRuntime Behavior [ RunTime:0.000453s ]
INFO: [ view_filter ] --END-- [ RunTime:0.002044s ]
INFO: [ view_end ] --START--
INFO: Run ShowPageTrace Behavior [ RunTime:0.000579s ]
INFO: [ view_end ] --END-- [ RunTime:0.000641s ]

[ 2015-12-17T09:05:59+08:00 ] 127.0.0.1 /Jiuyework/index.php/User/user
INFO: [ route_check ] --START--
INFO: Run CheckRoute Behavior [ RunTime:0.001113s ]
INFO: [ route_check ] --END-- [ RunTime:0.001274s ]
INFO: [ app_begin ] --START--
INFO: Run ReadHtmlCache Behavior [ RunTime:0.000600s ]
INFO: [ app_begin ] --END-- [ RunTime:0.000719s ]
INFO: [ view_template ] --START--
INFO: Run LocationTemplate Behavior [ RunTime:0.000796s ]
INFO: [ view_template ] --END-- [ RunTime:0.000932s ]
INFO: [ view_parse ] --START--
INFO: Run ParseTemplate Behavior [ RunTime:0.010431s ]
INFO: [ view_parse ] --END-- [ RunTime:0.010584s ]
INFO: [ view_filter ] --START--
INFO: Run ContentReplace Behavior [ RunTime:0.000378s ]
INFO: Run TokenBuild Behavior [ RunTime:0.000406s ]
INFO: Run WriteHtmlCache Behavior [ RunTime:0.000200s ]
INFO: Run ShowRuntime Behavior [ RunTime:0.000864s ]
INFO: [ view_filter ] --END-- [ RunTime:0.002057s ]
INFO: [ view_end ] --START--
INFO: Run ShowPageTrace Behavior [ RunTime:0.000940s ]
INFO: [ view_end ] --END-- [ RunTime:0.001064s ]

[ 2015-12-17T09:06:00+08:00 ] 127.0.0.1 /Jiuyework/index.php/Oneman/geren
INFO: [ route_check ] --START--
INFO: Run CheckRoute Behavior [ RunTime:0.001821s ]
INFO: [ route_check ] --END-- [ RunTime:0.002066s ]
INFO: [ app_begin ] --START--
INFO: Run ReadHtmlCache Behavior [ RunTime:0.001203s ]
INFO: [ app_begin ] --END-- [ RunTime:0.001612s ]
SQL: SHOW COLUMNS FROM `w_user` [ RunTime:0.003076s ]
SQL: SELECT * FROM `w_user` WHERE ( u_name='s13326343311' ) LIMIT 1   [ RunTime:0.000797s ]
SQL: SHOW COLUMNS FROM `w_member` [ RunTime:0.002827s ]
SQL: SELECT `m_shifou` FROM `w_member` WHERE ( m_name='s13326343311' ) LIMIT 1   [ RunTime:0.000722s ]
INFO: [ view_template ] --START--
INFO: Run LocationTemplate Behavior [ RunTime:0.001795s ]
INFO: [ view_template ] --END-- [ RunTime:0.001949s ]
INFO: [ view_parse ] --START--
NOTIC: [8] Undefined index:  e_tel D:\xampp\htdocs\Jiuyework\Index\Runtime\Cache\4a7cec757a25636aba2a80b33d0733b0.php 第 111 行.
NOTIC: [8] Undefined index:  e_add D:\xampp\htdocs\Jiuyework\Index\Runtime\Cache\4a7cec757a25636aba2a80b33d0733b0.php 第 117 行.
INFO: Run ParseTemplate Behavior [ RunTime:0.024685s ]
INFO: [ view_parse ] --END-- [ RunTime:0.024885s ]
INFO: [ view_filter ] --START--
INFO: Run ContentReplace Behavior [ RunTime:0.001332s ]
INFO: Run TokenBuild Behavior [ RunTime:0.000939s ]
INFO: Run WriteHtmlCache Behavior [ RunTime:0.000592s ]
INFO: Run ShowRuntime Behavior [ RunTime:0.001286s ]
INFO: [ view_filter ] --END-- [ RunTime:0.004677s ]
INFO: [ view_end ] --START--
INFO: Run ShowPageTrace Behavior [ RunTime:0.001525s ]
INFO: [ view_end ] --END-- [ RunTime:0.001664s ]

[ 2015-12-17T09:06:02+08:00 ] 127.0.0.1 /Jiuyework/index.php/Oneman/huiyuan
INFO: [ route_check ] --START--
INFO: Run CheckRoute Behavior [ RunTime:0.001145s ]
INFO: [ route_check ] --END-- [ RunTime:0.001346s ]
INFO: [ app_begin ] --START--
INFO: Run ReadHtmlCache Behavior [ RunTime:0.000634s ]
INFO: [ app_begin ] --END-- [ RunTime:0.000765s ]
SQL: SHOW COLUMNS FROM `w_member` [ RunTime:0.001776s ]
NOTIC: [8] Undefined index:  sub D:\xampp\htdocs\Jiuyework\Index\Lib\Action\OnemanAction.class.php 第 165 行.
SQL: SHOW COLUMNS FROM `w_membertype` [ RunTime:0.001625s ]
SQL: SELECT * FROM `w_membertype`  [ RunTime:0.000572s ]
INFO: [ view_template ] --START--
INFO: Run LocationTemplate Behavior [ RunTime:0.000562s ]
INFO: [ view_template ] --END-- [ RunTime:0.000657s ]
INFO: [ view_parse ] --START--
INFO: Run ParseTemplate Behavior [ RunTime:0.011692s ]
INFO: [ view_parse ] --END-- [ RunTime:0.011849s ]
INFO: [ view_filter ] --START--
INFO: Run ContentReplace Behavior [ RunTime:0.000438s ]
INFO: Run TokenBuild Behavior [ RunTime:0.000343s ]
INFO: Run WriteHtmlCache Behavior [ RunTime:0.000198s ]
INFO: Run ShowRuntime Behavior [ RunTime:0.000417s ]
INFO: [ view_filter ] --END-- [ RunTime:0.001595s ]
INFO: [ view_end ] --START--
INFO: Run ShowPageTrace Behavior [ RunTime:0.000608s ]
INFO: [ view_end ] --END-- [ RunTime:0.000696s ]

