[ 2015-10-28T14:24:46+08:00 ] 127.0.0.1 /jiuye/qiantai.php/Index/lianxi
INFO: [ route_check ] --START--
INFO: Run CheckRoute Behavior [ RunTime:0.004429s ]
INFO: [ route_check ] --END-- [ RunTime:0.004786s ]
INFO: [ app_begin ] --START--
INFO: Run ReadHtmlCache Behavior [ RunTime:0.003670s ]
INFO: [ app_begin ] --END-- [ RunTime:0.004084s ]

[ 2015-10-28T14:38:56+08:00 ] 127.0.0.1 /jiuye/qiantai.php/Index/lianxi
INFO: [ route_check ] --START--
INFO: Run CheckRoute Behavior [ RunTime:0.003013s ]
INFO: [ route_check ] --END-- [ RunTime:0.003224s ]
INFO: [ app_begin ] --START--
INFO: Run ReadHtmlCache Behavior [ RunTime:0.003103s ]
INFO: [ app_begin ] --END-- [ RunTime:0.003409s ]
NOTIC: [8] Undefined index:  name D:\xampp\htdocs\Jiuye\Index\Lib\Action\IndexAction.class.php 第 170 行.
NOTIC: [8] Undefined index:  pwd D:\xampp\htdocs\Jiuye\Index\Lib\Action\IndexAction.class.php 第 174 行.
SQL: SHOW COLUMNS FROM `w_user` [ RunTime:0.003210s ]
NOTIC: [8] Undefined variable: a D:\xampp\htdocs\Jiuye\Index\Lib\Action\IndexAction.class.php 第 179 行.
SQL: SELECT * FROM `w_user`  [ RunTime:0.000747s ]

[ 2015-10-28T15:09:05+08:00 ] 127.0.0.1 /jiuye/qiantai.php/Index/lianxi
INFO: [ route_check ] --START--
INFO: Run CheckRoute Behavior [ RunTime:0.003232s ]
INFO: [ route_check ] --END-- [ RunTime:0.003449s ]
INFO: [ app_begin ] --START--
INFO: Run ReadHtmlCache Behavior [ RunTime:0.002850s ]
INFO: [ app_begin ] --END-- [ RunTime:0.003037s ]
SQL: SHOW COLUMNS FROM `w_lianxi` [ RunTime:0.104681s ]
SQL: SELECT `l_nation` FROM `w_lianxi` WHERE ( l_id='3' ) LIMIT 1   [ RunTime:0.000790s ]

[ 2015-10-28T15:09:16+08:00 ] 127.0.0.1 /jiuye/qiantai.php/Index/lianxi
INFO: [ route_check ] --START--
INFO: Run CheckRoute Behavior [ RunTime:0.003123s ]
INFO: [ route_check ] --END-- [ RunTime:0.003353s ]
INFO: [ app_begin ] --START--
INFO: Run ReadHtmlCache Behavior [ RunTime:0.002437s ]
INFO: [ app_begin ] --END-- [ RunTime:0.002612s ]
SQL: SHOW COLUMNS FROM `w_lianxi` [ RunTime:0.003314s ]
SQL: SELECT `l_nation` FROM `w_lianxi` WHERE ( l_id=2 ) LIMIT 1   [ RunTime:0.001976s ]

[ 2015-10-28T15:09:43+08:00 ] 127.0.0.1 /jiuye/qiantai.php/Index/lianxi
INFO: [ route_check ] --START--
INFO: Run CheckRoute Behavior [ RunTime:0.003147s ]
INFO: [ route_check ] --END-- [ RunTime:0.003352s ]
INFO: [ app_begin ] --START--
INFO: Run ReadHtmlCache Behavior [ RunTime:0.002435s ]
INFO: [ app_begin ] --END-- [ RunTime:0.002610s ]
SQL: SHOW COLUMNS FROM `w_lianxi` [ RunTime:0.003109s ]
SQL: SELECT `l_nation` FROM `w_lianxi` WHERE ( l_id='2' ) LIMIT 1   [ RunTime:0.000604s ]

[ 2015-10-28T15:09:55+08:00 ] 127.0.0.1 /jiuye/qiantai.php/Index/lianxi
INFO: [ route_check ] --START--
INFO: Run CheckRoute Behavior [ RunTime:0.004796s ]
INFO: [ route_check ] --END-- [ RunTime:0.005055s ]
INFO: [ app_begin ] --START--
INFO: Run ReadHtmlCache Behavior [ RunTime:0.003721s ]
INFO: [ app_begin ] --END-- [ RunTime:0.003947s ]
SQL: SHOW COLUMNS FROM `w_lianxi` [ RunTime:0.003081s ]
SQL: SELECT `l_nation` FROM `w_lianxi` WHERE ( l_id='3' ) LIMIT 1   [ RunTime:0.000601s ]

[ 2015-10-28T15:11:48+08:00 ] 127.0.0.1 /jiuye/qiantai.php/Index/lianxi
INFO: [ route_check ] --START--
INFO: Run CheckRoute Behavior [ RunTime:0.003235s ]
INFO: [ route_check ] --END-- [ RunTime:0.003422s ]
INFO: [ app_begin ] --START--
INFO: Run ReadHtmlCache Behavior [ RunTime:0.002356s ]
INFO: [ app_begin ] --END-- [ RunTime:0.002499s ]
SQL: SHOW COLUMNS FROM `w_lianxi` [ RunTime:0.002794s ]
SQL: SELECT * FROM `w_lianxi` GROUP BY l_class  [ RunTime:0.000649s ]

[ 2015-10-28T15:11:49+08:00 ] 127.0.0.1 /jiuye/qiantai.php/Index/lianxi
INFO: [ route_check ] --START--
INFO: Run CheckRoute Behavior [ RunTime:0.005108s ]
INFO: [ route_check ] --END-- [ RunTime:0.005440s ]
INFO: [ app_begin ] --START--
INFO: Run ReadHtmlCache Behavior [ RunTime:0.003870s ]
INFO: [ app_begin ] --END-- [ RunTime:0.004160s ]
SQL: SHOW COLUMNS FROM `w_lianxi` [ RunTime:0.004755s ]
SQL: SELECT * FROM `w_lianxi` GROUP BY l_class  [ RunTime:0.001198s ]

[ 2015-10-28T15:11:49+08:00 ] 127.0.0.1 /jiuye/qiantai.php/Index/lianxi
INFO: [ route_check ] --START--
INFO: Run CheckRoute Behavior [ RunTime:0.005675s ]
INFO: [ route_check ] --END-- [ RunTime:0.006008s ]
INFO: [ app_begin ] --START--
INFO: Run ReadHtmlCache Behavior [ RunTime:0.003339s ]
INFO: [ app_begin ] --END-- [ RunTime:0.003578s ]
SQL: SHOW COLUMNS FROM `w_lianxi` [ RunTime:0.003254s ]
SQL: SELECT * FROM `w_lianxi` GROUP BY l_class  [ RunTime:0.000741s ]

[ 2015-10-28T15:11:50+08:00 ] 127.0.0.1 /jiuye/qiantai.php/Index/lianxi
INFO: [ route_check ] --START--
INFO: Run CheckRoute Behavior [ RunTime:0.003522s ]
INFO: [ route_check ] --END-- [ RunTime:0.003755s ]
INFO: [ app_begin ] --START--
INFO: Run ReadHtmlCache Behavior [ RunTime:0.005415s ]
INFO: [ app_begin ] --END-- [ RunTime:0.005774s ]
SQL: SHOW COLUMNS FROM `w_lianxi` [ RunTime:0.003518s ]
SQL: SELECT * FROM `w_lianxi` GROUP BY l_class  [ RunTime:0.001126s ]

[ 2015-10-28T15:12:03+08:00 ] 127.0.0.1 /jiuye/qiantai.php/Index/lianxi
INFO: [ route_check ] --START--
INFO: Run CheckRoute Behavior [ RunTime:0.003303s ]
INFO: [ route_check ] --END-- [ RunTime:0.003561s ]
INFO: [ app_begin ] --START--
INFO: Run ReadHtmlCache Behavior [ RunTime:0.002473s ]
INFO: [ app_begin ] --END-- [ RunTime:0.002645s ]
SQL: SHOW COLUMNS FROM `w_lianxi` [ RunTime:0.003100s ]
SQL: SELECT * FROM `w_lianxi` GROUP BY l_class  [ RunTime:0.000865s ]

[ 2015-10-28T18:58:45+08:00 ] 127.0.0.1 /jiuye/qiantai.php/Index/lianxi
INFO: [ route_check ] --START--
INFO: Run CheckRoute Behavior [ RunTime:0.002669s ]
INFO: [ route_check ] --END-- [ RunTime:0.002880s ]
INFO: [ app_begin ] --START--
INFO: Run ReadHtmlCache Behavior [ RunTime:0.001860s ]
INFO: [ app_begin ] --END-- [ RunTime:0.002067s ]
SQL: SHOW COLUMNS FROM `w_lianxi` [ RunTime:0.004133s ]
NOTIC: [2] Missing argument 1 for Model::getField(), called in D:\xampp\htdocs\Jiuye\Index\Lib\Action\IndexAction.class.php on line 171 and defined D:\xampp\htdocs\Jiuye\ThinkPHP\Lib\Core\Model.class.php 第 691 行.
NOTIC: [8] Undefined variable: field D:\xampp\htdocs\Jiuye\ThinkPHP\Lib\Core\Model.class.php 第 692 行.
NOTIC: [8] Undefined variable: field D:\xampp\htdocs\Jiuye\ThinkPHP\Lib\Core\Model.class.php 第 694 行.
SQL: SELECT * FROM `w_lianxi` LIMIT 1   [ RunTime:0.000935s ]

[ 2015-10-28T19:01:01+08:00 ] 127.0.0.1 /jiuye/qiantai.php/Index/lianxi
INFO: [ route_check ] --START--
INFO: Run CheckRoute Behavior [ RunTime:0.003386s ]
INFO: [ route_check ] --END-- [ RunTime:0.003610s ]
INFO: [ app_begin ] --START--
INFO: Run ReadHtmlCache Behavior [ RunTime:0.001779s ]
INFO: [ app_begin ] --END-- [ RunTime:0.001921s ]
SQL: SHOW COLUMNS FROM `w_lianxi` [ RunTime:0.003182s ]
SQL: SELECT `l_nation` FROM `w_lianxi` WHERE ( l_id=3 ) LIMIT 1   [ RunTime:0.000951s ]

[ 2015-10-28T19:01:12+08:00 ] 127.0.0.1 /jiuye/qiantai.php/Index/lianxi
INFO: [ route_check ] --START--
INFO: Run CheckRoute Behavior [ RunTime:0.001715s ]
INFO: [ route_check ] --END-- [ RunTime:0.001891s ]
INFO: [ app_begin ] --START--
INFO: Run ReadHtmlCache Behavior [ RunTime:0.001070s ]
INFO: [ app_begin ] --END-- [ RunTime:0.001204s ]
SQL: SHOW COLUMNS FROM `w_lianxi` [ RunTime:0.003143s ]
NOTIC: [4096] Object of class Model could not be converted to string D:\xampp\htdocs\Jiuye\Index\Lib\Action\IndexAction.class.php 第 173 行.

[ 2015-10-28T19:02:45+08:00 ] 127.0.0.1 /jiuye/qiantai.php/Index/lianxi
INFO: [ route_check ] --START--
INFO: Run CheckRoute Behavior [ RunTime:0.002102s ]
INFO: [ route_check ] --END-- [ RunTime:0.002335s ]
INFO: [ app_begin ] --START--
INFO: Run ReadHtmlCache Behavior [ RunTime:0.001320s ]
INFO: [ app_begin ] --END-- [ RunTime:0.001503s ]
SQL: SHOW COLUMNS FROM `w_lianxi` [ RunTime:0.003351s ]
SQL: SELECT `l_nation` FROM `w_lianxi` WHERE ( l_id=3 ) LIMIT 1   [ RunTime:0.000571s ]

[ 2015-10-28T19:02:47+08:00 ] 127.0.0.1 /jiuye/qiantai.php/Index/lianxi
INFO: [ route_check ] --START--
INFO: Run CheckRoute Behavior [ RunTime:0.002705s ]
INFO: [ route_check ] --END-- [ RunTime:0.003163s ]
INFO: [ app_begin ] --START--
INFO: Run ReadHtmlCache Behavior [ RunTime:0.001131s ]
INFO: [ app_begin ] --END-- [ RunTime:0.001312s ]
SQL: SHOW COLUMNS FROM `w_lianxi` [ RunTime:0.003116s ]
SQL: SELECT `l_nation` FROM `w_lianxi` WHERE ( l_id=3 ) LIMIT 1   [ RunTime:0.000618s ]

[ 2015-10-28T19:02:56+08:00 ] 127.0.0.1 /jiuye/qiantai.php/Index/lianxi
INFO: [ route_check ] --START--
INFO: Run CheckRoute Behavior [ RunTime:0.001699s ]
INFO: [ route_check ] --END-- [ RunTime:0.001865s ]
INFO: [ app_begin ] --START--
INFO: Run ReadHtmlCache Behavior [ RunTime:0.001117s ]
INFO: [ app_begin ] --END-- [ RunTime:0.001249s ]
SQL: SHOW COLUMNS FROM `w_lianxi` [ RunTime:0.003036s ]
SQL: SELECT `l_nation` FROM `w_lianxi` WHERE ( l_id=3 )  [ RunTime:0.000679s ]

[ 2015-10-28T19:02:57+08:00 ] 127.0.0.1 /jiuye/qiantai.php/Index/lianxi
INFO: [ route_check ] --START--
INFO: Run CheckRoute Behavior [ RunTime:0.002028s ]
INFO: [ route_check ] --END-- [ RunTime:0.002244s ]
INFO: [ app_begin ] --START--
INFO: Run ReadHtmlCache Behavior [ RunTime:0.002155s ]
INFO: [ app_begin ] --END-- [ RunTime:0.002445s ]
SQL: SHOW COLUMNS FROM `w_lianxi` [ RunTime:0.003304s ]
SQL: SELECT `l_nation` FROM `w_lianxi` WHERE ( l_id=3 )  [ RunTime:0.000903s ]

[ 2015-10-28T19:03:25+08:00 ] 127.0.0.1 /jiuye/qiantai.php/Index/lianxi
INFO: [ route_check ] --START--
INFO: Run CheckRoute Behavior [ RunTime:0.002542s ]
INFO: [ route_check ] --END-- [ RunTime:0.002718s ]
INFO: [ app_begin ] --START--
INFO: Run ReadHtmlCache Behavior [ RunTime:0.001769s ]
INFO: [ app_begin ] --END-- [ RunTime:0.001942s ]
SQL: SHOW COLUMNS FROM `w_lianxi` [ RunTime:0.003211s ]
SQL: SELECT `l_nation` FROM `w_lianxi` WHERE ( l_id=3 ) LIMIT 1   [ RunTime:0.000675s ]

[ 2015-10-28T19:04:28+08:00 ] 127.0.0.1 /jiuye/qiantai.php/Index/lianxi
INFO: [ route_check ] --START--
INFO: Run CheckRoute Behavior [ RunTime:0.002380s ]
INFO: [ route_check ] --END-- [ RunTime:0.002636s ]
INFO: [ app_begin ] --START--
INFO: Run ReadHtmlCache Behavior [ RunTime:0.001179s ]
INFO: [ app_begin ] --END-- [ RunTime:0.001378s ]
SQL: SHOW COLUMNS FROM `w_lianxi` [ RunTime:0.003455s ]
NOTIC: [2] Missing argument 1 for Model::field(), called in D:\xampp\htdocs\Jiuye\Index\Lib\Action\IndexAction.class.php on line 171 and defined D:\xampp\htdocs\Jiuye\ThinkPHP\Lib\Core\Model.class.php 第 1394 行.
NOTIC: [8] Undefined variable: field D:\xampp\htdocs\Jiuye\ThinkPHP\Lib\Core\Model.class.php 第 1395 行.
NOTIC: [8] Undefined variable: field D:\xampp\htdocs\Jiuye\ThinkPHP\Lib\Core\Model.class.php 第 1405 行.
SQL: SELECT * FROM `w_lianxi` LIMIT 1   [ RunTime:0.000802s ]

[ 2015-10-28T19:05:46+08:00 ] 127.0.0.1 /jiuye/qiantai.php/Index/lianxi
INFO: [ route_check ] --START--
INFO: Run CheckRoute Behavior [ RunTime:0.003794s ]
INFO: [ route_check ] --END-- [ RunTime:0.004142s ]
INFO: [ app_begin ] --START--
INFO: Run ReadHtmlCache Behavior [ RunTime:0.002755s ]
INFO: [ app_begin ] --END-- [ RunTime:0.003013s ]
SQL: SHOW COLUMNS FROM `w_lianxi` [ RunTime:0.100638s ]
NOTIC: [2] Missing argument 1 for Model::field(), called in D:\xampp\htdocs\Jiuye\Index\Lib\Action\IndexAction.class.php on line 171 and defined D:\xampp\htdocs\Jiuye\ThinkPHP\Lib\Core\Model.class.php 第 1394 行.
NOTIC: [8] Undefined variable: field D:\xampp\htdocs\Jiuye\ThinkPHP\Lib\Core\Model.class.php 第 1395 行.
NOTIC: [8] Undefined variable: field D:\xampp\htdocs\Jiuye\ThinkPHP\Lib\Core\Model.class.php 第 1405 行.
SQL: SELECT * FROM `w_lianxi`  [ RunTime:0.000916s ]

[ 2015-10-28T19:07:08+08:00 ] 127.0.0.1 /jiuye/qiantai.php/Index/lianxi
INFO: [ route_check ] --START--
INFO: Run CheckRoute Behavior [ RunTime:0.002391s ]
INFO: [ route_check ] --END-- [ RunTime:0.002647s ]
INFO: [ app_begin ] --START--
INFO: Run ReadHtmlCache Behavior [ RunTime:0.001547s ]
INFO: [ app_begin ] --END-- [ RunTime:0.001755s ]
SQL: SHOW COLUMNS FROM `w_lianxi` [ RunTime:0.003103s ]
SQL: SELECT `l_nation`,`l_sex` FROM `w_lianxi` WHERE ( l_id=3 ) LIMIT 1   [ RunTime:0.000570s ]

[ 2015-10-28T19:07:36+08:00 ] 127.0.0.1 /jiuye/qiantai.php/Index/lianxi
INFO: [ route_check ] --START--
INFO: Run CheckRoute Behavior [ RunTime:0.003482s ]
INFO: [ route_check ] --END-- [ RunTime:0.003905s ]
INFO: [ app_begin ] --START--
INFO: Run ReadHtmlCache Behavior [ RunTime:0.001883s ]
INFO: [ app_begin ] --END-- [ RunTime:0.002279s ]
SQL: SHOW COLUMNS FROM `w_lianxi` [ RunTime:0.004650s ]
SQL: SELECT `l_nation`,`l_sex` FROM `w_lianxi` WHERE ( l_id=3 )  [ RunTime:0.001111s ]

[ 2015-10-28T19:11:45+08:00 ] 127.0.0.1 /jiuye/qiantai.php/Index/lianxi
INFO: [ route_check ] --START--
INFO: Run CheckRoute Behavior [ RunTime:0.003236s ]
INFO: [ route_check ] --END-- [ RunTime:0.003577s ]
INFO: [ app_begin ] --START--
INFO: Run ReadHtmlCache Behavior [ RunTime:0.001749s ]
INFO: [ app_begin ] --END-- [ RunTime:0.001922s ]
SQL: SHOW COLUMNS FROM `w_lianxi` [ RunTime:0.003041s ]
SQL: SELECT `l_nation`,`l_sex` FROM `w_lianxi`  [ RunTime:0.000504s ]

[ 2015-10-28T19:37:54+08:00 ] 127.0.0.1 /jiuye/qiantai.php/Index/lianxi
INFO: [ route_check ] --START--
INFO: Run CheckRoute Behavior [ RunTime:0.002661s ]
INFO: [ route_check ] --END-- [ RunTime:0.002872s ]
INFO: [ app_begin ] --START--
INFO: Run ReadHtmlCache Behavior [ RunTime:0.002437s ]
INFO: [ app_begin ] --END-- [ RunTime:0.002641s ]
SQL: SHOW COLUMNS FROM `w_lianxi` [ RunTime:0.112382s ]
SQL: SELECT * FROM `w_lianxi` GROUP BY l_class HAVING l_nation='汉族' LIMIT 1   [ RunTime:0.001487s ]

[ 2015-10-28T19:39:19+08:00 ] 127.0.0.1 /jiuye/qiantai.php/Index/lianxi
INFO: [ route_check ] --START--
INFO: Run CheckRoute Behavior [ RunTime:0.002676s ]
INFO: [ route_check ] --END-- [ RunTime:0.003025s ]
INFO: [ app_begin ] --START--
INFO: Run ReadHtmlCache Behavior [ RunTime:0.001719s ]
INFO: [ app_begin ] --END-- [ RunTime:0.002002s ]
SQL: SHOW COLUMNS FROM `w_lianxi` [ RunTime:0.103463s ]
SQL: SELECT * FROM `w_lianxi` GROUP BY l_class HAVING l_nation='苗族' LIMIT 1   [ RunTime:0.001056s ]

[ 2015-10-28T19:40:05+08:00 ] 127.0.0.1 /jiuye/qiantai.php/Index/lianxi
INFO: [ route_check ] --START--
INFO: Run CheckRoute Behavior [ RunTime:0.002381s ]
INFO: [ route_check ] --END-- [ RunTime:0.002608s ]
INFO: [ app_begin ] --START--
INFO: Run ReadHtmlCache Behavior [ RunTime:0.001664s ]
INFO: [ app_begin ] --END-- [ RunTime:0.001825s ]
SQL: SHOW COLUMNS FROM `w_lianxi` [ RunTime:0.003854s ]
SQL: SELECT * FROM `w_lianxi` GROUP BY l_class  [ RunTime:0.000631s ]

[ 2015-10-28T19:40:36+08:00 ] 127.0.0.1 /jiuye/qiantai.php/Index/lianxi
INFO: [ route_check ] --START--
INFO: Run CheckRoute Behavior [ RunTime:0.002296s ]
INFO: [ route_check ] --END-- [ RunTime:0.002670s ]
INFO: [ app_begin ] --START--
INFO: Run ReadHtmlCache Behavior [ RunTime:0.000962s ]
INFO: [ app_begin ] --END-- [ RunTime:0.001077s ]
SQL: SHOW COLUMNS FROM `w_lianxi` [ RunTime:0.002738s ]
SQL: SELECT * FROM `w_lianxi` GROUP BY l_class HAVING l_nation='苗族'  [ RunTime:0.001031s ]

[ 2015-10-28T19:41:07+08:00 ] 127.0.0.1 /jiuye/qiantai.php/Index/lianxi
INFO: [ route_check ] --START--
INFO: Run CheckRoute Behavior [ RunTime:0.001971s ]
INFO: [ route_check ] --END-- [ RunTime:0.002185s ]
INFO: [ app_begin ] --START--
INFO: Run ReadHtmlCache Behavior [ RunTime:0.001259s ]
INFO: [ app_begin ] --END-- [ RunTime:0.001450s ]
SQL: SHOW COLUMNS FROM `w_lianxi` [ RunTime:0.002653s ]
SQL: SELECT * FROM `w_lianxi` WHERE ( l_nation='苗族' ) GROUP BY l_class  [ RunTime:0.000972s ]

[ 2015-10-28T19:41:10+08:00 ] 127.0.0.1 /jiuye/qiantai.php/Index/lianxi
INFO: [ route_check ] --START--
INFO: Run CheckRoute Behavior [ RunTime:0.001683s ]
INFO: [ route_check ] --END-- [ RunTime:0.001885s ]
INFO: [ app_begin ] --START--
INFO: Run ReadHtmlCache Behavior [ RunTime:0.000987s ]
INFO: [ app_begin ] --END-- [ RunTime:0.001142s ]
SQL: SHOW COLUMNS FROM `w_lianxi` [ RunTime:0.002931s ]
SQL: SELECT * FROM `w_lianxi` WHERE ( l_nation='苗族' ) GROUP BY l_class  [ RunTime:0.000958s ]

[ 2015-10-28T19:41:10+08:00 ] 127.0.0.1 /jiuye/qiantai.php/Index/lianxi
INFO: [ route_check ] --START--
INFO: Run CheckRoute Behavior [ RunTime:0.001863s ]
INFO: [ route_check ] --END-- [ RunTime:0.002057s ]
INFO: [ app_begin ] --START--
INFO: Run ReadHtmlCache Behavior [ RunTime:0.000977s ]
INFO: [ app_begin ] --END-- [ RunTime:0.001129s ]
SQL: SHOW COLUMNS FROM `w_lianxi` [ RunTime:0.002913s ]
SQL: SELECT * FROM `w_lianxi` WHERE ( l_nation='苗族' ) GROUP BY l_class  [ RunTime:0.000800s ]

[ 2015-10-28T19:41:10+08:00 ] 127.0.0.1 /jiuye/qiantai.php/Index/lianxi
INFO: [ route_check ] --START--
INFO: Run CheckRoute Behavior [ RunTime:0.002965s ]
INFO: [ route_check ] --END-- [ RunTime:0.003227s ]
INFO: [ app_begin ] --START--
INFO: Run ReadHtmlCache Behavior [ RunTime:0.001020s ]
INFO: [ app_begin ] --END-- [ RunTime:0.001194s ]
SQL: SHOW COLUMNS FROM `w_lianxi` [ RunTime:0.002506s ]
SQL: SELECT * FROM `w_lianxi` WHERE ( l_nation='苗族' ) GROUP BY l_class  [ RunTime:0.000718s ]

[ 2015-10-28T19:41:10+08:00 ] 127.0.0.1 /jiuye/qiantai.php/Index/lianxi
INFO: [ route_check ] --START--
INFO: Run CheckRoute Behavior [ RunTime:0.002339s ]
INFO: [ route_check ] --END-- [ RunTime:0.002616s ]
INFO: [ app_begin ] --START--
INFO: Run ReadHtmlCache Behavior [ RunTime:0.001772s ]
INFO: [ app_begin ] --END-- [ RunTime:0.002050s ]
SQL: SHOW COLUMNS FROM `w_lianxi` [ RunTime:0.003082s ]
SQL: SELECT * FROM `w_lianxi` WHERE ( l_nation='苗族' ) GROUP BY l_class  [ RunTime:0.000943s ]

[ 2015-10-28T19:41:10+08:00 ] 127.0.0.1 /jiuye/qiantai.php/Index/lianxi
INFO: [ route_check ] --START--
INFO: Run CheckRoute Behavior [ RunTime:0.001826s ]
INFO: [ route_check ] --END-- [ RunTime:0.002030s ]
INFO: [ app_begin ] --START--
INFO: Run ReadHtmlCache Behavior [ RunTime:0.000943s ]
INFO: [ app_begin ] --END-- [ RunTime:0.001076s ]
SQL: SHOW COLUMNS FROM `w_lianxi` [ RunTime:0.002873s ]
SQL: SELECT * FROM `w_lianxi` WHERE ( l_nation='苗族' ) GROUP BY l_class  [ RunTime:0.002249s ]

[ 2015-10-28T19:42:00+08:00 ] 127.0.0.1 /jiuye/qiantai.php/Index/lianxi
INFO: [ route_check ] --START--
INFO: Run CheckRoute Behavior [ RunTime:0.001469s ]
INFO: [ route_check ] --END-- [ RunTime:0.001642s ]
INFO: [ app_begin ] --START--
INFO: Run ReadHtmlCache Behavior [ RunTime:0.000926s ]
INFO: [ app_begin ] --END-- [ RunTime:0.001052s ]
SQL: SHOW COLUMNS FROM `w_lianxi` [ RunTime:0.002807s ]
SQL: SELECT * FROM `w_lianxi` WHERE ( l_nation='苗族' ) GROUP BY l_class HAVING l_nation!='苗族'  [ RunTime:0.000583s ]

[ 2015-10-28T19:42:01+08:00 ] 127.0.0.1 /jiuye/qiantai.php/Index/lianxi
INFO: [ route_check ] --START--
INFO: Run CheckRoute Behavior [ RunTime:0.002946s ]
INFO: [ route_check ] --END-- [ RunTime:0.003280s ]
INFO: [ app_begin ] --START--
INFO: Run ReadHtmlCache Behavior [ RunTime:0.001647s ]
INFO: [ app_begin ] --END-- [ RunTime:0.001889s ]
SQL: SHOW COLUMNS FROM `w_lianxi` [ RunTime:0.004718s ]
SQL: SELECT * FROM `w_lianxi` WHERE ( l_nation='苗族' ) GROUP BY l_class HAVING l_nation!='苗族'  [ RunTime:0.001162s ]

[ 2015-10-28T19:42:01+08:00 ] 127.0.0.1 /jiuye/qiantai.php/Index/lianxi
INFO: [ route_check ] --START--
INFO: Run CheckRoute Behavior [ RunTime:0.002475s ]
INFO: [ route_check ] --END-- [ RunTime:0.002724s ]
INFO: [ app_begin ] --START--
INFO: Run ReadHtmlCache Behavior [ RunTime:0.001936s ]
INFO: [ app_begin ] --END-- [ RunTime:0.002145s ]
SQL: SHOW COLUMNS FROM `w_lianxi` [ RunTime:0.002847s ]
SQL: SELECT * FROM `w_lianxi` WHERE ( l_nation='苗族' ) GROUP BY l_class HAVING l_nation!='苗族'  [ RunTime:0.000697s ]

[ 2015-10-28T19:42:01+08:00 ] 127.0.0.1 /jiuye/qiantai.php/Index/lianxi
INFO: [ route_check ] --START--
INFO: Run CheckRoute Behavior [ RunTime:0.001420s ]
INFO: [ route_check ] --END-- [ RunTime:0.001567s ]
INFO: [ app_begin ] --START--
INFO: Run ReadHtmlCache Behavior [ RunTime:0.000889s ]
INFO: [ app_begin ] --END-- [ RunTime:0.001002s ]
SQL: SHOW COLUMNS FROM `w_lianxi` [ RunTime:0.002748s ]
SQL: SELECT * FROM `w_lianxi` WHERE ( l_nation='苗族' ) GROUP BY l_class HAVING l_nation!='苗族'  [ RunTime:0.000827s ]

[ 2015-10-28T19:45:05+08:00 ] 127.0.0.1 /jiuye/qiantai.php/Index/lianxi
INFO: [ route_check ] --START--
INFO: Run CheckRoute Behavior [ RunTime:0.002843s ]
INFO: [ route_check ] --END-- [ RunTime:0.003193s ]
INFO: [ app_begin ] --START--
INFO: Run ReadHtmlCache Behavior [ RunTime:0.001731s ]
INFO: [ app_begin ] --END-- [ RunTime:0.001924s ]
SQL: SHOW COLUMNS FROM `w_lianxi` [ RunTime:0.004498s ]

[ 2015-10-28T19:45:44+08:00 ] 127.0.0.1 /jiuye/qiantai.php/Index/lianxi
INFO: [ route_check ] --START--
INFO: Run CheckRoute Behavior [ RunTime:0.002410s ]
INFO: [ route_check ] --END-- [ RunTime:0.002626s ]
INFO: [ app_begin ] --START--
INFO: Run ReadHtmlCache Behavior [ RunTime:0.001939s ]
INFO: [ app_begin ] --END-- [ RunTime:0.002272s ]
SQL: SHOW COLUMNS FROM `w_lianxi` [ RunTime:0.106056s ]

[ 2015-10-28T19:50:42+08:00 ] 127.0.0.1 /jiuye/qiantai.php/Index/lianxi
INFO: [ route_check ] --START--
INFO: Run CheckRoute Behavior [ RunTime:0.005051s ]
INFO: [ route_check ] --END-- [ RunTime:0.005328s ]
INFO: [ app_begin ] --START--
INFO: Run ReadHtmlCache Behavior [ RunTime:0.003668s ]
INFO: [ app_begin ] --END-- [ RunTime:0.003894s ]
SQL: SHOW COLUMNS FROM `w_lianxi` [ RunTime:0.011246s ]

[ 2015-10-28T19:50:59+08:00 ] 127.0.0.1 /jiuye/qiantai.php/Index/lianxi
INFO: [ route_check ] --START--
INFO: Run CheckRoute Behavior [ RunTime:0.004565s ]
INFO: [ route_check ] --END-- [ RunTime:0.004738s ]
INFO: [ app_begin ] --START--
INFO: Run ReadHtmlCache Behavior [ RunTime:0.002087s ]
INFO: [ app_begin ] --END-- [ RunTime:0.002208s ]
SQL: SHOW COLUMNS FROM `w_lianxi` [ RunTime:0.108099s ]
SQL: SELECT * FROM `w_lianxi` WHERE ( l_nation='汉族' ) GROUP BY l_class HAVING l_sex='女'  [ RunTime:0.000714s ]

[ 2015-10-28T19:54:52+08:00 ] 127.0.0.1 /jiuye/qiantai.php/Index/lianxi
INFO: [ route_check ] --START--
INFO: Run CheckRoute Behavior [ RunTime:0.004273s ]
INFO: [ route_check ] --END-- [ RunTime:0.004602s ]
INFO: [ app_begin ] --START--
INFO: Run ReadHtmlCache Behavior [ RunTime:0.002798s ]
INFO: [ app_begin ] --END-- [ RunTime:0.003112s ]
SQL: select * from w_lianxi [ RunTime:0.001376s ]

[ 2015-10-28T19:56:31+08:00 ] 127.0.0.1 /jiuye/qiantai.php/Index/lianxi
INFO: [ route_check ] --START--
INFO: Run CheckRoute Behavior [ RunTime:0.002917s ]
INFO: [ route_check ] --END-- [ RunTime:0.003337s ]
INFO: [ app_begin ] --START--
INFO: Run ReadHtmlCache Behavior [ RunTime:0.002166s ]
INFO: [ app_begin ] --END-- [ RunTime:0.002564s ]
SQL: update l_nation='苗族' where l_id=3  [ RunTime:0.000912s ]
ERR: You have an error in your SQL syntax; check the manual that corresponds to your MySQL server version for the right syntax to use near ''苗族' where l_id=3' at line 1
 [ SQL语句 ] : update l_nation='苗族' where l_id=3 

[ 2015-10-28T19:57:18+08:00 ] 127.0.0.1 /jiuye/qiantai.php/Index/lianxi
INFO: [ route_check ] --START--
INFO: Run CheckRoute Behavior [ RunTime:0.006348s ]
INFO: [ route_check ] --END-- [ RunTime:0.007059s ]
INFO: [ app_begin ] --START--
INFO: Run ReadHtmlCache Behavior [ RunTime:0.002887s ]
INFO: [ app_begin ] --END-- [ RunTime:0.003194s ]
SQL: update l_nation='苗族' where l_id=3  [ RunTime:0.000610s ]
ERR: You have an error in your SQL syntax; check the manual that corresponds to your MySQL server version for the right syntax to use near ''苗族' where l_id=3' at line 1
 [ SQL语句 ] : update l_nation='苗族' where l_id=3 

[ 2015-10-28T19:57:20+08:00 ] 127.0.0.1 /jiuye/qiantai.php/Index/lianxi
INFO: [ route_check ] --START--
INFO: Run CheckRoute Behavior [ RunTime:0.005353s ]
INFO: [ route_check ] --END-- [ RunTime:0.005712s ]
INFO: [ app_begin ] --START--
INFO: Run ReadHtmlCache Behavior [ RunTime:0.001667s ]
INFO: [ app_begin ] --END-- [ RunTime:0.001877s ]
SQL: update l_nation='苗族' where l_id=3  [ RunTime:0.002860s ]
ERR: You have an error in your SQL syntax; check the manual that corresponds to your MySQL server version for the right syntax to use near ''苗族' where l_id=3' at line 1
 [ SQL语句 ] : update l_nation='苗族' where l_id=3 

[ 2015-10-28T19:57:20+08:00 ] 127.0.0.1 /jiuye/qiantai.php/Index/lianxi
INFO: [ route_check ] --START--
INFO: Run CheckRoute Behavior [ RunTime:0.001602s ]
INFO: [ route_check ] --END-- [ RunTime:0.001792s ]
INFO: [ app_begin ] --START--
INFO: Run ReadHtmlCache Behavior [ RunTime:0.001080s ]
INFO: [ app_begin ] --END-- [ RunTime:0.001228s ]
SQL: update l_nation='苗族' where l_id=3  [ RunTime:0.000585s ]
ERR: You have an error in your SQL syntax; check the manual that corresponds to your MySQL server version for the right syntax to use near ''苗族' where l_id=3' at line 1
 [ SQL语句 ] : update l_nation='苗族' where l_id=3 

[ 2015-10-28T19:57:20+08:00 ] 127.0.0.1 /jiuye/qiantai.php/Index/lianxi
INFO: [ route_check ] --START--
INFO: Run CheckRoute Behavior [ RunTime:0.001622s ]
INFO: [ route_check ] --END-- [ RunTime:0.001801s ]
INFO: [ app_begin ] --START--
INFO: Run ReadHtmlCache Behavior [ RunTime:0.000990s ]
INFO: [ app_begin ] --END-- [ RunTime:0.001148s ]
SQL: update l_nation='苗族' where l_id=3  [ RunTime:0.000804s ]
ERR: You have an error in your SQL syntax; check the manual that corresponds to your MySQL server version for the right syntax to use near ''苗族' where l_id=3' at line 1
 [ SQL语句 ] : update l_nation='苗族' where l_id=3 

[ 2015-10-28T19:58:36+08:00 ] 127.0.0.1 /jiuye/qiantai.php/Index/lianxi
INFO: [ route_check ] --START--
INFO: Run CheckRoute Behavior [ RunTime:0.001801s ]
INFO: [ route_check ] --END-- [ RunTime:0.001999s ]
INFO: [ app_begin ] --START--
INFO: Run ReadHtmlCache Behavior [ RunTime:0.000993s ]
INFO: [ app_begin ] --END-- [ RunTime:0.001115s ]
SQL: update l_nation='苗族'from w_lianxi where l_id=3  [ RunTime:0.000459s ]
ERR: You have an error in your SQL syntax; check the manual that corresponds to your MySQL server version for the right syntax to use near ''苗族'from w_lianxi where l_id=3' at line 1
 [ SQL语句 ] : update l_nation='苗族'from w_lianxi where l_id=3 

[ 2015-10-28T19:58:36+08:00 ] 127.0.0.1 /jiuye/qiantai.php/Index/lianxi
INFO: [ route_check ] --START--
INFO: Run CheckRoute Behavior [ RunTime:0.002084s ]
INFO: [ route_check ] --END-- [ RunTime:0.002403s ]
INFO: [ app_begin ] --START--
INFO: Run ReadHtmlCache Behavior [ RunTime:0.001087s ]
INFO: [ app_begin ] --END-- [ RunTime:0.001319s ]
SQL: update l_nation='苗族'from w_lianxi where l_id=3  [ RunTime:0.000519s ]
ERR: You have an error in your SQL syntax; check the manual that corresponds to your MySQL server version for the right syntax to use near ''苗族'from w_lianxi where l_id=3' at line 1
 [ SQL语句 ] : update l_nation='苗族'from w_lianxi where l_id=3 

[ 2015-10-28T19:58:36+08:00 ] 127.0.0.1 /jiuye/qiantai.php/Index/lianxi
INFO: [ route_check ] --START--
INFO: Run CheckRoute Behavior [ RunTime:0.001989s ]
INFO: [ route_check ] --END-- [ RunTime:0.002205s ]
INFO: [ app_begin ] --START--
INFO: Run ReadHtmlCache Behavior [ RunTime:0.001063s ]
INFO: [ app_begin ] --END-- [ RunTime:0.001226s ]
SQL: update l_nation='苗族'from w_lianxi where l_id=3  [ RunTime:0.000365s ]
ERR: You have an error in your SQL syntax; check the manual that corresponds to your MySQL server version for the right syntax to use near ''苗族'from w_lianxi where l_id=3' at line 1
 [ SQL语句 ] : update l_nation='苗族'from w_lianxi where l_id=3 

[ 2015-10-28T19:58:47+08:00 ] 127.0.0.1 /jiuye/qiantai.php/Index/lianxi
INFO: [ route_check ] --START--
INFO: Run CheckRoute Behavior [ RunTime:0.003049s ]
INFO: [ route_check ] --END-- [ RunTime:0.003348s ]
INFO: [ app_begin ] --START--
INFO: Run ReadHtmlCache Behavior [ RunTime:0.001592s ]
INFO: [ app_begin ] --END-- [ RunTime:0.001784s ]
SQL: update l_nation='苗族'from w_lianxi where l_id=3  [ RunTime:0.000434s ]
ERR: You have an error in your SQL syntax; check the manual that corresponds to your MySQL server version for the right syntax to use near ''苗族'from w_lianxi where l_id=3' at line 1
 [ SQL语句 ] : update l_nation='苗族'from w_lianxi where l_id=3 

[ 2015-10-28T19:58:48+08:00 ] 127.0.0.1 /jiuye/qiantai.php/Index/lianxi
INFO: [ route_check ] --START--
INFO: Run CheckRoute Behavior [ RunTime:0.003073s ]
INFO: [ route_check ] --END-- [ RunTime:0.003403s ]
INFO: [ app_begin ] --START--
INFO: Run ReadHtmlCache Behavior [ RunTime:0.001737s ]
INFO: [ app_begin ] --END-- [ RunTime:0.002017s ]
SQL: update l_nation='苗族'from w_lianxi where l_id=3  [ RunTime:0.000889s ]
ERR: You have an error in your SQL syntax; check the manual that corresponds to your MySQL server version for the right syntax to use near ''苗族'from w_lianxi where l_id=3' at line 1
 [ SQL语句 ] : update l_nation='苗族'from w_lianxi where l_id=3 

[ 2015-10-28T19:58:48+08:00 ] 127.0.0.1 /jiuye/qiantai.php/Index/lianxi
INFO: [ route_check ] --START--
INFO: Run CheckRoute Behavior [ RunTime:0.003386s ]
INFO: [ route_check ] --END-- [ RunTime:0.003785s ]
INFO: [ app_begin ] --START--
INFO: Run ReadHtmlCache Behavior [ RunTime:0.001037s ]
INFO: [ app_begin ] --END-- [ RunTime:0.001197s ]
SQL: update l_nation='苗族'from w_lianxi where l_id=3  [ RunTime:0.000262s ]
ERR: You have an error in your SQL syntax; check the manual that corresponds to your MySQL server version for the right syntax to use near ''苗族'from w_lianxi where l_id=3' at line 1
 [ SQL语句 ] : update l_nation='苗族'from w_lianxi where l_id=3 

[ 2015-10-28T19:58:49+08:00 ] 127.0.0.1 /jiuye/qiantai.php/Index/lianxi
INFO: [ route_check ] --START--
INFO: Run CheckRoute Behavior [ RunTime:0.001602s ]
INFO: [ route_check ] --END-- [ RunTime:0.001773s ]
INFO: [ app_begin ] --START--
INFO: Run ReadHtmlCache Behavior [ RunTime:0.000933s ]
INFO: [ app_begin ] --END-- [ RunTime:0.001071s ]
SQL: update l_nation='苗族'from w_lianxi where l_id=3  [ RunTime:0.000957s ]
ERR: You have an error in your SQL syntax; check the manual that corresponds to your MySQL server version for the right syntax to use near ''苗族'from w_lianxi where l_id=3' at line 1
 [ SQL语句 ] : update l_nation='苗族'from w_lianxi where l_id=3 

[ 2015-10-28T19:58:49+08:00 ] 127.0.0.1 /jiuye/qiantai.php/Index/lianxi
INFO: [ route_check ] --START--
INFO: Run CheckRoute Behavior [ RunTime:0.001685s ]
INFO: [ route_check ] --END-- [ RunTime:0.001868s ]
INFO: [ app_begin ] --START--
INFO: Run ReadHtmlCache Behavior [ RunTime:0.001518s ]
INFO: [ app_begin ] --END-- [ RunTime:0.001786s ]
SQL: update l_nation='苗族'from w_lianxi where l_id=3  [ RunTime:0.000652s ]
ERR: You have an error in your SQL syntax; check the manual that corresponds to your MySQL server version for the right syntax to use near ''苗族'from w_lianxi where l_id=3' at line 1
 [ SQL语句 ] : update l_nation='苗族'from w_lianxi where l_id=3 

[ 2015-10-28T19:58:49+08:00 ] 127.0.0.1 /jiuye/qiantai.php/Index/lianxi
INFO: [ route_check ] --START--
INFO: Run CheckRoute Behavior [ RunTime:0.001668s ]
INFO: [ route_check ] --END-- [ RunTime:0.001885s ]
INFO: [ app_begin ] --START--
INFO: Run ReadHtmlCache Behavior [ RunTime:0.000998s ]
INFO: [ app_begin ] --END-- [ RunTime:0.001171s ]
SQL: update l_nation='苗族'from w_lianxi where l_id=3  [ RunTime:0.000723s ]
ERR: You have an error in your SQL syntax; check the manual that corresponds to your MySQL server version for the right syntax to use near ''苗族'from w_lianxi where l_id=3' at line 1
 [ SQL语句 ] : update l_nation='苗族'from w_lianxi where l_id=3 

[ 2015-10-28T19:58:49+08:00 ] 127.0.0.1 /jiuye/qiantai.php/Index/lianxi
INFO: [ route_check ] --START--
INFO: Run CheckRoute Behavior [ RunTime:0.002336s ]
INFO: [ route_check ] --END-- [ RunTime:0.002653s ]
INFO: [ app_begin ] --START--
INFO: Run ReadHtmlCache Behavior [ RunTime:0.001105s ]
INFO: [ app_begin ] --END-- [ RunTime:0.001264s ]
SQL: update l_nation='苗族'from w_lianxi where l_id=3  [ RunTime:0.000555s ]
ERR: You have an error in your SQL syntax; check the manual that corresponds to your MySQL server version for the right syntax to use near ''苗族'from w_lianxi where l_id=3' at line 1
 [ SQL语句 ] : update l_nation='苗族'from w_lianxi where l_id=3 

[ 2015-10-28T19:58:50+08:00 ] 127.0.0.1 /jiuye/qiantai.php/Index/lianxi
INFO: [ route_check ] --START--
INFO: Run CheckRoute Behavior [ RunTime:0.002815s ]
INFO: [ route_check ] --END-- [ RunTime:0.003126s ]
INFO: [ app_begin ] --START--
INFO: Run ReadHtmlCache Behavior [ RunTime:0.001082s ]
INFO: [ app_begin ] --END-- [ RunTime:0.001269s ]
SQL: update l_nation='苗族'from w_lianxi where l_id=3  [ RunTime:0.000678s ]
ERR: You have an error in your SQL syntax; check the manual that corresponds to your MySQL server version for the right syntax to use near ''苗族'from w_lianxi where l_id=3' at line 1
 [ SQL语句 ] : update l_nation='苗族'from w_lianxi where l_id=3 

[ 2015-10-28T19:59:06+08:00 ] 127.0.0.1 /jiuye/qiantai.php/Index/lianxi
INFO: [ route_check ] --START--
INFO: Run CheckRoute Behavior [ RunTime:0.001723s ]
INFO: [ route_check ] --END-- [ RunTime:0.001909s ]
INFO: [ app_begin ] --START--
INFO: Run ReadHtmlCache Behavior [ RunTime:0.000929s ]
INFO: [ app_begin ] --END-- [ RunTime:0.001061s ]
SQL: update l_nation='苗族'form w_lianxi where l_id=3  [ RunTime:0.000269s ]
ERR: You have an error in your SQL syntax; check the manual that corresponds to your MySQL server version for the right syntax to use near ''苗族'form w_lianxi where l_id=3' at line 1
 [ SQL语句 ] : update l_nation='苗族'form w_lianxi where l_id=3 

[ 2015-10-28T19:59:07+08:00 ] 127.0.0.1 /jiuye/qiantai.php/Index/lianxi
INFO: [ route_check ] --START--
INFO: Run CheckRoute Behavior [ RunTime:0.003036s ]
INFO: [ route_check ] --END-- [ RunTime:0.003288s ]
INFO: [ app_begin ] --START--
INFO: Run ReadHtmlCache Behavior [ RunTime:0.002050s ]
INFO: [ app_begin ] --END-- [ RunTime:0.002397s ]
SQL: update l_nation='苗族'form w_lianxi where l_id=3  [ RunTime:0.001214s ]
ERR: You have an error in your SQL syntax; check the manual that corresponds to your MySQL server version for the right syntax to use near ''苗族'form w_lianxi where l_id=3' at line 1
 [ SQL语句 ] : update l_nation='苗族'form w_lianxi where l_id=3 

[ 2015-10-28T19:59:07+08:00 ] 127.0.0.1 /jiuye/qiantai.php/Index/lianxi
INFO: [ route_check ] --START--
INFO: Run CheckRoute Behavior [ RunTime:0.001517s ]
INFO: [ route_check ] --END-- [ RunTime:0.001673s ]
INFO: [ app_begin ] --START--
INFO: Run ReadHtmlCache Behavior [ RunTime:0.000950s ]
INFO: [ app_begin ] --END-- [ RunTime:0.001072s ]
SQL: update l_nation='苗族'form w_lianxi where l_id=3  [ RunTime:0.000621s ]
ERR: You have an error in your SQL syntax; check the manual that corresponds to your MySQL server version for the right syntax to use near ''苗族'form w_lianxi where l_id=3' at line 1
 [ SQL语句 ] : update l_nation='苗族'form w_lianxi where l_id=3 

[ 2015-10-28T20:00:06+08:00 ] 127.0.0.1 /jiuye/qiantai.php/Index/lianxi
INFO: [ route_check ] --START--
INFO: Run CheckRoute Behavior [ RunTime:0.002679s ]
INFO: [ route_check ] --END-- [ RunTime:0.002890s ]
INFO: [ app_begin ] --START--
INFO: Run ReadHtmlCache Behavior [ RunTime:0.001927s ]
INFO: [ app_begin ] --END-- [ RunTime:0.002201s ]
SQL: update w_lianxi set l_nation='苗族'  where l_id=3  [ RunTime:0.000914s ]

[ 2015-10-28T20:00:40+08:00 ] 127.0.0.1 /jiuye/qiantai.php/Index/lianxi
INFO: [ route_check ] --START--
INFO: Run CheckRoute Behavior [ RunTime:0.004050s ]
INFO: [ route_check ] --END-- [ RunTime:0.004533s ]
INFO: [ app_begin ] --START--
INFO: Run ReadHtmlCache Behavior [ RunTime:0.001711s ]
INFO: [ app_begin ] --END-- [ RunTime:0.001914s ]
SQL: update w_lianxi set l_nation='汉族'  where l_id=3  [ RunTime:0.001244s ]
NOTIC: [2] mysql_num_rows(): supplied argument is not a valid MySQL result resource D:\xampp\htdocs\Jiuye\ThinkPHP\Lib\Driver\Db\DbMysql.class.php 第 108 行.

[ 2015-10-28T20:00:41+08:00 ] 127.0.0.1 /jiuye/qiantai.php/Index/lianxi
INFO: [ route_check ] --START--
INFO: Run CheckRoute Behavior [ RunTime:0.003435s ]
INFO: [ route_check ] --END-- [ RunTime:0.003882s ]
INFO: [ app_begin ] --START--
INFO: Run ReadHtmlCache Behavior [ RunTime:0.001109s ]
INFO: [ app_begin ] --END-- [ RunTime:0.001329s ]
SQL: update w_lianxi set l_nation='汉族'  where l_id=3  [ RunTime:0.000455s ]
NOTIC: [2] mysql_num_rows(): supplied argument is not a valid MySQL result resource D:\xampp\htdocs\Jiuye\ThinkPHP\Lib\Driver\Db\DbMysql.class.php 第 108 行.

[ 2015-10-28T20:00:41+08:00 ] 127.0.0.1 /jiuye/qiantai.php/Index/lianxi
INFO: [ route_check ] --START--
INFO: Run CheckRoute Behavior [ RunTime:0.001830s ]
INFO: [ route_check ] --END-- [ RunTime:0.002037s ]
INFO: [ app_begin ] --START--
INFO: Run ReadHtmlCache Behavior [ RunTime:0.001176s ]
INFO: [ app_begin ] --END-- [ RunTime:0.001339s ]
SQL: update w_lianxi set l_nation='汉族'  where l_id=3  [ RunTime:0.000897s ]
NOTIC: [2] mysql_num_rows(): supplied argument is not a valid MySQL result resource D:\xampp\htdocs\Jiuye\ThinkPHP\Lib\Driver\Db\DbMysql.class.php 第 108 行.

[ 2015-10-28T20:00:54+08:00 ] 127.0.0.1 /jiuye/qiantai.php/Index/lianxi
INFO: [ route_check ] --START--
INFO: Run CheckRoute Behavior [ RunTime:0.004836s ]
INFO: [ route_check ] --END-- [ RunTime:0.005212s ]
INFO: [ app_begin ] --START--
INFO: Run ReadHtmlCache Behavior [ RunTime:0.001777s ]
INFO: [ app_begin ] --END-- [ RunTime:0.002514s ]
SQL: update w_lianxi set l_nation='汉族'  where l_id=3  [ RunTime:0.000918s ]

[ 2015-10-28T20:00:56+08:00 ] 127.0.0.1 /jiuye/qiantai.php/Index/lianxi
INFO: [ route_check ] --START--
INFO: Run CheckRoute Behavior [ RunTime:0.004395s ]
INFO: [ route_check ] --END-- [ RunTime:0.004837s ]
INFO: [ app_begin ] --START--
INFO: Run ReadHtmlCache Behavior [ RunTime:0.001923s ]
INFO: [ app_begin ] --END-- [ RunTime:0.002252s ]
SQL: update w_lianxi set l_nation='汉族'  where l_id=3  [ RunTime:0.000747s ]

[ 2015-10-28T20:00:56+08:00 ] 127.0.0.1 /jiuye/qiantai.php/Index/lianxi
INFO: [ route_check ] --START--
INFO: Run CheckRoute Behavior [ RunTime:0.001842s ]
INFO: [ route_check ] --END-- [ RunTime:0.002052s ]
INFO: [ app_begin ] --START--
INFO: Run ReadHtmlCache Behavior [ RunTime:0.001072s ]
INFO: [ app_begin ] --END-- [ RunTime:0.001236s ]
SQL: update w_lianxi set l_nation='汉族'  where l_id=3  [ RunTime:0.000414s ]

[ 2015-10-28T20:00:56+08:00 ] 127.0.0.1 /jiuye/qiantai.php/Index/lianxi
INFO: [ route_check ] --START--
INFO: Run CheckRoute Behavior [ RunTime:0.002569s ]
INFO: [ route_check ] --END-- [ RunTime:0.002742s ]
INFO: [ app_begin ] --START--
INFO: Run ReadHtmlCache Behavior [ RunTime:0.002096s ]
INFO: [ app_begin ] --END-- [ RunTime:0.002229s ]
SQL: update w_lianxi set l_nation='汉族'  where l_id=3  [ RunTime:0.000633s ]

[ 2015-10-28T20:01:15+08:00 ] 127.0.0.1 /jiuye/qiantai.php/Index/lianxi
INFO: [ route_check ] --START--
INFO: Run CheckRoute Behavior [ RunTime:0.004537s ]
INFO: [ route_check ] --END-- [ RunTime:0.004815s ]
INFO: [ app_begin ] --START--
INFO: Run ReadHtmlCache Behavior [ RunTime:0.002316s ]
INFO: [ app_begin ] --END-- [ RunTime:0.002507s ]
SQL: update w_lianxi set l_nation='汉族'  where l_id=3  [ RunTime:0.000602s ]

[ 2015-10-28T20:01:17+08:00 ] 127.0.0.1 /jiuye/qiantai.php/Index/lianxi
INFO: [ route_check ] --START--
INFO: Run CheckRoute Behavior [ RunTime:0.002979s ]
INFO: [ route_check ] --END-- [ RunTime:0.003170s ]
INFO: [ app_begin ] --START--
INFO: Run ReadHtmlCache Behavior [ RunTime:0.002335s ]
INFO: [ app_begin ] --END-- [ RunTime:0.002513s ]
SQL: update w_lianxi set l_nation='汉族'  where l_id=3  [ RunTime:0.000686s ]

[ 2015-10-28T20:01:47+08:00 ] 127.0.0.1 /jiuye/qiantai.php/Index/lianxi
INFO: [ route_check ] --START--
INFO: Run CheckRoute Behavior [ RunTime:0.002504s ]
INFO: [ route_check ] --END-- [ RunTime:0.002770s ]
INFO: [ app_begin ] --START--
INFO: Run ReadHtmlCache Behavior [ RunTime:0.002000s ]
INFO: [ app_begin ] --END-- [ RunTime:0.002305s ]
SQL: update w_lianxi set l_nation='苗族'  where l_id=3  [ RunTime:0.000561s ]

[ 2015-10-28T20:02:39+08:00 ] 127.0.0.1 /jiuye/qiantai.php/Index/lianxi
INFO: [ route_check ] --START--
INFO: Run CheckRoute Behavior [ RunTime:0.002492s ]
INFO: [ route_check ] --END-- [ RunTime:0.002688s ]
INFO: [ app_begin ] --START--
INFO: Run ReadHtmlCache Behavior [ RunTime:0.002083s ]
INFO: [ app_begin ] --END-- [ RunTime:0.002274s ]
SQL: delete w_lianxi  where l_id=3  [ RunTime:0.000486s ]
ERR: You have an error in your SQL syntax; check the manual that corresponds to your MySQL server version for the right syntax to use near 'where l_id=3' at line 1
 [ SQL语句 ] : delete w_lianxi  where l_id=3 

[ 2015-10-28T20:02:39+08:00 ] 127.0.0.1 /jiuye/qiantai.php/Index/lianxi
INFO: [ route_check ] --START--
INFO: Run CheckRoute Behavior [ RunTime:0.003389s ]
INFO: [ route_check ] --END-- [ RunTime:0.003908s ]
INFO: [ app_begin ] --START--
INFO: Run ReadHtmlCache Behavior [ RunTime:0.002562s ]
INFO: [ app_begin ] --END-- [ RunTime:0.002819s ]
SQL: delete w_lianxi  where l_id=3  [ RunTime:0.000219s ]
ERR: You have an error in your SQL syntax; check the manual that corresponds to your MySQL server version for the right syntax to use near 'where l_id=3' at line 1
 [ SQL语句 ] : delete w_lianxi  where l_id=3 

[ 2015-10-28T20:02:39+08:00 ] 127.0.0.1 /jiuye/qiantai.php/Index/lianxi
INFO: [ route_check ] --START--
INFO: Run CheckRoute Behavior [ RunTime:0.001758s ]
INFO: [ route_check ] --END-- [ RunTime:0.001950s ]
INFO: [ app_begin ] --START--
INFO: Run ReadHtmlCache Behavior [ RunTime:0.001126s ]
INFO: [ app_begin ] --END-- [ RunTime:0.001352s ]
SQL: delete w_lianxi  where l_id=3  [ RunTime:0.000575s ]
ERR: You have an error in your SQL syntax; check the manual that corresponds to your MySQL server version for the right syntax to use near 'where l_id=3' at line 1
 [ SQL语句 ] : delete w_lianxi  where l_id=3 

[ 2015-10-28T20:03:07+08:00 ] 127.0.0.1 /jiuye/qiantai.php/Index/lianxi
INFO: [ route_check ] --START--
INFO: Run CheckRoute Behavior [ RunTime:0.003529s ]
INFO: [ route_check ] --END-- [ RunTime:0.003915s ]
INFO: [ app_begin ] --START--
INFO: Run ReadHtmlCache Behavior [ RunTime:0.001732s ]
INFO: [ app_begin ] --END-- [ RunTime:0.002015s ]
SQL: delete from w_lianxi where l_id=3  [ RunTime:0.001067s ]

[ 2015-10-28T20:03:24+08:00 ] 127.0.0.1 /jiuye/qiantai.php/Index/lianxi
INFO: [ route_check ] --START--
INFO: Run CheckRoute Behavior [ RunTime:0.002850s ]
INFO: [ route_check ] --END-- [ RunTime:0.003111s ]
INFO: [ app_begin ] --START--
INFO: Run ReadHtmlCache Behavior [ RunTime:0.001720s ]
INFO: [ app_begin ] --END-- [ RunTime:0.001961s ]
SQL: delete from w_lianxi where l_id=5 [ RunTime:0.001404s ]

[ 2015-10-28T21:05:31+08:00 ] 127.0.0.1 /jiuye/qiantai.php/Index/lianxi
INFO: [ route_check ] --START--
INFO: Run CheckRoute Behavior [ RunTime:0.019590s ]
INFO: [ route_check ] --END-- [ RunTime:0.020178s ]
INFO: [ app_begin ] --START--
INFO: Run ReadHtmlCache Behavior [ RunTime:0.005322s ]
INFO: [ app_begin ] --END-- [ RunTime:0.005614s ]
SQL: delete from w_lianxi where l_id=5 [ RunTime:0.001343s ]

[ 2015-10-28T21:07:41+08:00 ] 127.0.0.1 /jiuye/qiantai.php/Index/lianxi
INFO: [ route_check ] --START--
INFO: Run CheckRoute Behavior [ RunTime:0.005248s ]
INFO: [ route_check ] --END-- [ RunTime:0.005621s ]
INFO: [ app_begin ] --START--
INFO: Run ReadHtmlCache Behavior [ RunTime:0.004276s ]
INFO: [ app_begin ] --END-- [ RunTime:0.004590s ]
NOTIC: [8] Undefined index:  sub D:\xampp\htdocs\Jiuye\Index\Lib\Action\IndexAction.class.php 第 170 行.
INFO: [ view_template ] --START--
INFO: Run LocationTemplate Behavior [ RunTime:0.110286s ]
INFO: [ view_template ] --END-- [ RunTime:0.110518s ]
INFO: [ view_parse ] --START--
INFO: Run ParseTemplate Behavior [ RunTime:0.100257s ]
INFO: [ view_parse ] --END-- [ RunTime:0.100541s ]
INFO: [ view_filter ] --START--
INFO: Run ContentReplace Behavior [ RunTime:0.011207s ]
INFO: Run TokenBuild Behavior [ RunTime:0.027646s ]
INFO: Run WriteHtmlCache Behavior [ RunTime:0.005471s ]
INFO: Run ShowRuntime Behavior [ RunTime:0.011574s ]
INFO: [ view_filter ] --END-- [ RunTime:0.056582s ]
INFO: [ view_end ] --START--
INFO: Run ShowPageTrace Behavior [ RunTime:0.016510s ]
INFO: [ view_end ] --END-- [ RunTime:0.016730s ]

[ 2015-10-28T21:07:49+08:00 ] 127.0.0.1 /jiuye/qiantai.php/Index/lianxi
INFO: [ route_check ] --START--
INFO: Run CheckRoute Behavior [ RunTime:0.005195s ]
INFO: [ route_check ] --END-- [ RunTime:0.005497s ]
INFO: [ app_begin ] --START--
INFO: Run ReadHtmlCache Behavior [ RunTime:0.003886s ]
INFO: [ app_begin ] --END-- [ RunTime:0.004179s ]
SQL: SHOW COLUMNS FROM `w_lianxi` [ RunTime:0.024829s ]

[ 2015-10-28T21:08:11+08:00 ] 127.0.0.1 /jiuye/qiantai.php/Index/lianxi
INFO: [ route_check ] --START--
INFO: Run CheckRoute Behavior [ RunTime:0.004548s ]
INFO: [ route_check ] --END-- [ RunTime:0.004810s ]
INFO: [ app_begin ] --START--
INFO: Run ReadHtmlCache Behavior [ RunTime:0.004152s ]
INFO: [ app_begin ] --END-- [ RunTime:0.004509s ]
SQL: SHOW COLUMNS FROM `w_lianxi` [ RunTime:0.106934s ]

[ 2015-10-28T21:08:16+08:00 ] 127.0.0.1 /jiuye/qiantai.php/Index/lianxi
INFO: [ route_check ] --START--
INFO: Run CheckRoute Behavior [ RunTime:0.006892s ]
INFO: [ route_check ] --END-- [ RunTime:0.007324s ]
INFO: [ app_begin ] --START--
INFO: Run ReadHtmlCache Behavior [ RunTime:0.004284s ]
INFO: [ app_begin ] --END-- [ RunTime:0.004671s ]
SQL: SHOW COLUMNS FROM `w_lianxi` [ RunTime:0.005897s ]

[ 2015-10-28T21:08:17+08:00 ] 127.0.0.1 /jiuye/qiantai.php/Index/lianxi
INFO: [ route_check ] --START--
INFO: Run CheckRoute Behavior [ RunTime:0.006025s ]
INFO: [ route_check ] --END-- [ RunTime:0.006354s ]
INFO: [ app_begin ] --START--
INFO: Run ReadHtmlCache Behavior [ RunTime:0.004616s ]
INFO: [ app_begin ] --END-- [ RunTime:0.004941s ]
NOTIC: [8] Undefined index:  sub D:\xampp\htdocs\Jiuye\Index\Lib\Action\IndexAction.class.php 第 170 行.
INFO: [ view_template ] --START--
INFO: Run LocationTemplate Behavior [ RunTime:0.004728s ]
INFO: [ view_template ] --END-- [ RunTime:0.004981s ]
INFO: [ view_parse ] --START--
INFO: Run ParseTemplate Behavior [ RunTime:0.036538s ]
INFO: [ view_parse ] --END-- [ RunTime:0.036898s ]
INFO: [ view_filter ] --START--
INFO: Run ContentReplace Behavior [ RunTime:0.003112s ]
INFO: Run TokenBuild Behavior [ RunTime:0.003032s ]
INFO: Run WriteHtmlCache Behavior [ RunTime:0.002646s ]
INFO: Run ShowRuntime Behavior [ RunTime:0.003351s ]
INFO: [ view_filter ] --END-- [ RunTime:0.012767s ]
INFO: [ view_end ] --START--
INFO: Run ShowPageTrace Behavior [ RunTime:0.004279s ]
INFO: [ view_end ] --END-- [ RunTime:0.004499s ]

[ 2015-10-28T21:08:24+08:00 ] 127.0.0.1 /jiuye/qiantai.php/Index/lianxi
INFO: [ route_check ] --START--
INFO: Run CheckRoute Behavior [ RunTime:0.005129s ]
INFO: [ route_check ] --END-- [ RunTime:0.005542s ]
INFO: [ app_begin ] --START--
INFO: Run ReadHtmlCache Behavior [ RunTime:0.003676s ]
INFO: [ app_begin ] --END-- [ RunTime:0.003951s ]
SQL: SHOW COLUMNS FROM `w_lianxi` [ RunTime:0.004801s ]

[ 2015-10-28T21:14:19+08:00 ] 127.0.0.1 /jiuye/qiantai.php/Index/lianxi
INFO: [ route_check ] --START--
INFO: Run CheckRoute Behavior [ RunTime:0.004621s ]
INFO: [ route_check ] --END-- [ RunTime:0.004920s ]
INFO: [ app_begin ] --START--
INFO: Run ReadHtmlCache Behavior [ RunTime:0.003993s ]
INFO: [ app_begin ] --END-- [ RunTime:0.004254s ]
NOTIC: [8] Undefined index:  sub D:\xampp\htdocs\Jiuye\Index\Lib\Action\IndexAction.class.php 第 170 行.
INFO: [ view_template ] --START--
INFO: Run LocationTemplate Behavior [ RunTime:0.004568s ]
INFO: [ view_template ] --END-- [ RunTime:0.004775s ]
INFO: [ view_parse ] --START--
INFO: Run ParseTemplate Behavior [ RunTime:0.032692s ]
INFO: [ view_parse ] --END-- [ RunTime:0.032932s ]
INFO: [ view_filter ] --START--
INFO: Run ContentReplace Behavior [ RunTime:0.003004s ]
INFO: Run TokenBuild Behavior [ RunTime:0.003099s ]
INFO: Run WriteHtmlCache Behavior [ RunTime:0.002999s ]
INFO: Run ShowRuntime Behavior [ RunTime:0.003260s ]
INFO: [ view_filter ] --END-- [ RunTime:0.012939s ]
INFO: [ view_end ] --START--
INFO: Run ShowPageTrace Behavior [ RunTime:0.003773s ]
INFO: [ view_end ] --END-- [ RunTime:0.004014s ]

[ 2015-10-28T21:14:29+08:00 ] 127.0.0.1 /jiuye/qiantai.php/Index/lianxi
INFO: [ route_check ] --START--
INFO: Run CheckRoute Behavior [ RunTime:0.005239s ]
INFO: [ route_check ] --END-- [ RunTime:0.005681s ]
INFO: [ app_begin ] --START--
INFO: Run ReadHtmlCache Behavior [ RunTime:0.003895s ]
INFO: [ app_begin ] --END-- [ RunTime:0.004228s ]
NOTIC: [8] Undefined index:  sub D:\xampp\htdocs\Jiuye\Index\Lib\Action\IndexAction.class.php 第 170 行.
INFO: [ view_template ] --START--
INFO: Run LocationTemplate Behavior [ RunTime:0.008035s ]
INFO: [ view_template ] --END-- [ RunTime:0.008465s ]
INFO: [ view_parse ] --START--
INFO: Run ParseTemplate Behavior [ RunTime:0.041633s ]
INFO: [ view_parse ] --END-- [ RunTime:0.041979s ]
INFO: [ view_filter ] --START--
INFO: Run ContentReplace Behavior [ RunTime:0.003838s ]
INFO: Run TokenBuild Behavior [ RunTime:0.003488s ]
INFO: Run WriteHtmlCache Behavior [ RunTime:0.002667s ]
INFO: Run ShowRuntime Behavior [ RunTime:0.003298s ]
INFO: [ view_filter ] --END-- [ RunTime:0.013900s ]
INFO: [ view_end ] --START--
INFO: Run ShowPageTrace Behavior [ RunTime:0.003988s ]
INFO: [ view_end ] --END-- [ RunTime:0.004215s ]

[ 2015-10-28T21:14:34+08:00 ] 127.0.0.1 /jiuye/qiantai.php/Index/lianxi
INFO: [ route_check ] --START--
INFO: Run CheckRoute Behavior [ RunTime:0.006609s ]
INFO: [ route_check ] --END-- [ RunTime:0.006976s ]
INFO: [ app_begin ] --START--
INFO: Run ReadHtmlCache Behavior [ RunTime:0.006074s ]
INFO: [ app_begin ] --END-- [ RunTime:0.006401s ]
SQL: SHOW COLUMNS FROM `w_lianxi` [ RunTime:0.004068s ]
NOTIC: [8] Undefined variable: b D:\xampp\htdocs\Jiuye\Index\Lib\Action\IndexAction.class.php 第 179 行.

[ 2015-10-28T21:14:58+08:00 ] 127.0.0.1 /jiuye/qiantai.php/Index/lianxi
INFO: [ route_check ] --START--
INFO: Run CheckRoute Behavior [ RunTime:0.004962s ]
INFO: [ route_check ] --END-- [ RunTime:0.005286s ]
INFO: [ app_begin ] --START--
INFO: Run ReadHtmlCache Behavior [ RunTime:0.003742s ]
INFO: [ app_begin ] --END-- [ RunTime:0.004036s ]
NOTIC: [8] Undefined index:  sub D:\xampp\htdocs\Jiuye\Index\Lib\Action\IndexAction.class.php 第 170 行.
INFO: [ view_template ] --START--
INFO: Run LocationTemplate Behavior [ RunTime:0.004849s ]
INFO: [ view_template ] --END-- [ RunTime:0.005068s ]
INFO: [ view_parse ] --START--
INFO: Run ParseTemplate Behavior [ RunTime:0.030652s ]
INFO: [ view_parse ] --END-- [ RunTime:0.030889s ]
INFO: [ view_filter ] --START--
INFO: Run ContentReplace Behavior [ RunTime:0.002928s ]
INFO: Run TokenBuild Behavior [ RunTime:0.003232s ]
INFO: Run WriteHtmlCache Behavior [ RunTime:0.002651s ]
INFO: Run ShowRuntime Behavior [ RunTime:0.003233s ]
INFO: [ view_filter ] --END-- [ RunTime:0.012594s ]
INFO: [ view_end ] --START--
INFO: Run ShowPageTrace Behavior [ RunTime:0.004118s ]
INFO: [ view_end ] --END-- [ RunTime:0.004333s ]

[ 2015-10-28T21:15:22+08:00 ] 127.0.0.1 /jiuye/qiantai.php/Index/lianxi
INFO: [ route_check ] --START--
INFO: Run CheckRoute Behavior [ RunTime:0.006469s ]
INFO: [ route_check ] --END-- [ RunTime:0.006845s ]
INFO: [ app_begin ] --START--
INFO: Run ReadHtmlCache Behavior [ RunTime:0.003707s ]
INFO: [ app_begin ] --END-- [ RunTime:0.003925s ]
SQL: SHOW COLUMNS FROM `w_lianxi` [ RunTime:0.004494s ]
NOTIC: [8] Undefined variable: b D:\xampp\htdocs\Jiuye\Index\Lib\Action\IndexAction.class.php 第 179 行.

