[ 2015-12-16T08:20:52+08:00 ] 127.0.0.1 /Jiuyework/
INFO: [ app_begin ] --START--
INFO: Run ReadHtmlCache Behavior [ RunTime:0.002012s ]
INFO: [ app_begin ] --END-- [ RunTime:0.002256s ]
SQL: SHOW COLUMNS FROM `w_user` [ RunTime:0.027846s ]
SQL: SELECT `u_nicheng` FROM `w_user` WHERE ( u_name='' ) LIMIT 1   [ RunTime:0.000678s ]
SQL: SHOW COLUMNS FROM `w_member` [ RunTime:0.032465s ]
SQL: SELECT `m_shifou` FROM `w_member` WHERE ( m_name='' ) LIMIT 1   [ RunTime:0.001362s ]
NOTIC: [8] Undefined variable: id D:\xampp\htdocs\Jiuyework\Index\Lib\Action\IndexAction.class.php 第 38 行.
SQL: SHOW COLUMNS FROM `w_invite` [ RunTime:0.043466s ]
SQL: SELECT * FROM `w_invite`  [ RunTime:0.001903s ]
SQL: SHOW COLUMNS FROM `w_applyjob` [ RunTime:0.030897s ]
SQL: SELECT * FROM `w_applyjob`  [ RunTime:0.008979s ]
INFO: [ view_template ] --START--
INFO: Run LocationTemplate Behavior [ RunTime:0.021353s ]
INFO: [ view_template ] --END-- [ RunTime:0.021598s ]
INFO: [ view_parse ] --START--
INFO: Run ParseTemplate Behavior [ RunTime:0.190007s ]
INFO: [ view_parse ] --END-- [ RunTime:0.190146s ]
INFO: [ view_filter ] --START--
INFO: Run ContentReplace Behavior [ RunTime:0.000987s ]
INFO: Run TokenBuild Behavior [ RunTime:0.000680s ]
INFO: Run WriteHtmlCache Behavior [ RunTime:0.000560s ]
INFO: Run ShowRuntime Behavior [ RunTime:0.000756s ]
INFO: [ view_filter ] --END-- [ RunTime:0.003145s ]
INFO: [ view_end ] --START--
INFO: Run ShowPageTrace Behavior [ RunTime:0.000858s ]
INFO: [ view_end ] --END-- [ RunTime:0.000912s ]

[ 2015-12-16T08:22:00+08:00 ] 127.0.0.1 /Jiuyework/index.php/Index/wangji
INFO: [ route_check ] --START--
INFO: Run CheckRoute Behavior [ RunTime:0.001221s ]
INFO: [ route_check ] --END-- [ RunTime:0.001318s ]
INFO: [ app_begin ] --START--
INFO: Run ReadHtmlCache Behavior [ RunTime:0.000888s ]
INFO: [ app_begin ] --END-- [ RunTime:0.000957s ]
NOTIC: [8] Undefined index:  sub D:\xampp\htdocs\Jiuyework\Index\Lib\Action\IndexAction.class.php 第 224 行.
INFO: [ view_template ] --START--
INFO: Run LocationTemplate Behavior [ RunTime:0.001064s ]
INFO: [ view_template ] --END-- [ RunTime:0.001127s ]
INFO: [ view_parse ] --START--
INFO: Run ParseTemplate Behavior [ RunTime:0.153380s ]
INFO: [ view_parse ] --END-- [ RunTime:0.153680s ]
INFO: [ view_filter ] --START--
INFO: Run ContentReplace Behavior [ RunTime:0.002511s ]
INFO: Run TokenBuild Behavior [ RunTime:0.002358s ]
INFO: Run WriteHtmlCache Behavior [ RunTime:0.001893s ]
INFO: Run ShowRuntime Behavior [ RunTime:0.002579s ]
INFO: [ view_filter ] --END-- [ RunTime:0.009905s ]
INFO: [ view_end ] --START--
INFO: Run ShowPageTrace Behavior [ RunTime:0.003110s ]
INFO: [ view_end ] --END-- [ RunTime:0.003313s ]

[ 2015-12-16T08:25:02+08:00 ] 127.0.0.1 /Jiuyework/index.php/Index/wangji
INFO: [ route_check ] --START--
INFO: Run CheckRoute Behavior [ RunTime:0.006621s ]
INFO: [ route_check ] --END-- [ RunTime:0.006983s ]
INFO: [ app_begin ] --START--
INFO: Run ReadHtmlCache Behavior [ RunTime:0.003479s ]
INFO: [ app_begin ] --END-- [ RunTime:0.003779s ]
NOTIC: [8] Undefined index:  sub D:\xampp\htdocs\Jiuyework\Index\Lib\Action\IndexAction.class.php 第 224 行.
INFO: [ view_template ] --START--
INFO: Run LocationTemplate Behavior [ RunTime:0.005513s ]
INFO: [ view_template ] --END-- [ RunTime:0.005812s ]
INFO: [ view_parse ] --START--
INFO: Run ParseTemplate Behavior [ RunTime:0.034508s ]
INFO: [ view_parse ] --END-- [ RunTime:0.034737s ]
INFO: [ view_filter ] --START--
INFO: Run ContentReplace Behavior [ RunTime:0.002341s ]
INFO: Run TokenBuild Behavior [ RunTime:0.002226s ]
INFO: Run WriteHtmlCache Behavior [ RunTime:0.001976s ]
INFO: Run ShowRuntime Behavior [ RunTime:0.002031s ]
INFO: [ view_filter ] --END-- [ RunTime:0.008989s ]
INFO: [ view_end ] --START--
INFO: Run ShowPageTrace Behavior [ RunTime:0.002743s ]
INFO: [ view_end ] --END-- [ RunTime:0.002866s ]

[ 2015-12-16T08:25:38+08:00 ] 127.0.0.1 /Jiuyework/index.php/Index/wangji
INFO: [ route_check ] --START--
INFO: Run CheckRoute Behavior [ RunTime:0.003041s ]
INFO: [ route_check ] --END-- [ RunTime:0.003219s ]
INFO: [ app_begin ] --START--
INFO: Run ReadHtmlCache Behavior [ RunTime:0.001131s ]
INFO: [ app_begin ] --END-- [ RunTime:0.001301s ]
SQL: SHOW COLUMNS FROM `w_mibao` [ RunTime:0.001588s ]
SQL: SELECT * FROM `w_mibao` WHERE ( m_user='s13326343311' ) LIMIT 1   [ RunTime:0.000507s ]
SQL: SELECT * FROM `w_mibao` WHERE ( `m_cname` = '景群好' ) AND ( `m_fname` = '天皇' ) LIMIT 1   [ RunTime:0.000379s ]
SQL: SHOW COLUMNS FROM `w_user` [ RunTime:0.001767s ]
SQL: UPDATE `w_user` SET `u_pwd`='12345678' WHERE ( `u_name` = 's13326343311' ) [ RunTime:0.000563s ]
INFO: [ view_template ] --START--
INFO: Run LocationTemplate Behavior [ RunTime:0.001402s ]
INFO: [ view_template ] --END-- [ RunTime:0.001519s ]
INFO: [ view_parse ] --START--
INFO: Run ParseTemplate Behavior [ RunTime:0.011672s ]
INFO: [ view_parse ] --END-- [ RunTime:0.011757s ]
INFO: [ view_filter ] --START--
INFO: Run ContentReplace Behavior [ RunTime:0.001072s ]
INFO: Run TokenBuild Behavior [ RunTime:0.001075s ]
INFO: Run WriteHtmlCache Behavior [ RunTime:0.000958s ]
INFO: Run ShowRuntime Behavior [ RunTime:0.000624s ]
INFO: [ view_filter ] --END-- [ RunTime:0.003954s ]
INFO: [ view_end ] --START--
INFO: Run ShowPageTrace Behavior [ RunTime:0.001386s ]
INFO: [ view_end ] --END-- [ RunTime:0.001480s ]

[ 2015-12-16T08:25:39+08:00 ] 127.0.0.1 /Jiuyework/index.php/Index/index
INFO: [ route_check ] --START--
INFO: Run CheckRoute Behavior [ RunTime:0.005389s ]
INFO: [ route_check ] --END-- [ RunTime:0.005730s ]
INFO: [ app_begin ] --START--
INFO: Run ReadHtmlCache Behavior [ RunTime:0.003604s ]
INFO: [ app_begin ] --END-- [ RunTime:0.003999s ]
SQL: SHOW COLUMNS FROM `w_user` [ RunTime:0.004723s ]
SQL: SELECT `u_nicheng` FROM `w_user` WHERE ( u_name='' ) LIMIT 1   [ RunTime:0.001288s ]
SQL: SHOW COLUMNS FROM `w_member` [ RunTime:0.006035s ]
SQL: SELECT `m_shifou` FROM `w_member` WHERE ( m_name='' ) LIMIT 1   [ RunTime:0.001156s ]
NOTIC: [8] Undefined variable: id D:\xampp\htdocs\Jiuyework\Index\Lib\Action\IndexAction.class.php 第 38 行.
SQL: SHOW COLUMNS FROM `w_invite` [ RunTime:0.004708s ]
SQL: SELECT * FROM `w_invite`  [ RunTime:0.001415s ]
SQL: SHOW COLUMNS FROM `w_applyjob` [ RunTime:0.005757s ]
SQL: SELECT * FROM `w_applyjob`  [ RunTime:0.000780s ]
INFO: [ view_template ] --START--
INFO: Run LocationTemplate Behavior [ RunTime:0.003551s ]
INFO: [ view_template ] --END-- [ RunTime:0.003695s ]
INFO: [ view_parse ] --START--
INFO: Run ParseTemplate Behavior [ RunTime:0.059996s ]
INFO: [ view_parse ] --END-- [ RunTime:0.060163s ]
INFO: [ view_filter ] --START--
INFO: Run ContentReplace Behavior [ RunTime:0.003003s ]
INFO: Run TokenBuild Behavior [ RunTime:0.002258s ]
INFO: Run WriteHtmlCache Behavior [ RunTime:0.001946s ]
INFO: Run ShowRuntime Behavior [ RunTime:0.001345s ]
INFO: [ view_filter ] --END-- [ RunTime:0.008926s ]
INFO: [ view_end ] --START--
INFO: Run ShowPageTrace Behavior [ RunTime:0.002754s ]
INFO: [ view_end ] --END-- [ RunTime:0.002894s ]

[ 2015-12-16T08:25:39+08:00 ] ERR: (ThinkException) 非法操作:templates
[ 2015-12-16T08:27:54+08:00 ] 127.0.0.1 /Jiuyework/index.php/Index/login
INFO: [ route_check ] --START--
INFO: Run CheckRoute Behavior [ RunTime:0.002567s ]
INFO: [ route_check ] --END-- [ RunTime:0.002794s ]
INFO: [ app_begin ] --START--
INFO: Run ReadHtmlCache Behavior [ RunTime:0.001206s ]
INFO: [ app_begin ] --END-- [ RunTime:0.001331s ]
SQL: SHOW COLUMNS FROM `w_user` [ RunTime:0.001702s ]
SQL: SELECT * FROM `w_user` WHERE ( u_name='s13326343311' and u_pwd=12345678 ) LIMIT 1   [ RunTime:0.000422s ]
INFO: [ view_template ] --START--
INFO: Run LocationTemplate Behavior [ RunTime:0.001348s ]
INFO: [ view_template ] --END-- [ RunTime:0.001423s ]
INFO: [ view_parse ] --START--
INFO: Run ParseTemplate Behavior [ RunTime:0.014102s ]
INFO: [ view_parse ] --END-- [ RunTime:0.014233s ]
INFO: [ view_filter ] --START--
INFO: Run ContentReplace Behavior [ RunTime:0.000956s ]
INFO: Run TokenBuild Behavior [ RunTime:0.000841s ]
INFO: Run WriteHtmlCache Behavior [ RunTime:0.000577s ]
INFO: Run ShowRuntime Behavior [ RunTime:0.000750s ]
INFO: [ view_filter ] --END-- [ RunTime:0.003341s ]
INFO: [ view_end ] --START--
INFO: Run ShowPageTrace Behavior [ RunTime:0.000871s ]
INFO: [ view_end ] --END-- [ RunTime:0.000926s ]

[ 2015-12-16T08:27:55+08:00 ] 127.0.0.1 /Jiuyework/index.php/User/user
INFO: [ route_check ] --START--
INFO: Run CheckRoute Behavior [ RunTime:0.002823s ]
INFO: [ route_check ] --END-- [ RunTime:0.003115s ]
INFO: [ app_begin ] --START--
INFO: Run ReadHtmlCache Behavior [ RunTime:0.002846s ]
INFO: [ app_begin ] --END-- [ RunTime:0.003092s ]
INFO: [ view_template ] --START--
INFO: Run LocationTemplate Behavior [ RunTime:0.001751s ]
INFO: [ view_template ] --END-- [ RunTime:0.002062s ]
INFO: [ view_parse ] --START--
INFO: Run ParseTemplate Behavior [ RunTime:0.026230s ]
INFO: [ view_parse ] --END-- [ RunTime:0.026600s ]
INFO: [ view_filter ] --START--
INFO: Run ContentReplace Behavior [ RunTime:0.001243s ]
INFO: Run TokenBuild Behavior [ RunTime:0.001777s ]
INFO: Run WriteHtmlCache Behavior [ RunTime:0.000762s ]
INFO: Run ShowRuntime Behavior [ RunTime:0.001348s ]
INFO: [ view_filter ] --END-- [ RunTime:0.005762s ]
INFO: [ view_end ] --START--
INFO: Run ShowPageTrace Behavior [ RunTime:0.001968s ]
INFO: [ view_end ] --END-- [ RunTime:0.002194s ]

[ 2015-12-16T08:27:56+08:00 ] 127.0.0.1 /Jiuyework/index.php/Oneman/geren
INFO: [ route_check ] --START--
INFO: Run CheckRoute Behavior [ RunTime:0.003764s ]
INFO: [ route_check ] --END-- [ RunTime:0.004051s ]
INFO: [ app_begin ] --START--
INFO: Run ReadHtmlCache Behavior [ RunTime:0.001560s ]
INFO: [ app_begin ] --END-- [ RunTime:0.001725s ]
SQL: SHOW COLUMNS FROM `w_user` [ RunTime:0.005734s ]
SQL: SELECT * FROM `w_user` WHERE ( u_name='s13326343311' ) LIMIT 1   [ RunTime:0.001020s ]
SQL: SHOW COLUMNS FROM `w_member` [ RunTime:0.004381s ]
SQL: SELECT `m_shifou` FROM `w_member` WHERE ( m_name='s13326343311' ) LIMIT 1   [ RunTime:0.001000s ]
INFO: [ view_template ] --START--
INFO: Run LocationTemplate Behavior [ RunTime:0.012523s ]
INFO: [ view_template ] --END-- [ RunTime:0.012760s ]
INFO: [ view_parse ] --START--
NOTIC: [8] Undefined index:  e_tel D:\xampp\htdocs\Jiuyework\Index\Runtime\Cache\4a7cec757a25636aba2a80b33d0733b0.php 第 111 行.
NOTIC: [8] Undefined index:  e_add D:\xampp\htdocs\Jiuyework\Index\Runtime\Cache\4a7cec757a25636aba2a80b33d0733b0.php 第 117 行.
INFO: Run ParseTemplate Behavior [ RunTime:0.063519s ]
INFO: [ view_parse ] --END-- [ RunTime:0.063721s ]
INFO: [ view_filter ] --START--
INFO: Run ContentReplace Behavior [ RunTime:0.001271s ]
INFO: Run TokenBuild Behavior [ RunTime:0.001680s ]
INFO: Run WriteHtmlCache Behavior [ RunTime:0.000664s ]
INFO: Run ShowRuntime Behavior [ RunTime:0.001292s ]
INFO: [ view_filter ] --END-- [ RunTime:0.005477s ]
INFO: [ view_end ] --START--
INFO: Run ShowPageTrace Behavior [ RunTime:0.001884s ]
INFO: [ view_end ] --END-- [ RunTime:0.002061s ]

[ 2015-12-16T08:28:48+08:00 ] 127.0.0.1 /Jiuyework/index.php/Oneman/updatemima/id/1
INFO: [ route_check ] --START--
INFO: Run CheckRoute Behavior [ RunTime:0.001983s ]
INFO: [ route_check ] --END-- [ RunTime:0.002161s ]
INFO: [ app_begin ] --START--
INFO: Run ReadHtmlCache Behavior [ RunTime:0.001269s ]
INFO: [ app_begin ] --END-- [ RunTime:0.001364s ]
NOTIC: [8] Undefined index:  sub D:\xampp\htdocs\Jiuyework\Index\Lib\Action\OnemanAction.class.php 第 258 行.
INFO: [ view_template ] --START--
INFO: Run LocationTemplate Behavior [ RunTime:0.001550s ]
INFO: [ view_template ] --END-- [ RunTime:0.001622s ]
INFO: [ view_parse ] --START--
INFO: Run ParseTemplate Behavior [ RunTime:0.157560s ]
INFO: [ view_parse ] --END-- [ RunTime:0.157707s ]
INFO: [ view_filter ] --START--
INFO: Run ContentReplace Behavior [ RunTime:0.002240s ]
INFO: Run TokenBuild Behavior [ RunTime:0.004052s ]
INFO: Run WriteHtmlCache Behavior [ RunTime:0.002300s ]
INFO: Run ShowRuntime Behavior [ RunTime:0.001888s ]
INFO: [ view_filter ] --END-- [ RunTime:0.010905s ]
INFO: [ view_end ] --START--
INFO: Run ShowPageTrace Behavior [ RunTime:0.003260s ]
INFO: [ view_end ] --END-- [ RunTime:0.003416s ]

[ 2015-12-16T08:29:28+08:00 ] 127.0.0.1 /Jiuyework/index.php/Oneman/jmima?pwd=12345678
INFO: [ route_check ] --START--
INFO: Run CheckRoute Behavior [ RunTime:0.001061s ]
INFO: [ route_check ] --END-- [ RunTime:0.001195s ]
INFO: [ app_begin ] --START--
INFO: Run ReadHtmlCache Behavior [ RunTime:0.000957s ]
INFO: [ app_begin ] --END-- [ RunTime:0.001040s ]
SQL: SHOW COLUMNS FROM `w_user` [ RunTime:0.001880s ]
SQL: SELECT * FROM `w_user` WHERE ( u_pwd='12345678' ) LIMIT 1   [ RunTime:0.000524s ]

[ 2015-12-16T08:29:43+08:00 ] 127.0.0.1 /Jiuyework/index.php/Oneman/updatemima/id/1
INFO: [ route_check ] --START--
INFO: Run CheckRoute Behavior [ RunTime:0.001267s ]
INFO: [ route_check ] --END-- [ RunTime:0.001411s ]
INFO: [ app_begin ] --START--
INFO: Run ReadHtmlCache Behavior [ RunTime:0.000773s ]
INFO: [ app_begin ] --END-- [ RunTime:0.000854s ]
SQL: SHOW COLUMNS FROM `w_user` [ RunTime:0.001453s ]
SQL: UPDATE `w_user` SET `u_pwd`='22222222' WHERE ( u_id=1 ) [ RunTime:0.000325s ]
INFO: [ view_template ] --START--
INFO: Run LocationTemplate Behavior [ RunTime:0.000665s ]
INFO: [ view_template ] --END-- [ RunTime:0.000763s ]
INFO: [ view_parse ] --START--
INFO: Run ParseTemplate Behavior [ RunTime:0.008386s ]
INFO: [ view_parse ] --END-- [ RunTime:0.008467s ]
INFO: [ view_filter ] --START--
INFO: Run ContentReplace Behavior [ RunTime:0.000311s ]
INFO: Run TokenBuild Behavior [ RunTime:0.000499s ]
INFO: Run WriteHtmlCache Behavior [ RunTime:0.000201s ]
INFO: Run ShowRuntime Behavior [ RunTime:0.000383s ]
INFO: [ view_filter ] --END-- [ RunTime:0.001547s ]
INFO: [ view_end ] --START--
INFO: Run ShowPageTrace Behavior [ RunTime:0.000513s ]
INFO: [ view_end ] --END-- [ RunTime:0.000565s ]

[ 2015-12-16T08:29:44+08:00 ] 127.0.0.1 /Jiuyework/index.php/Index/tuichu
INFO: [ route_check ] --START--
INFO: Run CheckRoute Behavior [ RunTime:0.002272s ]
INFO: [ route_check ] --END-- [ RunTime:0.002757s ]
INFO: [ app_begin ] --START--
INFO: Run ReadHtmlCache Behavior [ RunTime:0.001740s ]
INFO: [ app_begin ] --END-- [ RunTime:0.001977s ]
INFO: [ view_template ] --START--
INFO: Run LocationTemplate Behavior [ RunTime:0.001127s ]
INFO: [ view_template ] --END-- [ RunTime:0.001303s ]
INFO: [ view_parse ] --START--
INFO: Run ParseTemplate Behavior [ RunTime:0.016563s ]
INFO: [ view_parse ] --END-- [ RunTime:0.016765s ]
INFO: [ view_filter ] --START--
INFO: Run ContentReplace Behavior [ RunTime:0.000672s ]
INFO: Run TokenBuild Behavior [ RunTime:0.001079s ]
INFO: Run WriteHtmlCache Behavior [ RunTime:0.000444s ]
INFO: Run ShowRuntime Behavior [ RunTime:0.000822s ]
INFO: [ view_filter ] --END-- [ RunTime:0.003367s ]
INFO: [ view_end ] --START--
INFO: Run ShowPageTrace Behavior [ RunTime:0.001329s ]
INFO: [ view_end ] --END-- [ RunTime:0.001472s ]

[ 2015-12-16T08:29:45+08:00 ] 127.0.0.1 /Jiuyework/index.php/Index/index
INFO: [ route_check ] --START--
INFO: Run CheckRoute Behavior [ RunTime:0.003371s ]
INFO: [ route_check ] --END-- [ RunTime:0.003898s ]
INFO: [ app_begin ] --START--
INFO: Run ReadHtmlCache Behavior [ RunTime:0.002470s ]
INFO: [ app_begin ] --END-- [ RunTime:0.002754s ]
SQL: SHOW COLUMNS FROM `w_user` [ RunTime:0.003162s ]
SQL: SELECT `u_nicheng` FROM `w_user` WHERE ( u_name='' ) LIMIT 1   [ RunTime:0.000803s ]
SQL: SHOW COLUMNS FROM `w_member` [ RunTime:0.004094s ]
SQL: SELECT `m_shifou` FROM `w_member` WHERE ( m_name='' ) LIMIT 1   [ RunTime:0.000885s ]
NOTIC: [8] Undefined variable: id D:\xampp\htdocs\Jiuyework\Index\Lib\Action\IndexAction.class.php 第 38 行.
SQL: SHOW COLUMNS FROM `w_invite` [ RunTime:0.002064s ]
SQL: SELECT * FROM `w_invite`  [ RunTime:0.000843s ]
SQL: SHOW COLUMNS FROM `w_applyjob` [ RunTime:0.001744s ]
SQL: SELECT * FROM `w_applyjob`  [ RunTime:0.000365s ]
INFO: [ view_template ] --START--
INFO: Run LocationTemplate Behavior [ RunTime:0.000783s ]
INFO: [ view_template ] --END-- [ RunTime:0.000845s ]
INFO: [ view_parse ] --START--
INFO: Run ParseTemplate Behavior [ RunTime:0.025336s ]
INFO: [ view_parse ] --END-- [ RunTime:0.025418s ]
INFO: [ view_filter ] --START--
INFO: Run ContentReplace Behavior [ RunTime:0.000692s ]
INFO: Run TokenBuild Behavior [ RunTime:0.000574s ]
INFO: Run WriteHtmlCache Behavior [ RunTime:0.000202s ]
INFO: Run ShowRuntime Behavior [ RunTime:0.000404s ]
INFO: [ view_filter ] --END-- [ RunTime:0.002040s ]
INFO: [ view_end ] --START--
INFO: Run ShowPageTrace Behavior [ RunTime:0.000544s ]
INFO: [ view_end ] --END-- [ RunTime:0.000599s ]

[ 2015-12-16T08:29:45+08:00 ] ERR: (ThinkException) 非法操作:templates
[ 2015-12-16T08:30:11+08:00 ] 127.0.0.1 /Jiuyework/index.php/Index/login
INFO: [ route_check ] --START--
INFO: Run CheckRoute Behavior [ RunTime:0.003563s ]
INFO: [ route_check ] --END-- [ RunTime:0.003926s ]
INFO: [ app_begin ] --START--
INFO: Run ReadHtmlCache Behavior [ RunTime:0.001823s ]
INFO: [ app_begin ] --END-- [ RunTime:0.002019s ]
SQL: SHOW COLUMNS FROM `w_user` [ RunTime:0.002853s ]
SQL: SELECT * FROM `w_user` WHERE ( u_name='s13326343311' and u_pwd=22222222 ) LIMIT 1   [ RunTime:0.000502s ]
INFO: [ view_template ] --START--
INFO: Run LocationTemplate Behavior [ RunTime:0.003071s ]
INFO: [ view_template ] --END-- [ RunTime:0.003209s ]
INFO: [ view_parse ] --START--
INFO: Run ParseTemplate Behavior [ RunTime:0.020684s ]
INFO: [ view_parse ] --END-- [ RunTime:0.020854s ]
INFO: [ view_filter ] --START--
INFO: Run ContentReplace Behavior [ RunTime:0.002049s ]
INFO: Run TokenBuild Behavior [ RunTime:0.001757s ]
INFO: Run WriteHtmlCache Behavior [ RunTime:0.001357s ]
INFO: Run ShowRuntime Behavior [ RunTime:0.002189s ]
INFO: [ view_filter ] --END-- [ RunTime:0.007779s ]
INFO: [ view_end ] --START--
INFO: Run ShowPageTrace Behavior [ RunTime:0.002030s ]
INFO: [ view_end ] --END-- [ RunTime:0.002187s ]

[ 2015-12-16T08:30:12+08:00 ] 127.0.0.1 /Jiuyework/index.php/User/user
INFO: [ route_check ] --START--
INFO: Run CheckRoute Behavior [ RunTime:0.003200s ]
INFO: [ route_check ] --END-- [ RunTime:0.003519s ]
INFO: [ app_begin ] --START--
INFO: Run ReadHtmlCache Behavior [ RunTime:0.002534s ]
INFO: [ app_begin ] --END-- [ RunTime:0.003061s ]
INFO: [ view_template ] --START--
INFO: Run LocationTemplate Behavior [ RunTime:0.004504s ]
INFO: [ view_template ] --END-- [ RunTime:0.004777s ]
INFO: [ view_parse ] --START--
INFO: Run ParseTemplate Behavior [ RunTime:0.028762s ]
INFO: [ view_parse ] --END-- [ RunTime:0.028992s ]
INFO: [ view_filter ] --START--
INFO: Run ContentReplace Behavior [ RunTime:0.001004s ]
INFO: Run TokenBuild Behavior [ RunTime:0.001697s ]
INFO: Run WriteHtmlCache Behavior [ RunTime:0.000730s ]
INFO: Run ShowRuntime Behavior [ RunTime:0.003138s ]
INFO: [ view_filter ] --END-- [ RunTime:0.007107s ]
INFO: [ view_end ] --START--
INFO: Run ShowPageTrace Behavior [ RunTime:0.002041s ]
INFO: [ view_end ] --END-- [ RunTime:0.002301s ]

[ 2015-12-16T08:30:13+08:00 ] 127.0.0.1 /Jiuyework/index.php/Oneman/geren
INFO: [ route_check ] --START--
INFO: Run CheckRoute Behavior [ RunTime:0.001000s ]
INFO: [ route_check ] --END-- [ RunTime:0.001114s ]
INFO: [ app_begin ] --START--
INFO: Run ReadHtmlCache Behavior [ RunTime:0.000825s ]
INFO: [ app_begin ] --END-- [ RunTime:0.000910s ]
SQL: SHOW COLUMNS FROM `w_user` [ RunTime:0.001709s ]
SQL: SELECT * FROM `w_user` WHERE ( u_name='s13326343311' ) LIMIT 1   [ RunTime:0.000376s ]
SQL: SHOW COLUMNS FROM `w_member` [ RunTime:0.001492s ]
SQL: SELECT `m_shifou` FROM `w_member` WHERE ( m_name='s13326343311' ) LIMIT 1   [ RunTime:0.000502s ]
INFO: [ view_template ] --START--
INFO: Run LocationTemplate Behavior [ RunTime:0.001666s ]
INFO: [ view_template ] --END-- [ RunTime:0.001754s ]
INFO: [ view_parse ] --START--
NOTIC: [8] Undefined index:  e_tel D:\xampp\htdocs\Jiuyework\Index\Runtime\Cache\4a7cec757a25636aba2a80b33d0733b0.php 第 111 行.
NOTIC: [8] Undefined index:  e_add D:\xampp\htdocs\Jiuyework\Index\Runtime\Cache\4a7cec757a25636aba2a80b33d0733b0.php 第 117 行.
INFO: Run ParseTemplate Behavior [ RunTime:0.013920s ]
INFO: [ view_parse ] --END-- [ RunTime:0.014002s ]
INFO: [ view_filter ] --START--
INFO: Run ContentReplace Behavior [ RunTime:0.000446s ]
INFO: Run TokenBuild Behavior [ RunTime:0.000565s ]
INFO: Run WriteHtmlCache Behavior [ RunTime:0.000223s ]
INFO: Run ShowRuntime Behavior [ RunTime:0.001016s ]
INFO: [ view_filter ] --END-- [ RunTime:0.002432s ]
INFO: [ view_end ] --START--
INFO: Run ShowPageTrace Behavior [ RunTime:0.001112s ]
INFO: [ view_end ] --END-- [ RunTime:0.001389s ]

[ 2015-12-16T08:30:48+08:00 ] 127.0.0.1 /Jiuyework/index.php/Oneman/jianyi
INFO: [ route_check ] --START--
INFO: Run CheckRoute Behavior [ RunTime:0.001504s ]
INFO: [ route_check ] --END-- [ RunTime:0.001623s ]
INFO: [ app_begin ] --START--
INFO: Run ReadHtmlCache Behavior [ RunTime:0.001277s ]
INFO: [ app_begin ] --END-- [ RunTime:0.001406s ]
SQL: SHOW COLUMNS FROM `w_advise` [ RunTime:0.003461s ]
NOTIC: [8] Undefined index:  sub D:\xampp\htdocs\Jiuyework\Index\Lib\Action\OnemanAction.class.php 第 69 行.
INFO: [ view_template ] --START--
INFO: Run LocationTemplate Behavior [ RunTime:0.001763s ]
INFO: [ view_template ] --END-- [ RunTime:0.001864s ]
INFO: [ view_parse ] --START--
INFO: Run ParseTemplate Behavior [ RunTime:0.148475s ]
INFO: [ view_parse ] --END-- [ RunTime:0.148662s ]
INFO: [ view_filter ] --START--
INFO: Run ContentReplace Behavior [ RunTime:0.002197s ]
INFO: Run TokenBuild Behavior [ RunTime:0.001984s ]
INFO: Run WriteHtmlCache Behavior [ RunTime:0.001895s ]
INFO: Run ShowRuntime Behavior [ RunTime:0.001520s ]
INFO: [ view_filter ] --END-- [ RunTime:0.008034s ]
INFO: [ view_end ] --START--
INFO: Run ShowPageTrace Behavior [ RunTime:0.002309s ]
INFO: [ view_end ] --END-- [ RunTime:0.002423s ]

[ 2015-12-16T08:30:52+08:00 ] 127.0.0.1 /Jiuyework/index.php/Index/index/id/1
INFO: [ route_check ] --START--
INFO: Run CheckRoute Behavior [ RunTime:0.000985s ]
INFO: [ route_check ] --END-- [ RunTime:0.001071s ]
INFO: [ app_begin ] --START--
INFO: Run ReadHtmlCache Behavior [ RunTime:0.001444s ]
INFO: [ app_begin ] --END-- [ RunTime:0.001538s ]
SQL: SHOW COLUMNS FROM `w_user` [ RunTime:0.001823s ]
SQL: SELECT `u_nicheng` FROM `w_user` WHERE ( u_name='s13326343311' ) LIMIT 1   [ RunTime:0.000374s ]
SQL: SHOW COLUMNS FROM `w_member` [ RunTime:0.001500s ]
SQL: SELECT `m_shifou` FROM `w_member` WHERE ( m_name='s13326343311' ) LIMIT 1   [ RunTime:0.000725s ]
SQL: SHOW COLUMNS FROM `w_invite` [ RunTime:0.003155s ]
SQL: SELECT * FROM `w_invite`  [ RunTime:0.001260s ]
SQL: SHOW COLUMNS FROM `w_applyjob` [ RunTime:0.002071s ]
SQL: SELECT * FROM `w_applyjob`  [ RunTime:0.000599s ]
INFO: [ view_template ] --START--
INFO: Run LocationTemplate Behavior [ RunTime:0.001818s ]
INFO: [ view_template ] --END-- [ RunTime:0.001920s ]
INFO: [ view_parse ] --START--
INFO: Run ParseTemplate Behavior [ RunTime:0.031061s ]
INFO: [ view_parse ] --END-- [ RunTime:0.031183s ]
INFO: [ view_filter ] --START--
INFO: Run ContentReplace Behavior [ RunTime:0.001381s ]
INFO: Run TokenBuild Behavior [ RunTime:0.001016s ]
INFO: Run WriteHtmlCache Behavior [ RunTime:0.000855s ]
INFO: Run ShowRuntime Behavior [ RunTime:0.000618s ]
INFO: [ view_filter ] --END-- [ RunTime:0.004036s ]
INFO: [ view_end ] --START--
INFO: Run ShowPageTrace Behavior [ RunTime:0.001221s ]
INFO: [ view_end ] --END-- [ RunTime:0.001279s ]

[ 2015-12-16T08:30:52+08:00 ] 127.0.0.1 /Jiuyework/index.php/Index/index/id/templates/default/js/index.js
INFO: [ route_check ] --START--
INFO: Run CheckRoute Behavior [ RunTime:0.001823s ]
INFO: [ route_check ] --END-- [ RunTime:0.001984s ]
INFO: [ app_begin ] --START--
INFO: Run ReadHtmlCache Behavior [ RunTime:0.001373s ]
INFO: [ app_begin ] --END-- [ RunTime:0.001477s ]
SQL: SHOW COLUMNS FROM `w_user` [ RunTime:0.002260s ]
SQL: SELECT `u_nicheng` FROM `w_user` WHERE ( u_name='s13326343311' ) LIMIT 1   [ RunTime:0.000477s ]
SQL: SHOW COLUMNS FROM `w_member` [ RunTime:0.001689s ]
SQL: SELECT `m_shifou` FROM `w_member` WHERE ( m_name='s13326343311' ) LIMIT 1   [ RunTime:0.000744s ]
SQL: SHOW COLUMNS FROM `w_invite` [ RunTime:0.002154s ]
SQL: SELECT * FROM `w_invite`  [ RunTime:0.002200s ]
SQL: SHOW COLUMNS FROM `w_applyjob` [ RunTime:0.001977s ]
SQL: SELECT * FROM `w_applyjob`  [ RunTime:0.002646s ]
INFO: [ view_template ] --START--
INFO: Run LocationTemplate Behavior [ RunTime:0.003710s ]
INFO: [ view_template ] --END-- [ RunTime:0.003883s ]
INFO: [ view_parse ] --START--
INFO: Run ParseTemplate Behavior [ RunTime:0.033677s ]
INFO: [ view_parse ] --END-- [ RunTime:0.033798s ]
INFO: [ view_filter ] --START--
INFO: Run ContentReplace Behavior [ RunTime:0.001387s ]
INFO: Run TokenBuild Behavior [ RunTime:0.001094s ]
INFO: Run WriteHtmlCache Behavior [ RunTime:0.001690s ]
INFO: Run ShowRuntime Behavior [ RunTime:0.000834s ]
INFO: [ view_filter ] --END-- [ RunTime:0.005384s ]
INFO: [ view_end ] --START--
INFO: Run ShowPageTrace Behavior [ RunTime:0.001183s ]
INFO: [ view_end ] --END-- [ RunTime:0.001241s ]

[ 2015-12-16T08:31:06+08:00 ] 127.0.0.1 /Jiuyework/index.php/Index/tuichu
INFO: [ route_check ] --START--
INFO: Run CheckRoute Behavior [ RunTime:0.001254s ]
INFO: [ route_check ] --END-- [ RunTime:0.001418s ]
INFO: [ app_begin ] --START--
INFO: Run ReadHtmlCache Behavior [ RunTime:0.001755s ]
INFO: [ app_begin ] --END-- [ RunTime:0.001916s ]
INFO: [ view_template ] --START--
INFO: Run LocationTemplate Behavior [ RunTime:0.001314s ]
INFO: [ view_template ] --END-- [ RunTime:0.001378s ]
INFO: [ view_parse ] --START--
INFO: Run ParseTemplate Behavior [ RunTime:0.010568s ]
INFO: [ view_parse ] --END-- [ RunTime:0.010762s ]
INFO: [ view_filter ] --START--
INFO: Run ContentReplace Behavior [ RunTime:0.001241s ]
INFO: Run TokenBuild Behavior [ RunTime:0.001236s ]
INFO: Run WriteHtmlCache Behavior [ RunTime:0.000993s ]
INFO: Run ShowRuntime Behavior [ RunTime:0.000622s ]
INFO: [ view_filter ] --END-- [ RunTime:0.004279s ]
INFO: [ view_end ] --START--
INFO: Run ShowPageTrace Behavior [ RunTime:0.001392s ]
INFO: [ view_end ] --END-- [ RunTime:0.001447s ]

[ 2015-12-16T08:31:07+08:00 ] 127.0.0.1 /Jiuyework/index.php/Index/index
INFO: [ route_check ] --START--
INFO: Run CheckRoute Behavior [ RunTime:0.001754s ]
INFO: [ route_check ] --END-- [ RunTime:0.001937s ]
INFO: [ app_begin ] --START--
INFO: Run ReadHtmlCache Behavior [ RunTime:0.002912s ]
INFO: [ app_begin ] --END-- [ RunTime:0.003077s ]
SQL: SHOW COLUMNS FROM `w_user` [ RunTime:0.002632s ]
SQL: SELECT `u_nicheng` FROM `w_user` WHERE ( u_name='' ) LIMIT 1   [ RunTime:0.000733s ]
SQL: SHOW COLUMNS FROM `w_member` [ RunTime:0.003216s ]
SQL: SELECT `m_shifou` FROM `w_member` WHERE ( m_name='' ) LIMIT 1   [ RunTime:0.000628s ]
NOTIC: [8] Undefined variable: id D:\xampp\htdocs\Jiuyework\Index\Lib\Action\IndexAction.class.php 第 38 行.
SQL: SHOW COLUMNS FROM `w_invite` [ RunTime:0.002612s ]
SQL: SELECT * FROM `w_invite`  [ RunTime:0.000757s ]
SQL: SHOW COLUMNS FROM `w_applyjob` [ RunTime:0.002585s ]
SQL: SELECT * FROM `w_applyjob`  [ RunTime:0.000545s ]
INFO: [ view_template ] --START--
INFO: Run LocationTemplate Behavior [ RunTime:0.003214s ]
INFO: [ view_template ] --END-- [ RunTime:0.003356s ]
INFO: [ view_parse ] --START--
INFO: Run ParseTemplate Behavior [ RunTime:0.056852s ]
INFO: [ view_parse ] --END-- [ RunTime:0.057045s ]
INFO: [ view_filter ] --START--
INFO: Run ContentReplace Behavior [ RunTime:0.002822s ]
INFO: Run TokenBuild Behavior [ RunTime:0.002343s ]
INFO: Run WriteHtmlCache Behavior [ RunTime:0.001832s ]
INFO: Run ShowRuntime Behavior [ RunTime:0.001233s ]
INFO: [ view_filter ] --END-- [ RunTime:0.008589s ]
INFO: [ view_end ] --START--
INFO: Run ShowPageTrace Behavior [ RunTime:0.002507s ]
INFO: [ view_end ] --END-- [ RunTime:0.002628s ]

[ 2015-12-16T08:31:07+08:00 ] ERR: (ThinkException) 非法操作:templates
[ 2015-12-16T08:31:20+08:00 ] 127.0.0.1 /Jiuyework/index.php/Index/login
INFO: [ route_check ] --START--
INFO: Run CheckRoute Behavior [ RunTime:0.001012s ]
INFO: [ route_check ] --END-- [ RunTime:0.001128s ]
INFO: [ app_begin ] --START--
INFO: Run ReadHtmlCache Behavior [ RunTime:0.001019s ]
INFO: [ app_begin ] --END-- [ RunTime:0.001098s ]
SQL: SHOW COLUMNS FROM `w_user` [ RunTime:0.001703s ]
SQL: SELECT * FROM `w_user` WHERE ( u_name='s13326343311' and u_pwd=22222222 ) LIMIT 1   [ RunTime:0.000373s ]
INFO: [ view_template ] --START--
INFO: Run LocationTemplate Behavior [ RunTime:0.001398s ]
INFO: [ view_template ] --END-- [ RunTime:0.001460s ]
INFO: [ view_parse ] --START--
INFO: Run ParseTemplate Behavior [ RunTime:0.009220s ]
INFO: [ view_parse ] --END-- [ RunTime:0.009315s ]
INFO: [ view_filter ] --START--
INFO: Run ContentReplace Behavior [ RunTime:0.000382s ]
INFO: Run TokenBuild Behavior [ RunTime:0.000525s ]
INFO: Run WriteHtmlCache Behavior [ RunTime:0.000198s ]
INFO: Run ShowRuntime Behavior [ RunTime:0.000911s ]
INFO: [ view_filter ] --END-- [ RunTime:0.002173s ]
INFO: [ view_end ] --START--
INFO: Run ShowPageTrace Behavior [ RunTime:0.000660s ]
INFO: [ view_end ] --END-- [ RunTime:0.000715s ]

[ 2015-12-16T08:31:21+08:00 ] 127.0.0.1 /Jiuyework/index.php/User/user
INFO: [ route_check ] --START--
INFO: Run CheckRoute Behavior [ RunTime:0.003057s ]
INFO: [ route_check ] --END-- [ RunTime:0.003392s ]
INFO: [ app_begin ] --START--
INFO: Run ReadHtmlCache Behavior [ RunTime:0.002446s ]
INFO: [ app_begin ] --END-- [ RunTime:0.002751s ]
INFO: [ view_template ] --START--
INFO: Run LocationTemplate Behavior [ RunTime:0.004602s ]
INFO: [ view_template ] --END-- [ RunTime:0.004918s ]
INFO: [ view_parse ] --START--
INFO: Run ParseTemplate Behavior [ RunTime:0.029904s ]
INFO: [ view_parse ] --END-- [ RunTime:0.030228s ]
INFO: [ view_filter ] --START--
INFO: Run ContentReplace Behavior [ RunTime:0.000979s ]
INFO: Run TokenBuild Behavior [ RunTime:0.001680s ]
INFO: Run WriteHtmlCache Behavior [ RunTime:0.000760s ]
INFO: Run ShowRuntime Behavior [ RunTime:0.003228s ]
INFO: [ view_filter ] --END-- [ RunTime:0.007202s ]
INFO: [ view_end ] --START--
INFO: Run ShowPageTrace Behavior [ RunTime:0.001897s ]
INFO: [ view_end ] --END-- [ RunTime:0.002107s ]

[ 2015-12-16T08:31:22+08:00 ] 127.0.0.1 /Jiuyework/index.php/Oneman/geren
INFO: [ route_check ] --START--
INFO: Run CheckRoute Behavior [ RunTime:0.003080s ]
INFO: [ route_check ] --END-- [ RunTime:0.003415s ]
INFO: [ app_begin ] --START--
INFO: Run ReadHtmlCache Behavior [ RunTime:0.002416s ]
INFO: [ app_begin ] --END-- [ RunTime:0.002701s ]
SQL: SHOW COLUMNS FROM `w_user` [ RunTime:0.005062s ]
SQL: SELECT * FROM `w_user` WHERE ( u_name='s13326343311' ) LIMIT 1   [ RunTime:0.001338s ]
SQL: SHOW COLUMNS FROM `w_member` [ RunTime:0.004608s ]
SQL: SELECT `m_shifou` FROM `w_member` WHERE ( m_name='s13326343311' ) LIMIT 1   [ RunTime:0.001025s ]
INFO: [ view_template ] --START--
INFO: Run LocationTemplate Behavior [ RunTime:0.004845s ]
INFO: [ view_template ] --END-- [ RunTime:0.005070s ]
INFO: [ view_parse ] --START--
NOTIC: [8] Undefined index:  e_tel D:\xampp\htdocs\Jiuyework\Index\Runtime\Cache\4a7cec757a25636aba2a80b33d0733b0.php 第 111 行.
NOTIC: [8] Undefined index:  e_add D:\xampp\htdocs\Jiuyework\Index\Runtime\Cache\4a7cec757a25636aba2a80b33d0733b0.php 第 117 行.
INFO: Run ParseTemplate Behavior [ RunTime:0.045380s ]
INFO: [ view_parse ] --END-- [ RunTime:0.045605s ]
INFO: [ view_filter ] --START--
INFO: Run ContentReplace Behavior [ RunTime:0.001406s ]
INFO: Run TokenBuild Behavior [ RunTime:0.001680s ]
INFO: Run WriteHtmlCache Behavior [ RunTime:0.000693s ]
INFO: Run ShowRuntime Behavior [ RunTime:0.004523s ]
INFO: [ view_filter ] --END-- [ RunTime:0.008875s ]
INFO: [ view_end ] --START--
INFO: Run ShowPageTrace Behavior [ RunTime:0.002111s ]
INFO: [ view_end ] --END-- [ RunTime:0.002299s ]

[ 2015-12-16T08:31:45+08:00 ] 127.0.0.1 /Jiuyework/index.php/Index/index/id/1
INFO: [ route_check ] --START--
INFO: Run CheckRoute Behavior [ RunTime:0.001512s ]
INFO: [ route_check ] --END-- [ RunTime:0.001648s ]
INFO: [ app_begin ] --START--
INFO: Run ReadHtmlCache Behavior [ RunTime:0.001090s ]
INFO: [ app_begin ] --END-- [ RunTime:0.001223s ]
SQL: SHOW COLUMNS FROM `w_user` [ RunTime:0.001738s ]
SQL: SELECT `u_nicheng` FROM `w_user` WHERE ( u_name='s13326343311' ) LIMIT 1   [ RunTime:0.000527s ]
SQL: SHOW COLUMNS FROM `w_member` [ RunTime:0.001661s ]
SQL: SELECT `m_shifou` FROM `w_member` WHERE ( m_name='s13326343311' ) LIMIT 1   [ RunTime:0.000453s ]
SQL: SHOW COLUMNS FROM `w_invite` [ RunTime:0.001772s ]
SQL: SELECT * FROM `w_invite`  [ RunTime:0.000488s ]
SQL: SHOW COLUMNS FROM `w_applyjob` [ RunTime:0.001629s ]
SQL: SELECT * FROM `w_applyjob`  [ RunTime:0.000476s ]
INFO: [ view_template ] --START--
INFO: Run LocationTemplate Behavior [ RunTime:0.001332s ]
INFO: [ view_template ] --END-- [ RunTime:0.001428s ]
INFO: [ view_parse ] --START--
INFO: Run ParseTemplate Behavior [ RunTime:0.034122s ]
INFO: [ view_parse ] --END-- [ RunTime:0.034237s ]
INFO: [ view_filter ] --START--
INFO: Run ContentReplace Behavior [ RunTime:0.001889s ]
INFO: Run TokenBuild Behavior [ RunTime:0.001355s ]
INFO: Run WriteHtmlCache Behavior [ RunTime:0.000600s ]
INFO: Run ShowRuntime Behavior [ RunTime:0.000804s ]
INFO: [ view_filter ] --END-- [ RunTime:0.004998s ]
INFO: [ view_end ] --START--
INFO: Run ShowPageTrace Behavior [ RunTime:0.000944s ]
INFO: [ view_end ] --END-- [ RunTime:0.001001s ]

[ 2015-12-16T08:31:45+08:00 ] 127.0.0.1 /Jiuyework/index.php/Index/index/id/templates/default/js/index.js
INFO: [ route_check ] --START--
INFO: Run CheckRoute Behavior [ RunTime:0.001006s ]
INFO: [ route_check ] --END-- [ RunTime:0.001120s ]
INFO: [ app_begin ] --START--
INFO: Run ReadHtmlCache Behavior [ RunTime:0.000599s ]
INFO: [ app_begin ] --END-- [ RunTime:0.000685s ]
SQL: SHOW COLUMNS FROM `w_user` [ RunTime:0.002354s ]
SQL: SELECT `u_nicheng` FROM `w_user` WHERE ( u_name='s13326343311' ) LIMIT 1   [ RunTime:0.000493s ]
SQL: SHOW COLUMNS FROM `w_member` [ RunTime:0.001945s ]
SQL: SELECT `m_shifou` FROM `w_member` WHERE ( m_name='s13326343311' ) LIMIT 1   [ RunTime:0.000444s ]
SQL: SHOW COLUMNS FROM `w_invite` [ RunTime:0.003405s ]
SQL: SELECT * FROM `w_invite`  [ RunTime:0.000499s ]
SQL: SHOW COLUMNS FROM `w_applyjob` [ RunTime:0.001979s ]
SQL: SELECT * FROM `w_applyjob`  [ RunTime:0.000376s ]
INFO: [ view_template ] --START--
INFO: Run LocationTemplate Behavior [ RunTime:0.000426s ]
INFO: [ view_template ] --END-- [ RunTime:0.000506s ]
INFO: [ view_parse ] --START--
INFO: Run ParseTemplate Behavior [ RunTime:0.035525s ]
INFO: [ view_parse ] --END-- [ RunTime:0.035655s ]
INFO: [ view_filter ] --START--
INFO: Run ContentReplace Behavior [ RunTime:0.001127s ]
INFO: Run TokenBuild Behavior [ RunTime:0.000509s ]
INFO: Run WriteHtmlCache Behavior [ RunTime:0.000265s ]
INFO: Run ShowRuntime Behavior [ RunTime:0.000488s ]
INFO: [ view_filter ] --END-- [ RunTime:0.002641s ]
INFO: [ view_end ] --START--
INFO: Run ShowPageTrace Behavior [ RunTime:0.001008s ]
INFO: [ view_end ] --END-- [ RunTime:0.001135s ]

[ 2015-12-16T08:31:48+08:00 ] 127.0.0.1 /Jiuyework/index.php/Pinren/pin
INFO: [ route_check ] --START--
INFO: Run CheckRoute Behavior [ RunTime:0.002029s ]
INFO: [ route_check ] --END-- [ RunTime:0.002235s ]
INFO: [ app_begin ] --START--
INFO: Run ReadHtmlCache Behavior [ RunTime:0.001225s ]
INFO: [ app_begin ] --END-- [ RunTime:0.001445s ]
NOTIC: [8] Undefined index:  post D:\xampp\htdocs\Jiuyework\Index\Lib\Action\PinrenAction.class.php 第 16 行.
NOTIC: [8] Undefined index:  money D:\xampp\htdocs\Jiuyework\Index\Lib\Action\PinrenAction.class.php 第 22 行.
NOTIC: [8] Undefined variable: where D:\xampp\htdocs\Jiuyework\Index\Lib\Action\PinrenAction.class.php 第 30 行.
SQL: SHOW COLUMNS FROM `w_applyjob` [ RunTime:0.002294s ]
SQL: SELECT COUNT(*) AS tp_count FROM `w_applyjob` LIMIT 1   [ RunTime:0.000385s ]
SQL: SELECT * FROM `w_applyjob` WHERE ( 1 ) LIMIT 0,6   [ RunTime:0.000331s ]
SQL: SHOW COLUMNS FROM `w_applyjob` [ RunTime:0.001762s ]
SQL: SELECT * FROM `w_applyjob` GROUP BY aj_post ORDER BY aj_post desc  [ RunTime:0.000505s ]
SQL: SELECT * FROM `w_applyjob` GROUP BY aj_money ORDER BY aj_money desc  [ RunTime:0.000477s ]
INFO: [ view_template ] --START--
INFO: Run LocationTemplate Behavior [ RunTime:0.000989s ]
INFO: [ view_template ] --END-- [ RunTime:0.001097s ]
INFO: [ view_parse ] --START--
NOTIC: [8] Undefined variable: id D:\xampp\htdocs\Jiuyework\Index\Runtime\Cache\f1f690e007cbedf286c0c58061171ae8.php 第 90 行.
INFO: Run ParseTemplate Behavior [ RunTime:0.025928s ]
INFO: [ view_parse ] --END-- [ RunTime:0.026039s ]
INFO: [ view_filter ] --START--
INFO: Run ContentReplace Behavior [ RunTime:0.000494s ]
INFO: Run TokenBuild Behavior [ RunTime:0.000307s ]
INFO: Run WriteHtmlCache Behavior [ RunTime:0.000215s ]
INFO: Run ShowRuntime Behavior [ RunTime:0.000378s ]
INFO: [ view_filter ] --END-- [ RunTime:0.001684s ]
INFO: [ view_end ] --START--
INFO: Run ShowPageTrace Behavior [ RunTime:0.000599s ]
INFO: [ view_end ] --END-- [ RunTime:0.000693s ]

[ 2015-12-16T08:32:05+08:00 ] 127.0.0.1 /Jiuyework/index.php/Pinren/pin?post=&money=40000&sub=%E6%A3%80%E7%B4%A2
INFO: [ route_check ] --START--
INFO: Run CheckRoute Behavior [ RunTime:0.002633s ]
INFO: [ route_check ] --END-- [ RunTime:0.002796s ]
INFO: [ app_begin ] --START--
INFO: Run ReadHtmlCache Behavior [ RunTime:0.000984s ]
INFO: [ app_begin ] --END-- [ RunTime:0.001053s ]
NOTIC: [8] Undefined variable: where D:\xampp\htdocs\Jiuyework\Index\Lib\Action\PinrenAction.class.php 第 26 行.
SQL: SHOW COLUMNS FROM `w_applyjob` [ RunTime:0.001821s ]
SQL: SELECT COUNT(*) AS tp_count FROM `w_applyjob` LIMIT 1   [ RunTime:0.000246s ]
SQL: SELECT * FROM `w_applyjob` WHERE ( aj_money='40000' and 1 ) LIMIT 0,6   [ RunTime:0.000267s ]
SQL: SHOW COLUMNS FROM `w_applyjob` [ RunTime:0.001428s ]
SQL: SELECT * FROM `w_applyjob` GROUP BY aj_post ORDER BY aj_post desc  [ RunTime:0.000564s ]
SQL: SELECT * FROM `w_applyjob` GROUP BY aj_money ORDER BY aj_money desc  [ RunTime:0.000338s ]
INFO: [ view_template ] --START--
INFO: Run LocationTemplate Behavior [ RunTime:0.001346s ]
INFO: [ view_template ] --END-- [ RunTime:0.001468s ]
INFO: [ view_parse ] --START--
INFO: Run ParseTemplate Behavior [ RunTime:0.022599s ]
INFO: [ view_parse ] --END-- [ RunTime:0.022773s ]
INFO: [ view_filter ] --START--
INFO: Run ContentReplace Behavior [ RunTime:0.000906s ]
INFO: Run TokenBuild Behavior [ RunTime:0.000677s ]
INFO: Run WriteHtmlCache Behavior [ RunTime:0.000577s ]
INFO: Run ShowRuntime Behavior [ RunTime:0.000750s ]
INFO: [ view_filter ] --END-- [ RunTime:0.003074s ]
INFO: [ view_end ] --START--
INFO: Run ShowPageTrace Behavior [ RunTime:0.000959s ]
INFO: [ view_end ] --END-- [ RunTime:0.001013s ]

[ 2015-12-16T08:32:10+08:00 ] 127.0.0.1 /Jiuyework/index.php/Pinren/pin?post=%E7%BD%91%E9%A1%B5%E8%AE%BE%E8%AE%A1&money=
INFO: [ route_check ] --START--
INFO: Run CheckRoute Behavior [ RunTime:0.001033s ]
INFO: [ route_check ] --END-- [ RunTime:0.001170s ]
INFO: [ app_begin ] --START--
INFO: Run ReadHtmlCache Behavior [ RunTime:0.000588s ]
INFO: [ app_begin ] --END-- [ RunTime:0.000648s ]
SQL: SHOW COLUMNS FROM `w_applyjob` [ RunTime:0.001552s ]
SQL: SELECT COUNT(*) AS tp_count FROM `w_applyjob` LIMIT 1   [ RunTime:0.000207s ]
SQL: SELECT * FROM `w_applyjob` WHERE ( aj_post='网页设计' and 1 ) LIMIT 0,6   [ RunTime:0.000244s ]
SQL: SHOW COLUMNS FROM `w_applyjob` [ RunTime:0.001504s ]
SQL: SELECT * FROM `w_applyjob` GROUP BY aj_post ORDER BY aj_post desc  [ RunTime:0.000494s ]
SQL: SELECT * FROM `w_applyjob` GROUP BY aj_money ORDER BY aj_money desc  [ RunTime:0.000380s ]
INFO: [ view_template ] --START--
INFO: Run LocationTemplate Behavior [ RunTime:0.000580s ]
INFO: [ view_template ] --END-- [ RunTime:0.000650s ]
INFO: [ view_parse ] --START--
INFO: Run ParseTemplate Behavior [ RunTime:0.015885s ]
INFO: [ view_parse ] --END-- [ RunTime:0.015976s ]
INFO: [ view_filter ] --START--
INFO: Run ContentReplace Behavior [ RunTime:0.000543s ]
INFO: Run TokenBuild Behavior [ RunTime:0.000736s ]
INFO: Run WriteHtmlCache Behavior [ RunTime:0.000979s ]
INFO: Run ShowRuntime Behavior [ RunTime:0.000834s ]
INFO: [ view_filter ] --END-- [ RunTime:0.003594s ]
INFO: [ view_end ] --START--
INFO: Run ShowPageTrace Behavior [ RunTime:0.000735s ]
INFO: [ view_end ] --END-- [ RunTime:0.000793s ]

[ 2015-12-16T08:32:12+08:00 ] 127.0.0.1 /Jiuyework/index.php/Pinren/pin?post=&money=
INFO: [ route_check ] --START--
INFO: Run CheckRoute Behavior [ RunTime:0.000989s ]
INFO: [ route_check ] --END-- [ RunTime:0.001137s ]
INFO: [ app_begin ] --START--
INFO: Run ReadHtmlCache Behavior [ RunTime:0.000621s ]
INFO: [ app_begin ] --END-- [ RunTime:0.000718s ]
NOTIC: [8] Undefined variable: where D:\xampp\htdocs\Jiuyework\Index\Lib\Action\PinrenAction.class.php 第 30 行.
SQL: SHOW COLUMNS FROM `w_applyjob` [ RunTime:0.001537s ]
SQL: SELECT COUNT(*) AS tp_count FROM `w_applyjob` LIMIT 1   [ RunTime:0.000184s ]
SQL: SELECT * FROM `w_applyjob` WHERE ( 1 ) LIMIT 0,6   [ RunTime:0.000261s ]
SQL: SHOW COLUMNS FROM `w_applyjob` [ RunTime:0.001376s ]
SQL: SELECT * FROM `w_applyjob` GROUP BY aj_post ORDER BY aj_post desc  [ RunTime:0.000495s ]
SQL: SELECT * FROM `w_applyjob` GROUP BY aj_money ORDER BY aj_money desc  [ RunTime:0.000377s ]
INFO: [ view_template ] --START--
INFO: Run LocationTemplate Behavior [ RunTime:0.000468s ]
INFO: [ view_template ] --END-- [ RunTime:0.000541s ]
INFO: [ view_parse ] --START--
NOTIC: [8] Undefined variable: id D:\xampp\htdocs\Jiuyework\Index\Runtime\Cache\f1f690e007cbedf286c0c58061171ae8.php 第 90 行.
INFO: Run ParseTemplate Behavior [ RunTime:0.014830s ]
INFO: [ view_parse ] --END-- [ RunTime:0.014924s ]
INFO: [ view_filter ] --START--
INFO: Run ContentReplace Behavior [ RunTime:0.000493s ]
INFO: Run TokenBuild Behavior [ RunTime:0.000316s ]
INFO: Run WriteHtmlCache Behavior [ RunTime:0.000199s ]
INFO: Run ShowRuntime Behavior [ RunTime:0.000405s ]
INFO: [ view_filter ] --END-- [ RunTime:0.001678s ]
INFO: [ view_end ] --START--
INFO: Run ShowPageTrace Behavior [ RunTime:0.000553s ]
INFO: [ view_end ] --END-- [ RunTime:0.000609s ]

[ 2015-12-16T08:32:26+08:00 ] 127.0.0.1 /Jiuyework/index.php/Pinren/see/id/2
INFO: [ route_check ] --START--
INFO: Run CheckRoute Behavior [ RunTime:0.001171s ]
INFO: [ route_check ] --END-- [ RunTime:0.001259s ]
INFO: [ app_begin ] --START--
INFO: Run ReadHtmlCache Behavior [ RunTime:0.000547s ]
INFO: [ app_begin ] --END-- [ RunTime:0.000645s ]
SQL: SHOW COLUMNS FROM `w_applyjob` [ RunTime:0.001724s ]
SQL: SELECT * FROM `w_applyjob` WHERE ( aj_id=2 ) LIMIT 1   [ RunTime:0.000255s ]
INFO: [ view_template ] --START--
INFO: Run LocationTemplate Behavior [ RunTime:0.000831s ]
INFO: [ view_template ] --END-- [ RunTime:0.000894s ]
INFO: [ view_parse ] --START--
INFO: Run ParseTemplate Behavior [ RunTime:0.132336s ]
INFO: [ view_parse ] --END-- [ RunTime:0.132529s ]
INFO: [ view_filter ] --START--
INFO: Run ContentReplace Behavior [ RunTime:0.001181s ]
INFO: Run TokenBuild Behavior [ RunTime:0.001043s ]
INFO: Run WriteHtmlCache Behavior [ RunTime:0.000667s ]
INFO: Run ShowRuntime Behavior [ RunTime:0.001311s ]
INFO: [ view_filter ] --END-- [ RunTime:0.004735s ]
INFO: [ view_end ] --START--
INFO: Run ShowPageTrace Behavior [ RunTime:0.001716s ]
INFO: [ view_end ] --END-- [ RunTime:0.001894s ]

[ 2015-12-16T08:32:31+08:00 ] 127.0.0.1 /Jiuyework/index.php/Pinren/pin
INFO: [ route_check ] --START--
INFO: Run CheckRoute Behavior [ RunTime:0.001209s ]
INFO: [ route_check ] --END-- [ RunTime:0.001362s ]
INFO: [ app_begin ] --START--
INFO: Run ReadHtmlCache Behavior [ RunTime:0.000730s ]
INFO: [ app_begin ] --END-- [ RunTime:0.000862s ]
NOTIC: [8] Undefined index:  post D:\xampp\htdocs\Jiuyework\Index\Lib\Action\PinrenAction.class.php 第 16 行.
NOTIC: [8] Undefined index:  money D:\xampp\htdocs\Jiuyework\Index\Lib\Action\PinrenAction.class.php 第 22 行.
NOTIC: [8] Undefined variable: where D:\xampp\htdocs\Jiuyework\Index\Lib\Action\PinrenAction.class.php 第 30 行.
SQL: SHOW COLUMNS FROM `w_applyjob` [ RunTime:0.001647s ]
SQL: SELECT COUNT(*) AS tp_count FROM `w_applyjob` LIMIT 1   [ RunTime:0.000311s ]
SQL: SELECT * FROM `w_applyjob` WHERE ( 1 ) LIMIT 0,6   [ RunTime:0.000303s ]
SQL: SHOW COLUMNS FROM `w_applyjob` [ RunTime:0.001675s ]
SQL: SELECT * FROM `w_applyjob` GROUP BY aj_post ORDER BY aj_post desc  [ RunTime:0.000605s ]
SQL: SELECT * FROM `w_applyjob` GROUP BY aj_money ORDER BY aj_money desc  [ RunTime:0.000496s ]
INFO: [ view_template ] --START--
INFO: Run LocationTemplate Behavior [ RunTime:0.000576s ]
INFO: [ view_template ] --END-- [ RunTime:0.000676s ]
INFO: [ view_parse ] --START--
NOTIC: [8] Undefined variable: id D:\xampp\htdocs\Jiuyework\Index\Runtime\Cache\f1f690e007cbedf286c0c58061171ae8.php 第 90 行.
INFO: Run ParseTemplate Behavior [ RunTime:0.014446s ]
INFO: [ view_parse ] --END-- [ RunTime:0.014519s ]
INFO: [ view_filter ] --START--
INFO: Run ContentReplace Behavior [ RunTime:0.000436s ]
INFO: Run TokenBuild Behavior [ RunTime:0.000303s ]
INFO: Run WriteHtmlCache Behavior [ RunTime:0.000210s ]
INFO: Run ShowRuntime Behavior [ RunTime:0.000390s ]
INFO: [ view_filter ] --END-- [ RunTime:0.001621s ]
INFO: [ view_end ] --START--
INFO: Run ShowPageTrace Behavior [ RunTime:0.000600s ]
INFO: [ view_end ] --END-- [ RunTime:0.000690s ]

[ 2015-12-16T08:32:33+08:00 ] 127.0.0.1 /Jiuyework/index.php/Pinren/see/id/4
INFO: [ route_check ] --START--
INFO: Run CheckRoute Behavior [ RunTime:0.000947s ]
INFO: [ route_check ] --END-- [ RunTime:0.001052s ]
INFO: [ app_begin ] --START--
INFO: Run ReadHtmlCache Behavior [ RunTime:0.000560s ]
INFO: [ app_begin ] --END-- [ RunTime:0.000642s ]
SQL: SHOW COLUMNS FROM `w_applyjob` [ RunTime:0.001711s ]
SQL: SELECT * FROM `w_applyjob` WHERE ( aj_id=4 ) LIMIT 1   [ RunTime:0.000415s ]
INFO: [ view_template ] --START--
INFO: Run LocationTemplate Behavior [ RunTime:0.000403s ]
INFO: [ view_template ] --END-- [ RunTime:0.000464s ]
INFO: [ view_parse ] --START--
INFO: Run ParseTemplate Behavior [ RunTime:0.011252s ]
INFO: [ view_parse ] --END-- [ RunTime:0.011366s ]
INFO: [ view_filter ] --START--
INFO: Run ContentReplace Behavior [ RunTime:0.000436s ]
INFO: Run TokenBuild Behavior [ RunTime:0.000304s ]
INFO: Run WriteHtmlCache Behavior [ RunTime:0.000199s ]
INFO: Run ShowRuntime Behavior [ RunTime:0.000426s ]
INFO: [ view_filter ] --END-- [ RunTime:0.001563s ]
INFO: [ view_end ] --START--
INFO: Run ShowPageTrace Behavior [ RunTime:0.000582s ]
INFO: [ view_end ] --END-- [ RunTime:0.000637s ]

[ 2015-12-16T08:32:35+08:00 ] 127.0.0.1 /Jiuyework/index.php/Pinren/pin
INFO: [ route_check ] --START--
INFO: Run CheckRoute Behavior [ RunTime:0.001295s ]
INFO: [ route_check ] --END-- [ RunTime:0.001481s ]
INFO: [ app_begin ] --START--
INFO: Run ReadHtmlCache Behavior [ RunTime:0.000748s ]
INFO: [ app_begin ] --END-- [ RunTime:0.000842s ]
NOTIC: [8] Undefined index:  post D:\xampp\htdocs\Jiuyework\Index\Lib\Action\PinrenAction.class.php 第 16 行.
NOTIC: [8] Undefined index:  money D:\xampp\htdocs\Jiuyework\Index\Lib\Action\PinrenAction.class.php 第 22 行.
NOTIC: [8] Undefined variable: where D:\xampp\htdocs\Jiuyework\Index\Lib\Action\PinrenAction.class.php 第 30 行.
SQL: SHOW COLUMNS FROM `w_applyjob` [ RunTime:0.001786s ]
SQL: SELECT COUNT(*) AS tp_count FROM `w_applyjob` LIMIT 1   [ RunTime:0.000229s ]
SQL: SELECT * FROM `w_applyjob` WHERE ( 1 ) LIMIT 0,6   [ RunTime:0.000242s ]
SQL: SHOW COLUMNS FROM `w_applyjob` [ RunTime:0.001694s ]
SQL: SELECT * FROM `w_applyjob` GROUP BY aj_post ORDER BY aj_post desc  [ RunTime:0.000745s ]
SQL: SELECT * FROM `w_applyjob` GROUP BY aj_money ORDER BY aj_money desc  [ RunTime:0.000378s ]
INFO: [ view_template ] --START--
INFO: Run LocationTemplate Behavior [ RunTime:0.000554s ]
INFO: [ view_template ] --END-- [ RunTime:0.000645s ]
INFO: [ view_parse ] --START--
NOTIC: [8] Undefined variable: id D:\xampp\htdocs\Jiuyework\Index\Runtime\Cache\f1f690e007cbedf286c0c58061171ae8.php 第 90 行.
INFO: Run ParseTemplate Behavior [ RunTime:0.015091s ]
INFO: [ view_parse ] --END-- [ RunTime:0.015173s ]
INFO: [ view_filter ] --START--
INFO: Run ContentReplace Behavior [ RunTime:0.000505s ]
INFO: Run TokenBuild Behavior [ RunTime:0.000305s ]
INFO: Run WriteHtmlCache Behavior [ RunTime:0.000225s ]
INFO: Run ShowRuntime Behavior [ RunTime:0.000436s ]
INFO: [ view_filter ] --END-- [ RunTime:0.001723s ]
INFO: [ view_end ] --START--
INFO: Run ShowPageTrace Behavior [ RunTime:0.001200s ]
INFO: [ view_end ] --END-- [ RunTime:0.001309s ]

[ 2015-12-16T08:32:41+08:00 ] 127.0.0.1 /Jiuyework/index.php/Donate/juanzeng
INFO: [ route_check ] --START--
INFO: Run CheckRoute Behavior [ RunTime:0.001025s ]
INFO: [ route_check ] --END-- [ RunTime:0.001162s ]
INFO: [ app_begin ] --START--
INFO: Run ReadHtmlCache Behavior [ RunTime:0.000611s ]
INFO: [ app_begin ] --END-- [ RunTime:0.000702s ]
NOTIC: [8] Undefined index:  name D:\xampp\htdocs\Jiuyework\Index\Lib\Action\DonateAction.class.php 第 16 行.
NOTIC: [8] Undefined index:  money D:\xampp\htdocs\Jiuyework\Index\Lib\Action\DonateAction.class.php 第 22 行.
SQL: SHOW COLUMNS FROM `w_donate` [ RunTime:0.004081s ]
NOTIC: [8] Undefined variable: where D:\xampp\htdocs\Jiuyework\Index\Lib\Action\DonateAction.class.php 第 30 行.
SQL: SHOW COLUMNS FROM `w_donate` [ RunTime:0.002927s ]
SQL: SELECT COUNT(*) AS tp_count FROM `w_donate` LIMIT 1   [ RunTime:0.000518s ]
SQL: SELECT * FROM `w_donate` WHERE ( 1 ) LIMIT 0,6   [ RunTime:0.000611s ]
SQL: SELECT * FROM `w_donate` GROUP BY d_money ORDER BY d_money desc  [ RunTime:0.000901s ]
INFO: [ view_template ] --START--
INFO: Run LocationTemplate Behavior [ RunTime:0.003111s ]
INFO: [ view_template ] --END-- [ RunTime:0.003287s ]
INFO: [ view_parse ] --START--
NOTIC: [8] Undefined variable: id D:\xampp\htdocs\Jiuyework\Index\Runtime\Cache\0eb48d881f4f6846a393adb537eecfa5.php 第 86 行.
INFO: Run ParseTemplate Behavior [ RunTime:0.051842s ]
INFO: [ view_parse ] --END-- [ RunTime:0.052006s ]
INFO: [ view_filter ] --START--
INFO: Run ContentReplace Behavior [ RunTime:0.000993s ]
INFO: Run TokenBuild Behavior [ RunTime:0.000709s ]
INFO: Run WriteHtmlCache Behavior [ RunTime:0.000441s ]
INFO: Run ShowRuntime Behavior [ RunTime:0.000918s ]
INFO: [ view_filter ] --END-- [ RunTime:0.003423s ]
INFO: [ view_end ] --START--
INFO: Run ShowPageTrace Behavior [ RunTime:0.001363s ]
INFO: [ view_end ] --END-- [ RunTime:0.001492s ]

[ 2015-12-16T08:32:46+08:00 ] 127.0.0.1 /Jiuyework/index.php/Job/job
INFO: [ route_check ] --START--
INFO: Run CheckRoute Behavior [ RunTime:0.000979s ]
INFO: [ route_check ] --END-- [ RunTime:0.001105s ]
INFO: [ app_begin ] --START--
INFO: Run ReadHtmlCache Behavior [ RunTime:0.000722s ]
INFO: [ app_begin ] --END-- [ RunTime:0.000813s ]
NOTIC: [8] Undefined index:  name D:\xampp\htdocs\Jiuyework\Index\Lib\Action\JobAction.class.php 第 16 行.
NOTIC: [8] Undefined variable: where D:\xampp\htdocs\Jiuyework\Index\Lib\Action\JobAction.class.php 第 24 行.
SQL: SHOW COLUMNS FROM `w_invite` [ RunTime:0.003560s ]
SQL: SELECT COUNT(*) AS tp_count FROM `w_invite` LIMIT 1   [ RunTime:0.000434s ]
SQL: SELECT * FROM `w_invite` WHERE ( 1 ) LIMIT 0,6   [ RunTime:0.000346s ]
INFO: [ view_template ] --START--
INFO: Run LocationTemplate Behavior [ RunTime:0.000966s ]
INFO: [ view_template ] --END-- [ RunTime:0.001048s ]
INFO: [ view_parse ] --START--
NOTIC: [8] Undefined variable: id D:\xampp\htdocs\Jiuyework\Index\Runtime\Cache\0af2512f3ba0ac40b1a05fa506bab800.php 第 86 行.
INFO: Run ParseTemplate Behavior [ RunTime:0.028310s ]
INFO: [ view_parse ] --END-- [ RunTime:0.028591s ]
INFO: [ view_filter ] --START--
INFO: Run ContentReplace Behavior [ RunTime:0.000827s ]
INFO: Run TokenBuild Behavior [ RunTime:0.000425s ]
INFO: Run WriteHtmlCache Behavior [ RunTime:0.000239s ]
INFO: Run ShowRuntime Behavior [ RunTime:0.000478s ]
INFO: [ view_filter ] --END-- [ RunTime:0.002200s ]
INFO: [ view_end ] --START--
INFO: Run ShowPageTrace Behavior [ RunTime:0.000760s ]
INFO: [ view_end ] --END-- [ RunTime:0.000828s ]

