[ 2015-10-20T08:48:45+08:00 ] 127.0.0.1 /jiuye/qiantai.php/
INFO: [ route_check ] --START--
INFO: Run CheckRoute Behavior [ RunTime:0.002241s ]
INFO: [ route_check ] --END-- [ RunTime:0.002409s ]
INFO: [ app_begin ] --START--
INFO: Run ReadHtmlCache Behavior [ RunTime:0.001727s ]
INFO: [ app_begin ] --END-- [ RunTime:0.001868s ]
INFO: [ view_parse ] --START--
INFO: Run ParseTemplate Behavior [ RunTime:0.009012s ]
INFO: [ view_parse ] --END-- [ RunTime:0.009179s ]
INFO: [ view_filter ] --START--
INFO: Run ContentReplace Behavior [ RunTime:0.000673s ]
INFO: Run TokenBuild Behavior [ RunTime:0.000620s ]
INFO: Run WriteHtmlCache Behavior [ RunTime:0.000517s ]
INFO: Run ShowRuntime Behavior [ RunTime:0.000695s ]
INFO: [ view_filter ] --END-- [ RunTime:0.002669s ]
INFO: [ view_end ] --START--
INFO: Run ShowPageTrace Behavior [ RunTime:0.000941s ]
INFO: [ view_end ] --END-- [ RunTime:0.000997s ]

[ 2015-10-20T08:59:03+08:00 ] 127.0.0.1 /jiuye/qiantai.php/Index/index
INFO: [ route_check ] --START--
INFO: Run CheckRoute Behavior [ RunTime:0.002793s ]
INFO: [ route_check ] --END-- [ RunTime:0.003044s ]
INFO: [ app_begin ] --START--
INFO: Run ReadHtmlCache Behavior [ RunTime:0.001391s ]
INFO: [ app_begin ] --END-- [ RunTime:0.001550s ]
INFO: [ view_template ] --START--
INFO: Run LocationTemplate Behavior [ RunTime:0.001413s ]
INFO: [ view_template ] --END-- [ RunTime:0.001477s ]
INFO: [ view_parse ] --START--
INFO: Run ParseTemplate Behavior [ RunTime:0.052727s ]
INFO: [ view_parse ] --END-- [ RunTime:0.052847s ]
INFO: [ view_filter ] --START--
INFO: Run ContentReplace Behavior [ RunTime:0.001611s ]
INFO: Run TokenBuild Behavior [ RunTime:0.001095s ]
INFO: Run WriteHtmlCache Behavior [ RunTime:0.000820s ]
INFO: Run ShowRuntime Behavior [ RunTime:0.001063s ]
INFO: [ view_filter ] --END-- [ RunTime:0.004790s ]
INFO: [ view_end ] --START--
INFO: Run ShowPageTrace Behavior [ RunTime:0.001114s ]
INFO: [ view_end ] --END-- [ RunTime:0.001170s ]

[ 2015-10-20T08:59:03+08:00 ] ERR: (ThinkException) 非法操作:data
[ 2015-10-20T08:59:03+08:00 ] ERR: (ThinkException) 非法操作:data
[ 2015-10-20T09:02:27+08:00 ] 127.0.0.1 /jiuye/qiantai.php/Index/index
INFO: [ route_check ] --START--
INFO: Run CheckRoute Behavior [ RunTime:0.001170s ]
INFO: [ route_check ] --END-- [ RunTime:0.001272s ]
INFO: [ app_begin ] --START--
INFO: Run ReadHtmlCache Behavior [ RunTime:0.000819s ]
INFO: [ app_begin ] --END-- [ RunTime:0.000886s ]
INFO: [ view_template ] --START--
INFO: Run LocationTemplate Behavior [ RunTime:0.002714s ]
INFO: [ view_template ] --END-- [ RunTime:0.002912s ]
INFO: [ view_parse ] --START--
INFO: Run ParseTemplate Behavior [ RunTime:0.048431s ]
INFO: [ view_parse ] --END-- [ RunTime:0.048523s ]
INFO: [ view_filter ] --START--
INFO: Run ContentReplace Behavior [ RunTime:0.002043s ]
INFO: Run TokenBuild Behavior [ RunTime:0.002155s ]
INFO: Run WriteHtmlCache Behavior [ RunTime:0.001617s ]
INFO: Run ShowRuntime Behavior [ RunTime:0.001130s ]
INFO: [ view_filter ] --END-- [ RunTime:0.007397s ]
INFO: [ view_end ] --START--
INFO: Run ShowPageTrace Behavior [ RunTime:0.001178s ]
INFO: [ view_end ] --END-- [ RunTime:0.001233s ]

[ 2015-10-20T09:02:27+08:00 ] ERR: (ThinkException) 非法操作:data
[ 2015-10-20T09:02:27+08:00 ] ERR: (ThinkException) 非法操作:data
[ 2015-10-20T09:04:53+08:00 ] 127.0.0.1 /jiuye/qiantai.php/Index/index
INFO: [ route_check ] --START--
INFO: Run CheckRoute Behavior [ RunTime:0.001453s ]
INFO: [ route_check ] --END-- [ RunTime:0.001544s ]
INFO: [ app_begin ] --START--
INFO: Run ReadHtmlCache Behavior [ RunTime:0.001173s ]
INFO: [ app_begin ] --END-- [ RunTime:0.001241s ]
INFO: [ view_template ] --START--
INFO: Run LocationTemplate Behavior [ RunTime:0.001369s ]
INFO: [ view_template ] --END-- [ RunTime:0.001432s ]
INFO: [ view_parse ] --START--
INFO: Run ParseTemplate Behavior [ RunTime:0.155890s ]
INFO: [ view_parse ] --END-- [ RunTime:0.156163s ]
INFO: [ view_filter ] --START--
INFO: Run ContentReplace Behavior [ RunTime:0.006256s ]
INFO: Run TokenBuild Behavior [ RunTime:0.002090s ]
INFO: Run WriteHtmlCache Behavior [ RunTime:0.001720s ]
INFO: Run ShowRuntime Behavior [ RunTime:0.003397s ]
INFO: [ view_filter ] --END-- [ RunTime:0.013942s ]
INFO: [ view_end ] --START--
INFO: Run ShowPageTrace Behavior [ RunTime:0.002569s ]
INFO: [ view_end ] --END-- [ RunTime:0.002692s ]

[ 2015-10-20T09:04:53+08:00 ] ERR: (ThinkException) 非法操作:data
[ 2015-10-20T09:04:53+08:00 ] ERR: (ThinkException) 非法操作:data
[ 2015-10-20T09:06:55+08:00 ] 127.0.0.1 /jiuye/qiantai.php/Index/index
INFO: [ route_check ] --START--
INFO: Run CheckRoute Behavior [ RunTime:0.001454s ]
INFO: [ route_check ] --END-- [ RunTime:0.001547s ]
INFO: [ app_begin ] --START--
INFO: Run ReadHtmlCache Behavior [ RunTime:0.001073s ]
INFO: [ app_begin ] --END-- [ RunTime:0.001136s ]
INFO: [ view_template ] --START--
INFO: Run LocationTemplate Behavior [ RunTime:0.001362s ]
INFO: [ view_template ] --END-- [ RunTime:0.001423s ]
INFO: [ view_parse ] --START--
INFO: Run ParseTemplate Behavior [ RunTime:0.049121s ]
INFO: [ view_parse ] --END-- [ RunTime:0.049204s ]
INFO: [ view_filter ] --START--
INFO: Run ContentReplace Behavior [ RunTime:0.001796s ]
INFO: Run TokenBuild Behavior [ RunTime:0.001004s ]
INFO: Run WriteHtmlCache Behavior [ RunTime:0.000835s ]
INFO: Run ShowRuntime Behavior [ RunTime:0.001085s ]
INFO: [ view_filter ] --END-- [ RunTime:0.004899s ]
INFO: [ view_end ] --START--
INFO: Run ShowPageTrace Behavior [ RunTime:0.001196s ]
INFO: [ view_end ] --END-- [ RunTime:0.001261s ]

[ 2015-10-20T09:06:55+08:00 ] ERR: (ThinkException) 非法操作:data
[ 2015-10-20T09:06:55+08:00 ] ERR: (ThinkException) 非法操作:data
[ 2015-10-20T09:08:16+08:00 ] 127.0.0.1 /jiuye/qiantai.php/Index/index
INFO: [ route_check ] --START--
INFO: Run CheckRoute Behavior [ RunTime:0.000890s ]
INFO: [ route_check ] --END-- [ RunTime:0.000979s ]
INFO: [ app_begin ] --START--
INFO: Run ReadHtmlCache Behavior [ RunTime:0.000515s ]
INFO: [ app_begin ] --END-- [ RunTime:0.000611s ]
INFO: [ view_template ] --START--
INFO: Run LocationTemplate Behavior [ RunTime:0.002962s ]
INFO: [ view_template ] --END-- [ RunTime:0.003053s ]
INFO: [ view_parse ] --START--
INFO: Run ParseTemplate Behavior [ RunTime:0.050214s ]
INFO: [ view_parse ] --END-- [ RunTime:0.050317s ]
INFO: [ view_filter ] --START--
INFO: Run ContentReplace Behavior [ RunTime:0.001898s ]
INFO: Run TokenBuild Behavior [ RunTime:0.001071s ]
INFO: Run WriteHtmlCache Behavior [ RunTime:0.000842s ]
INFO: Run ShowRuntime Behavior [ RunTime:0.001118s ]
INFO: [ view_filter ] --END-- [ RunTime:0.005113s ]
INFO: [ view_end ] --START--
INFO: Run ShowPageTrace Behavior [ RunTime:0.001157s ]
INFO: [ view_end ] --END-- [ RunTime:0.001215s ]

[ 2015-10-20T09:08:16+08:00 ] ERR: (ThinkException) 非法操作:data
[ 2015-10-20T09:08:16+08:00 ] ERR: (ThinkException) 非法操作:data
[ 2015-10-20T09:10:30+08:00 ] 127.0.0.1 /jiuye/qiantai.php/Index/index
INFO: [ route_check ] --START--
INFO: Run CheckRoute Behavior [ RunTime:0.001606s ]
INFO: [ route_check ] --END-- [ RunTime:0.001719s ]
INFO: [ app_begin ] --START--
INFO: Run ReadHtmlCache Behavior [ RunTime:0.001202s ]
INFO: [ app_begin ] --END-- [ RunTime:0.001281s ]
INFO: [ view_template ] --START--
INFO: Run LocationTemplate Behavior [ RunTime:0.003471s ]
INFO: [ view_template ] --END-- [ RunTime:0.003589s ]
INFO: [ view_parse ] --START--
INFO: Run ParseTemplate Behavior [ RunTime:0.055911s ]
INFO: [ view_parse ] --END-- [ RunTime:0.056024s ]
INFO: [ view_filter ] --START--
INFO: Run ContentReplace Behavior [ RunTime:0.001915s ]
INFO: Run TokenBuild Behavior [ RunTime:0.001152s ]
INFO: Run WriteHtmlCache Behavior [ RunTime:0.000949s ]
INFO: Run ShowRuntime Behavior [ RunTime:0.001223s ]
INFO: [ view_filter ] --END-- [ RunTime:0.005443s ]
INFO: [ view_end ] --START--
INFO: Run ShowPageTrace Behavior [ RunTime:0.001312s ]
INFO: [ view_end ] --END-- [ RunTime:0.001390s ]

[ 2015-10-20T09:10:30+08:00 ] ERR: (ThinkException) 非法操作:data
[ 2015-10-20T09:10:30+08:00 ] ERR: (ThinkException) 非法操作:data
[ 2015-10-20T09:12:24+08:00 ] 127.0.0.1 /jiuye/qiantai.php/Index/index
INFO: [ route_check ] --START--
INFO: Run CheckRoute Behavior [ RunTime:0.001323s ]
INFO: [ route_check ] --END-- [ RunTime:0.001421s ]
INFO: [ app_begin ] --START--
INFO: Run ReadHtmlCache Behavior [ RunTime:0.000826s ]
INFO: [ app_begin ] --END-- [ RunTime:0.000957s ]
INFO: [ view_template ] --START--
INFO: Run LocationTemplate Behavior [ RunTime:0.001045s ]
INFO: [ view_template ] --END-- [ RunTime:0.001108s ]
INFO: [ view_parse ] --START--
INFO: Run ParseTemplate Behavior [ RunTime:0.058592s ]
INFO: [ view_parse ] --END-- [ RunTime:0.058803s ]
INFO: [ view_filter ] --START--
INFO: Run ContentReplace Behavior [ RunTime:0.002706s ]
INFO: Run TokenBuild Behavior [ RunTime:0.000740s ]
INFO: Run WriteHtmlCache Behavior [ RunTime:0.000549s ]
INFO: Run ShowRuntime Behavior [ RunTime:0.000801s ]
INFO: [ view_filter ] --END-- [ RunTime:0.004977s ]
INFO: [ view_end ] --START--
INFO: Run ShowPageTrace Behavior [ RunTime:0.000855s ]
INFO: [ view_end ] --END-- [ RunTime:0.000911s ]

[ 2015-10-20T09:12:24+08:00 ] ERR: (ThinkException) 非法操作:data
[ 2015-10-20T09:12:24+08:00 ] ERR: (ThinkException) 非法操作:data
[ 2015-10-20T09:12:47+08:00 ] 127.0.0.1 /jiuye/qiantai.php/Index/index
INFO: [ route_check ] --START--
INFO: Run CheckRoute Behavior [ RunTime:0.001463s ]
INFO: [ route_check ] --END-- [ RunTime:0.001555s ]
INFO: [ app_begin ] --START--
INFO: Run ReadHtmlCache Behavior [ RunTime:0.001083s ]
INFO: [ app_begin ] --END-- [ RunTime:0.001150s ]
INFO: [ view_template ] --START--
INFO: Run LocationTemplate Behavior [ RunTime:0.001397s ]
INFO: [ view_template ] --END-- [ RunTime:0.001495s ]
INFO: [ view_parse ] --START--
INFO: Run ParseTemplate Behavior [ RunTime:0.053717s ]
INFO: [ view_parse ] --END-- [ RunTime:0.053810s ]
INFO: [ view_filter ] --START--
INFO: Run ContentReplace Behavior [ RunTime:0.002096s ]
INFO: Run TokenBuild Behavior [ RunTime:0.001112s ]
INFO: Run WriteHtmlCache Behavior [ RunTime:0.000919s ]
INFO: Run ShowRuntime Behavior [ RunTime:0.001199s ]
INFO: [ view_filter ] --END-- [ RunTime:0.005531s ]
INFO: [ view_end ] --START--
INFO: Run ShowPageTrace Behavior [ RunTime:0.002234s ]
INFO: [ view_end ] --END-- [ RunTime:0.002380s ]

[ 2015-10-20T09:12:47+08:00 ] ERR: (ThinkException) 非法操作:data
[ 2015-10-20T09:12:47+08:00 ] ERR: (ThinkException) 非法操作:data
[ 2015-10-20T09:13:09+08:00 ] 127.0.0.1 /jiuye/qiantai.php/Index/index
INFO: [ route_check ] --START--
INFO: Run CheckRoute Behavior [ RunTime:0.002531s ]
INFO: [ route_check ] --END-- [ RunTime:0.002734s ]
INFO: [ app_begin ] --START--
INFO: Run ReadHtmlCache Behavior [ RunTime:0.000897s ]
INFO: [ app_begin ] --END-- [ RunTime:0.000969s ]
INFO: [ view_template ] --START--
INFO: Run LocationTemplate Behavior [ RunTime:0.001046s ]
INFO: [ view_template ] --END-- [ RunTime:0.001123s ]
INFO: [ view_parse ] --START--
INFO: Run ParseTemplate Behavior [ RunTime:0.051198s ]
INFO: [ view_parse ] --END-- [ RunTime:0.051296s ]
INFO: [ view_filter ] --START--
INFO: Run ContentReplace Behavior [ RunTime:0.001794s ]
INFO: Run TokenBuild Behavior [ RunTime:0.000816s ]
INFO: Run WriteHtmlCache Behavior [ RunTime:0.000619s ]
INFO: Run ShowRuntime Behavior [ RunTime:0.000891s ]
INFO: [ view_filter ] --END-- [ RunTime:0.004321s ]
INFO: [ view_end ] --START--
INFO: Run ShowPageTrace Behavior [ RunTime:0.000956s ]
INFO: [ view_end ] --END-- [ RunTime:0.001019s ]

[ 2015-10-20T09:13:09+08:00 ] ERR: (ThinkException) 非法操作:data
[ 2015-10-20T09:13:09+08:00 ] ERR: (ThinkException) 非法操作:data
[ 2015-10-20T09:15:54+08:00 ] 127.0.0.1 /jiuye/qiantai.php/Index/index
INFO: [ route_check ] --START--
INFO: Run CheckRoute Behavior [ RunTime:0.001197s ]
INFO: [ route_check ] --END-- [ RunTime:0.001295s ]
INFO: [ app_begin ] --START--
INFO: Run ReadHtmlCache Behavior [ RunTime:0.000857s ]
INFO: [ app_begin ] --END-- [ RunTime:0.000928s ]
INFO: [ view_template ] --START--
INFO: Run LocationTemplate Behavior [ RunTime:0.001175s ]
INFO: [ view_template ] --END-- [ RunTime:0.001245s ]
INFO: [ view_parse ] --START--
INFO: Run ParseTemplate Behavior [ RunTime:0.052524s ]
INFO: [ view_parse ] --END-- [ RunTime:0.052618s ]
INFO: [ view_filter ] --START--
INFO: Run ContentReplace Behavior [ RunTime:0.001839s ]
INFO: Run TokenBuild Behavior [ RunTime:0.001076s ]
INFO: Run WriteHtmlCache Behavior [ RunTime:0.001304s ]
INFO: Run ShowRuntime Behavior [ RunTime:0.001763s ]
INFO: [ view_filter ] --END-- [ RunTime:0.006383s ]
INFO: [ view_end ] --START--
INFO: Run ShowPageTrace Behavior [ RunTime:0.001780s ]
INFO: [ view_end ] --END-- [ RunTime:0.001873s ]

[ 2015-10-20T09:15:54+08:00 ] ERR: (ThinkException) 非法操作:data
[ 2015-10-20T09:15:54+08:00 ] ERR: (ThinkException) 非法操作:data
[ 2015-10-20T09:16:43+08:00 ] 127.0.0.1 /jiuye/qiantai.php/Index/index
INFO: [ route_check ] --START--
INFO: Run CheckRoute Behavior [ RunTime:0.002572s ]
INFO: [ route_check ] --END-- [ RunTime:0.002776s ]
INFO: [ app_begin ] --START--
INFO: Run ReadHtmlCache Behavior [ RunTime:0.001548s ]
INFO: [ app_begin ] --END-- [ RunTime:0.001652s ]
INFO: [ view_template ] --START--
INFO: Run LocationTemplate Behavior [ RunTime:0.001396s ]
INFO: [ view_template ] --END-- [ RunTime:0.001458s ]
INFO: [ view_parse ] --START--
INFO: Run ParseTemplate Behavior [ RunTime:0.051148s ]
INFO: [ view_parse ] --END-- [ RunTime:0.051243s ]
INFO: [ view_filter ] --START--
INFO: Run ContentReplace Behavior [ RunTime:0.001919s ]
INFO: Run TokenBuild Behavior [ RunTime:0.001104s ]
INFO: Run WriteHtmlCache Behavior [ RunTime:0.001086s ]
INFO: Run ShowRuntime Behavior [ RunTime:0.002480s ]
INFO: [ view_filter ] --END-- [ RunTime:0.006818s ]
INFO: [ view_end ] --START--
INFO: Run ShowPageTrace Behavior [ RunTime:0.001308s ]
INFO: [ view_end ] --END-- [ RunTime:0.001376s ]

[ 2015-10-20T09:16:43+08:00 ] ERR: (ThinkException) 非法操作:data
[ 2015-10-20T09:16:43+08:00 ] ERR: (ThinkException) 非法操作:data
[ 2015-10-20T09:18:36+08:00 ] 127.0.0.1 /jiuye/qiantai.php/Index/index
INFO: [ route_check ] --START--
INFO: Run CheckRoute Behavior [ RunTime:0.003521s ]
INFO: [ route_check ] --END-- [ RunTime:0.003735s ]
INFO: [ app_begin ] --START--
INFO: Run ReadHtmlCache Behavior [ RunTime:0.000919s ]
INFO: [ app_begin ] --END-- [ RunTime:0.000997s ]
INFO: [ view_template ] --START--
INFO: Run LocationTemplate Behavior [ RunTime:0.001042s ]
INFO: [ view_template ] --END-- [ RunTime:0.001115s ]
INFO: [ view_parse ] --START--
INFO: Run ParseTemplate Behavior [ RunTime:0.050753s ]
INFO: [ view_parse ] --END-- [ RunTime:0.050844s ]
INFO: [ view_filter ] --START--
INFO: Run ContentReplace Behavior [ RunTime:0.001444s ]
INFO: Run TokenBuild Behavior [ RunTime:0.000699s ]
INFO: Run WriteHtmlCache Behavior [ RunTime:0.000530s ]
INFO: Run ShowRuntime Behavior [ RunTime:0.000783s ]
INFO: [ view_filter ] --END-- [ RunTime:0.003629s ]
INFO: [ view_end ] --START--
INFO: Run ShowPageTrace Behavior [ RunTime:0.000838s ]
INFO: [ view_end ] --END-- [ RunTime:0.000892s ]

[ 2015-10-20T09:18:36+08:00 ] ERR: (ThinkException) 非法操作:data
[ 2015-10-20T09:18:37+08:00 ] ERR: (ThinkException) 非法操作:data
[ 2015-10-20T09:18:37+08:00 ] ERR: (ThinkException) 非法操作:data
[ 2015-10-20T09:18:37+08:00 ] ERR: (ThinkException) 非法操作:data
[ 2015-10-20T09:19:32+08:00 ] 127.0.0.1 /jiuye/qiantai.php/Index/index
INFO: [ route_check ] --START--
INFO: Run CheckRoute Behavior [ RunTime:0.001645s ]
INFO: [ route_check ] --END-- [ RunTime:0.001828s ]
INFO: [ app_begin ] --START--
INFO: Run ReadHtmlCache Behavior [ RunTime:0.001387s ]
INFO: [ app_begin ] --END-- [ RunTime:0.001722s ]
INFO: [ view_template ] --START--
INFO: Run LocationTemplate Behavior [ RunTime:0.001218s ]
INFO: [ view_template ] --END-- [ RunTime:0.001299s ]
INFO: [ view_parse ] --START--
INFO: Run ParseTemplate Behavior [ RunTime:0.052749s ]
INFO: [ view_parse ] --END-- [ RunTime:0.052845s ]
INFO: [ view_filter ] --START--
INFO: Run ContentReplace Behavior [ RunTime:0.001733s ]
INFO: Run TokenBuild Behavior [ RunTime:0.000980s ]
INFO: Run WriteHtmlCache Behavior [ RunTime:0.000806s ]
INFO: Run ShowRuntime Behavior [ RunTime:0.001059s ]
INFO: [ view_filter ] --END-- [ RunTime:0.004755s ]
INFO: [ view_end ] --START--
INFO: Run ShowPageTrace Behavior [ RunTime:0.001122s ]
INFO: [ view_end ] --END-- [ RunTime:0.001176s ]

[ 2015-10-20T09:19:32+08:00 ] ERR: (ThinkException) 非法操作:data
[ 2015-10-20T09:19:32+08:00 ] ERR: (ThinkException) 非法操作:data
[ 2015-10-20T09:19:46+08:00 ] 127.0.0.1 /jiuye/qiantai.php/Index/index
INFO: [ route_check ] --START--
INFO: Run CheckRoute Behavior [ RunTime:0.000913s ]
INFO: [ route_check ] --END-- [ RunTime:0.001006s ]
INFO: [ app_begin ] --START--
INFO: Run ReadHtmlCache Behavior [ RunTime:0.000559s ]
INFO: [ app_begin ] --END-- [ RunTime:0.000641s ]
INFO: [ view_template ] --START--
INFO: Run LocationTemplate Behavior [ RunTime:0.000367s ]
INFO: [ view_template ] --END-- [ RunTime:0.000448s ]
INFO: [ view_parse ] --START--
INFO: Run ParseTemplate Behavior [ RunTime:0.051747s ]
INFO: [ view_parse ] --END-- [ RunTime:0.051844s ]
INFO: [ view_filter ] --START--
INFO: Run ContentReplace Behavior [ RunTime:0.001161s ]
INFO: Run TokenBuild Behavior [ RunTime:0.000403s ]
INFO: Run WriteHtmlCache Behavior [ RunTime:0.000229s ]
INFO: Run ShowRuntime Behavior [ RunTime:0.000524s ]
INFO: [ view_filter ] --END-- [ RunTime:0.002493s ]
INFO: [ view_end ] --START--
INFO: Run ShowPageTrace Behavior [ RunTime:0.000574s ]
INFO: [ view_end ] --END-- [ RunTime:0.000635s ]

[ 2015-10-20T09:19:46+08:00 ] ERR: (ThinkException) 非法操作:data
[ 2015-10-20T09:19:46+08:00 ] ERR: (ThinkException) 非法操作:data
[ 2015-10-20T09:19:46+08:00 ] ERR: (ThinkException) 非法操作:data
[ 2015-10-20T09:19:46+08:00 ] ERR: (ThinkException) 非法操作:data
[ 2015-10-20T10:30:47+08:00 ] 127.0.0.1 /jiuye/qiantai.php/Index/index
INFO: [ route_check ] --START--
INFO: Run CheckRoute Behavior [ RunTime:0.002733s ]
INFO: [ route_check ] --END-- [ RunTime:0.003107s ]
INFO: [ app_begin ] --START--
INFO: Run ReadHtmlCache Behavior [ RunTime:0.003265s ]
INFO: [ app_begin ] --END-- [ RunTime:0.003570s ]
INFO: [ view_template ] --START--
INFO: Run LocationTemplate Behavior [ RunTime:0.001428s ]
INFO: [ view_template ] --END-- [ RunTime:0.001497s ]
INFO: [ view_parse ] --START--
INFO: Run ParseTemplate Behavior [ RunTime:0.053880s ]
INFO: [ view_parse ] --END-- [ RunTime:0.054010s ]
INFO: [ view_filter ] --START--
INFO: Run ContentReplace Behavior [ RunTime:0.001934s ]
INFO: Run TokenBuild Behavior [ RunTime:0.001087s ]
INFO: Run WriteHtmlCache Behavior [ RunTime:0.000957s ]
INFO: Run ShowRuntime Behavior [ RunTime:0.001176s ]
INFO: [ view_filter ] --END-- [ RunTime:0.005376s ]
INFO: [ view_end ] --START--
INFO: Run ShowPageTrace Behavior [ RunTime:0.001216s ]
INFO: [ view_end ] --END-- [ RunTime:0.001290s ]

[ 2015-10-20T10:30:47+08:00 ] ERR: (ThinkException) 非法操作:data
[ 2015-10-20T10:30:47+08:00 ] ERR: (ThinkException) 非法操作:data
[ 2015-10-20T14:18:16+08:00 ] 127.0.0.1 /jiuye/qiantai.php/Index/index
INFO: [ route_check ] --START--
INFO: Run CheckRoute Behavior [ RunTime:0.001693s ]
INFO: [ route_check ] --END-- [ RunTime:0.001881s ]
INFO: [ app_begin ] --START--
INFO: Run ReadHtmlCache Behavior [ RunTime:0.001343s ]
INFO: [ app_begin ] --END-- [ RunTime:0.001496s ]
INFO: [ view_template ] --START--
INFO: Run LocationTemplate Behavior [ RunTime:0.001738s ]
INFO: [ view_template ] --END-- [ RunTime:0.001885s ]
INFO: [ view_parse ] --START--
INFO: Run ParseTemplate Behavior [ RunTime:0.106538s ]
INFO: [ view_parse ] --END-- [ RunTime:0.106710s ]
INFO: [ view_filter ] --START--
INFO: Run ContentReplace Behavior [ RunTime:0.002283s ]
INFO: Run TokenBuild Behavior [ RunTime:0.000784s ]
INFO: Run WriteHtmlCache Behavior [ RunTime:0.000454s ]
INFO: Run ShowRuntime Behavior [ RunTime:0.001106s ]
INFO: [ view_filter ] --END-- [ RunTime:0.004977s ]
INFO: [ view_end ] --START--
INFO: Run ShowPageTrace Behavior [ RunTime:0.001539s ]
INFO: [ view_end ] --END-- [ RunTime:0.001694s ]

[ 2015-10-20T14:18:17+08:00 ] ERR: (ThinkException) 非法操作:data
[ 2015-10-20T14:18:17+08:00 ] ERR: (ThinkException) 非法操作:data
[ 2015-10-20T18:47:37+08:00 ] 127.0.0.1 /jiuye/qiantai.php/Index/index
INFO: [ route_check ] --START--
INFO: Run CheckRoute Behavior [ RunTime:0.001298s ]
INFO: [ route_check ] --END-- [ RunTime:0.001541s ]
INFO: [ app_begin ] --START--
INFO: Run ReadHtmlCache Behavior [ RunTime:0.001214s ]
INFO: [ app_begin ] --END-- [ RunTime:0.001601s ]
INFO: [ view_template ] --START--
INFO: Run LocationTemplate Behavior [ RunTime:0.002481s ]
INFO: [ view_template ] --END-- [ RunTime:0.002708s ]
INFO: [ view_parse ] --START--
INFO: Run ParseTemplate Behavior [ RunTime:0.105931s ]
INFO: [ view_parse ] --END-- [ RunTime:0.106263s ]
INFO: [ view_filter ] --START--
INFO: Run ContentReplace Behavior [ RunTime:0.001386s ]
INFO: Run TokenBuild Behavior [ RunTime:0.000395s ]
INFO: Run WriteHtmlCache Behavior [ RunTime:0.000321s ]
INFO: Run ShowRuntime Behavior [ RunTime:0.000471s ]
INFO: [ view_filter ] --END-- [ RunTime:0.002740s ]
INFO: [ view_end ] --START--
INFO: Run ShowPageTrace Behavior [ RunTime:0.000508s ]
INFO: [ view_end ] --END-- [ RunTime:0.000563s ]

[ 2015-10-20T18:47:37+08:00 ] ERR: (ThinkException) 非法操作:data
[ 2015-10-20T18:47:38+08:00 ] ERR: (ThinkException) 非法操作:data
[ 2015-10-20T20:25:58+08:00 ] 127.0.0.1 /jiuye/qiantai.php/Index/index
INFO: [ route_check ] --START--
INFO: Run CheckRoute Behavior [ RunTime:0.001453s ]
INFO: [ route_check ] --END-- [ RunTime:0.001554s ]
INFO: [ app_begin ] --START--
INFO: Run ReadHtmlCache Behavior [ RunTime:0.001055s ]
INFO: [ app_begin ] --END-- [ RunTime:0.001121s ]
INFO: [ view_template ] --START--
INFO: Run LocationTemplate Behavior [ RunTime:0.002322s ]
INFO: [ view_template ] --END-- [ RunTime:0.002458s ]
INFO: [ view_parse ] --START--
INFO: Run ParseTemplate Behavior [ RunTime:0.058446s ]
INFO: [ view_parse ] --END-- [ RunTime:0.058559s ]
INFO: [ view_filter ] --START--
INFO: Run ContentReplace Behavior [ RunTime:0.002191s ]
INFO: Run TokenBuild Behavior [ RunTime:0.003177s ]
INFO: Run WriteHtmlCache Behavior [ RunTime:0.000981s ]
INFO: Run ShowRuntime Behavior [ RunTime:0.001217s ]
INFO: [ view_filter ] --END-- [ RunTime:0.007934s ]
INFO: [ view_end ] --START--
INFO: Run ShowPageTrace Behavior [ RunTime:0.002525s ]
INFO: [ view_end ] --END-- [ RunTime:0.002597s ]

[ 2015-10-20T20:25:58+08:00 ] ERR: (ThinkException) 非法操作:data
[ 2015-10-20T20:25:58+08:00 ] ERR: (ThinkException) 非法操作:data
[ 2015-10-20T20:27:36+08:00 ] 127.0.0.1 /jiuye/qiantai.php/Index/index
INFO: [ route_check ] --START--
INFO: Run CheckRoute Behavior [ RunTime:0.005099s ]
INFO: [ route_check ] --END-- [ RunTime:0.005281s ]
INFO: [ app_begin ] --START--
INFO: Run ReadHtmlCache Behavior [ RunTime:0.000881s ]
INFO: [ app_begin ] --END-- [ RunTime:0.000987s ]
INFO: [ view_template ] --START--
INFO: Run LocationTemplate Behavior [ RunTime:0.001010s ]
INFO: [ view_template ] --END-- [ RunTime:0.001107s ]
INFO: [ view_parse ] --START--
INFO: Run ParseTemplate Behavior [ RunTime:0.053954s ]
INFO: [ view_parse ] --END-- [ RunTime:0.054037s ]
INFO: [ view_filter ] --START--
INFO: Run ContentReplace Behavior [ RunTime:0.001448s ]
INFO: Run TokenBuild Behavior [ RunTime:0.000698s ]
INFO: Run WriteHtmlCache Behavior [ RunTime:0.000541s ]
INFO: Run ShowRuntime Behavior [ RunTime:0.000794s ]
INFO: [ view_filter ] --END-- [ RunTime:0.003649s ]
INFO: [ view_end ] --START--
INFO: Run ShowPageTrace Behavior [ RunTime:0.000834s ]
INFO: [ view_end ] --END-- [ RunTime:0.000889s ]

[ 2015-10-20T20:27:36+08:00 ] ERR: (ThinkException) 非法操作:data
[ 2015-10-20T20:27:36+08:00 ] ERR: (ThinkException) 非法操作:data
[ 2015-10-20T20:28:06+08:00 ] 127.0.0.1 /jiuye/qiantai.php/Index/index
INFO: [ route_check ] --START--
INFO: Run CheckRoute Behavior [ RunTime:0.001704s ]
INFO: [ route_check ] --END-- [ RunTime:0.001835s ]
INFO: [ app_begin ] --START--
INFO: Run ReadHtmlCache Behavior [ RunTime:0.003436s ]
INFO: [ app_begin ] --END-- [ RunTime:0.003708s ]
INFO: [ view_template ] --START--
INFO: Run LocationTemplate Behavior [ RunTime:0.002318s ]
INFO: [ view_template ] --END-- [ RunTime:0.002404s ]
INFO: [ view_parse ] --START--
INFO: Run ParseTemplate Behavior [ RunTime:0.049076s ]
INFO: [ view_parse ] --END-- [ RunTime:0.049168s ]
INFO: [ view_filter ] --START--
INFO: Run ContentReplace Behavior [ RunTime:0.001901s ]
INFO: Run TokenBuild Behavior [ RunTime:0.001022s ]
INFO: Run WriteHtmlCache Behavior [ RunTime:0.000796s ]
INFO: Run ShowRuntime Behavior [ RunTime:0.001052s ]
INFO: [ view_filter ] --END-- [ RunTime:0.004955s ]
INFO: [ view_end ] --START--
INFO: Run ShowPageTrace Behavior [ RunTime:0.001110s ]
INFO: [ view_end ] --END-- [ RunTime:0.001165s ]

[ 2015-10-20T20:28:06+08:00 ] ERR: (ThinkException) 非法操作:data
[ 2015-10-20T20:28:06+08:00 ] ERR: (ThinkException) 非法操作:data
[ 2015-10-20T20:28:40+08:00 ] 127.0.0.1 /jiuye/qiantai.php/Index/index
INFO: [ route_check ] --START--
INFO: Run CheckRoute Behavior [ RunTime:0.000877s ]
INFO: [ route_check ] --END-- [ RunTime:0.000982s ]
INFO: [ app_begin ] --START--
INFO: Run ReadHtmlCache Behavior [ RunTime:0.000589s ]
INFO: [ app_begin ] --END-- [ RunTime:0.000671s ]
INFO: [ view_template ] --START--
INFO: Run LocationTemplate Behavior [ RunTime:0.000521s ]
INFO: [ view_template ] --END-- [ RunTime:0.000622s ]
INFO: [ view_parse ] --START--
INFO: Run ParseTemplate Behavior [ RunTime:0.049760s ]
INFO: [ view_parse ] --END-- [ RunTime:0.049861s ]
INFO: [ view_filter ] --START--
INFO: Run ContentReplace Behavior [ RunTime:0.001126s ]
INFO: Run TokenBuild Behavior [ RunTime:0.000378s ]
INFO: Run WriteHtmlCache Behavior [ RunTime:0.000210s ]
INFO: Run ShowRuntime Behavior [ RunTime:0.000510s ]
INFO: [ view_filter ] --END-- [ RunTime:0.002406s ]
INFO: [ view_end ] --START--
INFO: Run ShowPageTrace Behavior [ RunTime:0.000674s ]
INFO: [ view_end ] --END-- [ RunTime:0.000739s ]

[ 2015-10-20T20:28:40+08:00 ] ERR: (ThinkException) 非法操作:data
[ 2015-10-20T20:28:40+08:00 ] ERR: (ThinkException) 非法操作:data
[ 2015-10-20T20:29:11+08:00 ] 127.0.0.1 /jiuye/qiantai.php/Index/index
INFO: [ route_check ] --START--
INFO: Run CheckRoute Behavior [ RunTime:0.001696s ]
INFO: [ route_check ] --END-- [ RunTime:0.001799s ]
INFO: [ app_begin ] --START--
INFO: Run ReadHtmlCache Behavior [ RunTime:0.000910s ]
INFO: [ app_begin ] --END-- [ RunTime:0.000994s ]
INFO: [ view_template ] --START--
INFO: Run LocationTemplate Behavior [ RunTime:0.001773s ]
INFO: [ view_template ] --END-- [ RunTime:0.002000s ]
INFO: [ view_parse ] --START--
INFO: Run ParseTemplate Behavior [ RunTime:0.055287s ]
INFO: [ view_parse ] --END-- [ RunTime:0.055402s ]
INFO: [ view_filter ] --START--
INFO: Run ContentReplace Behavior [ RunTime:0.002058s ]
INFO: Run TokenBuild Behavior [ RunTime:0.001064s ]
INFO: Run WriteHtmlCache Behavior [ RunTime:0.000663s ]
INFO: Run ShowRuntime Behavior [ RunTime:0.002673s ]
INFO: [ view_filter ] --END-- [ RunTime:0.006727s ]
INFO: [ view_end ] --START--
INFO: Run ShowPageTrace Behavior [ RunTime:0.002360s ]
INFO: [ view_end ] --END-- [ RunTime:0.002510s ]

[ 2015-10-20T20:29:11+08:00 ] ERR: (ThinkException) 非法操作:data
[ 2015-10-20T20:29:11+08:00 ] ERR: (ThinkException) 非法操作:data
[ 2015-10-20T20:30:15+08:00 ] 127.0.0.1 /jiuye/qiantai.php/Index/index
INFO: [ route_check ] --START--
INFO: Run CheckRoute Behavior [ RunTime:0.001585s ]
INFO: [ route_check ] --END-- [ RunTime:0.001836s ]
INFO: [ app_begin ] --START--
INFO: Run ReadHtmlCache Behavior [ RunTime:0.001077s ]
INFO: [ app_begin ] --END-- [ RunTime:0.001254s ]
INFO: [ view_template ] --START--
INFO: Run LocationTemplate Behavior [ RunTime:0.000989s ]
INFO: [ view_template ] --END-- [ RunTime:0.001085s ]
INFO: [ view_parse ] --START--
INFO: Run ParseTemplate Behavior [ RunTime:0.048032s ]
INFO: [ view_parse ] --END-- [ RunTime:0.048117s ]
INFO: [ view_filter ] --START--
INFO: Run ContentReplace Behavior [ RunTime:0.001406s ]
INFO: Run TokenBuild Behavior [ RunTime:0.000978s ]
INFO: Run WriteHtmlCache Behavior [ RunTime:0.001780s ]
INFO: Run ShowRuntime Behavior [ RunTime:0.002086s ]
INFO: [ view_filter ] --END-- [ RunTime:0.006721s ]
INFO: [ view_end ] --START--
INFO: Run ShowPageTrace Behavior [ RunTime:0.001376s ]
INFO: [ view_end ] --END-- [ RunTime:0.001509s ]

[ 2015-10-20T20:30:15+08:00 ] ERR: (ThinkException) 非法操作:data
[ 2015-10-20T20:30:15+08:00 ] ERR: (ThinkException) 非法操作:data
[ 2015-10-20T20:31:21+08:00 ] 127.0.0.1 /jiuye/qiantai.php/Index/index
INFO: [ route_check ] --START--
INFO: Run CheckRoute Behavior [ RunTime:0.002389s ]
INFO: [ route_check ] --END-- [ RunTime:0.002598s ]
INFO: [ app_begin ] --START--
INFO: Run ReadHtmlCache Behavior [ RunTime:0.001047s ]
INFO: [ app_begin ] --END-- [ RunTime:0.001111s ]
INFO: [ view_template ] --START--
INFO: Run LocationTemplate Behavior [ RunTime:0.001356s ]
INFO: [ view_template ] --END-- [ RunTime:0.001417s ]
INFO: [ view_parse ] --START--
INFO: Run ParseTemplate Behavior [ RunTime:0.051132s ]
INFO: [ view_parse ] --END-- [ RunTime:0.051230s ]
INFO: [ view_filter ] --START--
INFO: Run ContentReplace Behavior [ RunTime:0.002013s ]
INFO: Run TokenBuild Behavior [ RunTime:0.001071s ]
INFO: Run WriteHtmlCache Behavior [ RunTime:0.000873s ]
INFO: Run ShowRuntime Behavior [ RunTime:0.001237s ]
INFO: [ view_filter ] --END-- [ RunTime:0.005408s ]
INFO: [ view_end ] --START--
INFO: Run ShowPageTrace Behavior [ RunTime:0.001119s ]
INFO: [ view_end ] --END-- [ RunTime:0.001175s ]

[ 2015-10-20T20:31:21+08:00 ] ERR: (ThinkException) 非法操作:data
[ 2015-10-20T20:31:21+08:00 ] ERR: (ThinkException) 非法操作:data
[ 2015-10-20T20:33:54+08:00 ] 127.0.0.1 /jiuye/qiantai.php/Index/index
INFO: [ route_check ] --START--
INFO: Run CheckRoute Behavior [ RunTime:0.002385s ]
INFO: [ route_check ] --END-- [ RunTime:0.002585s ]
INFO: [ app_begin ] --START--
INFO: Run ReadHtmlCache Behavior [ RunTime:0.001137s ]
INFO: [ app_begin ] --END-- [ RunTime:0.001315s ]
INFO: [ view_template ] --START--
INFO: Run LocationTemplate Behavior [ RunTime:0.001555s ]
INFO: [ view_template ] --END-- [ RunTime:0.001688s ]
INFO: [ view_parse ] --START--
INFO: Run ParseTemplate Behavior [ RunTime:0.053958s ]
INFO: [ view_parse ] --END-- [ RunTime:0.054097s ]
INFO: [ view_filter ] --START--
INFO: Run ContentReplace Behavior [ RunTime:0.001445s ]
INFO: Run TokenBuild Behavior [ RunTime:0.000695s ]
INFO: Run WriteHtmlCache Behavior [ RunTime:0.000525s ]
INFO: Run ShowRuntime Behavior [ RunTime:0.000778s ]
INFO: [ view_filter ] --END-- [ RunTime:0.003620s ]
INFO: [ view_end ] --START--
INFO: Run ShowPageTrace Behavior [ RunTime:0.000836s ]
INFO: [ view_end ] --END-- [ RunTime:0.000891s ]

[ 2015-10-20T20:33:54+08:00 ] ERR: (ThinkException) 非法操作:data
[ 2015-10-20T20:33:54+08:00 ] ERR: (ThinkException) 非法操作:data
[ 2015-10-20T20:35:36+08:00 ] 127.0.0.1 /jiuye/qiantai.php/Index/index
INFO: [ route_check ] --START--
INFO: Run CheckRoute Behavior [ RunTime:0.001263s ]
INFO: [ route_check ] --END-- [ RunTime:0.001528s ]
INFO: [ app_begin ] --START--
INFO: Run ReadHtmlCache Behavior [ RunTime:0.001155s ]
INFO: [ app_begin ] --END-- [ RunTime:0.001360s ]
INFO: [ view_template ] --START--
INFO: Run LocationTemplate Behavior [ RunTime:0.000494s ]
INFO: [ view_template ] --END-- [ RunTime:0.000583s ]
INFO: [ view_parse ] --START--
INFO: Run ParseTemplate Behavior [ RunTime:0.048877s ]
INFO: [ view_parse ] --END-- [ RunTime:0.049098s ]
INFO: [ view_filter ] --START--
INFO: Run ContentReplace Behavior [ RunTime:0.003281s ]
INFO: Run TokenBuild Behavior [ RunTime:0.000516s ]
INFO: Run WriteHtmlCache Behavior [ RunTime:0.000240s ]
INFO: Run ShowRuntime Behavior [ RunTime:0.000479s ]
INFO: [ view_filter ] --END-- [ RunTime:0.004712s ]
INFO: [ view_end ] --START--
INFO: Run ShowPageTrace Behavior [ RunTime:0.000521s ]
INFO: [ view_end ] --END-- [ RunTime:0.000575s ]

[ 2015-10-20T20:35:36+08:00 ] ERR: (ThinkException) 非法操作:data
[ 2015-10-20T20:35:36+08:00 ] ERR: (ThinkException) 非法操作:data
[ 2015-10-20T20:35:52+08:00 ] 127.0.0.1 /jiuye/qiantai.php/Index/index
INFO: [ route_check ] --START--
INFO: Run CheckRoute Behavior [ RunTime:0.001387s ]
INFO: [ route_check ] --END-- [ RunTime:0.001727s ]
INFO: [ app_begin ] --START--
INFO: Run ReadHtmlCache Behavior [ RunTime:0.002491s ]
INFO: [ app_begin ] --END-- [ RunTime:0.002710s ]
INFO: [ view_template ] --START--
INFO: Run LocationTemplate Behavior [ RunTime:0.000428s ]
INFO: [ view_template ] --END-- [ RunTime:0.000505s ]
INFO: [ view_parse ] --START--
INFO: Run ParseTemplate Behavior [ RunTime:0.048219s ]
INFO: [ view_parse ] --END-- [ RunTime:0.048308s ]
INFO: [ view_filter ] --START--
INFO: Run ContentReplace Behavior [ RunTime:0.001452s ]
INFO: Run TokenBuild Behavior [ RunTime:0.000475s ]
INFO: Run WriteHtmlCache Behavior [ RunTime:0.000218s ]
INFO: Run ShowRuntime Behavior [ RunTime:0.000475s ]
INFO: [ view_filter ] --END-- [ RunTime:0.002799s ]
INFO: [ view_end ] --START--
INFO: Run ShowPageTrace Behavior [ RunTime:0.000629s ]
INFO: [ view_end ] --END-- [ RunTime:0.000695s ]

[ 2015-10-20T20:35:52+08:00 ] ERR: (ThinkException) 非法操作:data
[ 2015-10-20T20:35:52+08:00 ] ERR: (ThinkException) 非法操作:data
[ 2015-10-20T20:35:55+08:00 ] 127.0.0.1 /jiuye/qiantai.php/Index/index
INFO: [ route_check ] --START--
INFO: Run CheckRoute Behavior [ RunTime:0.001296s ]
INFO: [ route_check ] --END-- [ RunTime:0.001402s ]
INFO: [ app_begin ] --START--
INFO: Run ReadHtmlCache Behavior [ RunTime:0.000879s ]
INFO: [ app_begin ] --END-- [ RunTime:0.000963s ]
INFO: [ view_template ] --START--
INFO: Run LocationTemplate Behavior [ RunTime:0.002437s ]
INFO: [ view_template ] --END-- [ RunTime:0.002622s ]
INFO: [ view_parse ] --START--
INFO: Run ParseTemplate Behavior [ RunTime:0.054406s ]
INFO: [ view_parse ] --END-- [ RunTime:0.054554s ]
INFO: [ view_filter ] --START--
INFO: Run ContentReplace Behavior [ RunTime:0.002066s ]
INFO: Run TokenBuild Behavior [ RunTime:0.000819s ]
INFO: Run WriteHtmlCache Behavior [ RunTime:0.000537s ]
INFO: Run ShowRuntime Behavior [ RunTime:0.000787s ]
INFO: [ view_filter ] --END-- [ RunTime:0.004394s ]
INFO: [ view_end ] --START--
INFO: Run ShowPageTrace Behavior [ RunTime:0.000828s ]
INFO: [ view_end ] --END-- [ RunTime:0.000883s ]

[ 2015-10-20T20:35:55+08:00 ] ERR: (ThinkException) 非法操作:data
[ 2015-10-20T20:35:55+08:00 ] ERR: (ThinkException) 非法操作:data
[ 2015-10-20T20:36:25+08:00 ] 127.0.0.1 /jiuye/qiantai.php/Index/index
INFO: [ route_check ] --START--
INFO: Run CheckRoute Behavior [ RunTime:0.001639s ]
INFO: [ route_check ] --END-- [ RunTime:0.001898s ]
INFO: [ app_begin ] --START--
INFO: Run ReadHtmlCache Behavior [ RunTime:0.000508s ]
INFO: [ app_begin ] --END-- [ RunTime:0.000577s ]
INFO: [ view_template ] --START--
INFO: Run LocationTemplate Behavior [ RunTime:0.000297s ]
INFO: [ view_template ] --END-- [ RunTime:0.000354s ]
INFO: [ view_parse ] --START--
INFO: Run ParseTemplate Behavior [ RunTime:0.047447s ]
INFO: [ view_parse ] --END-- [ RunTime:0.047568s ]
INFO: [ view_filter ] --START--
INFO: Run ContentReplace Behavior [ RunTime:0.001125s ]
INFO: Run TokenBuild Behavior [ RunTime:0.000354s ]
INFO: Run WriteHtmlCache Behavior [ RunTime:0.000201s ]
INFO: Run ShowRuntime Behavior [ RunTime:0.000503s ]
INFO: [ view_filter ] --END-- [ RunTime:0.002349s ]
INFO: [ view_end ] --START--
INFO: Run ShowPageTrace Behavior [ RunTime:0.000730s ]
INFO: [ view_end ] --END-- [ RunTime:0.000792s ]

[ 2015-10-20T20:36:25+08:00 ] ERR: (ThinkException) 非法操作:data
[ 2015-10-20T20:36:25+08:00 ] ERR: (ThinkException) 非法操作:data
[ 2015-10-20T20:39:49+08:00 ] 127.0.0.1 /jiuye/qiantai.php/Index/index
INFO: [ route_check ] --START--
INFO: Run CheckRoute Behavior [ RunTime:0.001935s ]
INFO: [ route_check ] --END-- [ RunTime:0.002121s ]
INFO: [ app_begin ] --START--
INFO: Run ReadHtmlCache Behavior [ RunTime:0.000766s ]
INFO: [ app_begin ] --END-- [ RunTime:0.000829s ]
INFO: [ view_template ] --START--
INFO: Run LocationTemplate Behavior [ RunTime:0.001883s ]
INFO: [ view_template ] --END-- [ RunTime:0.002013s ]
INFO: [ view_parse ] --START--
INFO: Run ParseTemplate Behavior [ RunTime:0.049297s ]
INFO: [ view_parse ] --END-- [ RunTime:0.049397s ]
INFO: [ view_filter ] --START--
INFO: Run ContentReplace Behavior [ RunTime:0.001831s ]
INFO: Run TokenBuild Behavior [ RunTime:0.000834s ]
INFO: Run WriteHtmlCache Behavior [ RunTime:0.000530s ]
INFO: Run ShowRuntime Behavior [ RunTime:0.000780s ]
INFO: [ view_filter ] --END-- [ RunTime:0.004163s ]
INFO: [ view_end ] --START--
INFO: Run ShowPageTrace Behavior [ RunTime:0.000832s ]
INFO: [ view_end ] --END-- [ RunTime:0.000887s ]

[ 2015-10-20T20:39:49+08:00 ] ERR: (ThinkException) 非法操作:data
[ 2015-10-20T20:39:49+08:00 ] ERR: (ThinkException) 非法操作:data
[ 2015-10-20T20:40:07+08:00 ] 127.0.0.1 /jiuye/qiantai.php/Index/login
INFO: [ route_check ] --START--
INFO: Run CheckRoute Behavior [ RunTime:0.002743s ]
INFO: [ route_check ] --END-- [ RunTime:0.002921s ]
INFO: [ app_begin ] --START--
INFO: Run ReadHtmlCache Behavior [ RunTime:0.000643s ]
INFO: [ app_begin ] --END-- [ RunTime:0.000739s ]

