[ 2015-10-29T19:02:54+08:00 ] 127.0.0.1 /jiuye/qiantai.php/Index/lianxi
INFO: [ route_check ] --START--
INFO: Run CheckRoute Behavior [ RunTime:0.015226s ]
INFO: [ route_check ] --END-- [ RunTime:0.015525s ]
INFO: [ app_begin ] --START--
INFO: Run ReadHtmlCache Behavior [ RunTime:0.002644s ]
INFO: [ app_begin ] --END-- [ RunTime:0.002876s ]
NOTIC: [8] Undefined index:  sub D:\xampp\htdocs\Jiuye\Index\Lib\Action\IndexAction.class.php 第 170 行.
INFO: [ view_template ] --START--
INFO: Run LocationTemplate Behavior [ RunTime:0.008305s ]
INFO: [ view_template ] --END-- [ RunTime:0.008481s ]
INFO: [ view_parse ] --START--
INFO: Run ParseTemplate Behavior [ RunTime:0.069586s ]
INFO: [ view_parse ] --END-- [ RunTime:0.069723s ]
INFO: [ view_filter ] --START--
INFO: Run ContentReplace Behavior [ RunTime:0.020704s ]
INFO: Run TokenBuild Behavior [ RunTime:0.017186s ]
INFO: Run WriteHtmlCache Behavior [ RunTime:0.005090s ]
INFO: Run ShowRuntime Behavior [ RunTime:0.011412s ]
INFO: [ view_filter ] --END-- [ RunTime:0.054975s ]
INFO: [ view_end ] --START--
INFO: Run ShowPageTrace Behavior [ RunTime:0.016271s ]
INFO: [ view_end ] --END-- [ RunTime:0.016435s ]

[ 2015-10-29T19:03:04+08:00 ] 127.0.0.1 /jiuye/qiantai.php/Index/lianxi
INFO: [ route_check ] --START--
INFO: Run CheckRoute Behavior [ RunTime:0.004163s ]
INFO: [ route_check ] --END-- [ RunTime:0.004646s ]
INFO: [ app_begin ] --START--
INFO: Run ReadHtmlCache Behavior [ RunTime:0.001650s ]
INFO: [ app_begin ] --END-- [ RunTime:0.002046s ]
NOTIC: [8] Undefined index:  sub D:\xampp\htdocs\Jiuye\Index\Lib\Action\IndexAction.class.php 第 170 行.
INFO: [ view_template ] --START--
INFO: Run LocationTemplate Behavior [ RunTime:0.001410s ]
INFO: [ view_template ] --END-- [ RunTime:0.001569s ]
INFO: [ view_parse ] --START--
INFO: Run ParseTemplate Behavior [ RunTime:0.016884s ]
INFO: [ view_parse ] --END-- [ RunTime:0.017069s ]
INFO: [ view_filter ] --START--
INFO: Run ContentReplace Behavior [ RunTime:0.000633s ]
INFO: Run TokenBuild Behavior [ RunTime:0.000658s ]
INFO: Run WriteHtmlCache Behavior [ RunTime:0.000401s ]
INFO: Run ShowRuntime Behavior [ RunTime:0.000934s ]
INFO: [ view_filter ] --END-- [ RunTime:0.002958s ]
INFO: [ view_end ] --START--
INFO: Run ShowPageTrace Behavior [ RunTime:0.001486s ]
INFO: [ view_end ] --END-- [ RunTime:0.001644s ]

[ 2015-10-29T19:03:29+08:00 ] 127.0.0.1 /jiuye/qiantai.php/Index/lianxi
INFO: [ route_check ] --START--
INFO: Run CheckRoute Behavior [ RunTime:0.002941s ]
INFO: [ route_check ] --END-- [ RunTime:0.003275s ]
INFO: [ app_begin ] --START--
INFO: Run ReadHtmlCache Behavior [ RunTime:0.000906s ]
INFO: [ app_begin ] --END-- [ RunTime:0.001018s ]
NOTIC: [8] Undefined index:  sub D:\xampp\htdocs\Jiuye\Index\Lib\Action\IndexAction.class.php 第 170 行.
INFO: [ view_template ] --START--
INFO: Run LocationTemplate Behavior [ RunTime:0.000564s ]
INFO: [ view_template ] --END-- [ RunTime:0.000670s ]
INFO: [ view_parse ] --START--
INFO: Run ParseTemplate Behavior [ RunTime:0.011648s ]
INFO: [ view_parse ] --END-- [ RunTime:0.011779s ]
INFO: [ view_filter ] --START--
INFO: Run ContentReplace Behavior [ RunTime:0.000532s ]
INFO: Run TokenBuild Behavior [ RunTime:0.000556s ]
INFO: Run WriteHtmlCache Behavior [ RunTime:0.000372s ]
INFO: Run ShowRuntime Behavior [ RunTime:0.000749s ]
INFO: [ view_filter ] --END-- [ RunTime:0.002488s ]
INFO: [ view_end ] --START--
INFO: Run ShowPageTrace Behavior [ RunTime:0.000968s ]
INFO: [ view_end ] --END-- [ RunTime:0.001067s ]

[ 2015-10-29T19:03:30+08:00 ] 127.0.0.1 /jiuye/qiantai.php/Index/lianxi
INFO: [ route_check ] --START--
INFO: Run CheckRoute Behavior [ RunTime:0.003052s ]
INFO: [ route_check ] --END-- [ RunTime:0.003429s ]
INFO: [ app_begin ] --START--
INFO: Run ReadHtmlCache Behavior [ RunTime:0.002243s ]
INFO: [ app_begin ] --END-- [ RunTime:0.002496s ]
NOTIC: [8] Undefined index:  sub D:\xampp\htdocs\Jiuye\Index\Lib\Action\IndexAction.class.php 第 170 行.
INFO: [ view_template ] --START--
INFO: Run LocationTemplate Behavior [ RunTime:0.003149s ]
INFO: [ view_template ] --END-- [ RunTime:0.003698s ]
INFO: [ view_parse ] --START--
INFO: Run ParseTemplate Behavior [ RunTime:0.026974s ]
INFO: [ view_parse ] --END-- [ RunTime:0.027530s ]
INFO: [ view_filter ] --START--
INFO: Run ContentReplace Behavior [ RunTime:0.000983s ]
INFO: Run TokenBuild Behavior [ RunTime:0.000979s ]
INFO: Run WriteHtmlCache Behavior [ RunTime:0.000642s ]
INFO: Run ShowRuntime Behavior [ RunTime:0.001238s ]
INFO: [ view_filter ] --END-- [ RunTime:0.004333s ]
INFO: [ view_end ] --START--
INFO: Run ShowPageTrace Behavior [ RunTime:0.001842s ]
INFO: [ view_end ] --END-- [ RunTime:0.002059s ]

[ 2015-10-29T19:03:30+08:00 ] 127.0.0.1 /jiuye/qiantai.php/Index/lianxi
INFO: [ route_check ] --START--
INFO: Run CheckRoute Behavior [ RunTime:0.001805s ]
INFO: [ route_check ] --END-- [ RunTime:0.002009s ]
INFO: [ app_begin ] --START--
INFO: Run ReadHtmlCache Behavior [ RunTime:0.000979s ]
INFO: [ app_begin ] --END-- [ RunTime:0.001149s ]
NOTIC: [8] Undefined index:  sub D:\xampp\htdocs\Jiuye\Index\Lib\Action\IndexAction.class.php 第 170 行.
INFO: [ view_template ] --START--
INFO: Run LocationTemplate Behavior [ RunTime:0.000616s ]
INFO: [ view_template ] --END-- [ RunTime:0.000741s ]
INFO: [ view_parse ] --START--
INFO: Run ParseTemplate Behavior [ RunTime:0.014676s ]
INFO: [ view_parse ] --END-- [ RunTime:0.014843s ]
INFO: [ view_filter ] --START--
INFO: Run ContentReplace Behavior [ RunTime:0.000563s ]
INFO: Run TokenBuild Behavior [ RunTime:0.000588s ]
INFO: Run WriteHtmlCache Behavior [ RunTime:0.000372s ]
INFO: Run ShowRuntime Behavior [ RunTime:0.000786s ]
INFO: [ view_filter ] --END-- [ RunTime:0.002604s ]
INFO: [ view_end ] --START--
INFO: Run ShowPageTrace Behavior [ RunTime:0.001042s ]
INFO: [ view_end ] --END-- [ RunTime:0.001154s ]

[ 2015-10-29T19:03:38+08:00 ] 127.0.0.1 /jiuye/qiantai.php/Index/lianxi
INFO: [ route_check ] --START--
INFO: Run CheckRoute Behavior [ RunTime:0.001671s ]
INFO: [ route_check ] --END-- [ RunTime:0.001874s ]
INFO: [ app_begin ] --START--
INFO: Run ReadHtmlCache Behavior [ RunTime:0.001286s ]
INFO: [ app_begin ] --END-- [ RunTime:0.001510s ]
NOTIC: [8] Undefined index:  sub D:\xampp\htdocs\Jiuye\Index\Lib\Action\IndexAction.class.php 第 170 行.
INFO: [ view_template ] --START--
INFO: Run LocationTemplate Behavior [ RunTime:0.001115s ]
INFO: [ view_template ] --END-- [ RunTime:0.001364s ]
INFO: [ view_parse ] --START--
INFO: Run ParseTemplate Behavior [ RunTime:0.016922s ]
INFO: [ view_parse ] --END-- [ RunTime:0.017123s ]
INFO: [ view_filter ] --START--
INFO: Run ContentReplace Behavior [ RunTime:0.000623s ]
INFO: Run TokenBuild Behavior [ RunTime:0.000571s ]
INFO: Run WriteHtmlCache Behavior [ RunTime:0.000373s ]
INFO: Run ShowRuntime Behavior [ RunTime:0.000777s ]
INFO: [ view_filter ] --END-- [ RunTime:0.002660s ]
INFO: [ view_end ] --START--
INFO: Run ShowPageTrace Behavior [ RunTime:0.001154s ]
INFO: [ view_end ] --END-- [ RunTime:0.001283s ]

[ 2015-10-29T19:04:46+08:00 ] 127.0.0.1 /jiuye/qiantai.php/Index/lianxi
INFO: [ route_check ] --START--
INFO: Run CheckRoute Behavior [ RunTime:0.001931s ]
INFO: [ route_check ] --END-- [ RunTime:0.002066s ]
INFO: [ app_begin ] --START--
INFO: Run ReadHtmlCache Behavior [ RunTime:0.000671s ]
INFO: [ app_begin ] --END-- [ RunTime:0.000796s ]
NOTIC: [8] Undefined index:  sub D:\xampp\htdocs\Jiuye\Index\Lib\Action\IndexAction.class.php 第 170 行.
INFO: [ view_template ] --START--
INFO: Run LocationTemplate Behavior [ RunTime:0.000346s ]
INFO: [ view_template ] --END-- [ RunTime:0.000404s ]
INFO: [ view_parse ] --START--
INFO: Run ParseTemplate Behavior [ RunTime:0.007223s ]
INFO: [ view_parse ] --END-- [ RunTime:0.007517s ]
INFO: [ view_filter ] --START--
INFO: Run ContentReplace Behavior [ RunTime:0.001250s ]
INFO: Run TokenBuild Behavior [ RunTime:0.000394s ]
INFO: Run WriteHtmlCache Behavior [ RunTime:0.000252s ]
INFO: Run ShowRuntime Behavior [ RunTime:0.000470s ]
INFO: [ view_filter ] --END-- [ RunTime:0.002657s ]
INFO: [ view_end ] --START--
INFO: Run ShowPageTrace Behavior [ RunTime:0.000511s ]
INFO: [ view_end ] --END-- [ RunTime:0.000564s ]

[ 2015-10-29T19:07:04+08:00 ] 127.0.0.1 /jiuye/qiantai.php/Index/lianxi
INFO: [ route_check ] --START--
INFO: Run CheckRoute Behavior [ RunTime:0.001439s ]
INFO: [ route_check ] --END-- [ RunTime:0.001544s ]
INFO: [ app_begin ] --START--
INFO: Run ReadHtmlCache Behavior [ RunTime:0.001030s ]
INFO: [ app_begin ] --END-- [ RunTime:0.001151s ]
NOTIC: [8] Undefined index:  sub D:\xampp\htdocs\Jiuye\Index\Lib\Action\IndexAction.class.php 第 170 行.
INFO: [ view_template ] --START--
INFO: Run LocationTemplate Behavior [ RunTime:0.001138s ]
INFO: [ view_template ] --END-- [ RunTime:0.001218s ]
INFO: [ view_parse ] --START--
INFO: Run ParseTemplate Behavior [ RunTime:0.009067s ]
INFO: [ view_parse ] --END-- [ RunTime:0.009157s ]
INFO: [ view_filter ] --START--
INFO: Run ContentReplace Behavior [ RunTime:0.000759s ]
INFO: Run TokenBuild Behavior [ RunTime:0.000712s ]
INFO: Run WriteHtmlCache Behavior [ RunTime:0.000638s ]
INFO: Run ShowRuntime Behavior [ RunTime:0.000800s ]
INFO: [ view_filter ] --END-- [ RunTime:0.003106s ]
INFO: [ view_end ] --START--
INFO: Run ShowPageTrace Behavior [ RunTime:0.000959s ]
INFO: [ view_end ] --END-- [ RunTime:0.001021s ]

[ 2015-10-29T19:07:11+08:00 ] 127.0.0.1 /jiuye/qiantai.php/Index/lianxi
INFO: [ route_check ] --START--
INFO: Run CheckRoute Behavior [ RunTime:0.001693s ]
INFO: [ route_check ] --END-- [ RunTime:0.001890s ]
INFO: [ app_begin ] --START--
INFO: Run ReadHtmlCache Behavior [ RunTime:0.001014s ]
INFO: [ app_begin ] --END-- [ RunTime:0.001148s ]
NOTIC: [8] Undefined index:  sub D:\xampp\htdocs\Jiuye\Index\Lib\Action\IndexAction.class.php 第 170 行.
INFO: [ view_template ] --START--
INFO: Run LocationTemplate Behavior [ RunTime:0.000634s ]
INFO: [ view_template ] --END-- [ RunTime:0.000752s ]
INFO: [ view_parse ] --START--
INFO: Run ParseTemplate Behavior [ RunTime:0.015612s ]
INFO: [ view_parse ] --END-- [ RunTime:0.015775s ]
INFO: [ view_filter ] --START--
INFO: Run ContentReplace Behavior [ RunTime:0.000606s ]
INFO: Run TokenBuild Behavior [ RunTime:0.000647s ]
INFO: Run WriteHtmlCache Behavior [ RunTime:0.000409s ]
INFO: Run ShowRuntime Behavior [ RunTime:0.000847s ]
INFO: [ view_filter ] --END-- [ RunTime:0.002819s ]
INFO: [ view_end ] --START--
INFO: Run ShowPageTrace Behavior [ RunTime:0.001694s ]
INFO: [ view_end ] --END-- [ RunTime:0.002117s ]

[ 2015-10-29T19:07:18+08:00 ] 127.0.0.1 /jiuye/qiantai.php/Index/lianxi
INFO: [ route_check ] --START--
INFO: Run CheckRoute Behavior [ RunTime:0.000911s ]
INFO: [ route_check ] --END-- [ RunTime:0.001067s ]
INFO: [ app_begin ] --START--
INFO: Run ReadHtmlCache Behavior [ RunTime:0.000511s ]
INFO: [ app_begin ] --END-- [ RunTime:0.000646s ]
NOTIC: [8] Undefined index:  sub D:\xampp\htdocs\Jiuye\Index\Lib\Action\IndexAction.class.php 第 170 行.
INFO: [ view_template ] --START--
INFO: Run LocationTemplate Behavior [ RunTime:0.000341s ]
INFO: [ view_template ] --END-- [ RunTime:0.000398s ]
INFO: [ view_parse ] --START--
INFO: Run ParseTemplate Behavior [ RunTime:0.009685s ]
INFO: [ view_parse ] --END-- [ RunTime:0.009765s ]
INFO: [ view_filter ] --START--
INFO: Run ContentReplace Behavior [ RunTime:0.000282s ]
INFO: Run TokenBuild Behavior [ RunTime:0.000293s ]
INFO: Run WriteHtmlCache Behavior [ RunTime:0.000193s ]
INFO: Run ShowRuntime Behavior [ RunTime:0.000488s ]
INFO: [ view_filter ] --END-- [ RunTime:0.001405s ]
INFO: [ view_end ] --START--
INFO: Run ShowPageTrace Behavior [ RunTime:0.000512s ]
INFO: [ view_end ] --END-- [ RunTime:0.000564s ]

[ 2015-10-29T19:07:25+08:00 ] 127.0.0.1 /jiuye/qiantai.php/Index/lianxi
INFO: [ route_check ] --START--
INFO: Run CheckRoute Behavior [ RunTime:0.003184s ]
INFO: [ route_check ] --END-- [ RunTime:0.003535s ]
INFO: [ app_begin ] --START--
INFO: Run ReadHtmlCache Behavior [ RunTime:0.002472s ]
INFO: [ app_begin ] --END-- [ RunTime:0.002739s ]
NOTIC: [8] Undefined index:  sub D:\xampp\htdocs\Jiuye\Index\Lib\Action\IndexAction.class.php 第 170 行.
INFO: [ view_template ] --START--
INFO: Run LocationTemplate Behavior [ RunTime:0.000667s ]
INFO: [ view_template ] --END-- [ RunTime:0.000804s ]
INFO: [ view_parse ] --START--
INFO: Run ParseTemplate Behavior [ RunTime:0.012434s ]
INFO: [ view_parse ] --END-- [ RunTime:0.012628s ]
INFO: [ view_filter ] --START--
INFO: Run ContentReplace Behavior [ RunTime:0.001221s ]
INFO: Run TokenBuild Behavior [ RunTime:0.000887s ]
INFO: Run WriteHtmlCache Behavior [ RunTime:0.000722s ]
INFO: Run ShowRuntime Behavior [ RunTime:0.001189s ]
INFO: [ view_filter ] --END-- [ RunTime:0.004462s ]
INFO: [ view_end ] --START--
INFO: Run ShowPageTrace Behavior [ RunTime:0.001168s ]
INFO: [ view_end ] --END-- [ RunTime:0.001297s ]

[ 2015-10-29T19:14:29+08:00 ] 127.0.0.1 /jiuye/qiantai.php/Index/lianxi
INFO: [ route_check ] --START--
INFO: Run CheckRoute Behavior [ RunTime:0.001401s ]
INFO: [ route_check ] --END-- [ RunTime:0.001541s ]
INFO: [ app_begin ] --START--
INFO: Run ReadHtmlCache Behavior [ RunTime:0.001055s ]
INFO: [ app_begin ] --END-- [ RunTime:0.001180s ]
NOTIC: [8] Undefined index:  sub D:\xampp\htdocs\Jiuye\Index\Lib\Action\IndexAction.class.php 第 170 行.
INFO: [ view_template ] --START--
INFO: Run LocationTemplate Behavior [ RunTime:0.001942s ]
INFO: [ view_template ] --END-- [ RunTime:0.002099s ]
INFO: [ view_parse ] --START--
INFO: Run ParseTemplate Behavior [ RunTime:0.017784s ]
INFO: [ view_parse ] --END-- [ RunTime:0.018074s ]
INFO: [ view_filter ] --START--
INFO: Run ContentReplace Behavior [ RunTime:0.001195s ]
INFO: Run TokenBuild Behavior [ RunTime:0.001165s ]
INFO: Run WriteHtmlCache Behavior [ RunTime:0.000985s ]
INFO: Run ShowRuntime Behavior [ RunTime:0.001482s ]
INFO: [ view_filter ] --END-- [ RunTime:0.005169s ]
INFO: [ view_end ] --START--
INFO: Run ShowPageTrace Behavior [ RunTime:0.001814s ]
INFO: [ view_end ] --END-- [ RunTime:0.001946s ]

[ 2015-10-29T19:14:36+08:00 ] 127.0.0.1 /jiuye/qiantai.php/Index/lianxi
INFO: [ route_check ] --START--
INFO: Run CheckRoute Behavior [ RunTime:0.000952s ]
INFO: [ route_check ] --END-- [ RunTime:0.001056s ]
INFO: [ app_begin ] --START--
INFO: Run ReadHtmlCache Behavior [ RunTime:0.000561s ]
INFO: [ app_begin ] --END-- [ RunTime:0.000643s ]
SQL: SHOW COLUMNS FROM `w_lianxi` [ RunTime:0.122881s ]

[ 2015-10-29T19:14:55+08:00 ] 127.0.0.1 /jiuye/qiantai.php/Index/lianxi
INFO: [ route_check ] --START--
INFO: Run CheckRoute Behavior [ RunTime:0.001163s ]
INFO: [ route_check ] --END-- [ RunTime:0.001288s ]
INFO: [ app_begin ] --START--
INFO: Run ReadHtmlCache Behavior [ RunTime:0.000543s ]
INFO: [ app_begin ] --END-- [ RunTime:0.000623s ]
NOTIC: [8] Undefined index:  sub D:\xampp\htdocs\Jiuye\Index\Lib\Action\IndexAction.class.php 第 170 行.
INFO: [ view_template ] --START--
INFO: Run LocationTemplate Behavior [ RunTime:0.000361s ]
INFO: [ view_template ] --END-- [ RunTime:0.000430s ]
INFO: [ view_parse ] --START--
INFO: Run ParseTemplate Behavior [ RunTime:0.008928s ]
INFO: [ view_parse ] --END-- [ RunTime:0.009181s ]
INFO: [ view_filter ] --START--
INFO: Run ContentReplace Behavior [ RunTime:0.000969s ]
INFO: Run TokenBuild Behavior [ RunTime:0.001119s ]
INFO: Run WriteHtmlCache Behavior [ RunTime:0.000505s ]
INFO: Run ShowRuntime Behavior [ RunTime:0.000486s ]
INFO: [ view_filter ] --END-- [ RunTime:0.003555s ]
INFO: [ view_end ] --START--
INFO: Run ShowPageTrace Behavior [ RunTime:0.000623s ]
INFO: [ view_end ] --END-- [ RunTime:0.000682s ]

[ 2015-10-29T19:15:01+08:00 ] 127.0.0.1 /jiuye/qiantai.php/Index/lianxi
INFO: [ route_check ] --START--
INFO: Run CheckRoute Behavior [ RunTime:0.000913s ]
INFO: [ route_check ] --END-- [ RunTime:0.001014s ]
INFO: [ app_begin ] --START--
INFO: Run ReadHtmlCache Behavior [ RunTime:0.000545s ]
INFO: [ app_begin ] --END-- [ RunTime:0.000619s ]
SQL: SHOW COLUMNS FROM `w_lianxi` [ RunTime:0.001950s ]

[ 2015-10-29T19:15:34+08:00 ] 127.0.0.1 /jiuye/qiantai.php/Index/lianxi
INFO: [ route_check ] --START--
INFO: Run CheckRoute Behavior [ RunTime:0.000949s ]
INFO: [ route_check ] --END-- [ RunTime:0.001051s ]
INFO: [ app_begin ] --START--
INFO: Run ReadHtmlCache Behavior [ RunTime:0.000597s ]
INFO: [ app_begin ] --END-- [ RunTime:0.000691s ]
NOTIC: [8] Undefined index:  sub D:\xampp\htdocs\Jiuye\Index\Lib\Action\IndexAction.class.php 第 170 行.
INFO: [ view_template ] --START--
INFO: Run LocationTemplate Behavior [ RunTime:0.000402s ]
INFO: [ view_template ] --END-- [ RunTime:0.000476s ]
INFO: [ view_parse ] --START--
INFO: Run ParseTemplate Behavior [ RunTime:0.009131s ]
INFO: [ view_parse ] --END-- [ RunTime:0.009400s ]
INFO: [ view_filter ] --START--
INFO: Run ContentReplace Behavior [ RunTime:0.000903s ]
INFO: Run TokenBuild Behavior [ RunTime:0.000878s ]
INFO: Run WriteHtmlCache Behavior [ RunTime:0.000357s ]
INFO: Run ShowRuntime Behavior [ RunTime:0.000546s ]
INFO: [ view_filter ] --END-- [ RunTime:0.002984s ]
INFO: [ view_end ] --START--
INFO: Run ShowPageTrace Behavior [ RunTime:0.000857s ]
INFO: [ view_end ] --END-- [ RunTime:0.000941s ]

[ 2015-10-29T19:15:55+08:00 ] 127.0.0.1 /jiuye/qiantai.php/Index/lianxi
INFO: [ route_check ] --START--
INFO: Run CheckRoute Behavior [ RunTime:0.000811s ]
INFO: [ route_check ] --END-- [ RunTime:0.000897s ]
INFO: [ app_begin ] --START--
INFO: Run ReadHtmlCache Behavior [ RunTime:0.000465s ]
INFO: [ app_begin ] --END-- [ RunTime:0.000559s ]
SQL: SHOW COLUMNS FROM `w_lianxi` [ RunTime:0.002033s ]

[ 2015-10-29T19:31:43+08:00 ] 127.0.0.1 /jiuye/qiantai.php/Index/lianxi
INFO: [ route_check ] --START--
INFO: Run CheckRoute Behavior [ RunTime:0.001496s ]
INFO: [ route_check ] --END-- [ RunTime:0.001665s ]
INFO: [ app_begin ] --START--
INFO: Run ReadHtmlCache Behavior [ RunTime:0.000885s ]
INFO: [ app_begin ] --END-- [ RunTime:0.001013s ]
NOTIC: [8] Undefined index:  sub D:\xampp\htdocs\Jiuye\Index\Lib\Action\IndexAction.class.php 第 170 行.
INFO: [ view_template ] --START--
INFO: Run LocationTemplate Behavior [ RunTime:0.001063s ]
INFO: [ view_template ] --END-- [ RunTime:0.001156s ]
INFO: [ view_parse ] --START--
INFO: Run ParseTemplate Behavior [ RunTime:0.011716s ]
INFO: [ view_parse ] --END-- [ RunTime:0.011837s ]
INFO: [ view_filter ] --START--
INFO: Run ContentReplace Behavior [ RunTime:0.000708s ]
INFO: Run TokenBuild Behavior [ RunTime:0.000745s ]
INFO: Run WriteHtmlCache Behavior [ RunTime:0.000860s ]
INFO: Run ShowRuntime Behavior [ RunTime:0.001863s ]
INFO: [ view_filter ] --END-- [ RunTime:0.004516s ]
INFO: [ view_end ] --START--
INFO: Run ShowPageTrace Behavior [ RunTime:0.002364s ]
INFO: [ view_end ] --END-- [ RunTime:0.002445s ]

[ 2015-10-29T19:31:49+08:00 ] 127.0.0.1 /jiuye/qiantai.php/Index/lianxi
INFO: [ route_check ] --START--
INFO: Run CheckRoute Behavior [ RunTime:0.001664s ]
INFO: [ route_check ] --END-- [ RunTime:0.001855s ]
INFO: [ app_begin ] --START--
INFO: Run ReadHtmlCache Behavior [ RunTime:0.002067s ]
INFO: [ app_begin ] --END-- [ RunTime:0.002372s ]
NOTIC: [8] Undefined index:  sub D:\xampp\htdocs\Jiuye\Index\Lib\Action\IndexAction.class.php 第 170 行.
INFO: [ view_template ] --START--
INFO: Run LocationTemplate Behavior [ RunTime:0.000742s ]
INFO: [ view_template ] --END-- [ RunTime:0.000907s ]
INFO: [ view_parse ] --START--
INFO: Run ParseTemplate Behavior [ RunTime:0.013522s ]
INFO: [ view_parse ] --END-- [ RunTime:0.013721s ]
INFO: [ view_filter ] --START--
INFO: Run ContentReplace Behavior [ RunTime:0.000603s ]
INFO: Run TokenBuild Behavior [ RunTime:0.001067s ]
INFO: Run WriteHtmlCache Behavior [ RunTime:0.000776s ]
INFO: Run ShowRuntime Behavior [ RunTime:0.001749s ]
INFO: [ view_filter ] --END-- [ RunTime:0.004803s ]
INFO: [ view_end ] --START--
INFO: Run ShowPageTrace Behavior [ RunTime:0.001428s ]
INFO: [ view_end ] --END-- [ RunTime:0.001580s ]

[ 2015-10-29T19:31:55+08:00 ] 127.0.0.1 /jiuye/qiantai.php/Index/lianxi
INFO: [ route_check ] --START--
INFO: Run CheckRoute Behavior [ RunTime:0.000737s ]
INFO: [ route_check ] --END-- [ RunTime:0.000815s ]
INFO: [ app_begin ] --START--
INFO: Run ReadHtmlCache Behavior [ RunTime:0.000462s ]
INFO: [ app_begin ] --END-- [ RunTime:0.000524s ]
SQL: SHOW COLUMNS FROM `w_lianxi` [ RunTime:0.001687s ]
NOTIC: [8] Undefined variable: b D:\xampp\htdocs\Jiuye\Index\Lib\Action\IndexAction.class.php 第 179 行.

[ 2015-10-29T19:32:00+08:00 ] 127.0.0.1 /jiuye/qiantai.php/Index/lianxi
INFO: [ route_check ] --START--
INFO: Run CheckRoute Behavior [ RunTime:0.000819s ]
INFO: [ route_check ] --END-- [ RunTime:0.000912s ]
INFO: [ app_begin ] --START--
INFO: Run ReadHtmlCache Behavior [ RunTime:0.000584s ]
INFO: [ app_begin ] --END-- [ RunTime:0.000692s ]
NOTIC: [8] Undefined index:  sub D:\xampp\htdocs\Jiuye\Index\Lib\Action\IndexAction.class.php 第 170 行.
INFO: [ view_template ] --START--
INFO: Run LocationTemplate Behavior [ RunTime:0.000312s ]
INFO: [ view_template ] --END-- [ RunTime:0.000373s ]
INFO: [ view_parse ] --START--
INFO: Run ParseTemplate Behavior [ RunTime:0.005712s ]
INFO: [ view_parse ] --END-- [ RunTime:0.005785s ]
INFO: [ view_filter ] --START--
INFO: Run ContentReplace Behavior [ RunTime:0.000324s ]
INFO: Run TokenBuild Behavior [ RunTime:0.000517s ]
INFO: Run WriteHtmlCache Behavior [ RunTime:0.000492s ]
INFO: Run ShowRuntime Behavior [ RunTime:0.001485s ]
INFO: [ view_filter ] --END-- [ RunTime:0.003217s ]
INFO: [ view_end ] --START--
INFO: Run ShowPageTrace Behavior [ RunTime:0.000815s ]
INFO: [ view_end ] --END-- [ RunTime:0.000940s ]

[ 2015-10-29T19:32:04+08:00 ] 127.0.0.1 /jiuye/qiantai.php/Index/lianxi
INFO: [ route_check ] --START--
INFO: Run CheckRoute Behavior [ RunTime:0.001014s ]
INFO: [ route_check ] --END-- [ RunTime:0.001146s ]
INFO: [ app_begin ] --START--
INFO: Run ReadHtmlCache Behavior [ RunTime:0.000580s ]
INFO: [ app_begin ] --END-- [ RunTime:0.000715s ]
NOTIC: [8] Undefined index:  sub D:\xampp\htdocs\Jiuye\Index\Lib\Action\IndexAction.class.php 第 170 行.
INFO: [ view_template ] --START--
INFO: Run LocationTemplate Behavior [ RunTime:0.000443s ]
INFO: [ view_template ] --END-- [ RunTime:0.000514s ]
INFO: [ view_parse ] --START--
INFO: Run ParseTemplate Behavior [ RunTime:0.010073s ]
INFO: [ view_parse ] --END-- [ RunTime:0.010186s ]
INFO: [ view_filter ] --START--
INFO: Run ContentReplace Behavior [ RunTime:0.000373s ]
INFO: Run TokenBuild Behavior [ RunTime:0.000327s ]
INFO: Run WriteHtmlCache Behavior [ RunTime:0.000195s ]
INFO: Run ShowRuntime Behavior [ RunTime:0.000551s ]
INFO: [ view_filter ] --END-- [ RunTime:0.001632s ]
INFO: [ view_end ] --START--
INFO: Run ShowPageTrace Behavior [ RunTime:0.000673s ]
INFO: [ view_end ] --END-- [ RunTime:0.000756s ]

[ 2015-10-29T19:32:08+08:00 ] 127.0.0.1 /jiuye/qiantai.php/Index/lianxi
INFO: [ route_check ] --START--
INFO: Run CheckRoute Behavior [ RunTime:0.000747s ]
INFO: [ route_check ] --END-- [ RunTime:0.000860s ]
INFO: [ app_begin ] --START--
INFO: Run ReadHtmlCache Behavior [ RunTime:0.000622s ]
INFO: [ app_begin ] --END-- [ RunTime:0.000721s ]
SQL: SHOW COLUMNS FROM `w_lianxi` [ RunTime:0.001771s ]
NOTIC: [8] Undefined variable: b D:\xampp\htdocs\Jiuye\Index\Lib\Action\IndexAction.class.php 第 179 行.

[ 2015-10-29T19:35:04+08:00 ] 127.0.0.1 /jiuye/qiantai.php/Index/lianxi
INFO: [ route_check ] --START--
INFO: Run CheckRoute Behavior [ RunTime:0.001405s ]
INFO: [ route_check ] --END-- [ RunTime:0.001525s ]
INFO: [ app_begin ] --START--
INFO: Run ReadHtmlCache Behavior [ RunTime:0.001058s ]
INFO: [ app_begin ] --END-- [ RunTime:0.001173s ]
NOTIC: [8] Undefined index:  sub D:\xampp\htdocs\Jiuye\Index\Lib\Action\IndexAction.class.php 第 170 行.
INFO: [ view_template ] --START--
INFO: Run LocationTemplate Behavior [ RunTime:0.001351s ]
INFO: [ view_template ] --END-- [ RunTime:0.001482s ]
INFO: [ view_parse ] --START--
INFO: Run ParseTemplate Behavior [ RunTime:0.011679s ]
INFO: [ view_parse ] --END-- [ RunTime:0.011991s ]
INFO: [ view_filter ] --START--
INFO: Run ContentReplace Behavior [ RunTime:0.001426s ]
INFO: Run TokenBuild Behavior [ RunTime:0.000785s ]
INFO: Run WriteHtmlCache Behavior [ RunTime:0.000579s ]
INFO: Run ShowRuntime Behavior [ RunTime:0.000692s ]
INFO: [ view_filter ] --END-- [ RunTime:0.003760s ]
INFO: [ view_end ] --START--
INFO: Run ShowPageTrace Behavior [ RunTime:0.000827s ]
INFO: [ view_end ] --END-- [ RunTime:0.000883s ]

[ 2015-10-29T19:35:09+08:00 ] 127.0.0.1 /jiuye/qiantai.php/Index/lianxi
INFO: [ route_check ] --START--
INFO: Run CheckRoute Behavior [ RunTime:0.002790s ]
INFO: [ route_check ] --END-- [ RunTime:0.003197s ]
INFO: [ app_begin ] --START--
INFO: Run ReadHtmlCache Behavior [ RunTime:0.001821s ]
INFO: [ app_begin ] --END-- [ RunTime:0.002118s ]
NOTIC: [8] Undefined index:  sub D:\xampp\htdocs\Jiuye\Index\Lib\Action\IndexAction.class.php 第 170 行.
INFO: [ view_template ] --START--
INFO: Run LocationTemplate Behavior [ RunTime:0.001073s ]
INFO: [ view_template ] --END-- [ RunTime:0.001307s ]
INFO: [ view_parse ] --START--
INFO: Run ParseTemplate Behavior [ RunTime:0.012504s ]
INFO: [ view_parse ] --END-- [ RunTime:0.012695s ]
INFO: [ view_filter ] --START--
INFO: Run ContentReplace Behavior [ RunTime:0.000526s ]
INFO: Run TokenBuild Behavior [ RunTime:0.000556s ]
INFO: Run WriteHtmlCache Behavior [ RunTime:0.000369s ]
INFO: Run ShowRuntime Behavior [ RunTime:0.000713s ]
INFO: [ view_filter ] --END-- [ RunTime:0.002445s ]
INFO: [ view_end ] --START--
INFO: Run ShowPageTrace Behavior [ RunTime:0.000965s ]
INFO: [ view_end ] --END-- [ RunTime:0.001063s ]

[ 2015-10-29T19:35:16+08:00 ] 127.0.0.1 /jiuye/qiantai.php/Index/lianxi
INFO: [ route_check ] --START--
INFO: Run CheckRoute Behavior [ RunTime:0.000752s ]
INFO: [ route_check ] --END-- [ RunTime:0.000874s ]
INFO: [ app_begin ] --START--
INFO: Run ReadHtmlCache Behavior [ RunTime:0.000461s ]
INFO: [ app_begin ] --END-- [ RunTime:0.000520s ]
NOTIC: [8] Undefined index:  sub D:\xampp\htdocs\Jiuye\Index\Lib\Action\IndexAction.class.php 第 170 行.
INFO: [ view_template ] --START--
INFO: Run LocationTemplate Behavior [ RunTime:0.000438s ]
INFO: [ view_template ] --END-- [ RunTime:0.000524s ]
INFO: [ view_parse ] --START--
INFO: Run ParseTemplate Behavior [ RunTime:0.008328s ]
INFO: [ view_parse ] --END-- [ RunTime:0.008423s ]
INFO: [ view_filter ] --START--
INFO: Run ContentReplace Behavior [ RunTime:0.000280s ]
INFO: Run TokenBuild Behavior [ RunTime:0.000347s ]
INFO: Run WriteHtmlCache Behavior [ RunTime:0.000245s ]
INFO: Run ShowRuntime Behavior [ RunTime:0.000737s ]
INFO: [ view_filter ] --END-- [ RunTime:0.001889s ]
INFO: [ view_end ] --START--
INFO: Run ShowPageTrace Behavior [ RunTime:0.001222s ]
INFO: [ view_end ] --END-- [ RunTime:0.001402s ]

[ 2015-10-29T19:35:17+08:00 ] 127.0.0.1 /jiuye/qiantai.php/Index/lianxi
INFO: [ route_check ] --START--
INFO: Run CheckRoute Behavior [ RunTime:0.000926s ]
INFO: [ route_check ] --END-- [ RunTime:0.001026s ]
INFO: [ app_begin ] --START--
INFO: Run ReadHtmlCache Behavior [ RunTime:0.000553s ]
INFO: [ app_begin ] --END-- [ RunTime:0.000629s ]
SQL: SHOW COLUMNS FROM `w_lianxi` [ RunTime:0.002264s ]
NOTIC: [8] Undefined variable: b D:\xampp\htdocs\Jiuye\Index\Lib\Action\IndexAction.class.php 第 179 行.

[ 2015-10-29T19:45:10+08:00 ] 127.0.0.1 /jiuye/qiantai.php/Index/lianxi
INFO: [ route_check ] --START--
INFO: Run CheckRoute Behavior [ RunTime:0.002392s ]
INFO: [ route_check ] --END-- [ RunTime:0.002854s ]
INFO: [ app_begin ] --START--
INFO: Run ReadHtmlCache Behavior [ RunTime:0.001110s ]
INFO: [ app_begin ] --END-- [ RunTime:0.001271s ]
NOTIC: [8] Undefined index:  sub D:\xampp\htdocs\Jiuye\Index\Lib\Action\IndexAction.class.php 第 170 行.
INFO: [ view_template ] --START--
INFO: Run LocationTemplate Behavior [ RunTime:0.001073s ]
INFO: [ view_template ] --END-- [ RunTime:0.001165s ]
INFO: [ view_parse ] --START--
INFO: Run ParseTemplate Behavior [ RunTime:0.011725s ]
INFO: [ view_parse ] --END-- [ RunTime:0.011847s ]
INFO: [ view_filter ] --START--
INFO: Run ContentReplace Behavior [ RunTime:0.000674s ]
INFO: Run TokenBuild Behavior [ RunTime:0.000682s ]
INFO: Run WriteHtmlCache Behavior [ RunTime:0.000546s ]
INFO: Run ShowRuntime Behavior [ RunTime:0.000848s ]
INFO: [ view_filter ] --END-- [ RunTime:0.002960s ]
INFO: [ view_end ] --START--
INFO: Run ShowPageTrace Behavior [ RunTime:0.000975s ]
INFO: [ view_end ] --END-- [ RunTime:0.001029s ]

[ 2015-10-29T19:45:16+08:00 ] 127.0.0.1 /jiuye/qiantai.php/Index/lianxi
INFO: [ route_check ] --START--
INFO: Run CheckRoute Behavior [ RunTime:0.000982s ]
INFO: [ route_check ] --END-- [ RunTime:0.001096s ]
INFO: [ app_begin ] --START--
INFO: Run ReadHtmlCache Behavior [ RunTime:0.000591s ]
INFO: [ app_begin ] --END-- [ RunTime:0.000685s ]
NOTIC: [8] Undefined index:  sub D:\xampp\htdocs\Jiuye\Index\Lib\Action\IndexAction.class.php 第 170 行.
INFO: [ view_template ] --START--
INFO: Run LocationTemplate Behavior [ RunTime:0.000419s ]
INFO: [ view_template ] --END-- [ RunTime:0.000492s ]
INFO: [ view_parse ] --START--
INFO: Run ParseTemplate Behavior [ RunTime:0.013009s ]
INFO: [ view_parse ] --END-- [ RunTime:0.013159s ]
INFO: [ view_filter ] --START--
INFO: Run ContentReplace Behavior [ RunTime:0.000343s ]
INFO: Run TokenBuild Behavior [ RunTime:0.000355s ]
INFO: Run WriteHtmlCache Behavior [ RunTime:0.000195s ]
INFO: Run ShowRuntime Behavior [ RunTime:0.000545s ]
INFO: [ view_filter ] --END-- [ RunTime:0.001620s ]
INFO: [ view_end ] --START--
INFO: Run ShowPageTrace Behavior [ RunTime:0.000700s ]
INFO: [ view_end ] --END-- [ RunTime:0.000754s ]

[ 2015-10-29T19:45:28+08:00 ] 127.0.0.1 /jiuye/qiantai.php/Index/lianxi
INFO: [ route_check ] --START--
INFO: Run CheckRoute Behavior [ RunTime:0.000876s ]
INFO: [ route_check ] --END-- [ RunTime:0.000980s ]
INFO: [ app_begin ] --START--
INFO: Run ReadHtmlCache Behavior [ RunTime:0.000548s ]
INFO: [ app_begin ] --END-- [ RunTime:0.000624s ]
NOTIC: [8] Undefined index:  sub D:\xampp\htdocs\Jiuye\Index\Lib\Action\IndexAction.class.php 第 170 行.
INFO: [ view_template ] --START--
INFO: Run LocationTemplate Behavior [ RunTime:0.001130s ]
INFO: [ view_template ] --END-- [ RunTime:0.001368s ]
INFO: [ view_parse ] --START--
INFO: Run ParseTemplate Behavior [ RunTime:0.021846s ]
INFO: [ view_parse ] --END-- [ RunTime:0.022109s ]
INFO: [ view_filter ] --START--
INFO: Run ContentReplace Behavior [ RunTime:0.000974s ]
INFO: Run TokenBuild Behavior [ RunTime:0.001262s ]
INFO: Run WriteHtmlCache Behavior [ RunTime:0.000894s ]
INFO: Run ShowRuntime Behavior [ RunTime:0.001328s ]
INFO: [ view_filter ] --END-- [ RunTime:0.005021s ]
INFO: [ view_end ] --START--
INFO: Run ShowPageTrace Behavior [ RunTime:0.001708s ]
INFO: [ view_end ] --END-- [ RunTime:0.001926s ]

[ 2015-10-29T19:46:03+08:00 ] 127.0.0.1 /jiuye/qiantai.php/Index/lianxi
INFO: [ route_check ] --START--
INFO: Run CheckRoute Behavior [ RunTime:0.002274s ]
INFO: [ route_check ] --END-- [ RunTime:0.002801s ]
INFO: [ app_begin ] --START--
INFO: Run ReadHtmlCache Behavior [ RunTime:0.000813s ]
INFO: [ app_begin ] --END-- [ RunTime:0.000974s ]
NOTIC: [8] Undefined index:  sub D:\xampp\htdocs\Jiuye\Index\Lib\Action\IndexAction.class.php 第 170 行.
INFO: [ view_template ] --START--
INFO: Run LocationTemplate Behavior [ RunTime:0.001673s ]
INFO: [ view_template ] --END-- [ RunTime:0.002083s ]
INFO: [ view_parse ] --START--
INFO: Run ParseTemplate Behavior [ RunTime:0.010459s ]
INFO: [ view_parse ] --END-- [ RunTime:0.010678s ]
INFO: [ view_filter ] --START--
INFO: Run ContentReplace Behavior [ RunTime:0.000371s ]
INFO: Run TokenBuild Behavior [ RunTime:0.000336s ]
INFO: Run WriteHtmlCache Behavior [ RunTime:0.000201s ]
INFO: Run ShowRuntime Behavior [ RunTime:0.000527s ]
INFO: [ view_filter ] --END-- [ RunTime:0.001626s ]
INFO: [ view_end ] --START--
INFO: Run ShowPageTrace Behavior [ RunTime:0.000736s ]
INFO: [ view_end ] --END-- [ RunTime:0.000803s ]

[ 2015-10-29T19:46:06+08:00 ] 127.0.0.1 /jiuye/qiantai.php/Index/lianxi
INFO: [ route_check ] --START--
INFO: Run CheckRoute Behavior [ RunTime:0.000844s ]
INFO: [ route_check ] --END-- [ RunTime:0.000923s ]
INFO: [ app_begin ] --START--
INFO: Run ReadHtmlCache Behavior [ RunTime:0.000501s ]
INFO: [ app_begin ] --END-- [ RunTime:0.000566s ]
SQL: SHOW COLUMNS FROM `w_lianxi` [ RunTime:0.001816s ]
NOTIC: [8] Undefined variable: b D:\xampp\htdocs\Jiuye\Index\Lib\Action\IndexAction.class.php 第 179 行.

[ 2015-10-29T19:46:18+08:00 ] 127.0.0.1 /jiuye/qiantai.php/Index/lianxi
INFO: [ route_check ] --START--
INFO: Run CheckRoute Behavior [ RunTime:0.001043s ]
INFO: [ route_check ] --END-- [ RunTime:0.001250s ]
INFO: [ app_begin ] --START--
INFO: Run ReadHtmlCache Behavior [ RunTime:0.001495s ]
INFO: [ app_begin ] --END-- [ RunTime:0.001777s ]
NOTIC: [8] Undefined index:  sub D:\xampp\htdocs\Jiuye\Index\Lib\Action\IndexAction.class.php 第 170 行.
INFO: [ view_template ] --START--
INFO: Run LocationTemplate Behavior [ RunTime:0.000411s ]
INFO: [ view_template ] --END-- [ RunTime:0.000478s ]
INFO: [ view_parse ] --START--
INFO: Run ParseTemplate Behavior [ RunTime:0.009141s ]
INFO: [ view_parse ] --END-- [ RunTime:0.009252s ]
INFO: [ view_filter ] --START--
INFO: Run ContentReplace Behavior [ RunTime:0.000289s ]
INFO: Run TokenBuild Behavior [ RunTime:0.000295s ]
INFO: Run WriteHtmlCache Behavior [ RunTime:0.000196s ]
INFO: Run ShowRuntime Behavior [ RunTime:0.000483s ]
INFO: [ view_filter ] --END-- [ RunTime:0.001415s ]
INFO: [ view_end ] --START--
INFO: Run ShowPageTrace Behavior [ RunTime:0.000583s ]
INFO: [ view_end ] --END-- [ RunTime:0.000635s ]

[ 2015-10-29T19:46:24+08:00 ] 127.0.0.1 /jiuye/qiantai.php/Index/lianxi
INFO: [ route_check ] --START--
INFO: Run CheckRoute Behavior [ RunTime:0.003089s ]
INFO: [ route_check ] --END-- [ RunTime:0.003419s ]
INFO: [ app_begin ] --START--
INFO: Run ReadHtmlCache Behavior [ RunTime:0.001685s ]
INFO: [ app_begin ] --END-- [ RunTime:0.001978s ]
NOTIC: [8] Undefined index:  sub D:\xampp\htdocs\Jiuye\Index\Lib\Action\IndexAction.class.php 第 170 行.
INFO: [ view_template ] --START--
INFO: Run LocationTemplate Behavior [ RunTime:0.001465s ]
INFO: [ view_template ] --END-- [ RunTime:0.001714s ]
INFO: [ view_parse ] --START--
INFO: Run ParseTemplate Behavior [ RunTime:0.021907s ]
INFO: [ view_parse ] --END-- [ RunTime:0.022187s ]
INFO: [ view_filter ] --START--
INFO: Run ContentReplace Behavior [ RunTime:0.000995s ]
INFO: Run TokenBuild Behavior [ RunTime:0.001058s ]
INFO: Run WriteHtmlCache Behavior [ RunTime:0.000649s ]
INFO: Run ShowRuntime Behavior [ RunTime:0.001490s ]
INFO: [ view_filter ] --END-- [ RunTime:0.004730s ]
INFO: [ view_end ] --START--
INFO: Run ShowPageTrace Behavior [ RunTime:0.001899s ]
INFO: [ view_end ] --END-- [ RunTime:0.002117s ]

[ 2015-10-29T19:46:54+08:00 ] 127.0.0.1 /jiuye/qiantai.php/Index/lianxi
INFO: [ route_check ] --START--
INFO: Run CheckRoute Behavior [ RunTime:0.001291s ]
INFO: [ route_check ] --END-- [ RunTime:0.001464s ]
INFO: [ app_begin ] --START--
INFO: Run ReadHtmlCache Behavior [ RunTime:0.001264s ]
INFO: [ app_begin ] --END-- [ RunTime:0.001421s ]
NOTIC: [8] Undefined index:  sub D:\xampp\htdocs\Jiuye\Index\Lib\Action\IndexAction.class.php 第 170 行.
INFO: [ view_template ] --START--
INFO: Run LocationTemplate Behavior [ RunTime:0.000559s ]
INFO: [ view_template ] --END-- [ RunTime:0.000665s ]
INFO: [ view_parse ] --START--
INFO: Run ParseTemplate Behavior [ RunTime:0.008328s ]
INFO: [ view_parse ] --END-- [ RunTime:0.008528s ]
INFO: [ view_filter ] --START--
INFO: Run ContentReplace Behavior [ RunTime:0.000527s ]
INFO: Run TokenBuild Behavior [ RunTime:0.000347s ]
INFO: Run WriteHtmlCache Behavior [ RunTime:0.000215s ]
INFO: Run ShowRuntime Behavior [ RunTime:0.000634s ]
INFO: [ view_filter ] --END-- [ RunTime:0.001957s ]
INFO: [ view_end ] --START--
INFO: Run ShowPageTrace Behavior [ RunTime:0.000786s ]
INFO: [ view_end ] --END-- [ RunTime:0.000875s ]

[ 2015-10-29T19:46:57+08:00 ] 127.0.0.1 /jiuye/qiantai.php/Index/lianxi
INFO: [ route_check ] --START--
INFO: Run CheckRoute Behavior [ RunTime:0.000924s ]
INFO: [ route_check ] --END-- [ RunTime:0.001027s ]
INFO: [ app_begin ] --START--
INFO: Run ReadHtmlCache Behavior [ RunTime:0.000555s ]
INFO: [ app_begin ] --END-- [ RunTime:0.000638s ]
SQL: SHOW COLUMNS FROM `w_lianxi` [ RunTime:0.001762s ]
NOTIC: [8] Undefined variable: b D:\xampp\htdocs\Jiuye\Index\Lib\Action\IndexAction.class.php 第 179 行.

[ 2015-10-29T20:04:01+08:00 ] 127.0.0.1 /jiuye/qiantai.php/Index/lianxi
INFO: [ route_check ] --START--
INFO: Run CheckRoute Behavior [ RunTime:0.001533s ]
INFO: [ route_check ] --END-- [ RunTime:0.001664s ]
INFO: [ app_begin ] --START--
INFO: Run ReadHtmlCache Behavior [ RunTime:0.001400s ]
INFO: [ app_begin ] --END-- [ RunTime:0.001533s ]
SQL: SHOW COLUMNS FROM `w_lianxi` [ RunTime:0.002032s ]
SQL: SELECT * FROM `w_lianxi` LEFT JOIN lianxi2 on lianxi.l_sex and lianxi2.age LIMIT 1   [ RunTime:0.000328s ]
ERR: Table 'work.lianxi2' doesn't exist
 [ SQL语句 ] : SELECT * FROM `w_lianxi` LEFT JOIN lianxi2 on lianxi.l_sex and lianxi2.age LIMIT 1  

[ 2015-10-29T20:04:04+08:00 ] 127.0.0.1 /jiuye/qiantai.php/Index/lianxi
INFO: [ route_check ] --START--
INFO: Run CheckRoute Behavior [ RunTime:0.000735s ]
INFO: [ route_check ] --END-- [ RunTime:0.000814s ]
INFO: [ app_begin ] --START--
INFO: Run ReadHtmlCache Behavior [ RunTime:0.000536s ]
INFO: [ app_begin ] --END-- [ RunTime:0.000628s ]
SQL: SHOW COLUMNS FROM `w_lianxi` [ RunTime:0.001535s ]
SQL: SELECT * FROM `w_lianxi` LEFT JOIN lianxi2 on lianxi.l_sex and lianxi2.age LIMIT 1   [ RunTime:0.000443s ]
ERR: Table 'work.lianxi2' doesn't exist
 [ SQL语句 ] : SELECT * FROM `w_lianxi` LEFT JOIN lianxi2 on lianxi.l_sex and lianxi2.age LIMIT 1  

[ 2015-10-29T20:04:06+08:00 ] 127.0.0.1 /jiuye/qiantai.php/Index/lianxi
INFO: [ route_check ] --START--
INFO: Run CheckRoute Behavior [ RunTime:0.000857s ]
INFO: [ route_check ] --END-- [ RunTime:0.000951s ]
INFO: [ app_begin ] --START--
INFO: Run ReadHtmlCache Behavior [ RunTime:0.000460s ]
INFO: [ app_begin ] --END-- [ RunTime:0.000516s ]
SQL: SHOW COLUMNS FROM `w_lianxi` [ RunTime:0.001797s ]
SQL: SELECT * FROM `w_lianxi` LEFT JOIN lianxi2 on lianxi.l_sex and lianxi2.age LIMIT 1   [ RunTime:0.000366s ]
ERR: Table 'work.lianxi2' doesn't exist
 [ SQL语句 ] : SELECT * FROM `w_lianxi` LEFT JOIN lianxi2 on lianxi.l_sex and lianxi2.age LIMIT 1  

[ 2015-10-29T20:04:08+08:00 ] 127.0.0.1 /jiuye/qiantai.php/Index/lianxi
INFO: [ route_check ] --START--
INFO: Run CheckRoute Behavior [ RunTime:0.000792s ]
INFO: [ route_check ] --END-- [ RunTime:0.000880s ]
INFO: [ app_begin ] --START--
INFO: Run ReadHtmlCache Behavior [ RunTime:0.000467s ]
INFO: [ app_begin ] --END-- [ RunTime:0.000527s ]
SQL: SHOW COLUMNS FROM `w_lianxi` [ RunTime:0.001721s ]
SQL: SELECT * FROM `w_lianxi` LEFT JOIN lianxi2 on lianxi.l_sex and lianxi2.age LIMIT 1   [ RunTime:0.000275s ]
ERR: Table 'work.lianxi2' doesn't exist
 [ SQL语句 ] : SELECT * FROM `w_lianxi` LEFT JOIN lianxi2 on lianxi.l_sex and lianxi2.age LIMIT 1  

[ 2015-10-29T20:05:06+08:00 ] 127.0.0.1 /jiuye/qiantai.php/Index/lianxi
INFO: [ route_check ] --START--
INFO: Run CheckRoute Behavior [ RunTime:0.000976s ]
INFO: [ route_check ] --END-- [ RunTime:0.001088s ]
INFO: [ app_begin ] --START--
INFO: Run ReadHtmlCache Behavior [ RunTime:0.000534s ]
INFO: [ app_begin ] --END-- [ RunTime:0.000663s ]
SQL: SHOW COLUMNS FROM `w_lianxi` [ RunTime:0.002723s ]
SQL: SELECT * FROM `w_lianxi` LEFT JOIN lianxi2 on lianxi.l_sex=lianxi2.age LIMIT 1   [ RunTime:0.002625s ]
ERR: Table 'work.lianxi2' doesn't exist
 [ SQL语句 ] : SELECT * FROM `w_lianxi` LEFT JOIN lianxi2 on lianxi.l_sex=lianxi2.age LIMIT 1  

[ 2015-10-29T20:05:08+08:00 ] 127.0.0.1 /jiuye/qiantai.php/Index/lianxi
INFO: [ route_check ] --START--
INFO: Run CheckRoute Behavior [ RunTime:0.001728s ]
INFO: [ route_check ] --END-- [ RunTime:0.002200s ]
INFO: [ app_begin ] --START--
INFO: Run ReadHtmlCache Behavior [ RunTime:0.000609s ]
INFO: [ app_begin ] --END-- [ RunTime:0.000704s ]
SQL: SHOW COLUMNS FROM `w_lianxi` [ RunTime:0.002411s ]
SQL: SELECT * FROM `w_lianxi` LEFT JOIN lianxi2 on lianxi.l_sex=lianxi2.age LIMIT 1   [ RunTime:0.001646s ]
ERR: Table 'work.lianxi2' doesn't exist
 [ SQL语句 ] : SELECT * FROM `w_lianxi` LEFT JOIN lianxi2 on lianxi.l_sex=lianxi2.age LIMIT 1  

[ 2015-10-29T20:05:10+08:00 ] 127.0.0.1 /jiuye/qiantai.php/Index/lianxi
INFO: [ route_check ] --START--
INFO: Run CheckRoute Behavior [ RunTime:0.000738s ]
INFO: [ route_check ] --END-- [ RunTime:0.000818s ]
INFO: [ app_begin ] --START--
INFO: Run ReadHtmlCache Behavior [ RunTime:0.000457s ]
INFO: [ app_begin ] --END-- [ RunTime:0.000515s ]
SQL: SHOW COLUMNS FROM `w_lianxi` [ RunTime:0.001728s ]
SQL: SELECT * FROM `w_lianxi` LEFT JOIN lianxi2 on lianxi.l_sex=lianxi2.age LIMIT 1   [ RunTime:0.000560s ]
ERR: Table 'work.lianxi2' doesn't exist
 [ SQL语句 ] : SELECT * FROM `w_lianxi` LEFT JOIN lianxi2 on lianxi.l_sex=lianxi2.age LIMIT 1  

[ 2015-10-29T20:10:23+08:00 ] 127.0.0.1 /jiuye/qiantai.php/Index/lianxi
INFO: [ route_check ] --START--
INFO: Run CheckRoute Behavior [ RunTime:0.001927s ]
INFO: [ route_check ] --END-- [ RunTime:0.002103s ]
INFO: [ app_begin ] --START--
INFO: Run ReadHtmlCache Behavior [ RunTime:0.003434s ]
INFO: [ app_begin ] --END-- [ RunTime:0.003842s ]
SQL: SHOW COLUMNS FROM `w_lianxi` [ RunTime:0.001850s ]
SQL: SELECT * FROM `w_lianxi` LEFT JOIN lianxi2 on lianxi.id=lianxi2.id LIMIT 1   [ RunTime:0.000322s ]
ERR: Table 'work.lianxi2' doesn't exist
 [ SQL语句 ] : SELECT * FROM `w_lianxi` LEFT JOIN lianxi2 on lianxi.id=lianxi2.id LIMIT 1  

[ 2015-10-29T20:10:26+08:00 ] 127.0.0.1 /jiuye/qiantai.php/Index/lianxi
INFO: [ route_check ] --START--
INFO: Run CheckRoute Behavior [ RunTime:0.001396s ]
INFO: [ route_check ] --END-- [ RunTime:0.001483s ]
INFO: [ app_begin ] --START--
INFO: Run ReadHtmlCache Behavior [ RunTime:0.001038s ]
INFO: [ app_begin ] --END-- [ RunTime:0.001100s ]
SQL: SHOW COLUMNS FROM `w_lianxi` [ RunTime:0.002031s ]
SQL: SELECT * FROM `w_lianxi` LEFT JOIN lianxi2 on lianxi.id=lianxi2.id LIMIT 1   [ RunTime:0.000321s ]
ERR: Table 'work.lianxi2' doesn't exist
 [ SQL语句 ] : SELECT * FROM `w_lianxi` LEFT JOIN lianxi2 on lianxi.id=lianxi2.id LIMIT 1  

[ 2015-10-29T20:12:47+08:00 ] 127.0.0.1 /jiuye/qiantai.php/Index/lianxi
INFO: [ route_check ] --START--
INFO: Run CheckRoute Behavior [ RunTime:0.002217s ]
INFO: [ route_check ] --END-- [ RunTime:0.002544s ]
INFO: [ app_begin ] --START--
INFO: Run ReadHtmlCache Behavior [ RunTime:0.001312s ]
INFO: [ app_begin ] --END-- [ RunTime:0.001473s ]
SQL: SHOW COLUMNS FROM `w_lianxi` [ RunTime:0.001811s ]
SQL: SELECT * FROM `w_lianxi` LEFT JOIN w_lianxi2 on w_lianxi.id=lianxi2.id LIMIT 1   [ RunTime:0.000441s ]
ERR: Unknown column 'lianxi2.id' in 'on clause'
 [ SQL语句 ] : SELECT * FROM `w_lianxi` LEFT JOIN w_lianxi2 on w_lianxi.id=lianxi2.id LIMIT 1  

[ 2015-10-29T20:13:23+08:00 ] 127.0.0.1 /jiuye/qiantai.php/Index/lianxi
INFO: [ route_check ] --START--
INFO: Run CheckRoute Behavior [ RunTime:0.001313s ]
INFO: [ route_check ] --END-- [ RunTime:0.001393s ]
INFO: [ app_begin ] --START--
INFO: Run ReadHtmlCache Behavior [ RunTime:0.001026s ]
INFO: [ app_begin ] --END-- [ RunTime:0.001088s ]
SQL: SHOW COLUMNS FROM `w_lianxi` [ RunTime:0.001890s ]
SQL: SELECT * FROM `w_lianxi` LEFT JOIN w_lianxi2 on w_lianxi.id=w_lianxi2.id LIMIT 1   [ RunTime:0.000953s ]

[ 2015-10-29T20:19:56+08:00 ] 127.0.0.1 /jiuye/qiantai.php/Index/lianxi
INFO: [ route_check ] --START--
INFO: Run CheckRoute Behavior [ RunTime:0.001743s ]
INFO: [ route_check ] --END-- [ RunTime:0.001895s ]
INFO: [ app_begin ] --START--
INFO: Run ReadHtmlCache Behavior [ RunTime:0.002139s ]
INFO: [ app_begin ] --END-- [ RunTime:0.002401s ]
SQL: SHOW COLUMNS FROM `w_lianxi` [ RunTime:0.001789s ]
SQL: SELECT * FROM `w_lianxi` LEFT JOIN w_lianxi2 on w_lianxi.l_sex=w_lianxi2.age  [ RunTime:0.000399s ]

[ 2015-10-29T20:24:15+08:00 ] 127.0.0.1 /jiuye/qiantai.php/Index/lianxi
INFO: [ route_check ] --START--
INFO: Run CheckRoute Behavior [ RunTime:0.003011s ]
INFO: [ route_check ] --END-- [ RunTime:0.003453s ]
INFO: [ app_begin ] --START--
INFO: Run ReadHtmlCache Behavior [ RunTime:0.002190s ]
INFO: [ app_begin ] --END-- [ RunTime:0.002498s ]
SQL: SHOW COLUMNS FROM `w_lianxi` [ RunTime:0.002192s ]
SQL: SELECT * FROM `w_lianxi` LEFT JOIN w_lianxi2 on w_lianxi.l_sex=w_lianxi2.age LIMIT 1   [ RunTime:0.000515s ]

[ 2015-10-29T20:25:26+08:00 ] 127.0.0.1 /jiuye/qiantai.php/Index/lianxi
INFO: [ route_check ] --START--
INFO: Run CheckRoute Behavior [ RunTime:0.004100s ]
INFO: [ route_check ] --END-- [ RunTime:0.004257s ]
INFO: [ app_begin ] --START--
INFO: Run ReadHtmlCache Behavior [ RunTime:0.001234s ]
INFO: [ app_begin ] --END-- [ RunTime:0.001348s ]
SQL: SHOW COLUMNS FROM `w_lianxi` [ RunTime:0.101368s ]
SQL: SELECT * FROM `w_lianxi` LEFT JOIN w_lianxi2 on w_lianxi.id=w_lianxi2.id  [ RunTime:0.001082s ]

[ 2015-10-29T20:27:24+08:00 ] 127.0.0.1 /jiuye/qiantai.php/Index/lianxi
INFO: [ route_check ] --START--
INFO: Run CheckRoute Behavior [ RunTime:0.001391s ]
INFO: [ route_check ] --END-- [ RunTime:0.001544s ]
INFO: [ app_begin ] --START--
INFO: Run ReadHtmlCache Behavior [ RunTime:0.001420s ]
INFO: [ app_begin ] --END-- [ RunTime:0.001502s ]
SQL: SHOW COLUMNS FROM `w_lianxi` [ RunTime:0.002139s ]
SQL: SELECT * FROM `w_lianxi` LEFT JOIN w_lianxi2 on w_lianxi.l_sex=w_lianxi2.age LIMIT 1   [ RunTime:0.000401s ]

