[ 2016-01-06T16:21:40+08:00 ] 127.0.0.1 /jiuye/
INFO: [ app_begin ] --START--
INFO: Run ReadHtmlCache Behavior [ RunTime:0.003069s ]
INFO: [ app_begin ] --END-- [ RunTime:0.003364s ]
SQL: SHOW COLUMNS FROM `w_user` [ RunTime:0.105132s ]
SQL: SELECT `u_nicheng` FROM `w_user` WHERE ( u_name='' ) LIMIT 1   [ RunTime:0.043073s ]
SQL: SHOW COLUMNS FROM `w_member` [ RunTime:0.055081s ]
SQL: SELECT `m_shifou` FROM `w_member` WHERE ( m_name='' ) LIMIT 1   [ RunTime:0.002683s ]
NOTIC: [8] Undefined variable: id D:\xampp\htdocs\jiuye\Index\Lib\Action\IndexAction.class.php 第 38 行.
SQL: SHOW COLUMNS FROM `w_invite` [ RunTime:0.051317s ]
SQL: SELECT * FROM `w_invite`  [ RunTime:0.011567s ]
SQL: SHOW COLUMNS FROM `w_applyjob` [ RunTime:0.044724s ]
SQL: SELECT * FROM `w_applyjob`  [ RunTime:0.009555s ]
INFO: [ view_template ] --START--
INFO: Run LocationTemplate Behavior [ RunTime:0.019699s ]
INFO: [ view_template ] --END-- [ RunTime:0.019902s ]
INFO: [ view_parse ] --START--
INFO: Run ParseTemplate Behavior [ RunTime:0.215442s ]
INFO: [ view_parse ] --END-- [ RunTime:0.215629s ]
INFO: [ view_filter ] --START--
INFO: Run ContentReplace Behavior [ RunTime:0.015698s ]
INFO: Run TokenBuild Behavior [ RunTime:0.002885s ]
INFO: Run WriteHtmlCache Behavior [ RunTime:0.002650s ]
INFO: Run ShowRuntime Behavior [ RunTime:0.002171s ]
INFO: [ view_filter ] --END-- [ RunTime:0.023914s ]
INFO: [ view_end ] --START--
INFO: Run ShowPageTrace Behavior [ RunTime:0.002480s ]
INFO: [ view_end ] --END-- [ RunTime:0.002630s ]

[ 2016-01-06T16:21:57+08:00 ] 127.0.0.1 /jiuye/index.php/Index/login
INFO: [ route_check ] --START--
INFO: Run CheckRoute Behavior [ RunTime:0.018910s ]
INFO: [ route_check ] --END-- [ RunTime:0.019187s ]
INFO: [ app_begin ] --START--
INFO: Run ReadHtmlCache Behavior [ RunTime:0.002133s ]
INFO: [ app_begin ] --END-- [ RunTime:0.002309s ]
SQL: SHOW COLUMNS FROM `w_user` [ RunTime:0.006212s ]
SQL: SELECT * FROM `w_user` WHERE ( u_name='s13326343311' and u_pwd=22222222 ) LIMIT 1   [ RunTime:0.001958s ]
INFO: [ view_template ] --START--
INFO: Run LocationTemplate Behavior [ RunTime:0.003787s ]
INFO: [ view_template ] --END-- [ RunTime:0.004219s ]
INFO: [ view_parse ] --START--
INFO: Run ParseTemplate Behavior [ RunTime:0.052619s ]
INFO: [ view_parse ] --END-- [ RunTime:0.052802s ]
INFO: [ view_filter ] --START--
INFO: Run ContentReplace Behavior [ RunTime:0.001466s ]
INFO: Run TokenBuild Behavior [ RunTime:0.001428s ]
INFO: Run WriteHtmlCache Behavior [ RunTime:0.001208s ]
INFO: Run ShowRuntime Behavior [ RunTime:0.001605s ]
INFO: [ view_filter ] --END-- [ RunTime:0.006076s ]
INFO: [ view_end ] --START--
INFO: Run ShowPageTrace Behavior [ RunTime:0.004849s ]
INFO: [ view_end ] --END-- [ RunTime:0.005065s ]

[ 2016-01-06T16:21:58+08:00 ] 127.0.0.1 /jiuye/index.php/User/user
INFO: [ route_check ] --START--
INFO: Run CheckRoute Behavior [ RunTime:0.001696s ]
INFO: [ route_check ] --END-- [ RunTime:0.001864s ]
INFO: [ app_begin ] --START--
INFO: Run ReadHtmlCache Behavior [ RunTime:0.001087s ]
INFO: [ app_begin ] --END-- [ RunTime:0.001225s ]
INFO: [ view_template ] --START--
INFO: Run LocationTemplate Behavior [ RunTime:0.001252s ]
INFO: [ view_template ] --END-- [ RunTime:0.001433s ]
INFO: [ view_parse ] --START--
INFO: Run ParseTemplate Behavior [ RunTime:0.016389s ]
INFO: [ view_parse ] --END-- [ RunTime:0.016557s ]
INFO: [ view_filter ] --START--
INFO: Run ContentReplace Behavior [ RunTime:0.000669s ]
INFO: Run TokenBuild Behavior [ RunTime:0.000666s ]
INFO: Run WriteHtmlCache Behavior [ RunTime:0.000459s ]
INFO: Run ShowRuntime Behavior [ RunTime:0.000846s ]
INFO: [ view_filter ] --END-- [ RunTime:0.003004s ]
INFO: [ view_end ] --START--
INFO: Run ShowPageTrace Behavior [ RunTime:0.001136s ]
INFO: [ view_end ] --END-- [ RunTime:0.001254s ]

[ 2016-01-06T16:21:59+08:00 ] 127.0.0.1 /jiuye/index.php/Oneman/geren
INFO: [ route_check ] --START--
INFO: Run CheckRoute Behavior [ RunTime:0.003148s ]
INFO: [ route_check ] --END-- [ RunTime:0.003426s ]
INFO: [ app_begin ] --START--
INFO: Run ReadHtmlCache Behavior [ RunTime:0.001601s ]
INFO: [ app_begin ] --END-- [ RunTime:0.001851s ]
SQL: SHOW COLUMNS FROM `w_user` [ RunTime:0.016087s ]
SQL: SELECT * FROM `w_user` WHERE ( u_name='s13326343311' ) LIMIT 1   [ RunTime:0.002251s ]
SQL: SHOW COLUMNS FROM `w_member` [ RunTime:0.004532s ]
SQL: SELECT `m_shifou` FROM `w_member` WHERE ( m_name='s13326343311' ) LIMIT 1   [ RunTime:0.002933s ]
INFO: [ view_template ] --START--
INFO: Run LocationTemplate Behavior [ RunTime:0.002034s ]
INFO: [ view_template ] --END-- [ RunTime:0.002234s ]
INFO: [ view_parse ] --START--
NOTIC: [8] Undefined index:  e_tel D:\xampp\htdocs\jiuye\Index\Runtime\Cache\4a7cec757a25636aba2a80b33d0733b0.php 第 111 行.
NOTIC: [8] Undefined index:  e_add D:\xampp\htdocs\jiuye\Index\Runtime\Cache\4a7cec757a25636aba2a80b33d0733b0.php 第 117 行.
INFO: Run ParseTemplate Behavior [ RunTime:0.080733s ]
INFO: [ view_parse ] --END-- [ RunTime:0.080987s ]
INFO: [ view_filter ] --START--
INFO: Run ContentReplace Behavior [ RunTime:0.001356s ]
INFO: Run TokenBuild Behavior [ RunTime:0.001068s ]
INFO: Run WriteHtmlCache Behavior [ RunTime:0.000710s ]
INFO: Run ShowRuntime Behavior [ RunTime:0.001324s ]
INFO: [ view_filter ] --END-- [ RunTime:0.005073s ]
INFO: [ view_end ] --START--
INFO: Run ShowPageTrace Behavior [ RunTime:0.001960s ]
INFO: [ view_end ] --END-- [ RunTime:0.002157s ]

[ 2016-01-06T16:22:02+08:00 ] 127.0.0.1 /jiuye/index.php/Index/index/id/1
INFO: [ route_check ] --START--
INFO: Run CheckRoute Behavior [ RunTime:0.002519s ]
INFO: [ route_check ] --END-- [ RunTime:0.002781s ]
INFO: [ app_begin ] --START--
INFO: Run ReadHtmlCache Behavior [ RunTime:0.004014s ]
INFO: [ app_begin ] --END-- [ RunTime:0.004379s ]
SQL: SHOW COLUMNS FROM `w_user` [ RunTime:0.004724s ]
SQL: SELECT `u_nicheng` FROM `w_user` WHERE ( u_name='s13326343311' ) LIMIT 1   [ RunTime:0.001756s ]
SQL: SHOW COLUMNS FROM `w_member` [ RunTime:0.005093s ]
SQL: SELECT `m_shifou` FROM `w_member` WHERE ( m_name='s13326343311' ) LIMIT 1   [ RunTime:0.001180s ]
SQL: SHOW COLUMNS FROM `w_invite` [ RunTime:0.004384s ]
SQL: SELECT * FROM `w_invite`  [ RunTime:0.003911s ]
SQL: SHOW COLUMNS FROM `w_applyjob` [ RunTime:0.005096s ]
SQL: SELECT * FROM `w_applyjob`  [ RunTime:0.001884s ]
INFO: [ view_template ] --START--
INFO: Run LocationTemplate Behavior [ RunTime:0.001833s ]
INFO: [ view_template ] --END-- [ RunTime:0.002034s ]
INFO: [ view_parse ] --START--
INFO: Run ParseTemplate Behavior [ RunTime:0.074363s ]
INFO: [ view_parse ] --END-- [ RunTime:0.074571s ]
INFO: [ view_filter ] --START--
INFO: Run ContentReplace Behavior [ RunTime:0.001344s ]
INFO: Run TokenBuild Behavior [ RunTime:0.000801s ]
INFO: Run WriteHtmlCache Behavior [ RunTime:0.000476s ]
INFO: Run ShowRuntime Behavior [ RunTime:0.000954s ]
INFO: [ view_filter ] --END-- [ RunTime:0.003944s ]
INFO: [ view_end ] --START--
INFO: Run ShowPageTrace Behavior [ RunTime:0.001204s ]
INFO: [ view_end ] --END-- [ RunTime:0.001345s ]

[ 2016-01-06T16:22:02+08:00 ] 127.0.0.1 /jiuye/index.php/Index/index/id/templates/default/js/index.js
INFO: [ route_check ] --START--
INFO: Run CheckRoute Behavior [ RunTime:0.002951s ]
INFO: [ route_check ] --END-- [ RunTime:0.003250s ]
INFO: [ app_begin ] --START--
INFO: Run ReadHtmlCache Behavior [ RunTime:0.001799s ]
INFO: [ app_begin ] --END-- [ RunTime:0.002054s ]
SQL: SHOW COLUMNS FROM `w_user` [ RunTime:0.018029s ]
SQL: SELECT `u_nicheng` FROM `w_user` WHERE ( u_name='s13326343311' ) LIMIT 1   [ RunTime:0.008528s ]
SQL: SHOW COLUMNS FROM `w_member` [ RunTime:0.013681s ]
SQL: SELECT `m_shifou` FROM `w_member` WHERE ( m_name='s13326343311' ) LIMIT 1   [ RunTime:0.002815s ]
SQL: SHOW COLUMNS FROM `w_invite` [ RunTime:0.006121s ]
SQL: SELECT * FROM `w_invite`  [ RunTime:0.002844s ]
SQL: SHOW COLUMNS FROM `w_applyjob` [ RunTime:0.013177s ]
SQL: SELECT * FROM `w_applyjob`  [ RunTime:0.001742s ]
INFO: [ view_template ] --START--
INFO: Run LocationTemplate Behavior [ RunTime:0.001067s ]
INFO: [ view_template ] --END-- [ RunTime:0.001290s ]
INFO: [ view_parse ] --START--
INFO: Run ParseTemplate Behavior [ RunTime:0.084585s ]
INFO: [ view_parse ] --END-- [ RunTime:0.084837s ]
INFO: [ view_filter ] --START--
INFO: Run ContentReplace Behavior [ RunTime:0.001959s ]
INFO: Run TokenBuild Behavior [ RunTime:0.004452s ]
INFO: Run WriteHtmlCache Behavior [ RunTime:0.000866s ]
INFO: Run ShowRuntime Behavior [ RunTime:0.001548s ]
INFO: [ view_filter ] --END-- [ RunTime:0.009563s ]
INFO: [ view_end ] --START--
INFO: Run ShowPageTrace Behavior [ RunTime:0.002112s ]
INFO: [ view_end ] --END-- [ RunTime:0.002363s ]

