[ 2016-01-01T08:48:17+08:00 ] 127.0.0.1 /jiuye/
INFO: [ app_begin ] --START--
INFO: Run ReadHtmlCache Behavior [ RunTime:0.005102s ]
INFO: [ app_begin ] --END-- [ RunTime:0.005373s ]
SQL: SHOW COLUMNS FROM `w_user` [ RunTime:0.038333s ]
SQL: SELECT `u_nicheng` FROM `w_user` WHERE ( u_name='' ) LIMIT 1   [ RunTime:0.000803s ]
SQL: SHOW COLUMNS FROM `w_member` [ RunTime:0.032064s ]
SQL: SELECT `m_shifou` FROM `w_member` WHERE ( m_name='' ) LIMIT 1   [ RunTime:0.001124s ]
NOTIC: [8] Undefined variable: id D:\xampp\htdocs\jiuye\Index\Lib\Action\IndexAction.class.php 第 38 行.
SQL: SHOW COLUMNS FROM `w_invite` [ RunTime:0.033515s ]
SQL: SELECT * FROM `w_invite`  [ RunTime:0.010426s ]
SQL: SHOW COLUMNS FROM `w_applyjob` [ RunTime:0.077727s ]
SQL: SELECT * FROM `w_applyjob`  [ RunTime:0.010130s ]
INFO: [ view_template ] --START--
INFO: Run LocationTemplate Behavior [ RunTime:0.048580s ]
INFO: [ view_template ] --END-- [ RunTime:0.048805s ]
INFO: [ view_parse ] --START--
INFO: Run ParseTemplate Behavior [ RunTime:0.267874s ]
INFO: [ view_parse ] --END-- [ RunTime:0.268063s ]
INFO: [ view_filter ] --START--
INFO: Run ContentReplace Behavior [ RunTime:0.011749s ]
INFO: Run TokenBuild Behavior [ RunTime:0.001868s ]
INFO: Run WriteHtmlCache Behavior [ RunTime:0.001577s ]
INFO: Run ShowRuntime Behavior [ RunTime:0.002073s ]
INFO: [ view_filter ] --END-- [ RunTime:0.017677s ]
INFO: [ view_end ] --START--
INFO: Run ShowPageTrace Behavior [ RunTime:0.002816s ]
INFO: [ view_end ] --END-- [ RunTime:0.002954s ]

[ 2016-01-01T08:49:36+08:00 ] 127.0.0.1 /jiuye/index.php/Index/login
INFO: [ route_check ] --START--
INFO: Run CheckRoute Behavior [ RunTime:0.000823s ]
INFO: [ route_check ] --END-- [ RunTime:0.000921s ]
INFO: [ app_begin ] --START--
INFO: Run ReadHtmlCache Behavior [ RunTime:0.000494s ]
INFO: [ app_begin ] --END-- [ RunTime:0.000574s ]
SQL: SHOW COLUMNS FROM `w_user` [ RunTime:0.003232s ]
SQL: SELECT * FROM `w_user` WHERE ( u_name='s13326343311' and u_pwd=22222222 ) LIMIT 1   [ RunTime:0.000701s ]
INFO: [ view_template ] --START--
INFO: Run LocationTemplate Behavior [ RunTime:0.000405s ]
INFO: [ view_template ] --END-- [ RunTime:0.000490s ]
INFO: [ view_parse ] --START--
INFO: Run ParseTemplate Behavior [ RunTime:0.111323s ]
INFO: [ view_parse ] --END-- [ RunTime:0.111518s ]
INFO: [ view_filter ] --START--
INFO: Run ContentReplace Behavior [ RunTime:0.001082s ]
INFO: Run TokenBuild Behavior [ RunTime:0.001366s ]
INFO: Run WriteHtmlCache Behavior [ RunTime:0.000721s ]
INFO: Run ShowRuntime Behavior [ RunTime:0.001325s ]
INFO: [ view_filter ] --END-- [ RunTime:0.005051s ]
INFO: [ view_end ] --START--
INFO: Run ShowPageTrace Behavior [ RunTime:0.001782s ]
INFO: [ view_end ] --END-- [ RunTime:0.002014s ]

[ 2016-01-01T08:49:37+08:00 ] 127.0.0.1 /jiuye/index.php/User/user
INFO: [ route_check ] --START--
INFO: Run CheckRoute Behavior [ RunTime:0.001665s ]
INFO: [ route_check ] --END-- [ RunTime:0.001864s ]
INFO: [ app_begin ] --START--
INFO: Run ReadHtmlCache Behavior [ RunTime:0.000987s ]
INFO: [ app_begin ] --END-- [ RunTime:0.001110s ]
INFO: [ view_template ] --START--
INFO: Run LocationTemplate Behavior [ RunTime:0.001732s ]
INFO: [ view_template ] --END-- [ RunTime:0.002153s ]
INFO: [ view_parse ] --START--
INFO: Run ParseTemplate Behavior [ RunTime:0.020672s ]
INFO: [ view_parse ] --END-- [ RunTime:0.020863s ]
INFO: [ view_filter ] --START--
INFO: Run ContentReplace Behavior [ RunTime:0.000609s ]
INFO: Run TokenBuild Behavior [ RunTime:0.000619s ]
INFO: Run WriteHtmlCache Behavior [ RunTime:0.000417s ]
INFO: Run ShowRuntime Behavior [ RunTime:0.000829s ]
INFO: [ view_filter ] --END-- [ RunTime:0.002790s ]
INFO: [ view_end ] --START--
INFO: Run ShowPageTrace Behavior [ RunTime:0.001054s ]
INFO: [ view_end ] --END-- [ RunTime:0.001174s ]

[ 2016-01-01T08:49:38+08:00 ] 127.0.0.1 /jiuye/index.php/Oneman/geren
INFO: [ route_check ] --START--
INFO: Run CheckRoute Behavior [ RunTime:0.002558s ]
INFO: [ route_check ] --END-- [ RunTime:0.002934s ]
INFO: [ app_begin ] --START--
INFO: Run ReadHtmlCache Behavior [ RunTime:0.001617s ]
INFO: [ app_begin ] --END-- [ RunTime:0.001825s ]
SQL: SHOW COLUMNS FROM `w_user` [ RunTime:0.005409s ]
SQL: SELECT * FROM `w_user` WHERE ( u_name='s13326343311' ) LIMIT 1   [ RunTime:0.001115s ]
SQL: SHOW COLUMNS FROM `w_member` [ RunTime:0.005946s ]
SQL: SELECT `m_shifou` FROM `w_member` WHERE ( m_name='s13326343311' ) LIMIT 1   [ RunTime:0.001229s ]
INFO: [ view_template ] --START--
INFO: Run LocationTemplate Behavior [ RunTime:0.016865s ]
INFO: [ view_template ] --END-- [ RunTime:0.017056s ]
INFO: [ view_parse ] --START--
NOTIC: [8] Undefined index:  e_tel D:\xampp\htdocs\jiuye\Index\Runtime\Cache\4a7cec757a25636aba2a80b33d0733b0.php 第 111 行.
NOTIC: [8] Undefined index:  e_add D:\xampp\htdocs\jiuye\Index\Runtime\Cache\4a7cec757a25636aba2a80b33d0733b0.php 第 117 行.
INFO: Run ParseTemplate Behavior [ RunTime:0.057141s ]
INFO: [ view_parse ] --END-- [ RunTime:0.057376s ]
INFO: [ view_filter ] --START--
INFO: Run ContentReplace Behavior [ RunTime:0.002444s ]
INFO: Run TokenBuild Behavior [ RunTime:0.001104s ]
INFO: Run WriteHtmlCache Behavior [ RunTime:0.000710s ]
INFO: Run ShowRuntime Behavior [ RunTime:0.001331s ]
INFO: [ view_filter ] --END-- [ RunTime:0.006398s ]
INFO: [ view_end ] --START--
INFO: Run ShowPageTrace Behavior [ RunTime:0.001908s ]
INFO: [ view_end ] --END-- [ RunTime:0.002087s ]

[ 2016-01-01T09:02:02+08:00 ] 127.0.0.1 /jiuye/
INFO: [ app_begin ] --START--
INFO: Run ReadHtmlCache Behavior [ RunTime:0.001844s ]
INFO: [ app_begin ] --END-- [ RunTime:0.002050s ]
SQL: SHOW COLUMNS FROM `w_user` [ RunTime:0.004486s ]
SQL: SELECT `u_nicheng` FROM `w_user` WHERE ( u_name='s13326343311' ) LIMIT 1   [ RunTime:0.000931s ]
SQL: SHOW COLUMNS FROM `w_member` [ RunTime:0.004528s ]
SQL: SELECT `m_shifou` FROM `w_member` WHERE ( m_name='s13326343311' ) LIMIT 1   [ RunTime:0.000772s ]
SQL: SHOW COLUMNS FROM `w_invite` [ RunTime:0.004375s ]
SQL: SELECT * FROM `w_invite`  [ RunTime:0.000957s ]
SQL: SHOW COLUMNS FROM `w_applyjob` [ RunTime:0.004236s ]
SQL: SELECT * FROM `w_applyjob`  [ RunTime:0.000927s ]
INFO: [ view_template ] --START--
INFO: Run LocationTemplate Behavior [ RunTime:0.003089s ]
INFO: [ view_template ] --END-- [ RunTime:0.003249s ]
INFO: [ view_parse ] --START--
INFO: Run ParseTemplate Behavior [ RunTime:0.053845s ]
INFO: [ view_parse ] --END-- [ RunTime:0.054011s ]
INFO: [ view_filter ] --START--
INFO: Run ContentReplace Behavior [ RunTime:0.002287s ]
INFO: Run TokenBuild Behavior [ RunTime:0.001590s ]
INFO: Run WriteHtmlCache Behavior [ RunTime:0.001255s ]
INFO: Run ShowRuntime Behavior [ RunTime:0.001695s ]
INFO: [ view_filter ] --END-- [ RunTime:0.007216s ]
INFO: [ view_end ] --START--
INFO: Run ShowPageTrace Behavior [ RunTime:0.001947s ]
INFO: [ view_end ] --END-- [ RunTime:0.002071s ]

